2023-09-13 18:17:39.717 [info] Log level: Info
2023-09-13 18:17:39.717 [info] Validating found git in: "git"
2023-09-13 18:17:39.717 [info] Using git "2.34.1" from "git"
2023-09-13 18:17:39.717 [info] > git rev-parse --show-toplevel [154ms]
2023-09-13 18:17:39.717 [info] > git rev-parse --git-dir --git-common-dir [8ms]
2023-09-13 18:17:39.717 [info] Open repository: /home/aom91/coursework/block25/Unit3.ColorPicker.Starter
2023-09-13 18:17:39.779 [info] > git rev-parse --show-toplevel [70ms]
2023-09-13 18:17:39.781 [info] > git config --get commit.template [109ms]
2023-09-13 18:17:39.829 [info] > git rev-parse --show-toplevel [31ms]
2023-09-13 18:17:39.856 [info] > git for-each-ref --format=%(refname)%00%(upstream:short)%00%(objectname)%00%(upstream:track)%00%(upstream:remotename)%00%(upstream:remoteref) refs/heads/main refs/remotes/main [35ms]
2023-09-13 18:17:39.882 [info] > git rev-parse --git-dir --git-common-dir [31ms]
2023-09-13 18:17:39.898 [info] Open repository: /home/aom91/coursework/block25/Unit3.ColorPicker.Starter/Unit3.ColorPicker.Starter
2023-09-13 18:17:39.925 [info] > git status -z -uall [57ms]
2023-09-13 18:17:39.961 [info] > git rev-parse --show-toplevel [38ms]
2023-09-13 18:17:39.971 [info] > git config --get commit.template [57ms]
2023-09-13 18:17:39.975 [info] > git config --get commit.template [17ms]
2023-09-13 18:17:40.004 [info] > git for-each-ref --format=%(refname)%00%(upstream:short)%00%(objectname)%00%(upstream:track)%00%(upstream:remotename)%00%(upstream:remoteref) refs/heads/main refs/remotes/main [7ms]
2023-09-13 18:17:40.016 [info] > git for-each-ref --format=%(refname)%00%(upstream:short)%00%(objectname)%00%(upstream:track)%00%(upstream:remotename)%00%(upstream:remoteref) refs/heads/main refs/remotes/main [32ms]
2023-09-13 18:17:40.030 [info] > git status -z -uall [16ms]
2023-09-13 18:17:40.047 [info] > git status -z -uall [21ms]
2023-09-13 18:17:40.078 [info] > git config --get commit.template [3ms]
2023-09-13 18:17:40.094 [info] > git for-each-ref --format=%(refname)%00%(upstream:short)%00%(objectname)%00%(upstream:track)%00%(upstream:remotename)%00%(upstream:remoteref) refs/heads/main refs/remotes/main [3ms]
2023-09-13 18:17:40.108 [info] > git status -z -uall [7ms]
2023-09-13 18:17:40.329 [info] > git check-ignore -v -z --stdin [12ms]
2023-09-13 18:17:41.543 [info] > git check-ignore -v -z --stdin [393ms]
2023-09-13 18:17:41.545 [info] > git check-ignore -v -z --stdin [372ms]
2023-09-13 18:17:41.546 [info] > git show --textconv :vite-project/index.html [345ms]
2023-09-13 18:17:41.546 [info] > git show --textconv :vite-project/src/data.js [325ms]
2023-09-13 18:17:41.612 [info] > git ls-files --stage -- /home/aom91/coursework/block25/Unit3.ColorPicker.Starter/vite-project/src/data.js [337ms]
2023-09-13 18:17:41.614 [info] > git ls-files --stage -- /home/aom91/coursework/block25/Unit3.ColorPicker.Starter/vite-project/index.html [362ms]
2023-09-13 18:20:07.971 [info] > git config --get commit.template [30ms]
2023-09-13 18:20:07.989 [info] > git for-each-ref --format=%(refname)%00%(upstream:short)%00%(objectname)%00%(upstream:track)%00%(upstream:remotename)%00%(upstream:remoteref) refs/heads/main refs/remotes/main [32ms]
2023-09-13 18:20:08.016 [info] > git status -z -uall [12ms]
2023-09-13 18:20:13.067 [info] > git config --get commit.template [3ms]
2023-09-13 18:20:13.080 [info] > git for-each-ref --format=%(refname)%00%(upstream:short)%00%(objectname)%00%(upstream:track)%00%(upstream:remotename)%00%(upstream:remoteref) refs/heads/main refs/remotes/main [3ms]
2023-09-13 18:20:13.094 [info] > git status -z -uall [3ms]
2023-09-13 18:26:41.697 [info] > git show --textconv :index.html [55ms]
2023-09-13 18:26:41.723 [info] > git ls-files --stage -- /home/aom91/coursework/block25/Unit3.ColorPicker.Starter/Unit3.ColorPicker.Starter/index.html [49ms]
2023-09-13 18:26:41.772 [info] > git cat-file -s 79c470191164e9d0a66bd61f715be685ce43b057 [14ms]
2023-09-13 18:26:42.212 [info] > git check-ignore -v -z --stdin [14ms]
2023-09-13 18:26:52.912 [info] > git show --textconv :vite-project/src/main.jsx [54ms]
2023-09-13 18:26:52.913 [info] > git ls-files --stage -- /home/aom91/coursework/block25/Unit3.ColorPicker.Starter/vite-project/src/main.jsx [18ms]
2023-09-13 18:34:08.675 [info] > git show --textconv :vite-project/index.html [73ms]
2023-09-13 18:34:08.695 [info] > git ls-files --stage -- /home/aom91/coursework/block25/Unit3.ColorPicker.Starter/vite-project/index.html [36ms]
2023-09-13 18:37:32.585 [info] > git check-ignore -v -z --stdin [13ms]
2023-09-13 18:43:58.265 [info] > git config --get commit.template [193ms]
2023-09-13 18:43:58.269 [info] > git for-each-ref --format=%(refname)%00%(upstream:short)%00%(objectname)%00%(upstream:track)%00%(upstream:remotename)%00%(upstream:remoteref) refs/heads/main refs/remotes/main [110ms]
2023-09-13 18:43:58.451 [info] > git status -z -uall [31ms]
2023-09-13 18:44:02.761 [info] > git check-ignore -v -z --stdin [6ms]
2023-09-13 18:44:03.789 [info] > git config --get commit.template [154ms]
2023-09-13 18:44:03.793 [info] > git for-each-ref --format=%(refname)%00%(upstream:short)%00%(objectname)%00%(upstream:track)%00%(upstream:remotename)%00%(upstream:remoteref) refs/heads/main refs/remotes/main [87ms]
2023-09-13 18:44:03.917 [info] > git status -z -uall [58ms]
2023-09-13 18:44:21.724 [info] > git show --textconv :vite-project/src/data.js [220ms]
2023-09-13 18:44:21.736 [info] > git ls-files --stage -- /home/aom91/coursework/block25/Unit3.ColorPicker.Starter/vite-project/src/data.js [179ms]
2023-09-13 18:44:21.775 [info] > git config --get commit.template [53ms]
2023-09-13 18:44:21.885 [info] > git for-each-ref --format=%(refname)%00%(upstream:short)%00%(objectname)%00%(upstream:track)%00%(upstream:remotename)%00%(upstream:remoteref) refs/heads/main refs/remotes/main [49ms]
2023-09-13 18:44:21.973 [info] > git status -z -uall [30ms]
2023-09-13 18:46:27.039 [info] > git ls-files --stage -- /home/aom91/coursework/block25/Unit3.ColorPicker.Starter/vite-project/src/main.jsx [234ms]
2023-09-13 18:46:27.074 [info] > git show --textconv :vite-project/src/main.jsx [632ms]
2023-09-13 18:48:40.540 [info] > git config --get commit.template [117ms]
2023-09-13 18:48:40.564 [info] > git for-each-ref --format=%(refname)%00%(upstream:short)%00%(objectname)%00%(upstream:track)%00%(upstream:remotename)%00%(upstream:remoteref) refs/heads/main refs/remotes/main [82ms]
2023-09-13 18:48:40.656 [info] > git status -z -uall [29ms]
2023-09-13 18:51:47.808 [info] > git config --get commit.template [108ms]
2023-09-13 18:51:47.851 [info] > git for-each-ref --format=%(refname)%00%(upstream:short)%00%(objectname)%00%(upstream:track)%00%(upstream:remotename)%00%(upstream:remoteref) refs/heads/main refs/remotes/main [88ms]
2023-09-13 18:51:48.007 [info] > git status -z -uall [29ms]
