2023-09-12 19:23:11.354 [info] Log level: Info
2023-09-12 19:23:11.354 [info] Validating found git in: "git"
2023-09-12 19:23:11.354 [info] Using git "2.34.1" from "git"
2023-09-12 19:23:11.354 [info] > git rev-parse --show-toplevel [240ms]
2023-09-12 19:23:11.369 [info] > git rev-parse --git-dir --git-common-dir [151ms]
2023-09-12 19:23:11.626 [info] Open repository: /home/aom91
2023-09-12 19:23:12.034 [info] > git rev-parse --show-toplevel [159ms]
2023-09-12 19:23:12.051 [info] > git config --get commit.template [204ms]
2023-09-12 19:23:12.298 [info] > git rev-parse --show-toplevel [164ms]
2023-09-12 19:23:12.381 [info] > git rev-parse --show-toplevel [56ms]
2023-09-12 19:23:12.470 [info] > git rev-parse --show-toplevel [30ms]
2023-09-12 19:23:12.582 [info] > git for-each-ref --format=%(refname)%00%(upstream:short)%00%(objectname)%00%(upstream:track)%00%(upstream:remotename)%00%(upstream:remoteref) refs/heads/main refs/remotes/main [312ms]
2023-09-12 19:23:12.673 [info] > git check-ignore -v -z --stdin [130ms]
2023-09-12 19:23:12.705 [info] > git rev-parse --show-toplevel [128ms]
2023-09-12 19:23:12.785 [info] > git rev-parse --git-dir --git-common-dir [24ms]
2023-09-12 19:23:12.868 [info] Open repository: /home/aom91/.nvm
2023-09-12 19:23:13.215 [info] > git rev-parse --show-toplevel [48ms]
2023-09-12 19:23:13.230 [info] > git config --get commit.template [130ms]
2023-09-12 19:23:13.336 [info] > git rev-parse --show-toplevel [57ms]
2023-09-12 19:23:13.490 [info] > git for-each-ref --format=%(refname)%00%(upstream:short)%00%(objectname)%00%(upstream:track)%00%(upstream:remotename)%00%(upstream:remoteref) refs/heads/master refs/remotes/master [177ms]
2023-09-12 19:23:13.666 [info] > git rev-parse --show-toplevel [199ms]
2023-09-12 19:23:13.735 [info] > git rev-parse --git-dir --git-common-dir [20ms]
2023-09-12 19:23:13.832 [info] Open repository: /home/aom91/Unit3.ColorPicker.Starter
2023-09-12 19:23:14.119 [info] > git rev-parse --show-toplevel [64ms]
2023-09-12 19:23:14.132 [info] > git config --get commit.template [182ms]
2023-09-12 19:23:14.377 [info] > git rev-parse --show-toplevel [108ms]
2023-09-12 19:23:14.459 [info] > git for-each-ref --format=%(refname)%00%(upstream:short)%00%(objectname)%00%(upstream:track)%00%(upstream:remotename)%00%(upstream:remoteref) refs/heads/main refs/remotes/main [99ms]
2023-09-12 19:23:14.570 [info] > git status -z -uall [73ms]
2023-09-12 19:23:15.006 [info] > git status -z -uall [1354ms]
2023-09-12 19:23:15.007 [info] > git check-ignore -v -z --stdin [260ms]
2023-09-12 19:23:15.011 [info] > git check-ignore -v -z --stdin [208ms]
2023-09-12 19:23:15.024 [info] > git check-ignore -v -z --stdin [122ms]
2023-09-12 19:23:15.218 [info] > git config --get commit.template [255ms]
2023-09-12 19:23:15.234 [info] > git config --get commit.template [52ms]
2023-09-12 19:23:15.339 [info] > git for-each-ref --format=%(refname)%00%(upstream:short)%00%(objectname)%00%(upstream:track)%00%(upstream:remotename)%00%(upstream:remoteref) refs/heads/main refs/remotes/main [66ms]
2023-09-12 19:23:15.405 [info] > git for-each-ref --format=%(refname)%00%(upstream:short)%00%(objectname)%00%(upstream:track)%00%(upstream:remotename)%00%(upstream:remoteref) refs/heads/master refs/remotes/master [84ms]
2023-09-12 19:23:15.532 [info] > git status -z -uall [146ms]
2023-09-12 19:23:15.628 [info] > git status -z -uall [173ms]
2023-09-12 19:23:16.351 [info] > git check-ignore -v -z --stdin [189ms]
2023-09-12 19:23:16.354 [info] > git check-ignore -v -z --stdin [99ms]
2023-09-12 19:23:16.367 [info] > git check-ignore -v -z --stdin [151ms]
2023-09-12 19:23:18.082 [info] > git status -z -uall [5439ms]
2023-09-12 19:23:33.672 [info] > git config --get commit.template [1141ms]
2023-09-12 19:23:33.719 [info] > git for-each-ref --format=%(refname)%00%(upstream:short)%00%(objectname)%00%(upstream:track)%00%(upstream:remotename)%00%(upstream:remoteref) refs/heads/main refs/remotes/main [8ms]
2023-09-12 19:23:34.708 [info] > git status -z -uall [958ms]
2023-09-12 19:23:53.083 [info] > git check-ignore -v -z --stdin [4ms]
2023-09-12 19:23:56.476 [info] > git check-ignore -v -z --stdin [4ms]
2023-09-12 19:24:05.319 [info] > git show --textconv :index.html [587ms]
2023-09-12 19:24:05.322 [info] > git ls-files --stage -- /home/aom91/Unit3.ColorPicker.Starter/index.html [470ms]
2023-09-12 19:24:05.471 [info] > git cat-file -s 79c470191164e9d0a66bd61f715be685ce43b057 [37ms]
