2023-09-10 18:06:32.548 [info] Log level: Info
2023-09-10 18:06:32.548 [info] Validating found git in: "git"
2023-09-10 18:06:32.548 [info] Using git "2.34.1" from "git"
2023-09-10 18:06:32.548 [info] > git rev-parse --show-toplevel [34ms]
2023-09-10 18:06:32.637 [info] > git rev-parse --git-dir --git-common-dir [91ms]
2023-09-10 18:06:32.684 [info] Open repository: /home/aom91
2023-09-10 18:06:32.860 [info] > git config --get commit.template [132ms]
2023-09-10 18:06:32.872 [info] > git rev-parse --show-toplevel [16ms]
2023-09-10 18:06:32.902 [info] > git for-each-ref --format=%(refname)%00%(upstream:short)%00%(objectname)%00%(upstream:track)%00%(upstream:remotename)%00%(upstream:remoteref) refs/heads/main refs/remotes/main [9ms]
2023-09-10 18:06:33.350 [info] > git check-ignore -v -z --stdin [5ms]
2023-09-10 18:06:35.061 [info] > git status -z -uall [2136ms]
2023-09-10 18:06:37.342 [info] > git config --get commit.template [54ms]
2023-09-10 18:06:37.414 [info] > git for-each-ref --format=%(refname)%00%(upstream:short)%00%(objectname)%00%(upstream:track)%00%(upstream:remotename)%00%(upstream:remoteref) refs/heads/main refs/remotes/main [7ms]
2023-09-10 18:06:37.753 [info] > git status -z -uall [305ms]
2023-09-10 18:06:40.080 [info] > git check-ignore -v -z --stdin [2069ms]
2023-09-10 18:06:41.361 [info] > git check-ignore -v -z --stdin [2ms]
2023-09-10 18:06:42.191 [info] > git config --get commit.template [4ms]
2023-09-10 18:06:42.208 [info] > git for-each-ref --format=%(refname)%00%(upstream:short)%00%(objectname)%00%(upstream:track)%00%(upstream:remotename)%00%(upstream:remoteref) refs/heads/main refs/remotes/main [4ms]
2023-09-10 18:06:42.823 [info] > git status -z -uall [593ms]
2023-09-10 18:06:45.287 [info] > git check-ignore -v -z --stdin [5ms]
2023-09-10 18:06:48.872 [info] > git config --get commit.template [3ms]
2023-09-10 18:06:48.887 [info] > git for-each-ref --format=%(refname)%00%(upstream:short)%00%(objectname)%00%(upstream:track)%00%(upstream:remotename)%00%(upstream:remoteref) refs/heads/main refs/remotes/main [3ms]
2023-09-10 18:06:49.100 [info] > git status -z -uall [199ms]
2023-09-10 18:06:58.103 [info] > git config --get commit.template [5ms]
2023-09-10 18:06:58.118 [info] > git for-each-ref --format=%(refname)%00%(upstream:short)%00%(objectname)%00%(upstream:track)%00%(upstream:remotename)%00%(upstream:remoteref) refs/heads/main refs/remotes/main [2ms]
2023-09-10 18:06:58.299 [info] > git status -z -uall [167ms]
2023-09-10 18:07:03.534 [info] > git config --get commit.template [7ms]
2023-09-10 18:07:03.547 [info] > git for-each-ref --format=%(refname)%00%(upstream:short)%00%(objectname)%00%(upstream:track)%00%(upstream:remotename)%00%(upstream:remoteref) refs/heads/main refs/remotes/main [3ms]
2023-09-10 18:07:03.725 [info] > git status -z -uall [168ms]
2023-09-10 18:07:09.723 [info] > git config --get commit.template [2ms]
2023-09-10 18:07:09.747 [info] > git for-each-ref --format=%(refname)%00%(upstream:short)%00%(objectname)%00%(upstream:track)%00%(upstream:remotename)%00%(upstream:remoteref) refs/heads/main refs/remotes/main [12ms]
2023-09-10 18:07:09.932 [info] > git status -z -uall [161ms]
2023-09-10 18:07:16.796 [info] > git config --get commit.template [3ms]
2023-09-10 18:07:16.810 [info] > git for-each-ref --format=%(refname)%00%(upstream:short)%00%(objectname)%00%(upstream:track)%00%(upstream:remotename)%00%(upstream:remoteref) refs/heads/main refs/remotes/main [2ms]
2023-09-10 18:07:16.984 [info] > git status -z -uall [163ms]
2023-09-10 18:07:21.461 [info] > git show --textconv :coursework/block24.2/vite-project/.gitignore [24ms]
2023-09-10 18:07:21.462 [info] > git ls-files --stage -- /home/aom91/coursework/block24.2/vite-project/.gitignore [9ms]
2023-09-10 18:07:22.572 [info] > git config --get commit.template [9ms]
2023-09-10 18:07:22.738 [info] > git for-each-ref --format=%(refname)%00%(upstream:short)%00%(objectname)%00%(upstream:track)%00%(upstream:remotename)%00%(upstream:remoteref) refs/heads/main refs/remotes/main [136ms]
2023-09-10 18:07:22.814 [info] > git show --textconv :coursework/block24.2/vite-project/index.html [38ms]
2023-09-10 18:07:22.815 [info] > git ls-files --stage -- /home/aom91/coursework/block24.2/vite-project/index.html [8ms]
2023-09-10 18:07:23.026 [info] > git status -z -uall [271ms]
2023-09-10 18:07:28.316 [info] > git config --get commit.template [2ms]
2023-09-10 18:07:28.329 [info] > git for-each-ref --format=%(refname)%00%(upstream:short)%00%(objectname)%00%(upstream:track)%00%(upstream:remotename)%00%(upstream:remoteref) refs/heads/main refs/remotes/main [3ms]
2023-09-10 18:07:28.498 [info] > git status -z -uall [158ms]
2023-09-10 18:07:40.971 [info] > git for-each-ref --format=%(refname)%00%(upstream:short)%00%(objectname)%00%(upstream:track)%00%(upstream:remotename)%00%(upstream:remoteref) refs/heads/main refs/remotes/main [7ms]
2023-09-10 18:07:40.973 [info] > git config --get commit.template [26ms]
2023-09-10 18:07:41.225 [info] > git status -z -uall [232ms]
2023-09-10 18:07:46.463 [info] > git config --get commit.template [7ms]
2023-09-10 18:07:46.476 [info] > git for-each-ref --format=%(refname)%00%(upstream:short)%00%(objectname)%00%(upstream:track)%00%(upstream:remotename)%00%(upstream:remoteref) refs/heads/main refs/remotes/main [2ms]
2023-09-10 18:07:46.663 [info] > git status -z -uall [175ms]
2023-09-10 18:08:44.561 [info] > git config --get commit.template [23ms]
2023-09-10 18:08:44.565 [info] > git for-each-ref --format=%(refname)%00%(upstream:short)%00%(objectname)%00%(upstream:track)%00%(upstream:remotename)%00%(upstream:remoteref) refs/heads/main refs/remotes/main [9ms]
2023-09-10 18:08:44.809 [info] > git status -z -uall [227ms]
2023-09-10 18:10:33.944 [info] > git config --get commit.template [3ms]
2023-09-10 18:10:33.969 [info] > git for-each-ref --format=%(refname)%00%(upstream:short)%00%(objectname)%00%(upstream:track)%00%(upstream:remotename)%00%(upstream:remoteref) refs/heads/main refs/remotes/main [7ms]
2023-09-10 18:10:34.204 [info] > git status -z -uall [219ms]
2023-09-10 18:10:39.475 [info] > git config --get commit.template [4ms]
2023-09-10 18:10:39.502 [info] > git for-each-ref --format=%(refname)%00%(upstream:short)%00%(objectname)%00%(upstream:track)%00%(upstream:remotename)%00%(upstream:remoteref) refs/heads/main refs/remotes/main [7ms]
2023-09-10 18:10:39.701 [info] > git status -z -uall [182ms]
2023-09-10 18:10:44.964 [info] > git config --get commit.template [25ms]
2023-09-10 18:10:44.965 [info] > git for-each-ref --format=%(refname)%00%(upstream:short)%00%(objectname)%00%(upstream:track)%00%(upstream:remotename)%00%(upstream:remoteref) refs/heads/main refs/remotes/main [3ms]
2023-09-10 18:10:45.140 [info] > git status -z -uall [158ms]
2023-09-10 18:10:50.339 [info] > git config --get commit.template [2ms]
2023-09-10 18:10:50.354 [info] > git for-each-ref --format=%(refname)%00%(upstream:short)%00%(objectname)%00%(upstream:track)%00%(upstream:remotename)%00%(upstream:remoteref) refs/heads/main refs/remotes/main [2ms]
2023-09-10 18:10:50.537 [info] > git status -z -uall [168ms]
2023-09-10 18:11:08.751 [info] > git config --get commit.template [4ms]
2023-09-10 18:11:08.774 [info] > git for-each-ref --format=%(refname)%00%(upstream:short)%00%(objectname)%00%(upstream:track)%00%(upstream:remotename)%00%(upstream:remoteref) refs/heads/main refs/remotes/main [3ms]
2023-09-10 18:11:09.022 [info] > git status -z -uall [231ms]
2023-09-10 18:11:14.244 [info] > git config --get commit.template [3ms]
2023-09-10 18:11:14.258 [info] > git for-each-ref --format=%(refname)%00%(upstream:short)%00%(objectname)%00%(upstream:track)%00%(upstream:remotename)%00%(upstream:remoteref) refs/heads/main refs/remotes/main [2ms]
2023-09-10 18:11:14.445 [info] > git status -z -uall [174ms]
2023-09-10 18:11:21.934 [info] > git config --get commit.template [34ms]
2023-09-10 18:11:21.935 [info] > git for-each-ref --format=%(refname)%00%(upstream:short)%00%(objectname)%00%(upstream:track)%00%(upstream:remotename)%00%(upstream:remoteref) refs/heads/main refs/remotes/main [7ms]
2023-09-10 18:11:22.191 [info] > git status -z -uall [235ms]
2023-09-10 18:11:27.437 [info] > git config --get commit.template [6ms]
2023-09-10 18:11:27.450 [info] > git for-each-ref --format=%(refname)%00%(upstream:short)%00%(objectname)%00%(upstream:track)%00%(upstream:remotename)%00%(upstream:remoteref) refs/heads/main refs/remotes/main [2ms]
2023-09-10 18:11:27.632 [info] > git status -z -uall [170ms]
2023-09-10 18:11:32.891 [info] > git config --get commit.template [25ms]
2023-09-10 18:11:32.893 [info] > git for-each-ref --format=%(refname)%00%(upstream:short)%00%(objectname)%00%(upstream:track)%00%(upstream:remotename)%00%(upstream:remoteref) refs/heads/main refs/remotes/main [5ms]
2023-09-10 18:11:33.190 [info] > git status -z -uall [215ms]
2023-09-10 18:11:41.095 [info] > git config --get commit.template [6ms]
2023-09-10 18:11:41.118 [info] > git for-each-ref --format=%(refname)%00%(upstream:short)%00%(objectname)%00%(upstream:track)%00%(upstream:remotename)%00%(upstream:remoteref) refs/heads/main refs/remotes/main [3ms]
2023-09-10 18:11:41.315 [info] > git status -z -uall [180ms]
2023-09-10 18:11:46.536 [info] > git for-each-ref --format=%(refname)%00%(upstream:short)%00%(objectname)%00%(upstream:track)%00%(upstream:remotename)%00%(upstream:remoteref) refs/heads/main refs/remotes/main [2ms]
2023-09-10 18:11:46.536 [info] > git config --get commit.template [23ms]
2023-09-10 18:11:46.727 [info] > git status -z -uall [176ms]
2023-09-10 18:11:51.975 [info] > git config --get commit.template [18ms]
2023-09-10 18:11:51.975 [info] > git for-each-ref --format=%(refname)%00%(upstream:short)%00%(objectname)%00%(upstream:track)%00%(upstream:remotename)%00%(upstream:remoteref) refs/heads/main refs/remotes/main [3ms]
2023-09-10 18:11:52.152 [info] > git status -z -uall [164ms]
2023-09-10 18:12:01.129 [info] > git config --get commit.template [4ms]
2023-09-10 18:12:01.155 [info] > git for-each-ref --format=%(refname)%00%(upstream:short)%00%(objectname)%00%(upstream:track)%00%(upstream:remotename)%00%(upstream:remoteref) refs/heads/main refs/remotes/main [4ms]
2023-09-10 18:12:01.353 [info] > git status -z -uall [180ms]
2023-09-10 18:12:06.637 [info] > git config --get commit.template [2ms]
2023-09-10 18:12:06.651 [info] > git for-each-ref --format=%(refname)%00%(upstream:short)%00%(objectname)%00%(upstream:track)%00%(upstream:remotename)%00%(upstream:remoteref) refs/heads/main refs/remotes/main [1ms]
2023-09-10 18:12:06.821 [info] > git status -z -uall [159ms]
2023-09-10 18:12:12.729 [info] > git config --get commit.template [5ms]
2023-09-10 18:12:12.746 [info] > git for-each-ref --format=%(refname)%00%(upstream:short)%00%(objectname)%00%(upstream:track)%00%(upstream:remotename)%00%(upstream:remoteref) refs/heads/main refs/remotes/main [2ms]
2023-09-10 18:12:12.933 [info] > git status -z -uall [175ms]
2023-09-10 18:12:18.174 [info] > git config --get commit.template [17ms]
2023-09-10 18:12:18.175 [info] > git for-each-ref --format=%(refname)%00%(upstream:short)%00%(objectname)%00%(upstream:track)%00%(upstream:remotename)%00%(upstream:remoteref) refs/heads/main refs/remotes/main [4ms]
2023-09-10 18:12:18.370 [info] > git status -z -uall [181ms]
2023-09-10 18:12:21.916 [info] > git check-ignore -v -z --stdin [102ms]
2023-09-10 18:12:21.980 [info] > git show --textconv :coursework/block24.2/vite-project/src/main.js [36ms]
2023-09-10 18:12:21.999 [info] > git ls-files --stage -- /home/aom91/coursework/block24.2/vite-project/src/main.js [34ms]
2023-09-10 18:12:25.595 [info] > git for-each-ref --format=%(refname)%00%(upstream:short)%00%(objectname)%00%(upstream:track)%00%(upstream:remotename)%00%(upstream:remoteref) refs/heads/main refs/remotes/main [3ms]
2023-09-10 18:12:25.596 [info] > git config --get commit.template [22ms]
2023-09-10 18:12:25.896 [info] > git status -z -uall [285ms]
2023-09-10 18:12:37.024 [info] > git config --get commit.template [34ms]
2023-09-10 18:12:37.026 [info] > git for-each-ref --format=%(refname)%00%(upstream:short)%00%(objectname)%00%(upstream:track)%00%(upstream:remotename)%00%(upstream:remoteref) refs/heads/main refs/remotes/main [6ms]
2023-09-10 18:12:37.299 [info] > git status -z -uall [250ms]
2023-09-10 18:12:40.243 [info] > git show --textconv :coursework/block24.2/vite-project/src/main.jsx [23ms]
2023-09-10 18:12:40.246 [info] > git ls-files --stage -- /home/aom91/coursework/block24.2/vite-project/src/main.jsx [7ms]
2023-09-10 18:12:42.543 [info] > git config --get commit.template [4ms]
2023-09-10 18:12:42.564 [info] > git for-each-ref --format=%(refname)%00%(upstream:short)%00%(objectname)%00%(upstream:track)%00%(upstream:remotename)%00%(upstream:remoteref) refs/heads/main refs/remotes/main [2ms]
2023-09-10 18:12:42.815 [info] > git status -z -uall [236ms]
2023-09-10 18:12:58.393 [info] > git config --get commit.template [27ms]
2023-09-10 18:12:58.395 [info] > git for-each-ref --format=%(refname)%00%(upstream:short)%00%(objectname)%00%(upstream:track)%00%(upstream:remotename)%00%(upstream:remoteref) refs/heads/main refs/remotes/main [5ms]
2023-09-10 18:12:58.736 [info] > git status -z -uall [314ms]
2023-09-10 18:13:02.734 [info] > git show --textconv :coursework/block24.2/vite-project/package.json [24ms]
2023-09-10 18:13:02.735 [info] > git ls-files --stage -- /home/aom91/coursework/block24.2/vite-project/package.json [8ms]
2023-09-10 18:13:04.071 [info] > git config --get commit.template [10ms]
2023-09-10 18:13:04.096 [info] > git for-each-ref --format=%(refname)%00%(upstream:short)%00%(objectname)%00%(upstream:track)%00%(upstream:remotename)%00%(upstream:remoteref) refs/heads/main refs/remotes/main [3ms]
2023-09-10 18:13:04.495 [info] > git status -z -uall [369ms]
2023-09-10 18:13:10.238 [info] > git config --get commit.template [16ms]
2023-09-10 18:13:10.239 [info] > git for-each-ref --format=%(refname)%00%(upstream:short)%00%(objectname)%00%(upstream:track)%00%(upstream:remotename)%00%(upstream:remoteref) refs/heads/main refs/remotes/main [3ms]
2023-09-10 18:13:10.420 [info] > git status -z -uall [167ms]
2023-09-10 18:13:15.631 [info] > git config --get commit.template [5ms]
2023-09-10 18:13:15.653 [info] > git for-each-ref --format=%(refname)%00%(upstream:short)%00%(objectname)%00%(upstream:track)%00%(upstream:remotename)%00%(upstream:remoteref) refs/heads/main refs/remotes/main [2ms]
2023-09-10 18:13:15.851 [info] > git status -z -uall [172ms]
2023-09-10 18:13:28.113 [info] > git config --get commit.template [5ms]
2023-09-10 18:13:28.156 [info] > git for-each-ref --format=%(refname)%00%(upstream:short)%00%(objectname)%00%(upstream:track)%00%(upstream:remotename)%00%(upstream:remoteref) refs/heads/main refs/remotes/main [18ms]
2023-09-10 18:13:28.453 [info] > git status -z -uall [276ms]
2023-09-10 18:13:33.737 [info] > git config --get commit.template [4ms]
2023-09-10 18:13:33.780 [info] > git for-each-ref --format=%(refname)%00%(upstream:short)%00%(objectname)%00%(upstream:track)%00%(upstream:remotename)%00%(upstream:remoteref) refs/heads/main refs/remotes/main [3ms]
2023-09-10 18:13:34.224 [info] > git status -z -uall [367ms]
2023-09-10 18:13:39.561 [info] > git config --get commit.template [3ms]
2023-09-10 18:13:39.579 [info] > git for-each-ref --format=%(refname)%00%(upstream:short)%00%(objectname)%00%(upstream:track)%00%(upstream:remotename)%00%(upstream:remoteref) refs/heads/main refs/remotes/main [3ms]
2023-09-10 18:13:39.772 [info] > git status -z -uall [178ms]
2023-09-10 18:13:45.009 [info] > git config --get commit.template [18ms]
2023-09-10 18:13:45.010 [info] > git for-each-ref --format=%(refname)%00%(upstream:short)%00%(objectname)%00%(upstream:track)%00%(upstream:remotename)%00%(upstream:remoteref) refs/heads/main refs/remotes/main [2ms]
2023-09-10 18:13:45.191 [info] > git status -z -uall [166ms]
2023-09-10 18:14:25.215 [info] > git config --get commit.template [29ms]
2023-09-10 18:14:25.221 [info] > git for-each-ref --format=%(refname)%00%(upstream:short)%00%(objectname)%00%(upstream:track)%00%(upstream:remotename)%00%(upstream:remoteref) refs/heads/main refs/remotes/main [10ms]
2023-09-10 18:14:25.445 [info] > git status -z -uall [204ms]
2023-09-10 18:14:52.000 [info] > git config --get commit.template [30ms]
2023-09-10 18:14:52.002 [info] > git for-each-ref --format=%(refname)%00%(upstream:short)%00%(objectname)%00%(upstream:track)%00%(upstream:remotename)%00%(upstream:remoteref) refs/heads/main refs/remotes/main [5ms]
2023-09-10 18:14:52.247 [info] > git status -z -uall [227ms]
2023-09-10 18:14:57.583 [info] > git config --get commit.template [16ms]
2023-09-10 18:14:57.584 [info] > git for-each-ref --format=%(refname)%00%(upstream:short)%00%(objectname)%00%(upstream:track)%00%(upstream:remotename)%00%(upstream:remoteref) refs/heads/main refs/remotes/main [3ms]
2023-09-10 18:14:57.762 [info] > git status -z -uall [163ms]
2023-09-10 18:15:03.713 [info] > git config --get commit.template [3ms]
2023-09-10 18:15:03.741 [info] > git for-each-ref --format=%(refname)%00%(upstream:short)%00%(objectname)%00%(upstream:track)%00%(upstream:remotename)%00%(upstream:remoteref) refs/heads/main refs/remotes/main [12ms]
2023-09-10 18:15:03.931 [info] > git status -z -uall [170ms]
2023-09-10 18:15:09.827 [info] > git config --get commit.template [2ms]
2023-09-10 18:15:09.843 [info] > git for-each-ref --format=%(refname)%00%(upstream:short)%00%(objectname)%00%(upstream:track)%00%(upstream:remotename)%00%(upstream:remoteref) refs/heads/main refs/remotes/main [2ms]
2023-09-10 18:15:10.028 [info] > git status -z -uall [169ms]
2023-09-10 18:16:20.395 [info] > git config --get commit.template [22ms]
2023-09-10 18:16:20.400 [info] > git for-each-ref --format=%(refname)%00%(upstream:short)%00%(objectname)%00%(upstream:track)%00%(upstream:remotename)%00%(upstream:remoteref) refs/heads/main refs/remotes/main [7ms]
2023-09-10 18:16:20.625 [info] > git status -z -uall [207ms]
2023-09-10 18:16:25.836 [info] > git config --get commit.template [2ms]
2023-09-10 18:16:25.852 [info] > git for-each-ref --format=%(refname)%00%(upstream:short)%00%(objectname)%00%(upstream:track)%00%(upstream:remotename)%00%(upstream:remoteref) refs/heads/main refs/remotes/main [2ms]
2023-09-10 18:16:26.033 [info] > git status -z -uall [166ms]
2023-09-10 18:16:40.719 [info] > git config --get commit.template [4ms]
2023-09-10 18:16:40.751 [info] > git for-each-ref --format=%(refname)%00%(upstream:short)%00%(objectname)%00%(upstream:track)%00%(upstream:remotename)%00%(upstream:remoteref) refs/heads/main refs/remotes/main [3ms]
2023-09-10 18:16:41.039 [info] > git status -z -uall [257ms]
2023-09-10 18:16:46.300 [info] > git config --get commit.template [2ms]
2023-09-10 18:16:46.324 [info] > git for-each-ref --format=%(refname)%00%(upstream:short)%00%(objectname)%00%(upstream:track)%00%(upstream:remotename)%00%(upstream:remoteref) refs/heads/main refs/remotes/main [3ms]
2023-09-10 18:16:46.587 [info] > git status -z -uall [240ms]
2023-09-10 18:16:51.870 [info] > git config --get commit.template [31ms]
2023-09-10 18:16:51.875 [info] > git for-each-ref --format=%(refname)%00%(upstream:short)%00%(objectname)%00%(upstream:track)%00%(upstream:remotename)%00%(upstream:remoteref) refs/heads/main refs/remotes/main [8ms]
2023-09-10 18:16:52.120 [info] > git status -z -uall [217ms]
2023-09-10 18:16:58.324 [info] > git config --get commit.template [4ms]
2023-09-10 18:16:58.348 [info] > git for-each-ref --format=%(refname)%00%(upstream:short)%00%(objectname)%00%(upstream:track)%00%(upstream:remotename)%00%(upstream:remoteref) refs/heads/main refs/remotes/main [2ms]
2023-09-10 18:16:58.535 [info] > git status -z -uall [168ms]
2023-09-10 18:17:03.752 [info] > git config --get commit.template [3ms]
2023-09-10 18:17:03.772 [info] > git for-each-ref --format=%(refname)%00%(upstream:short)%00%(objectname)%00%(upstream:track)%00%(upstream:remotename)%00%(upstream:remoteref) refs/heads/main refs/remotes/main [3ms]
2023-09-10 18:17:03.957 [info] > git status -z -uall [167ms]
2023-09-10 18:17:29.491 [info] > git config --get commit.template [29ms]
2023-09-10 18:17:29.493 [info] > git for-each-ref --format=%(refname)%00%(upstream:short)%00%(objectname)%00%(upstream:track)%00%(upstream:remotename)%00%(upstream:remoteref) refs/heads/main refs/remotes/main [5ms]
2023-09-10 18:17:29.781 [info] > git status -z -uall [267ms]
2023-09-10 18:17:35.156 [info] > git config --get commit.template [2ms]
2023-09-10 18:17:35.175 [info] > git for-each-ref --format=%(refname)%00%(upstream:short)%00%(objectname)%00%(upstream:track)%00%(upstream:remotename)%00%(upstream:remoteref) refs/heads/main refs/remotes/main [2ms]
2023-09-10 18:17:35.376 [info] > git status -z -uall [185ms]
2023-09-10 18:17:43.413 [info] > git config --get commit.template [18ms]
2023-09-10 18:17:43.414 [info] > git for-each-ref --format=%(refname)%00%(upstream:short)%00%(objectname)%00%(upstream:track)%00%(upstream:remotename)%00%(upstream:remoteref) refs/heads/main refs/remotes/main [3ms]
2023-09-10 18:17:43.600 [info] > git status -z -uall [170ms]
2023-09-10 18:17:48.864 [info] > git config --get commit.template [19ms]
2023-09-10 18:17:48.866 [info] > git for-each-ref --format=%(refname)%00%(upstream:short)%00%(objectname)%00%(upstream:track)%00%(upstream:remotename)%00%(upstream:remoteref) refs/heads/main refs/remotes/main [3ms]
2023-09-10 18:17:49.050 [info] > git status -z -uall [166ms]
2023-09-10 18:17:54.284 [info] > git config --get commit.template [2ms]
2023-09-10 18:17:54.304 [info] > git for-each-ref --format=%(refname)%00%(upstream:short)%00%(objectname)%00%(upstream:track)%00%(upstream:remotename)%00%(upstream:remoteref) refs/heads/main refs/remotes/main [2ms]
2023-09-10 18:17:54.490 [info] > git status -z -uall [169ms]
2023-09-10 18:18:00.430 [info] > git config --get commit.template [2ms]
2023-09-10 18:18:00.449 [info] > git for-each-ref --format=%(refname)%00%(upstream:short)%00%(objectname)%00%(upstream:track)%00%(upstream:remotename)%00%(upstream:remoteref) refs/heads/main refs/remotes/main [2ms]
2023-09-10 18:18:00.641 [info] > git status -z -uall [175ms]
2023-09-10 18:18:05.886 [info] > git config --get commit.template [3ms]
2023-09-10 18:18:05.905 [info] > git for-each-ref --format=%(refname)%00%(upstream:short)%00%(objectname)%00%(upstream:track)%00%(upstream:remotename)%00%(upstream:remoteref) refs/heads/main refs/remotes/main [1ms]
2023-09-10 18:18:06.102 [info] > git status -z -uall [179ms]
2023-09-10 18:18:11.351 [info] > git config --get commit.template [2ms]
2023-09-10 18:18:11.370 [info] > git for-each-ref --format=%(refname)%00%(upstream:short)%00%(objectname)%00%(upstream:track)%00%(upstream:remotename)%00%(upstream:remoteref) refs/heads/main refs/remotes/main [1ms]
2023-09-10 18:18:11.555 [info] > git status -z -uall [168ms]
2023-09-10 18:20:16.717 [info] > git config --get commit.template [6ms]
2023-09-10 18:20:16.743 [info] > git for-each-ref --format=%(refname)%00%(upstream:short)%00%(objectname)%00%(upstream:track)%00%(upstream:remotename)%00%(upstream:remoteref) refs/heads/main refs/remotes/main [3ms]
2023-09-10 18:20:17.022 [info] > git status -z -uall [255ms]
2023-09-10 18:20:20.720 [info] > git show --textconv :coursework/block24.2/vite-project/vite.config.js [27ms]
2023-09-10 18:20:20.729 [info] > git ls-files --stage -- /home/aom91/coursework/block24.2/vite-project/vite.config.js [16ms]
2023-09-10 18:20:22.376 [info] > git config --get commit.template [6ms]
2023-09-10 18:20:22.404 [info] > git for-each-ref --format=%(refname)%00%(upstream:short)%00%(objectname)%00%(upstream:track)%00%(upstream:remotename)%00%(upstream:remoteref) refs/heads/main refs/remotes/main [4ms]
2023-09-10 18:20:22.626 [info] > git status -z -uall [196ms]
2023-09-10 18:20:29.844 [info] > git config --get commit.template [4ms]
2023-09-10 18:20:29.875 [info] > git for-each-ref --format=%(refname)%00%(upstream:short)%00%(objectname)%00%(upstream:track)%00%(upstream:remotename)%00%(upstream:remoteref) refs/heads/main refs/remotes/main [7ms]
2023-09-10 18:20:30.143 [info] > git status -z -uall [241ms]
2023-09-10 18:20:40.790 [info] > git config --get commit.template [3ms]
2023-09-10 18:20:40.818 [info] > git for-each-ref --format=%(refname)%00%(upstream:short)%00%(objectname)%00%(upstream:track)%00%(upstream:remotename)%00%(upstream:remoteref) refs/heads/main refs/remotes/main [4ms]
2023-09-10 18:20:41.065 [info] > git status -z -uall [225ms]
2023-09-10 18:20:46.373 [info] > git config --get commit.template [4ms]
2023-09-10 18:20:46.394 [info] > git for-each-ref --format=%(refname)%00%(upstream:short)%00%(objectname)%00%(upstream:track)%00%(upstream:remotename)%00%(upstream:remoteref) refs/heads/main refs/remotes/main [2ms]
2023-09-10 18:20:46.590 [info] > git status -z -uall [180ms]
2023-09-10 18:20:51.815 [info] > git config --get commit.template [2ms]
2023-09-10 18:20:51.832 [info] > git for-each-ref --format=%(refname)%00%(upstream:short)%00%(objectname)%00%(upstream:track)%00%(upstream:remotename)%00%(upstream:remoteref) refs/heads/main refs/remotes/main [2ms]
2023-09-10 18:20:52.009 [info] > git status -z -uall [162ms]
2023-09-10 18:20:59.945 [info] > git config --get commit.template [2ms]
2023-09-10 18:20:59.963 [info] > git for-each-ref --format=%(refname)%00%(upstream:short)%00%(objectname)%00%(upstream:track)%00%(upstream:remotename)%00%(upstream:remoteref) refs/heads/main refs/remotes/main [3ms]
2023-09-10 18:21:00.154 [info] > git status -z -uall [176ms]
2023-09-10 18:21:05.405 [info] > git config --get commit.template [2ms]
2023-09-10 18:21:05.422 [info] > git for-each-ref --format=%(refname)%00%(upstream:short)%00%(objectname)%00%(upstream:track)%00%(upstream:remotename)%00%(upstream:remoteref) refs/heads/main refs/remotes/main [2ms]
2023-09-10 18:21:05.601 [info] > git status -z -uall [163ms]
2023-09-10 18:21:10.851 [info] > git config --get commit.template [21ms]
2023-09-10 18:21:10.851 [info] > git for-each-ref --format=%(refname)%00%(upstream:short)%00%(objectname)%00%(upstream:track)%00%(upstream:remotename)%00%(upstream:remoteref) refs/heads/main refs/remotes/main [3ms]
2023-09-10 18:21:11.060 [info] > git status -z -uall [191ms]
2023-09-10 18:21:13.739 [info] > git show --textconv :coursework/block24.2/vite-project/public/vite.svg [23ms]
2023-09-10 18:21:13.741 [info] > git ls-files --stage -- /home/aom91/coursework/block24.2/vite-project/public/vite.svg [6ms]
2023-09-10 18:21:16.379 [info] > git config --get commit.template [33ms]
2023-09-10 18:21:16.380 [info] > git for-each-ref --format=%(refname)%00%(upstream:short)%00%(objectname)%00%(upstream:track)%00%(upstream:remotename)%00%(upstream:remoteref) refs/heads/main refs/remotes/main [3ms]
2023-09-10 18:21:16.555 [info] > git status -z -uall [159ms]
2023-09-10 18:21:21.782 [info] > git config --get commit.template [25ms]
2023-09-10 18:21:21.784 [info] > git for-each-ref --format=%(refname)%00%(upstream:short)%00%(objectname)%00%(upstream:track)%00%(upstream:remotename)%00%(upstream:remoteref) refs/heads/main refs/remotes/main [4ms]
2023-09-10 18:21:22.045 [info] > git status -z -uall [242ms]
2023-09-10 18:21:55.851 [info] > git config --get commit.template [2ms]
2023-09-10 18:21:55.872 [info] > git for-each-ref --format=%(refname)%00%(upstream:short)%00%(objectname)%00%(upstream:track)%00%(upstream:remotename)%00%(upstream:remoteref) refs/heads/main refs/remotes/main [2ms]
2023-09-10 18:21:56.117 [info] > git status -z -uall [223ms]
2023-09-10 18:22:01.407 [info] > git config --get commit.template [3ms]
2023-09-10 18:22:01.425 [info] > git for-each-ref --format=%(refname)%00%(upstream:short)%00%(objectname)%00%(upstream:track)%00%(upstream:remotename)%00%(upstream:remoteref) refs/heads/main refs/remotes/main [2ms]
2023-09-10 18:22:01.633 [info] > git status -z -uall [186ms]
2023-09-10 18:22:05.331 [info] > git show --textconv :coursework/block24.2/vite-project/src/main.jsx [25ms]
2023-09-10 18:22:05.336 [info] > git ls-files --stage -- /home/aom91/coursework/block24.2/vite-project/src/main.jsx [10ms]
2023-09-10 18:22:06.879 [info] > git config --get commit.template [20ms]
2023-09-10 18:22:06.881 [info] > git for-each-ref --format=%(refname)%00%(upstream:short)%00%(objectname)%00%(upstream:track)%00%(upstream:remotename)%00%(upstream:remoteref) refs/heads/main refs/remotes/main [4ms]
2023-09-10 18:22:07.064 [info] > git status -z -uall [168ms]
2023-09-10 18:22:15.023 [info] > git config --get commit.template [4ms]
2023-09-10 18:22:15.044 [info] > git for-each-ref --format=%(refname)%00%(upstream:short)%00%(objectname)%00%(upstream:track)%00%(upstream:remotename)%00%(upstream:remoteref) refs/heads/main refs/remotes/main [3ms]
2023-09-10 18:22:15.244 [info] > git status -z -uall [183ms]
2023-09-10 18:22:25.331 [info] > git config --get commit.template [25ms]
2023-09-10 18:22:25.332 [info] > git for-each-ref --format=%(refname)%00%(upstream:short)%00%(objectname)%00%(upstream:track)%00%(upstream:remotename)%00%(upstream:remoteref) refs/heads/main refs/remotes/main [4ms]
2023-09-10 18:22:25.586 [info] > git status -z -uall [234ms]
2023-09-10 18:22:28.886 [info] > git show --textconv :coursework/block24.2/vite-project/package.json [34ms]
2023-09-10 18:22:28.887 [info] > git ls-files --stage -- /home/aom91/coursework/block24.2/vite-project/package.json [15ms]
2023-09-10 18:22:30.860 [info] > git config --get commit.template [20ms]
2023-09-10 18:22:30.860 [info] > git for-each-ref --format=%(refname)%00%(upstream:short)%00%(objectname)%00%(upstream:track)%00%(upstream:remotename)%00%(upstream:remoteref) refs/heads/main refs/remotes/main [4ms]
2023-09-10 18:22:31.056 [info] > git status -z -uall [179ms]
2023-09-10 18:22:36.303 [info] > git config --get commit.template [2ms]
2023-09-10 18:22:36.322 [info] > git for-each-ref --format=%(refname)%00%(upstream:short)%00%(objectname)%00%(upstream:track)%00%(upstream:remotename)%00%(upstream:remoteref) refs/heads/main refs/remotes/main [2ms]
2023-09-10 18:22:36.523 [info] > git status -z -uall [184ms]
2023-09-10 18:22:41.749 [info] > git config --get commit.template [1ms]
2023-09-10 18:22:41.768 [info] > git for-each-ref --format=%(refname)%00%(upstream:short)%00%(objectname)%00%(upstream:track)%00%(upstream:remotename)%00%(upstream:remoteref) refs/heads/main refs/remotes/main [2ms]
2023-09-10 18:22:41.964 [info] > git status -z -uall [178ms]
2023-09-10 18:22:57.113 [info] > git config --get commit.template [21ms]
2023-09-10 18:22:57.114 [info] > git for-each-ref --format=%(refname)%00%(upstream:short)%00%(objectname)%00%(upstream:track)%00%(upstream:remotename)%00%(upstream:remoteref) refs/heads/main refs/remotes/main [4ms]
2023-09-10 18:22:57.323 [info] > git status -z -uall [190ms]
2023-09-10 18:23:02.574 [info] > git config --get commit.template [18ms]
2023-09-10 18:23:02.575 [info] > git for-each-ref --format=%(refname)%00%(upstream:short)%00%(objectname)%00%(upstream:track)%00%(upstream:remotename)%00%(upstream:remoteref) refs/heads/main refs/remotes/main [3ms]
2023-09-10 18:23:02.755 [info] > git status -z -uall [164ms]
2023-09-10 18:23:08.004 [info] > git config --get commit.template [28ms]
2023-09-10 18:23:08.005 [info] > git for-each-ref --format=%(refname)%00%(upstream:short)%00%(objectname)%00%(upstream:track)%00%(upstream:remotename)%00%(upstream:remoteref) refs/heads/main refs/remotes/main [4ms]
2023-09-10 18:23:08.307 [info] > git status -z -uall [272ms]
2023-09-10 18:25:12.117 [info] > git config --get commit.template [22ms]
2023-09-10 18:25:12.118 [info] > git for-each-ref --format=%(refname)%00%(upstream:short)%00%(objectname)%00%(upstream:track)%00%(upstream:remotename)%00%(upstream:remoteref) refs/heads/main refs/remotes/main [6ms]
2023-09-10 18:25:12.431 [info] > git status -z -uall [293ms]
2023-09-10 18:25:17.730 [info] > git config --get commit.template [20ms]
2023-09-10 18:25:17.730 [info] > git for-each-ref --format=%(refname)%00%(upstream:short)%00%(objectname)%00%(upstream:track)%00%(upstream:remotename)%00%(upstream:remoteref) refs/heads/main refs/remotes/main [3ms]
2023-09-10 18:25:17.917 [info] > git status -z -uall [169ms]
2023-09-10 18:25:23.171 [info] > git config --get commit.template [24ms]
2023-09-10 18:25:23.173 [info] > git for-each-ref --format=%(refname)%00%(upstream:short)%00%(objectname)%00%(upstream:track)%00%(upstream:remotename)%00%(upstream:remoteref) refs/heads/main refs/remotes/main [5ms]
2023-09-10 18:25:23.368 [info] > git status -z -uall [174ms]
2023-09-10 18:25:28.636 [info] > git config --get commit.template [19ms]
2023-09-10 18:25:28.637 [info] > git for-each-ref --format=%(refname)%00%(upstream:short)%00%(objectname)%00%(upstream:track)%00%(upstream:remotename)%00%(upstream:remoteref) refs/heads/main refs/remotes/main [2ms]
2023-09-10 18:25:28.853 [info] > git status -z -uall [199ms]
2023-09-10 18:25:36.872 [info] > git config --get commit.template [4ms]
2023-09-10 18:25:36.893 [info] > git for-each-ref --format=%(refname)%00%(upstream:short)%00%(objectname)%00%(upstream:track)%00%(upstream:remotename)%00%(upstream:remoteref) refs/heads/main refs/remotes/main [2ms]
2023-09-10 18:25:37.072 [info] > git status -z -uall [161ms]
2023-09-10 18:25:42.364 [info] > git config --get commit.template [30ms]
2023-09-10 18:25:42.364 [info] > git for-each-ref --format=%(refname)%00%(upstream:short)%00%(objectname)%00%(upstream:track)%00%(upstream:remotename)%00%(upstream:remoteref) refs/heads/main refs/remotes/main [2ms]
2023-09-10 18:25:42.545 [info] > git status -z -uall [162ms]
2023-09-10 18:25:47.763 [info] > git config --get commit.template [3ms]
2023-09-10 18:25:47.782 [info] > git for-each-ref --format=%(refname)%00%(upstream:short)%00%(objectname)%00%(upstream:track)%00%(upstream:remotename)%00%(upstream:remoteref) refs/heads/main refs/remotes/main [1ms]
2023-09-10 18:25:47.961 [info] > git status -z -uall [161ms]
2023-09-10 18:25:53.192 [info] > git config --get commit.template [20ms]
2023-09-10 18:25:53.194 [info] > git for-each-ref --format=%(refname)%00%(upstream:short)%00%(objectname)%00%(upstream:track)%00%(upstream:remotename)%00%(upstream:remoteref) refs/heads/main refs/remotes/main [3ms]
2023-09-10 18:25:53.373 [info] > git status -z -uall [161ms]
2023-09-10 18:25:58.629 [info] > git config --get commit.template [19ms]
2023-09-10 18:25:58.630 [info] > git for-each-ref --format=%(refname)%00%(upstream:short)%00%(objectname)%00%(upstream:track)%00%(upstream:remotename)%00%(upstream:remoteref) refs/heads/main refs/remotes/main [4ms]
2023-09-10 18:25:58.811 [info] > git status -z -uall [165ms]
2023-09-10 18:26:04.046 [info] > git config --get commit.template [2ms]
2023-09-10 18:26:04.067 [info] > git for-each-ref --format=%(refname)%00%(upstream:short)%00%(objectname)%00%(upstream:track)%00%(upstream:remotename)%00%(upstream:remoteref) refs/heads/main refs/remotes/main [2ms]
2023-09-10 18:26:04.259 [info] > git status -z -uall [174ms]
