2023-09-13 18:59:22.424 [info] Extension host with pid 1313 started
2023-09-13 18:59:23.247 [info] ExtensionService#_doActivateExtension vscode.git-base, startup: true, activationEvent: '*', root cause: vscode.git
2023-09-13 18:59:23.379 [info] ExtensionService#_doActivateExtension vscode.npm, startup: true, activationEvent: 'workspaceContains:package.json'
2023-09-13 18:59:24.431 [info] Lock '/home/aom91/.vscode-server/data/User/workspaceStorage/edd91f77dae9a5ebc3f04d3fe2830529/vscode.lock': Lock acquired.
2023-09-13 18:59:25.795 [info] ExtensionService#_doActivateExtension vscode.git, startup: true, activationEvent: '*'
2023-09-13 18:59:25.807 [info] ExtensionService#_doActivateExtension vscode.github, startup: true, activationEvent: '*'
2023-09-13 18:59:29.672 [info] Eager extensions activated
2023-09-13 18:59:29.683 [info] ExtensionService#_doActivateExtension vscode.debug-auto-launch, startup: false, activationEvent: 'onStartupFinished'
2023-09-13 18:59:29.687 [info] ExtensionService#_doActivateExtension vscode.merge-conflict, startup: false, activationEvent: 'onStartupFinished'
2023-09-13 19:00:23.099 [info] ExtensionService#_doActivateExtension vscode.tunnel-forwarding, startup: false, activationEvent: 'onTunnel'
2023-09-13 19:01:39.668 [info] ExtensionService#_doActivateExtension vscode.typescript-language-features, startup: false, activationEvent: 'onLanguage:javascript'
2023-09-13 19:01:39.671 [info] ExtensionService#_doActivateExtension vscode.emmet, startup: false, activationEvent: 'onLanguage'
2023-09-13 20:20:02.657 [info] ExtensionService#_doActivateExtension vscode.css-language-features, startup: false, activationEvent: 'onLanguage:css'
2023-09-13 20:27:59.294 [info] ExtensionService#_doActivateExtension vscode.html-language-features, startup: false, activationEvent: 'onLanguage:html'
2023-09-13 20:40:39.255 [info] Extension host terminating: received terminate message from renderer
2023-09-13 20:40:39.335 [info] Lock '/home/aom91/.vscode-server/data/User/workspaceStorage/edd91f77dae9a5ebc3f04d3fe2830529/vscode.lock': Marking the lockfile as scheduled to be released in 6000 ms.
2023-09-13 20:40:47.095 [error] Error: Stopping the server timed out
	at /home/aom91/.vscode-server/bin/6509174151d557a81c9d0b5f8a5a1e9274db5585/extensions/css-language-features/client/dist/node/cssClientMain.js:1:105232
	at runNextTicks (node:internal/process/task_queues:60:5)
	at listOnTimeout (node:internal/timers:538:9)
	at process.processTimers (node:internal/timers:512:7)
	at async e.deactivate (/home/aom91/.vscode-server/bin/6509174151d557a81c9d0b5f8a5a1e9274db5585/extensions/css-language-features/client/dist/node/cssClientMain.js:1:372124)
	at async Promise.all (index 0)
	at async n.S (/home/aom91/.vscode-server/bin/6509174151d557a81c9d0b5f8a5a1e9274db5585/out/vs/workbench/api/node/extensionHostProcess.js:119:7599)
2023-09-13 20:40:47.262 [error] Error: Stopping the server timed out
	at /home/aom91/.vscode-server/bin/6509174151d557a81c9d0b5f8a5a1e9274db5585/extensions/html-language-features/client/dist/node/htmlClientMain.js:2:657542
	at runNextTicks (node:internal/process/task_queues:60:5)
	at process.processTimers (node:internal/timers:509:9)
	at async Object.dispose (/home/aom91/.vscode-server/bin/6509174151d557a81c9d0b5f8a5a1e9274db5585/extensions/html-language-features/client/dist/node/htmlClientMain.js:2:925030)
	at async Object.dispose (/home/aom91/.vscode-server/bin/6509174151d557a81c9d0b5f8a5a1e9274db5585/extensions/html-language-features/client/dist/node/htmlClientMain.js:2:926668)
	at async e.deactivate (/home/aom91/.vscode-server/bin/6509174151d557a81c9d0b5f8a5a1e9274db5585/extensions/html-language-features/client/dist/node/htmlClientMain.js:2:1078722)
	at async Promise.all (index 6)
	at async n.S (/home/aom91/.vscode-server/bin/6509174151d557a81c9d0b5f8a5a1e9274db5585/out/vs/workbench/api/node/extensionHostProcess.js:119:7599)
2023-09-13 20:40:50.677 [info] Extension host with pid 1313 exiting with code 0
