2023-09-18 18:17:18.091 [info] Extension host with pid 1524 started
2023-09-18 18:17:18.246 [info] ExtensionService#_doActivateExtension vscode.git-base, startup: true, activationEvent: '*', root cause: vscode.git
2023-09-18 18:17:18.280 [info] ExtensionService#_doActivateExtension vscode.npm, startup: true, activationEvent: 'workspaceContains:package.json'
2023-09-18 18:17:18.509 [info] Lock '/home/aom91/.vscode-server/data/User/workspaceStorage/d0708c13d9389db715bb8b905b5cfd22/vscode.lock': Lock acquired.
2023-09-18 18:17:18.633 [info] ExtensionService#_doActivateExtension vscode.git, startup: true, activationEvent: '*'
2023-09-18 18:17:18.634 [info] ExtensionService#_doActivateExtension vscode.github, startup: true, activationEvent: '*'
2023-09-18 18:17:20.099 [info] Eager extensions activated
2023-09-18 18:17:20.100 [info] ExtensionService#_doActivateExtension vscode.debug-auto-launch, startup: false, activationEvent: 'onStartupFinished'
2023-09-18 18:17:20.104 [info] ExtensionService#_doActivateExtension vscode.merge-conflict, startup: false, activationEvent: 'onStartupFinished'
2023-09-18 18:17:20.106 [info] ExtensionService#_doActivateExtension eamodio.gitlens, startup: false, activationEvent: 'onStartupFinished'
2023-09-18 18:17:22.282 [info] ExtensionService#_doActivateExtension GitHub.vscode-pull-request-github, startup: false, activationEvent: 'onStartupFinished'
2023-09-18 18:17:26.722 [warning] [Decorations] CAPPING events from decorations provider vscode.git 6185
2023-09-18 18:17:30.126 [warning] [Decorations] CAPPING events from decorations provider vscode.git 6185
2023-09-18 18:17:34.396 [warning] [Decorations] CAPPING events from decorations provider vscode.git 6186
2023-09-18 18:17:42.475 [warning] [Decorations] CAPPING events from decorations provider vscode.git 6186
2023-09-18 18:17:50.456 [warning] [Decorations] CAPPING events from decorations provider vscode.git 6186
2023-09-18 18:17:56.141 [warning] [Decorations] CAPPING events from decorations provider vscode.git 6186
2023-09-18 18:18:01.690 [warning] [Decorations] CAPPING events from decorations provider vscode.git 6186
2023-09-18 18:18:07.250 [warning] [Decorations] CAPPING events from decorations provider vscode.git 6186
2023-09-18 18:18:12.797 [warning] [Decorations] CAPPING events from decorations provider vscode.git 6186
2023-09-18 18:18:18.442 [warning] [Decorations] CAPPING events from decorations provider vscode.git 6186
2023-09-18 18:18:24.053 [warning] [Decorations] CAPPING events from decorations provider vscode.git 6186
2023-09-18 18:18:29.626 [warning] [Decorations] CAPPING events from decorations provider vscode.git 6186
2023-09-18 18:18:35.164 [warning] [Decorations] CAPPING events from decorations provider vscode.git 6186
2023-09-18 18:18:40.835 [warning] [Decorations] CAPPING events from decorations provider vscode.git 6186
2023-09-18 18:18:46.470 [warning] [Decorations] CAPPING events from decorations provider vscode.git 6186
2023-09-18 18:18:52.097 [warning] [Decorations] CAPPING events from decorations provider vscode.git 6186
2023-09-18 18:18:57.730 [warning] [Decorations] CAPPING events from decorations provider vscode.git 6186
2023-09-18 18:19:03.331 [warning] [Decorations] CAPPING events from decorations provider vscode.git 6186
2023-09-18 18:19:08.877 [warning] [Decorations] CAPPING events from decorations provider vscode.git 6186
2023-09-18 18:19:14.499 [warning] [Decorations] CAPPING events from decorations provider vscode.git 6186
2023-09-18 18:19:20.068 [warning] [Decorations] CAPPING events from decorations provider vscode.git 6186
2023-09-18 18:19:25.684 [warning] [Decorations] CAPPING events from decorations provider vscode.git 6186
2023-09-18 18:19:31.475 [warning] [Decorations] CAPPING events from decorations provider vscode.git 6186
2023-09-18 18:19:37.253 [warning] [Decorations] CAPPING events from decorations provider vscode.git 6186
2023-09-18 18:19:42.816 [warning] [Decorations] CAPPING events from decorations provider vscode.git 6186
2023-09-18 18:19:49.740 [warning] [Decorations] CAPPING events from decorations provider vscode.git 6186
2023-09-18 18:19:55.429 [warning] [Decorations] CAPPING events from decorations provider vscode.git 6186
2023-09-18 18:20:01.025 [warning] [Decorations] CAPPING events from decorations provider vscode.git 6186
2023-09-18 18:20:06.583 [warning] [Decorations] CAPPING events from decorations provider vscode.git 6186
2023-09-18 18:20:12.242 [warning] [Decorations] CAPPING events from decorations provider vscode.git 6186
2023-09-18 18:20:17.897 [warning] [Decorations] CAPPING events from decorations provider vscode.git 6186
2023-09-18 18:20:23.552 [warning] [Decorations] CAPPING events from decorations provider vscode.git 6186
2023-09-18 18:20:26.066 [warning] [Decorations] CAPPING events from decorations provider vscode.git 6186
2023-09-18 18:20:29.146 [warning] [Decorations] CAPPING events from decorations provider vscode.git 6186
2023-09-18 18:20:34.882 [warning] [Decorations] CAPPING events from decorations provider vscode.git 6186
2023-09-18 18:20:40.528 [warning] [Decorations] CAPPING events from decorations provider vscode.git 6186
2023-09-18 18:20:46.101 [warning] [Decorations] CAPPING events from decorations provider vscode.git 6186
2023-09-18 18:20:51.745 [warning] [Decorations] CAPPING events from decorations provider vscode.git 6186
2023-09-18 18:20:57.321 [warning] [Decorations] CAPPING events from decorations provider vscode.git 6186
2023-09-18 18:21:02.922 [warning] [Decorations] CAPPING events from decorations provider vscode.git 6186
2023-09-18 18:21:08.543 [warning] [Decorations] CAPPING events from decorations provider vscode.git 6186
2023-09-18 18:21:14.101 [warning] [Decorations] CAPPING events from decorations provider vscode.git 6186
2023-09-18 18:21:19.686 [warning] [Decorations] CAPPING events from decorations provider vscode.git 6186
2023-09-18 18:21:25.270 [warning] [Decorations] CAPPING events from decorations provider vscode.git 6186
2023-09-18 18:21:31.245 [warning] [Decorations] CAPPING events from decorations provider vscode.git 6186
2023-09-18 18:21:36.842 [warning] [Decorations] CAPPING events from decorations provider vscode.git 6186
2023-09-18 18:21:42.458 [warning] [Decorations] CAPPING events from decorations provider vscode.git 6186
2023-09-18 18:21:48.068 [warning] [Decorations] CAPPING events from decorations provider vscode.git 6186
2023-09-18 18:21:53.651 [warning] [Decorations] CAPPING events from decorations provider vscode.git 6186
2023-09-18 18:21:59.227 [warning] [Decorations] CAPPING events from decorations provider vscode.git 6186
2023-09-18 18:22:04.992 [warning] [Decorations] CAPPING events from decorations provider vscode.git 6186
2023-09-18 18:22:10.577 [warning] [Decorations] CAPPING events from decorations provider vscode.git 6186
2023-09-18 18:22:16.532 [warning] [Decorations] CAPPING events from decorations provider vscode.git 6186
2023-09-18 18:22:23.661 [warning] [Decorations] CAPPING events from decorations provider vscode.git 6186
2023-09-18 18:22:25.929 [warning] [Decorations] CAPPING events from decorations provider vscode.git 6186
2023-09-18 18:24:39.987 [warning] [Decorations] CAPPING events from decorations provider vscode.git 6186
2023-09-18 18:24:42.330 [warning] [Decorations] CAPPING events from decorations provider vscode.git 6186
2023-09-18 18:24:45.663 [warning] [Decorations] CAPPING events from decorations provider vscode.git 6186
2023-09-18 18:24:58.127 [warning] [Decorations] CAPPING events from decorations provider vscode.git 6186
2023-09-18 18:25:03.675 [warning] [Decorations] CAPPING events from decorations provider vscode.git 6186
2023-09-18 18:25:09.296 [warning] [Decorations] CAPPING events from decorations provider vscode.git 6186
2023-09-18 18:25:14.868 [warning] [Decorations] CAPPING events from decorations provider vscode.git 6186
2023-09-18 18:25:25.574 [warning] [Decorations] CAPPING events from decorations provider vscode.git 6186
2023-09-18 18:25:31.287 [warning] [Decorations] CAPPING events from decorations provider vscode.git 6186
2023-09-18 18:25:33.008 [info] ExtensionService#_doActivateExtension vscode.css-language-features, startup: false, activationEvent: 'onLanguage:css'
2023-09-18 18:25:33.009 [info] ExtensionService#_doActivateExtension vscode.emmet, startup: false, activationEvent: 'onLanguage'
2023-09-18 18:25:37.000 [warning] [Decorations] CAPPING events from decorations provider vscode.git 6186
2023-09-18 18:25:43.060 [warning] [Decorations] CAPPING events from decorations provider vscode.git 6186
2023-09-18 18:25:49.385 [warning] [Decorations] CAPPING events from decorations provider vscode.git 6186
2023-09-18 18:25:55.019 [warning] [Decorations] CAPPING events from decorations provider vscode.git 6186
2023-09-18 18:26:00.641 [warning] [Decorations] CAPPING events from decorations provider vscode.git 6186
2023-09-18 18:26:06.214 [warning] [Decorations] CAPPING events from decorations provider vscode.git 6186
2023-09-18 18:26:11.899 [warning] [Decorations] CAPPING events from decorations provider vscode.git 6186
2023-09-18 18:26:21.682 [warning] [Decorations] CAPPING events from decorations provider vscode.git 6186
2023-09-18 18:26:27.321 [warning] [Decorations] CAPPING events from decorations provider vscode.git 6186
2023-09-18 18:26:32.943 [warning] [Decorations] CAPPING events from decorations provider vscode.git 6186
2023-09-18 18:26:38.558 [warning] [Decorations] CAPPING events from decorations provider vscode.git 6186
2023-09-18 18:26:44.188 [warning] [Decorations] CAPPING events from decorations provider vscode.git 6186
2023-09-18 18:26:49.816 [warning] [Decorations] CAPPING events from decorations provider vscode.git 6186
2023-09-18 18:26:55.450 [warning] [Decorations] CAPPING events from decorations provider vscode.git 6186
2023-09-18 18:27:01.058 [warning] [Decorations] CAPPING events from decorations provider vscode.git 6186
2023-09-18 18:27:06.655 [warning] [Decorations] CAPPING events from decorations provider vscode.git 6186
2023-09-18 18:27:12.349 [warning] [Decorations] CAPPING events from decorations provider vscode.git 6186
2023-09-18 18:27:17.929 [warning] [Decorations] CAPPING events from decorations provider vscode.git 6186
2023-09-18 18:27:24.239 [warning] [Decorations] CAPPING events from decorations provider vscode.git 6186
2023-09-18 18:27:26.572 [warning] [Decorations] CAPPING events from decorations provider vscode.git 6186
2023-09-18 18:27:29.904 [warning] [Decorations] CAPPING events from decorations provider vscode.git 6186
2023-09-18 18:27:49.857 [warning] [Decorations] CAPPING events from decorations provider vscode.git 6186
2023-09-18 18:27:52.142 [warning] [Decorations] CAPPING events from decorations provider vscode.git 6186
2023-09-18 18:27:55.431 [warning] [Decorations] CAPPING events from decorations provider vscode.git 6186
2023-09-18 18:28:01.346 [warning] [Decorations] CAPPING events from decorations provider vscode.git 6187
2023-09-18 18:28:06.977 [warning] [Decorations] CAPPING events from decorations provider vscode.git 6187
2023-09-18 18:28:12.642 [warning] [Decorations] CAPPING events from decorations provider vscode.git 6187
2023-09-18 18:28:18.222 [warning] [Decorations] CAPPING events from decorations provider vscode.git 6187
2023-09-18 18:28:23.813 [warning] [Decorations] CAPPING events from decorations provider vscode.git 6187
2023-09-18 18:28:40.239 [warning] [Decorations] CAPPING events from decorations provider vscode.git 6187
2023-09-18 18:28:45.890 [warning] [Decorations] CAPPING events from decorations provider vscode.git 6187
2023-09-18 18:28:51.595 [warning] [Decorations] CAPPING events from decorations provider vscode.git 6187
2023-09-18 18:28:57.237 [warning] [Decorations] CAPPING events from decorations provider vscode.git 6187
2023-09-18 18:29:12.196 [warning] [Decorations] CAPPING events from decorations provider vscode.git 6187
2023-09-18 18:29:17.764 [warning] [Decorations] CAPPING events from decorations provider vscode.git 6187
2023-09-18 18:29:23.400 [warning] [Decorations] CAPPING events from decorations provider vscode.git 6187
2023-09-18 18:29:29.292 [warning] [Decorations] CAPPING events from decorations provider vscode.git 6187
2023-09-18 18:29:52.638 [warning] [Decorations] CAPPING events from decorations provider vscode.git 6187
2023-09-18 18:29:58.293 [warning] [Decorations] CAPPING events from decorations provider vscode.git 6187
2023-09-18 18:30:06.872 [warning] [Decorations] CAPPING events from decorations provider vscode.git 6187
2023-09-18 18:30:12.525 [warning] [Decorations] CAPPING events from decorations provider vscode.git 6187
2023-09-18 18:30:18.102 [warning] [Decorations] CAPPING events from decorations provider vscode.git 6187
2023-09-18 18:30:31.743 [warning] [Decorations] CAPPING events from decorations provider vscode.git 6187
2023-09-18 18:30:37.645 [warning] [Decorations] CAPPING events from decorations provider vscode.git 6187
2023-09-18 18:30:45.047 [warning] [Decorations] CAPPING events from decorations provider vscode.git 6187
2023-09-18 18:30:50.983 [warning] [Decorations] CAPPING events from decorations provider vscode.git 6187
2023-09-18 18:30:57.121 [warning] [Decorations] CAPPING events from decorations provider vscode.git 6187
2023-09-18 18:30:59.433 [warning] [Decorations] CAPPING events from decorations provider vscode.git 6187
2023-09-18 18:31:03.061 [warning] [Decorations] CAPPING events from decorations provider vscode.git 6187
2023-09-18 18:31:08.944 [warning] [Decorations] CAPPING events from decorations provider vscode.git 6187
2023-09-18 18:31:14.632 [warning] [Decorations] CAPPING events from decorations provider vscode.git 6189
2023-09-18 18:31:20.276 [warning] [Decorations] CAPPING events from decorations provider vscode.git 6189
2023-09-18 18:31:25.977 [warning] [Decorations] CAPPING events from decorations provider vscode.git 6189
2023-09-18 18:31:31.576 [warning] [Decorations] CAPPING events from decorations provider vscode.git 6189
2023-09-18 18:31:37.223 [warning] [Decorations] CAPPING events from decorations provider vscode.git 6189
2023-09-18 18:31:43.107 [warning] [Decorations] CAPPING events from decorations provider vscode.git 6189
2023-09-18 18:31:51.001 [warning] [Decorations] CAPPING events from decorations provider vscode.git 6189
2023-09-18 18:31:56.620 [warning] [Decorations] CAPPING events from decorations provider vscode.git 6189
2023-09-18 18:32:02.308 [warning] [Decorations] CAPPING events from decorations provider vscode.git 6189
2023-09-18 18:32:07.947 [warning] [Decorations] CAPPING events from decorations provider vscode.git 6189
2023-09-18 18:32:13.509 [warning] [Decorations] CAPPING events from decorations provider vscode.git 6189
2023-09-18 18:32:28.442 [warning] [Decorations] CAPPING events from decorations provider vscode.git 6189
2023-09-18 18:32:31.135 [warning] [Decorations] CAPPING events from decorations provider vscode.git 6189
2023-09-18 18:32:36.762 [warning] [Decorations] CAPPING events from decorations provider vscode.git 6189
2023-09-18 18:32:38.893 [info] ExtensionService#_doActivateExtension vscode.typescript-language-features, startup: false, activationEvent: 'onLanguage:javascriptreact'
2023-09-18 18:32:42.836 [warning] [Decorations] CAPPING events from decorations provider vscode.git 6191
2023-09-18 18:32:50.794 [warning] [Decorations] CAPPING events from decorations provider vscode.git 6193
2023-09-18 18:32:56.466 [warning] [Decorations] CAPPING events from decorations provider vscode.git 6191
2023-09-18 18:33:03.470 [warning] [Decorations] CAPPING events from decorations provider vscode.git 6192
2023-09-18 18:33:13.729 [warning] [Decorations] CAPPING events from decorations provider vscode.git 6192
2023-09-18 18:33:22.522 [warning] [Decorations] CAPPING events from decorations provider vscode.git 6192
2023-09-18 18:37:29.441 [warning] [Decorations] CAPPING events from decorations provider vscode.git 6190
2023-09-18 18:42:30.256 [warning] [Decorations] CAPPING events from decorations provider vscode.git 6190
2023-09-18 18:43:10.620 [warning] [Decorations] CAPPING events from decorations provider vscode.git 6190
2023-09-18 18:43:13.041 [warning] [Decorations] CAPPING events from decorations provider vscode.git 6190
2023-09-18 18:43:57.447 [warning] [Decorations] CAPPING events from decorations provider vscode.git 6190
2023-09-18 18:44:03.223 [warning] [Decorations] CAPPING events from decorations provider vscode.git 6192
2023-09-18 18:44:16.771 [warning] [Decorations] CAPPING events from decorations provider vscode.git 6192
2023-09-18 18:44:22.491 [warning] [Decorations] CAPPING events from decorations provider vscode.git 6194
2023-09-18 18:44:48.521 [warning] [Decorations] CAPPING events from decorations provider vscode.git 6194
2023-09-18 18:44:54.306 [warning] [Decorations] CAPPING events from decorations provider vscode.git 6194
2023-09-18 18:45:00.013 [warning] [Decorations] CAPPING events from decorations provider vscode.git 6194
2023-09-18 18:45:05.697 [warning] [Decorations] CAPPING events from decorations provider vscode.git 6194
2023-09-18 18:45:11.319 [warning] [Decorations] CAPPING events from decorations provider vscode.git 6194
2023-09-18 18:45:16.956 [warning] [Decorations] CAPPING events from decorations provider vscode.git 6194
2023-09-18 18:45:22.671 [warning] [Decorations] CAPPING events from decorations provider vscode.git 6194
2023-09-18 18:45:28.294 [warning] [Decorations] CAPPING events from decorations provider vscode.git 6194
2023-09-18 18:45:33.874 [warning] [Decorations] CAPPING events from decorations provider vscode.git 6194
2023-09-18 18:45:39.563 [warning] [Decorations] CAPPING events from decorations provider vscode.git 6196
2023-09-18 18:45:45.159 [warning] [Decorations] CAPPING events from decorations provider vscode.git 6196
2023-09-18 18:45:50.851 [warning] [Decorations] CAPPING events from decorations provider vscode.git 6196
2023-09-18 18:45:56.476 [warning] [Decorations] CAPPING events from decorations provider vscode.git 6196
2023-09-18 18:46:02.184 [warning] [Decorations] CAPPING events from decorations provider vscode.git 6196
2023-09-18 18:46:07.918 [warning] [Decorations] CAPPING events from decorations provider vscode.git 6196
2023-09-18 18:46:13.683 [warning] [Decorations] CAPPING events from decorations provider vscode.git 6196
2023-09-18 18:47:30.119 [warning] [Decorations] CAPPING events from decorations provider vscode.git 6196
2023-09-18 18:47:32.836 [warning] [Decorations] CAPPING events from decorations provider vscode.git 6196
2023-09-18 18:47:38.138 [warning] [Decorations] CAPPING events from decorations provider vscode.git 6196
2023-09-18 18:47:43.763 [warning] [Decorations] CAPPING events from decorations provider vscode.git 6196
2023-09-18 18:47:49.443 [warning] [Decorations] CAPPING events from decorations provider vscode.git 6196
2023-09-18 18:47:55.128 [warning] [Decorations] CAPPING events from decorations provider vscode.git 6196
2023-09-18 18:48:55.365 [warning] [Decorations] CAPPING events from decorations provider vscode.git 6196
2023-09-18 18:49:00.964 [warning] [Decorations] CAPPING events from decorations provider vscode.git 6196
2023-09-18 18:49:06.665 [warning] [Decorations] CAPPING events from decorations provider vscode.git 6196
2023-09-18 18:49:12.749 [warning] [Decorations] CAPPING events from decorations provider vscode.git 6196
2023-09-18 18:49:18.375 [warning] [Decorations] CAPPING events from decorations provider vscode.git 6196
2023-09-18 18:49:23.994 [warning] [Decorations] CAPPING events from decorations provider vscode.git 6196
2023-09-18 18:49:29.552 [warning] [Decorations] CAPPING events from decorations provider vscode.git 6196
2023-09-18 18:49:35.328 [warning] [Decorations] CAPPING events from decorations provider vscode.git 6196
2023-09-18 18:49:55.920 [warning] [Decorations] CAPPING events from decorations provider vscode.git 6196
2023-09-18 18:50:01.585 [warning] [Decorations] CAPPING events from decorations provider vscode.git 6196
2023-09-18 18:50:22.711 [warning] [Decorations] CAPPING events from decorations provider vscode.git 6196
2023-09-18 18:50:28.421 [warning] [Decorations] CAPPING events from decorations provider vscode.git 6196
2023-09-18 18:50:35.090 [warning] [Decorations] CAPPING events from decorations provider vscode.git 6196
2023-09-18 18:50:38.121 [warning] [Decorations] CAPPING events from decorations provider vscode.git 6196
2023-09-18 18:51:39.069 [warning] [Decorations] CAPPING events from decorations provider vscode.git 6196
2023-09-18 18:51:44.800 [warning] [Decorations] CAPPING events from decorations provider vscode.git 6196
2023-09-18 18:51:50.434 [warning] [Decorations] CAPPING events from decorations provider vscode.git 6196
2023-09-18 18:51:56.146 [warning] [Decorations] CAPPING events from decorations provider vscode.git 6196
2023-09-18 18:52:01.795 [warning] [Decorations] CAPPING events from decorations provider vscode.git 6196
2023-09-18 18:52:07.521 [warning] [Decorations] CAPPING events from decorations provider vscode.git 6197
2023-09-18 18:52:13.141 [warning] [Decorations] CAPPING events from decorations provider vscode.git 6197
2023-09-18 18:52:18.758 [warning] [Decorations] CAPPING events from decorations provider vscode.git 6197
2023-09-18 18:52:24.432 [warning] [Decorations] CAPPING events from decorations provider vscode.git 6197
2023-09-18 18:52:30.142 [warning] [Decorations] CAPPING events from decorations provider vscode.git 6197
2023-09-18 18:52:33.493 [warning] [Decorations] CAPPING events from decorations provider vscode.git 6197
2023-09-18 18:52:35.699 [warning] [Decorations] CAPPING events from decorations provider vscode.git 6197
2023-09-18 18:52:45.859 [warning] [Decorations] CAPPING events from decorations provider vscode.git 6197
2023-09-18 18:52:53.526 [warning] [Decorations] CAPPING events from decorations provider vscode.git 6197
2023-09-18 18:53:00.817 [warning] [Decorations] CAPPING events from decorations provider vscode.git 6197
2023-09-18 18:53:06.548 [warning] [Decorations] CAPPING events from decorations provider vscode.git 6197
2023-09-18 18:53:12.241 [warning] [Decorations] CAPPING events from decorations provider vscode.git 6197
2023-09-18 18:53:18.114 [warning] [Decorations] CAPPING events from decorations provider vscode.git 6197
2023-09-18 18:53:23.840 [warning] [Decorations] CAPPING events from decorations provider vscode.git 6197
2023-09-18 18:53:29.567 [warning] [Decorations] CAPPING events from decorations provider vscode.git 6197
2023-09-18 18:53:35.330 [warning] [Decorations] CAPPING events from decorations provider vscode.git 6197
2023-09-18 18:53:39.515 [warning] [Decorations] CAPPING events from decorations provider vscode.git 6197
2023-09-18 18:53:41.652 [warning] [Decorations] CAPPING events from decorations provider vscode.git 6197
2023-09-18 18:53:47.242 [warning] [Decorations] CAPPING events from decorations provider vscode.git 6197
2023-09-18 18:53:52.878 [warning] [Decorations] CAPPING events from decorations provider vscode.git 6197
2023-09-18 18:53:58.482 [warning] [Decorations] CAPPING events from decorations provider vscode.git 6197
2023-09-18 18:54:04.177 [warning] [Decorations] CAPPING events from decorations provider vscode.git 6197
2023-09-18 18:54:09.816 [warning] [Decorations] CAPPING events from decorations provider vscode.git 6197
2023-09-18 18:54:15.394 [warning] [Decorations] CAPPING events from decorations provider vscode.git 6197
2023-09-18 18:54:21.007 [warning] [Decorations] CAPPING events from decorations provider vscode.git 6197
2023-09-18 18:54:26.648 [warning] [Decorations] CAPPING events from decorations provider vscode.git 6197
2023-09-18 18:54:32.230 [warning] [Decorations] CAPPING events from decorations provider vscode.git 6197
2023-09-18 18:54:37.789 [warning] [Decorations] CAPPING events from decorations provider vscode.git 6197
2023-09-18 18:54:43.461 [warning] [Decorations] CAPPING events from decorations provider vscode.git 6197
2023-09-18 18:54:49.143 [warning] [Decorations] CAPPING events from decorations provider vscode.git 6197
2023-09-18 18:54:54.836 [warning] [Decorations] CAPPING events from decorations provider vscode.git 6197
2023-09-18 18:55:01.392 [warning] [Decorations] CAPPING events from decorations provider vscode.git 6197
2023-09-18 18:55:07.057 [warning] [Decorations] CAPPING events from decorations provider vscode.git 6197
2023-09-18 18:55:13.149 [warning] [Decorations] CAPPING events from decorations provider vscode.git 6197
2023-09-18 18:55:20.179 [warning] [Decorations] CAPPING events from decorations provider vscode.git 6197
2023-09-18 18:55:26.232 [warning] [Decorations] CAPPING events from decorations provider vscode.git 6197
2023-09-18 18:55:31.850 [warning] [Decorations] CAPPING events from decorations provider vscode.git 6197
2023-09-18 18:55:37.470 [warning] [Decorations] CAPPING events from decorations provider vscode.git 6197
2023-09-18 18:55:43.242 [warning] [Decorations] CAPPING events from decorations provider vscode.git 6197
2023-09-18 18:55:48.934 [warning] [Decorations] CAPPING events from decorations provider vscode.git 6197
2023-09-18 18:55:54.802 [warning] [Decorations] CAPPING events from decorations provider vscode.git 6197
2023-09-18 18:56:00.472 [warning] [Decorations] CAPPING events from decorations provider vscode.git 6197
2023-09-18 18:56:06.312 [warning] [Decorations] CAPPING events from decorations provider vscode.git 6197
2023-09-18 18:56:12.112 [warning] [Decorations] CAPPING events from decorations provider vscode.git 6197
2023-09-18 18:56:17.813 [warning] [Decorations] CAPPING events from decorations provider vscode.git 6197
2023-09-18 18:56:23.496 [warning] [Decorations] CAPPING events from decorations provider vscode.git 6197
2023-09-18 18:56:29.144 [warning] [Decorations] CAPPING events from decorations provider vscode.git 6197
2023-09-18 18:56:34.813 [warning] [Decorations] CAPPING events from decorations provider vscode.git 6197
2023-09-18 18:56:41.446 [warning] [Decorations] CAPPING events from decorations provider vscode.git 6197
2023-09-18 18:56:44.276 [warning] [Decorations] CAPPING events from decorations provider vscode.git 6197
2023-09-18 18:56:49.862 [warning] [Decorations] CAPPING events from decorations provider vscode.git 6197
2023-09-18 18:56:59.416 [warning] [Decorations] CAPPING events from decorations provider vscode.git 6197
2023-09-18 18:57:05.085 [warning] [Decorations] CAPPING events from decorations provider vscode.git 6197
2023-09-18 18:57:10.689 [warning] [Decorations] CAPPING events from decorations provider vscode.git 6197
2023-09-18 18:57:16.323 [warning] [Decorations] CAPPING events from decorations provider vscode.git 6197
2023-09-18 18:57:21.961 [warning] [Decorations] CAPPING events from decorations provider vscode.git 6197
2023-09-18 18:57:27.646 [warning] [Decorations] CAPPING events from decorations provider vscode.git 6197
2023-09-18 18:57:33.286 [warning] [Decorations] CAPPING events from decorations provider vscode.git 6197
2023-09-18 18:57:35.659 [warning] [Decorations] CAPPING events from decorations provider vscode.git 6197
2023-09-18 18:57:39.002 [warning] [Decorations] CAPPING events from decorations provider vscode.git 6197
2023-09-18 19:00:45.194 [warning] [Decorations] CAPPING events from decorations provider vscode.git 6197
2023-09-18 19:00:47.941 [warning] [Decorations] CAPPING events from decorations provider vscode.git 6197
2023-09-18 19:00:51.038 [warning] [Decorations] CAPPING events from decorations provider vscode.git 6197
2023-09-18 19:00:56.709 [warning] [Decorations] CAPPING events from decorations provider vscode.git 6197
2023-09-18 19:01:06.257 [warning] [Decorations] CAPPING events from decorations provider vscode.git 6197
2023-09-18 19:01:12.245 [warning] [Decorations] CAPPING events from decorations provider vscode.git 6197
2023-09-18 19:01:17.816 [warning] [Decorations] CAPPING events from decorations provider vscode.git 6197
2023-09-18 19:01:46.089 [warning] [Decorations] CAPPING events from decorations provider vscode.git 6198
2023-09-18 19:01:51.767 [warning] [Decorations] CAPPING events from decorations provider vscode.git 6198
2023-09-18 19:02:06.441 [warning] [Decorations] CAPPING events from decorations provider vscode.git 6198
2023-09-18 19:02:12.076 [warning] [Decorations] CAPPING events from decorations provider vscode.git 6198
2023-09-18 19:02:17.768 [warning] [Decorations] CAPPING events from decorations provider vscode.git 6198
2023-09-18 19:02:23.388 [warning] [Decorations] CAPPING events from decorations provider vscode.git 6198
2023-09-18 19:02:29.072 [warning] [Decorations] CAPPING events from decorations provider vscode.git 6198
2023-09-18 19:02:36.433 [warning] [Decorations] CAPPING events from decorations provider vscode.git 6198
2023-09-18 19:02:48.167 [warning] [Decorations] CAPPING events from decorations provider vscode.git 6198
2023-09-18 19:02:53.727 [warning] [Decorations] CAPPING events from decorations provider vscode.git 6198
2023-09-18 19:03:06.819 [warning] [Decorations] CAPPING events from decorations provider vscode.git 6199
2023-09-18 19:03:12.413 [warning] [Decorations] CAPPING events from decorations provider vscode.git 6199
2023-09-18 19:03:18.129 [warning] [Decorations] CAPPING events from decorations provider vscode.git 6199
2023-09-18 19:03:23.797 [warning] [Decorations] CAPPING events from decorations provider vscode.git 6199
2023-09-18 19:03:33.424 [warning] [Decorations] CAPPING events from decorations provider vscode.git 6199
2023-09-18 19:03:39.041 [warning] [Decorations] CAPPING events from decorations provider vscode.git 6199
2023-09-18 19:03:44.707 [warning] [Decorations] CAPPING events from decorations provider vscode.git 6199
2023-09-18 19:03:50.440 [warning] [Decorations] CAPPING events from decorations provider vscode.git 6199
2023-09-18 19:03:52.718 [warning] [Decorations] CAPPING events from decorations provider vscode.git 6199
2023-09-18 19:03:58.831 [warning] [Decorations] CAPPING events from decorations provider vscode.git 6199
2023-09-18 19:04:04.433 [warning] [Decorations] CAPPING events from decorations provider vscode.git 6199
2023-09-18 19:04:10.282 [warning] [Decorations] CAPPING events from decorations provider vscode.git 6199
2023-09-18 19:04:15.940 [warning] [Decorations] CAPPING events from decorations provider vscode.git 6199
2023-09-18 19:04:52.083 [warning] [Decorations] CAPPING events from decorations provider vscode.git 6199
2023-09-18 19:04:57.983 [warning] [Decorations] CAPPING events from decorations provider vscode.git 6199
2023-09-18 19:05:03.666 [warning] [Decorations] CAPPING events from decorations provider vscode.git 6199
2023-09-18 19:06:16.655 [warning] [Decorations] CAPPING events from decorations provider vscode.git 6199
2023-09-18 19:06:22.319 [warning] [Decorations] CAPPING events from decorations provider vscode.git 6199
2023-09-18 19:06:27.913 [warning] [Decorations] CAPPING events from decorations provider vscode.git 6199
2023-09-18 19:06:33.620 [warning] [Decorations] CAPPING events from decorations provider vscode.git 6199
2023-09-18 19:06:42.519 [warning] [Decorations] CAPPING events from decorations provider vscode.git 6199
2023-09-18 19:06:56.280 [warning] [Decorations] CAPPING events from decorations provider vscode.git 6199
2023-09-18 19:06:58.810 [warning] [Decorations] CAPPING events from decorations provider vscode.git 6199
2023-09-18 19:07:28.115 [warning] [Decorations] CAPPING events from decorations provider vscode.git 6199
2023-09-18 19:07:37.149 [warning] [Decorations] CAPPING events from decorations provider vscode.git 6199
2023-09-18 19:07:49.519 [warning] [Decorations] CAPPING events from decorations provider vscode.git 6199
2023-09-18 19:07:55.144 [warning] [Decorations] CAPPING events from decorations provider vscode.git 6199
2023-09-18 19:08:00.809 [warning] [Decorations] CAPPING events from decorations provider vscode.git 6199
2023-09-18 19:08:06.447 [warning] [Decorations] CAPPING events from decorations provider vscode.git 6199
2023-09-18 19:08:12.046 [warning] [Decorations] CAPPING events from decorations provider vscode.git 6199
2023-09-18 19:08:17.640 [warning] [Decorations] CAPPING events from decorations provider vscode.git 6199
2023-09-18 19:08:28.568 [warning] [Decorations] CAPPING events from decorations provider vscode.git 6199
2023-09-18 19:08:34.280 [warning] [Decorations] CAPPING events from decorations provider vscode.git 6199
2023-09-18 19:08:40.084 [warning] [Decorations] CAPPING events from decorations provider vscode.git 6199
2023-09-18 19:08:45.717 [warning] [Decorations] CAPPING events from decorations provider vscode.git 6199
2023-09-18 19:09:02.186 [warning] [Decorations] CAPPING events from decorations provider vscode.git 6199
2023-09-18 19:09:07.796 [warning] [Decorations] CAPPING events from decorations provider vscode.git 6199
2023-09-18 19:09:13.401 [warning] [Decorations] CAPPING events from decorations provider vscode.git 6199
2023-09-18 19:09:19.058 [warning] [Decorations] CAPPING events from decorations provider vscode.git 6199
2023-09-18 19:09:36.417 [warning] [Decorations] CAPPING events from decorations provider vscode.git 6199
2023-09-18 19:09:43.452 [warning] [Decorations] CAPPING events from decorations provider vscode.git 6199
2023-09-18 19:09:58.354 [warning] [Decorations] CAPPING events from decorations provider vscode.git 6199
2023-09-18 19:10:03.262 [warning] [Decorations] CAPPING events from decorations provider vscode.git 6199
2023-09-18 19:10:05.654 [warning] [Decorations] CAPPING events from decorations provider vscode.git 6199
2023-09-18 19:10:11.291 [warning] [Decorations] CAPPING events from decorations provider vscode.git 6199
2023-09-18 19:10:16.873 [warning] [Decorations] CAPPING events from decorations provider vscode.git 6199
2023-09-18 19:10:22.515 [warning] [Decorations] CAPPING events from decorations provider vscode.git 6199
2023-09-18 19:10:28.241 [warning] [Decorations] CAPPING events from decorations provider vscode.git 6199
2023-09-18 19:10:33.824 [warning] [Decorations] CAPPING events from decorations provider vscode.git 6199
2023-09-18 19:10:39.454 [warning] [Decorations] CAPPING events from decorations provider vscode.git 6199
2023-09-18 19:10:45.148 [warning] [Decorations] CAPPING events from decorations provider vscode.git 6199
2023-09-18 19:10:50.772 [warning] [Decorations] CAPPING events from decorations provider vscode.git 6199
2023-09-18 19:10:56.474 [warning] [Decorations] CAPPING events from decorations provider vscode.git 6199
2023-09-18 19:11:02.182 [warning] [Decorations] CAPPING events from decorations provider vscode.git 6199
2023-09-18 19:11:07.887 [warning] [Decorations] CAPPING events from decorations provider vscode.git 6199
2023-09-18 19:12:37.845 [warning] [Decorations] CAPPING events from decorations provider vscode.git 6199
2023-09-18 19:13:18.917 [warning] [Decorations] CAPPING events from decorations provider vscode.git 6199
2023-09-18 19:13:21.522 [warning] [Decorations] CAPPING events from decorations provider vscode.git 6199
2023-09-18 19:13:25.182 [warning] [Decorations] CAPPING events from decorations provider vscode.git 6199
2023-09-18 19:13:30.906 [warning] [Decorations] CAPPING events from decorations provider vscode.git 6199
2023-09-18 19:13:36.512 [warning] [Decorations] CAPPING events from decorations provider vscode.git 6199
2023-09-18 19:13:42.167 [warning] [Decorations] CAPPING events from decorations provider vscode.git 6199
2023-09-18 19:13:47.863 [warning] [Decorations] CAPPING events from decorations provider vscode.git 6199
2023-09-18 19:14:05.395 [warning] [Decorations] CAPPING events from decorations provider vscode.git 6199
2023-09-18 19:14:10.989 [warning] [Decorations] CAPPING events from decorations provider vscode.git 6199
2023-09-18 19:14:16.745 [warning] [Decorations] CAPPING events from decorations provider vscode.git 6199
2023-09-18 19:14:35.506 [warning] [Decorations] CAPPING events from decorations provider vscode.git 6199
2023-09-18 19:14:41.117 [warning] [Decorations] CAPPING events from decorations provider vscode.git 6199
2023-09-18 19:14:46.798 [warning] [Decorations] CAPPING events from decorations provider vscode.git 6199
2023-09-18 19:14:52.591 [warning] [Decorations] CAPPING events from decorations provider vscode.git 6199
2023-09-18 19:14:58.272 [warning] [Decorations] CAPPING events from decorations provider vscode.git 6199
2023-09-18 19:15:10.335 [warning] [Decorations] CAPPING events from decorations provider vscode.git 6199
2023-09-18 19:15:15.978 [warning] [Decorations] CAPPING events from decorations provider vscode.git 6199
2023-09-18 19:15:27.345 [warning] [Decorations] CAPPING events from decorations provider vscode.git 6199
2023-09-18 19:15:33.113 [warning] [Decorations] CAPPING events from decorations provider vscode.git 6199
2023-09-18 19:15:39.157 [warning] [Decorations] CAPPING events from decorations provider vscode.git 6199
2023-09-18 19:15:44.746 [warning] [Decorations] CAPPING events from decorations provider vscode.git 6199
2023-09-18 19:15:50.334 [warning] [Decorations] CAPPING events from decorations provider vscode.git 6199
2023-09-18 19:15:56.021 [warning] [Decorations] CAPPING events from decorations provider vscode.git 6199
2023-09-18 19:16:01.643 [warning] [Decorations] CAPPING events from decorations provider vscode.git 6199
2023-09-18 19:16:07.294 [warning] [Decorations] CAPPING events from decorations provider vscode.git 6199
2023-09-18 19:16:12.877 [warning] [Decorations] CAPPING events from decorations provider vscode.git 6199
2023-09-18 19:16:18.525 [warning] [Decorations] CAPPING events from decorations provider vscode.git 6199
2023-09-18 19:16:24.161 [warning] [Decorations] CAPPING events from decorations provider vscode.git 6199
2023-09-18 19:16:30.915 [warning] [Decorations] CAPPING events from decorations provider vscode.git 6199
2023-09-18 19:16:36.536 [warning] [Decorations] CAPPING events from decorations provider vscode.git 6199
2023-09-18 19:16:46.287 [warning] [Decorations] CAPPING events from decorations provider vscode.git 6199
2023-09-18 19:16:51.926 [warning] [Decorations] CAPPING events from decorations provider vscode.git 6199
2023-09-18 19:17:04.089 [warning] [Decorations] CAPPING events from decorations provider vscode.git 6199
2023-09-18 19:17:09.776 [warning] [Decorations] CAPPING events from decorations provider vscode.git 6199
2023-09-18 19:17:18.370 [warning] [Decorations] CAPPING events from decorations provider vscode.git 6199
2023-09-18 19:17:24.120 [warning] [Decorations] CAPPING events from decorations provider vscode.git 6199
2023-09-18 19:17:29.790 [warning] [Decorations] CAPPING events from decorations provider vscode.git 6199
2023-09-18 19:17:35.463 [warning] [Decorations] CAPPING events from decorations provider vscode.git 6199
2023-09-18 19:17:38.506 [warning] [Decorations] CAPPING events from decorations provider vscode.git 6199
2023-09-18 19:17:41.070 [warning] [Decorations] CAPPING events from decorations provider vscode.git 6199
2023-09-18 19:17:46.848 [warning] [Decorations] CAPPING events from decorations provider vscode.git 6199
2023-09-18 19:17:55.399 [warning] [Decorations] CAPPING events from decorations provider vscode.git 6199
2023-09-18 19:18:01.060 [warning] [Decorations] CAPPING events from decorations provider vscode.git 6199
2023-09-18 19:18:06.774 [warning] [Decorations] CAPPING events from decorations provider vscode.git 6199
2023-09-18 19:18:12.384 [warning] [Decorations] CAPPING events from decorations provider vscode.git 6199
2023-09-18 19:18:17.986 [warning] [Decorations] CAPPING events from decorations provider vscode.git 6199
2023-09-18 19:18:23.556 [warning] [Decorations] CAPPING events from decorations provider vscode.git 6199
2023-09-18 19:18:29.168 [warning] [Decorations] CAPPING events from decorations provider vscode.git 6199
2023-09-18 19:18:34.784 [warning] [Decorations] CAPPING events from decorations provider vscode.git 6199
2023-09-18 19:18:40.401 [warning] [Decorations] CAPPING events from decorations provider vscode.git 6199
2023-09-18 19:18:46.129 [warning] [Decorations] CAPPING events from decorations provider vscode.git 6199
2023-09-18 19:18:51.801 [warning] [Decorations] CAPPING events from decorations provider vscode.git 6199
2023-09-18 19:18:57.522 [warning] [Decorations] CAPPING events from decorations provider vscode.git 6199
2023-09-18 19:19:03.237 [warning] [Decorations] CAPPING events from decorations provider vscode.git 6199
2023-09-18 19:19:08.870 [warning] [Decorations] CAPPING events from decorations provider vscode.git 6199
2023-09-18 19:19:20.774 [warning] [Decorations] CAPPING events from decorations provider vscode.git 6199
2023-09-18 19:19:26.721 [warning] [Decorations] CAPPING events from decorations provider vscode.git 6199
2023-09-18 19:19:29.074 [warning] [Decorations] CAPPING events from decorations provider vscode.git 6199
2023-09-18 19:19:34.804 [warning] [Decorations] CAPPING events from decorations provider vscode.git 6199
2023-09-18 19:19:44.309 [warning] [Decorations] CAPPING events from decorations provider vscode.git 6199
2023-09-18 19:19:49.985 [warning] [Decorations] CAPPING events from decorations provider vscode.git 6199
2023-09-18 19:19:55.838 [warning] [Decorations] CAPPING events from decorations provider vscode.git 6199
2023-09-18 19:20:02.385 [warning] [Decorations] CAPPING events from decorations provider vscode.git 6199
2023-09-18 19:20:08.012 [warning] [Decorations] CAPPING events from decorations provider vscode.git 6199
2023-09-18 19:20:13.898 [warning] [Decorations] CAPPING events from decorations provider vscode.git 6199
2023-09-18 19:20:26.463 [warning] [Decorations] CAPPING events from decorations provider vscode.git 6199
2023-09-18 19:20:40.327 [warning] [Decorations] CAPPING events from decorations provider vscode.git 6199
2023-09-18 19:20:53.333 [warning] [Decorations] CAPPING events from decorations provider vscode.git 6199
2023-09-18 19:21:03.272 [warning] [Decorations] CAPPING events from decorations provider vscode.git 6199
2023-09-18 19:21:08.868 [warning] [Decorations] CAPPING events from decorations provider vscode.git 6199
2023-09-18 19:21:14.513 [warning] [Decorations] CAPPING events from decorations provider vscode.git 6199
2023-09-18 19:21:20.146 [warning] [Decorations] CAPPING events from decorations provider vscode.git 6199
2023-09-18 19:21:25.901 [warning] [Decorations] CAPPING events from decorations provider vscode.git 6200
2023-09-18 19:21:31.623 [warning] [Decorations] CAPPING events from decorations provider vscode.git 6200
2023-09-18 19:22:39.227 [warning] [Decorations] CAPPING events from decorations provider vscode.git 6200
2023-09-18 19:25:30.362 [warning] [Decorations] CAPPING events from decorations provider vscode.git 6200
2023-09-18 19:25:32.909 [warning] [Decorations] CAPPING events from decorations provider vscode.git 6200
2023-09-18 19:25:36.031 [warning] [Decorations] CAPPING events from decorations provider vscode.git 6200
2023-09-18 19:25:42.001 [warning] [Decorations] CAPPING events from decorations provider vscode.git 6200
2023-09-18 19:25:47.634 [warning] [Decorations] CAPPING events from decorations provider vscode.git 6200
2023-09-18 19:25:53.306 [warning] [Decorations] CAPPING events from decorations provider vscode.git 6200
2023-09-18 19:25:59.159 [warning] [Decorations] CAPPING events from decorations provider vscode.git 6200
2023-09-18 19:26:04.795 [warning] [Decorations] CAPPING events from decorations provider vscode.git 6200
2023-09-18 19:26:10.477 [warning] [Decorations] CAPPING events from decorations provider vscode.git 6200
2023-09-18 19:26:16.189 [warning] [Decorations] CAPPING events from decorations provider vscode.git 6200
2023-09-18 19:26:21.915 [warning] [Decorations] CAPPING events from decorations provider vscode.git 6200
2023-09-18 19:26:27.526 [warning] [Decorations] CAPPING events from decorations provider vscode.git 6200
2023-09-18 19:26:33.123 [warning] [Decorations] CAPPING events from decorations provider vscode.git 6200
2023-09-18 19:26:38.797 [warning] [Decorations] CAPPING events from decorations provider vscode.git 6200
2023-09-18 19:26:44.487 [warning] [Decorations] CAPPING events from decorations provider vscode.git 6200
2023-09-18 19:26:50.108 [warning] [Decorations] CAPPING events from decorations provider vscode.git 6200
2023-09-18 19:26:55.704 [warning] [Decorations] CAPPING events from decorations provider vscode.git 6200
2023-09-18 19:27:01.363 [warning] [Decorations] CAPPING events from decorations provider vscode.git 6200
2023-09-18 19:27:07.064 [warning] [Decorations] CAPPING events from decorations provider vscode.git 6200
2023-09-18 19:27:12.718 [warning] [Decorations] CAPPING events from decorations provider vscode.git 6200
2023-09-18 19:27:18.450 [warning] [Decorations] CAPPING events from decorations provider vscode.git 6200
2023-09-18 19:27:24.166 [warning] [Decorations] CAPPING events from decorations provider vscode.git 6200
2023-09-18 19:27:29.834 [warning] [Decorations] CAPPING events from decorations provider vscode.git 6200
2023-09-18 19:27:35.519 [warning] [Decorations] CAPPING events from decorations provider vscode.git 6200
2023-09-18 19:27:39.999 [warning] [Decorations] CAPPING events from decorations provider vscode.git 6200
2023-09-18 19:29:47.067 [warning] [Decorations] CAPPING events from decorations provider vscode.git 6200
2023-09-18 19:29:50.639 [warning] [Decorations] CAPPING events from decorations provider vscode.git 6200
2023-09-18 19:29:53.266 [warning] [Decorations] CAPPING events from decorations provider vscode.git 6200
2023-09-18 19:29:58.965 [warning] [Decorations] CAPPING events from decorations provider vscode.git 6200
2023-09-18 19:30:29.846 [warning] [Decorations] CAPPING events from decorations provider vscode.git 6200
2023-09-18 19:30:35.513 [warning] [Decorations] CAPPING events from decorations provider vscode.git 6200
2023-09-18 19:30:41.123 [warning] [Decorations] CAPPING events from decorations provider vscode.git 6200
2023-09-18 19:30:46.738 [warning] [Decorations] CAPPING events from decorations provider vscode.git 6200
2023-09-18 19:30:52.399 [warning] [Decorations] CAPPING events from decorations provider vscode.git 6200
2023-09-18 19:30:58.070 [warning] [Decorations] CAPPING events from decorations provider vscode.git 6200
2023-09-18 19:31:03.836 [warning] [Decorations] CAPPING events from decorations provider vscode.git 6200
2023-09-18 19:31:09.441 [warning] [Decorations] CAPPING events from decorations provider vscode.git 6200
2023-09-18 19:31:15.159 [warning] [Decorations] CAPPING events from decorations provider vscode.git 6200
2023-09-18 19:31:20.781 [warning] [Decorations] CAPPING events from decorations provider vscode.git 6200
2023-09-18 19:31:26.412 [warning] [Decorations] CAPPING events from decorations provider vscode.git 6200
2023-09-18 19:31:32.012 [warning] [Decorations] CAPPING events from decorations provider vscode.git 6200
2023-09-18 19:31:37.651 [warning] [Decorations] CAPPING events from decorations provider vscode.git 6200
2023-09-18 19:31:43.293 [warning] [Decorations] CAPPING events from decorations provider vscode.git 6200
2023-09-18 19:31:48.928 [warning] [Decorations] CAPPING events from decorations provider vscode.git 6200
2023-09-18 19:31:54.508 [warning] [Decorations] CAPPING events from decorations provider vscode.git 6200
2023-09-18 19:32:00.149 [warning] [Decorations] CAPPING events from decorations provider vscode.git 6200
2023-09-18 19:32:05.799 [warning] [Decorations] CAPPING events from decorations provider vscode.git 6200
2023-09-18 19:32:11.405 [warning] [Decorations] CAPPING events from decorations provider vscode.git 6200
2023-09-18 19:32:17.138 [warning] [Decorations] CAPPING events from decorations provider vscode.git 6200
2023-09-18 19:32:22.752 [warning] [Decorations] CAPPING events from decorations provider vscode.git 6200
2023-09-18 19:32:28.347 [warning] [Decorations] CAPPING events from decorations provider vscode.git 6200
2023-09-18 19:32:33.982 [warning] [Decorations] CAPPING events from decorations provider vscode.git 6200
2023-09-18 19:32:39.693 [warning] [Decorations] CAPPING events from decorations provider vscode.git 6200
2023-09-18 19:32:41.971 [warning] [Decorations] CAPPING events from decorations provider vscode.git 6200
2023-09-18 19:32:45.312 [warning] [Decorations] CAPPING events from decorations provider vscode.git 6200
2023-09-18 19:32:53.181 [warning] [Decorations] CAPPING events from decorations provider vscode.git 6200
2023-09-18 19:32:55.390 [warning] [Decorations] CAPPING events from decorations provider vscode.git 6200
2023-09-18 19:33:08.507 [warning] [Decorations] CAPPING events from decorations provider vscode.git 6200
2023-09-18 19:33:14.168 [warning] [Decorations] CAPPING events from decorations provider vscode.git 6200
2023-09-18 19:33:19.824 [warning] [Decorations] CAPPING events from decorations provider vscode.git 6200
2023-09-18 19:33:25.439 [warning] [Decorations] CAPPING events from decorations provider vscode.git 6200
2023-09-18 19:33:31.036 [warning] [Decorations] CAPPING events from decorations provider vscode.git 6200
2023-09-18 19:33:36.699 [warning] [Decorations] CAPPING events from decorations provider vscode.git 6200
2023-09-18 19:33:42.461 [warning] [Decorations] CAPPING events from decorations provider vscode.git 6200
2023-09-18 19:33:48.113 [warning] [Decorations] CAPPING events from decorations provider vscode.git 6200
2023-09-18 19:33:53.688 [warning] [Decorations] CAPPING events from decorations provider vscode.git 6200
2023-09-18 19:33:59.292 [warning] [Decorations] CAPPING events from decorations provider vscode.git 6200
2023-09-18 19:34:35.062 [warning] [Decorations] CAPPING events from decorations provider vscode.git 6200
2023-09-18 19:34:48.619 [warning] [Decorations] CAPPING events from decorations provider vscode.git 6200
2023-09-18 19:34:54.338 [warning] [Decorations] CAPPING events from decorations provider vscode.git 6200
2023-09-18 19:35:00.049 [warning] [Decorations] CAPPING events from decorations provider vscode.git 6200
2023-09-18 19:35:35.251 [warning] [Decorations] CAPPING events from decorations provider vscode.git 6200
2023-09-18 19:35:40.948 [warning] [Decorations] CAPPING events from decorations provider vscode.git 6201
2023-09-18 19:35:46.591 [warning] [Decorations] CAPPING events from decorations provider vscode.git 6201
2023-09-18 19:35:52.314 [warning] [Decorations] CAPPING events from decorations provider vscode.git 6202
2023-09-18 19:35:57.742 [warning] [Decorations] CAPPING events from decorations provider vscode.git 6202
2023-09-18 19:36:00.142 [warning] [Decorations] CAPPING events from decorations provider vscode.git 6202
2023-09-18 19:36:05.943 [warning] [Decorations] CAPPING events from decorations provider vscode.git 6202
2023-09-18 19:37:02.730 [warning] [Decorations] CAPPING events from decorations provider vscode.git 6202
2023-09-18 19:37:08.461 [warning] [Decorations] CAPPING events from decorations provider vscode.git 6202
2023-09-18 19:37:14.118 [warning] [Decorations] CAPPING events from decorations provider vscode.git 6202
2023-09-18 19:37:42.693 [warning] [Decorations] CAPPING events from decorations provider vscode.git 6202
2023-09-18 19:37:56.405 [warning] [Decorations] CAPPING events from decorations provider vscode.git 6202
2023-09-18 19:38:02.086 [warning] [Decorations] CAPPING events from decorations provider vscode.git 6202
2023-09-18 19:38:07.856 [warning] [Decorations] CAPPING events from decorations provider vscode.git 6202
2023-09-18 19:38:13.518 [warning] [Decorations] CAPPING events from decorations provider vscode.git 6202
2023-09-18 19:38:19.120 [warning] [Decorations] CAPPING events from decorations provider vscode.git 6202
2023-09-18 19:38:24.739 [warning] [Decorations] CAPPING events from decorations provider vscode.git 6202
2023-09-18 19:38:30.352 [warning] [Decorations] CAPPING events from decorations provider vscode.git 6202
2023-09-18 19:38:36.014 [warning] [Decorations] CAPPING events from decorations provider vscode.git 6202
2023-09-18 19:38:41.873 [warning] [Decorations] CAPPING events from decorations provider vscode.git 6202
2023-09-18 19:41:39.853 [info] ExtensionService#_doActivateExtension vscode.tunnel-forwarding, startup: false, activationEvent: 'onTunnel'
2023-09-18 19:42:43.545 [warning] [Decorations] CAPPING events from decorations provider vscode.git 6203
2023-09-18 19:42:53.835 [warning] [Decorations] CAPPING events from decorations provider vscode.git 6202
2023-09-18 19:42:56.703 [warning] [Decorations] CAPPING events from decorations provider vscode.git 6202
2023-09-18 19:42:59.409 [warning] [Decorations] CAPPING events from decorations provider vscode.git 6202
2023-09-18 19:43:05.124 [warning] [Decorations] CAPPING events from decorations provider vscode.git 6202
2023-09-18 19:43:10.791 [warning] [Decorations] CAPPING events from decorations provider vscode.git 6203
2023-09-18 19:43:16.421 [warning] [Decorations] CAPPING events from decorations provider vscode.git 6203
2023-09-18 19:43:22.116 [warning] [Decorations] CAPPING events from decorations provider vscode.git 6203
2023-09-18 19:43:27.738 [warning] [Decorations] CAPPING events from decorations provider vscode.git 6203
2023-09-18 19:43:33.511 [warning] [Decorations] CAPPING events from decorations provider vscode.git 6204
2023-09-18 19:45:35.062 [warning] [Decorations] CAPPING events from decorations provider vscode.git 6204
2023-09-18 19:47:44.273 [warning] [Decorations] CAPPING events from decorations provider vscode.git 6204
2023-09-18 19:47:51.891 [warning] [Decorations] CAPPING events from decorations provider vscode.git 6204
2023-09-18 19:47:54.252 [warning] [Decorations] CAPPING events from decorations provider vscode.git 6204
2023-09-18 19:47:57.627 [warning] [Decorations] CAPPING events from decorations provider vscode.git 6204
2023-09-18 19:48:03.275 [warning] [Decorations] CAPPING events from decorations provider vscode.git 6204
2023-09-18 19:48:28.777 [warning] [Decorations] CAPPING events from decorations provider vscode.git 6205
2023-09-18 19:48:34.403 [warning] [Decorations] CAPPING events from decorations provider vscode.git 6205
2023-09-18 19:48:40.067 [warning] [Decorations] CAPPING events from decorations provider vscode.git 6205
2023-09-18 19:48:45.816 [warning] [Decorations] CAPPING events from decorations provider vscode.git 6206
2023-09-18 19:49:08.800 [warning] [Decorations] CAPPING events from decorations provider vscode.git 6206
2023-09-18 19:49:14.651 [warning] [Decorations] CAPPING events from decorations provider vscode.git 6206
2023-09-18 19:49:20.568 [warning] [Decorations] CAPPING events from decorations provider vscode.git 6207
2023-09-18 19:49:26.181 [warning] [Decorations] CAPPING events from decorations provider vscode.git 6207
2023-09-18 19:49:31.832 [warning] [Decorations] CAPPING events from decorations provider vscode.git 6207
2023-09-18 19:52:45.047 [warning] [Decorations] CAPPING events from decorations provider vscode.git 6207
2023-09-18 19:57:45.879 [warning] [Decorations] CAPPING events from decorations provider vscode.git 6207
2023-09-18 19:58:55.211 [warning] [Decorations] CAPPING events from decorations provider vscode.git 6207
2023-09-18 19:58:57.864 [warning] [Decorations] CAPPING events from decorations provider vscode.git 6207
2023-09-18 19:59:00.867 [warning] [Decorations] CAPPING events from decorations provider vscode.git 6207
2023-09-18 19:59:06.459 [warning] [Decorations] CAPPING events from decorations provider vscode.git 6207
2023-09-18 19:59:12.070 [warning] [Decorations] CAPPING events from decorations provider vscode.git 6207
2023-09-18 19:59:17.719 [warning] [Decorations] CAPPING events from decorations provider vscode.git 6207
2023-09-18 19:59:23.305 [warning] [Decorations] CAPPING events from decorations provider vscode.git 6207
2023-09-18 19:59:28.967 [warning] [Decorations] CAPPING events from decorations provider vscode.git 6207
2023-09-18 19:59:34.608 [warning] [Decorations] CAPPING events from decorations provider vscode.git 6207
2023-09-18 19:59:40.316 [warning] [Decorations] CAPPING events from decorations provider vscode.git 6207
2023-09-18 19:59:45.996 [warning] [Decorations] CAPPING events from decorations provider vscode.git 6207
2023-09-18 19:59:51.695 [warning] [Decorations] CAPPING events from decorations provider vscode.git 6207
2023-09-18 20:00:30.225 [warning] [Decorations] CAPPING events from decorations provider vscode.git 6207
2023-09-18 20:00:35.956 [warning] [Decorations] CAPPING events from decorations provider vscode.git 6207
2023-09-18 20:00:41.647 [warning] [Decorations] CAPPING events from decorations provider vscode.git 6207
2023-09-18 20:01:03.023 [warning] [Decorations] CAPPING events from decorations provider vscode.git 6207
2023-09-18 20:01:08.720 [warning] [Decorations] CAPPING events from decorations provider vscode.git 6207
2023-09-18 20:01:14.455 [warning] [Decorations] CAPPING events from decorations provider vscode.git 6207
2023-09-18 20:01:44.979 [warning] [Decorations] CAPPING events from decorations provider vscode.git 6207
2023-09-18 20:01:50.723 [warning] [Decorations] CAPPING events from decorations provider vscode.git 6207
2023-09-18 20:02:21.579 [warning] [Decorations] CAPPING events from decorations provider vscode.git 6207
2023-09-18 20:02:23.992 [warning] [Decorations] CAPPING events from decorations provider vscode.git 6207
2023-09-18 20:02:46.665 [warning] [Decorations] CAPPING events from decorations provider vscode.git 6207
2023-09-18 20:02:51.797 [warning] [Decorations] CAPPING events from decorations provider vscode.git 6207
2023-09-18 20:02:57.427 [warning] [Decorations] CAPPING events from decorations provider vscode.git 6208
2023-09-18 20:03:09.995 [warning] [Decorations] CAPPING events from decorations provider vscode.git 6208
2023-09-18 20:03:15.673 [warning] [Decorations] CAPPING events from decorations provider vscode.git 6208
2023-09-18 20:03:37.143 [warning] [Decorations] CAPPING events from decorations provider vscode.git 6209
2023-09-18 20:03:42.954 [warning] [Decorations] CAPPING events from decorations provider vscode.git 6209
2023-09-18 20:03:48.625 [warning] [Decorations] CAPPING events from decorations provider vscode.git 6210
2023-09-18 20:03:54.224 [warning] [Decorations] CAPPING events from decorations provider vscode.git 6210
2023-09-18 20:03:59.898 [warning] [Decorations] CAPPING events from decorations provider vscode.git 6210
2023-09-18 20:07:47.410 [warning] [Decorations] CAPPING events from decorations provider vscode.git 6210
2023-09-18 20:09:59.666 [warning] [Decorations] CAPPING events from decorations provider vscode.git 6210
2023-09-18 20:10:02.500 [warning] [Decorations] CAPPING events from decorations provider vscode.git 6210
2023-09-18 20:12:48.108 [warning] [Decorations] CAPPING events from decorations provider vscode.git 6210
2023-09-18 20:13:24.062 [warning] [Decorations] CAPPING events from decorations provider vscode.git 6210
2023-09-18 20:13:26.613 [warning] [Decorations] CAPPING events from decorations provider vscode.git 6210
2023-09-18 20:16:02.837 [warning] [Decorations] CAPPING events from decorations provider vscode.git 6210
2023-09-18 20:16:08.496 [warning] [Decorations] CAPPING events from decorations provider vscode.git 6210
2023-09-18 20:16:14.242 [warning] [Decorations] CAPPING events from decorations provider vscode.git 6210
2023-09-18 20:16:20.298 [warning] [Decorations] CAPPING events from decorations provider vscode.git 6210
2023-09-18 20:16:26.116 [warning] [Decorations] CAPPING events from decorations provider vscode.git 6210
2023-09-18 20:16:51.381 [warning] [Decorations] CAPPING events from decorations provider vscode.git 6210
2023-09-18 20:16:54.213 [warning] [Decorations] CAPPING events from decorations provider vscode.git 6210
2023-09-18 20:17:06.821 [warning] [Decorations] CAPPING events from decorations provider vscode.git 6210
2023-09-18 20:17:12.532 [warning] [Decorations] CAPPING events from decorations provider vscode.git 6210
2023-09-18 20:17:19.719 [warning] [Decorations] CAPPING events from decorations provider vscode.git 6210
2023-09-18 20:17:25.349 [warning] [Decorations] CAPPING events from decorations provider vscode.git 6210
2023-09-18 20:17:31.140 [warning] [Decorations] CAPPING events from decorations provider vscode.git 6210
2023-09-18 20:17:45.543 [warning] [Decorations] CAPPING events from decorations provider vscode.git 6210
2023-09-18 20:17:48.910 [warning] [Decorations] CAPPING events from decorations provider vscode.git 6210
2023-09-18 20:17:51.298 [warning] [Decorations] CAPPING events from decorations provider vscode.git 6210
2023-09-18 20:17:57.338 [warning] [Decorations] CAPPING events from decorations provider vscode.git 6210
2023-09-18 20:18:02.931 [warning] [Decorations] CAPPING events from decorations provider vscode.git 6210
2023-09-18 20:18:08.533 [warning] [Decorations] CAPPING events from decorations provider vscode.git 6210
2023-09-18 20:18:14.185 [warning] [Decorations] CAPPING events from decorations provider vscode.git 6210
2023-09-18 20:18:19.805 [warning] [Decorations] CAPPING events from decorations provider vscode.git 6210
2023-09-18 20:18:25.400 [warning] [Decorations] CAPPING events from decorations provider vscode.git 6210
2023-09-18 20:18:30.978 [warning] [Decorations] CAPPING events from decorations provider vscode.git 6210
2023-09-18 20:18:36.549 [warning] [Decorations] CAPPING events from decorations provider vscode.git 6210
2023-09-18 20:18:44.613 [warning] [Decorations] CAPPING events from decorations provider vscode.git 6210
2023-09-18 20:18:53.348 [warning] [Decorations] CAPPING events from decorations provider vscode.git 6210
2023-09-18 20:18:59.241 [warning] [Decorations] CAPPING events from decorations provider vscode.git 6210
2023-09-18 20:19:08.137 [warning] [Decorations] CAPPING events from decorations provider vscode.git 6210
2023-09-18 20:20:02.816 [warning] [Decorations] CAPPING events from decorations provider vscode.git 6210
2023-09-18 20:20:05.518 [warning] [Decorations] CAPPING events from decorations provider vscode.git 6210
2023-09-18 20:20:11.291 [warning] [Decorations] CAPPING events from decorations provider vscode.git 6210
2023-09-18 20:20:17.140 [warning] [Decorations] CAPPING events from decorations provider vscode.git 6210
2023-09-18 20:22:49.745 [warning] [Decorations] CAPPING events from decorations provider vscode.git 6210
2023-09-18 20:26:47.064 [warning] [Decorations] CAPPING events from decorations provider vscode.git 6210
2023-09-18 20:26:50.043 [warning] [Decorations] CAPPING events from decorations provider vscode.git 6210
2023-09-18 20:26:52.906 [warning] [Decorations] CAPPING events from decorations provider vscode.git 6210
2023-09-18 20:26:58.528 [warning] [Decorations] CAPPING events from decorations provider vscode.git 6210
2023-09-18 20:27:09.895 [warning] [Decorations] CAPPING events from decorations provider vscode.git 6210
2023-09-18 20:27:15.535 [warning] [Decorations] CAPPING events from decorations provider vscode.git 6210
2023-09-18 20:27:21.199 [warning] [Decorations] CAPPING events from decorations provider vscode.git 6210
2023-09-18 20:27:28.386 [warning] [Decorations] CAPPING events from decorations provider vscode.git 6210
2023-09-18 20:27:34.326 [warning] [Decorations] CAPPING events from decorations provider vscode.git 6210
2023-09-18 20:27:39.927 [warning] [Decorations] CAPPING events from decorations provider vscode.git 6210
2023-09-18 20:27:50.169 [warning] [Decorations] CAPPING events from decorations provider vscode.git 6211
2023-09-18 20:27:52.665 [warning] [Decorations] CAPPING events from decorations provider vscode.git 6211
2023-09-18 20:28:09.506 [warning] [Decorations] CAPPING events from decorations provider vscode.git 6211
2023-09-18 20:28:18.137 [warning] [Decorations] CAPPING events from decorations provider vscode.git 6211
2023-09-18 20:28:24.047 [warning] [Decorations] CAPPING events from decorations provider vscode.git 6211
2023-09-18 20:28:29.763 [warning] [Decorations] CAPPING events from decorations provider vscode.git 6211
2023-09-18 20:28:52.512 [warning] [Decorations] CAPPING events from decorations provider vscode.git 6212
2023-09-18 20:28:58.239 [warning] [Decorations] CAPPING events from decorations provider vscode.git 6212
2023-09-18 20:29:03.944 [warning] [Decorations] CAPPING events from decorations provider vscode.git 6212
2023-09-18 20:29:09.672 [warning] [Decorations] CAPPING events from decorations provider vscode.git 6212
2023-09-18 20:29:17.169 [warning] [Decorations] CAPPING events from decorations provider vscode.git 6212
2023-09-18 20:29:24.700 [warning] [Decorations] CAPPING events from decorations provider vscode.git 6212
2023-09-18 20:29:35.897 [warning] [Decorations] CAPPING events from decorations provider vscode.git 6212
2023-09-18 20:29:41.774 [warning] [Decorations] CAPPING events from decorations provider vscode.git 6212
2023-09-18 20:29:55.541 [warning] [Decorations] CAPPING events from decorations provider vscode.git 6212
2023-09-18 20:29:57.982 [warning] [Decorations] CAPPING events from decorations provider vscode.git 6212
2023-09-18 20:30:02.622 [warning] [Decorations] CAPPING events from decorations provider vscode.git 6212
2023-09-18 20:30:08.881 [warning] [Decorations] CAPPING events from decorations provider vscode.git 6212
2023-09-18 20:30:15.171 [warning] [Decorations] CAPPING events from decorations provider vscode.git 6212
2023-09-18 20:30:23.146 [warning] [Decorations] CAPPING events from decorations provider vscode.git 6212
2023-09-18 20:31:16.470 [warning] [Decorations] CAPPING events from decorations provider vscode.git 6212
2023-09-18 20:31:22.131 [warning] [Decorations] CAPPING events from decorations provider vscode.git 6212
2023-09-18 20:31:28.329 [warning] [Decorations] CAPPING events from decorations provider vscode.git 6212
2023-09-18 20:31:34.211 [warning] [Decorations] CAPPING events from decorations provider vscode.git 6212
2023-09-18 20:31:39.920 [warning] [Decorations] CAPPING events from decorations provider vscode.git 6212
2023-09-18 20:32:03.915 [warning] [Decorations] CAPPING events from decorations provider vscode.git 6212
2023-09-18 20:32:09.544 [warning] [Decorations] CAPPING events from decorations provider vscode.git 6212
2023-09-18 20:32:15.237 [warning] [Decorations] CAPPING events from decorations provider vscode.git 6212
2023-09-18 20:32:26.996 [warning] [Decorations] CAPPING events from decorations provider vscode.git 6212
2023-09-18 20:32:33.138 [warning] [Decorations] CAPPING events from decorations provider vscode.git 6212
2023-09-18 20:32:53.395 [warning] [Decorations] CAPPING events from decorations provider vscode.git 6212
2023-09-18 20:32:59.910 [warning] [Decorations] CAPPING events from decorations provider vscode.git 6212
2023-09-18 20:33:03.234 [warning] [Decorations] CAPPING events from decorations provider vscode.git 6212
2023-09-18 20:33:05.754 [warning] [Decorations] CAPPING events from decorations provider vscode.git 6212
2023-09-18 20:33:11.343 [warning] [Decorations] CAPPING events from decorations provider vscode.git 6212
2023-09-18 20:33:17.041 [warning] [Decorations] CAPPING events from decorations provider vscode.git 6212
2023-09-18 20:33:24.107 [warning] [Decorations] CAPPING events from decorations provider vscode.git 6212
2023-09-18 20:33:37.540 [warning] [Decorations] CAPPING events from decorations provider vscode.git 6212
2023-09-18 20:33:43.247 [warning] [Decorations] CAPPING events from decorations provider vscode.git 6212
2023-09-18 20:33:48.855 [warning] [Decorations] CAPPING events from decorations provider vscode.git 6212
2023-09-18 20:34:02.086 [warning] [Decorations] CAPPING events from decorations provider vscode.git 6213
2023-09-18 20:34:44.900 [warning] [Decorations] CAPPING events from decorations provider vscode.git 6213
2023-09-18 20:34:50.492 [warning] [Decorations] CAPPING events from decorations provider vscode.git 6213
2023-09-18 20:34:56.172 [warning] [Decorations] CAPPING events from decorations provider vscode.git 6213
2023-09-18 20:35:01.930 [warning] [Decorations] CAPPING events from decorations provider vscode.git 6213
2023-09-18 20:35:07.549 [warning] [Decorations] CAPPING events from decorations provider vscode.git 6213
2023-09-18 20:35:13.188 [warning] [Decorations] CAPPING events from decorations provider vscode.git 6213
2023-09-18 20:35:18.918 [warning] [Decorations] CAPPING events from decorations provider vscode.git 6213
2023-09-18 20:35:24.531 [warning] [Decorations] CAPPING events from decorations provider vscode.git 6213
2023-09-18 20:35:30.303 [warning] [Decorations] CAPPING events from decorations provider vscode.git 6213
2023-09-18 20:35:35.913 [warning] [Decorations] CAPPING events from decorations provider vscode.git 6213
2023-09-18 20:35:41.551 [warning] [Decorations] CAPPING events from decorations provider vscode.git 6213
2023-09-18 20:35:47.152 [warning] [Decorations] CAPPING events from decorations provider vscode.git 6213
2023-09-18 20:37:54.158 [warning] [Decorations] CAPPING events from decorations provider vscode.git 6214
2023-09-18 20:39:42.383 [warning] [Decorations] CAPPING events from decorations provider vscode.git 6214
2023-09-18 20:39:45.319 [warning] [Decorations] CAPPING events from decorations provider vscode.git 6214
2023-09-18 20:39:48.067 [warning] [Decorations] CAPPING events from decorations provider vscode.git 6214
2023-09-18 20:39:54.782 [warning] [Decorations] CAPPING events from decorations provider vscode.git 6214
2023-09-18 20:40:02.959 [warning] [Decorations] CAPPING events from decorations provider vscode.git 6214
2023-09-18 20:40:08.666 [warning] [Decorations] CAPPING events from decorations provider vscode.git 6214
2023-09-18 20:40:14.408 [warning] [Decorations] CAPPING events from decorations provider vscode.git 6214
2023-09-18 20:40:20.038 [warning] [Decorations] CAPPING events from decorations provider vscode.git 6214
2023-09-18 20:40:25.691 [warning] [Decorations] CAPPING events from decorations provider vscode.git 6214
2023-09-18 20:40:31.303 [warning] [Decorations] CAPPING events from decorations provider vscode.git 6214
2023-09-18 20:40:36.950 [warning] [Decorations] CAPPING events from decorations provider vscode.git 6214
2023-09-18 20:40:44.275 [warning] [Decorations] CAPPING events from decorations provider vscode.git 6214
2023-09-18 20:40:49.964 [warning] [Decorations] CAPPING events from decorations provider vscode.git 6214
2023-09-18 20:40:55.603 [warning] [Decorations] CAPPING events from decorations provider vscode.git 6214
2023-09-18 20:41:01.231 [warning] [Decorations] CAPPING events from decorations provider vscode.git 6215
2023-09-18 20:41:49.164 [warning] [Decorations] CAPPING events from decorations provider vscode.git 6215
2023-09-18 20:41:54.799 [warning] [Decorations] CAPPING events from decorations provider vscode.git 6215
2023-09-18 20:42:55.096 [warning] [Decorations] CAPPING events from decorations provider vscode.git 6215
2023-09-18 20:42:57.700 [warning] [Decorations] CAPPING events from decorations provider vscode.git 6215
2023-09-18 20:43:00.525 [warning] [Decorations] CAPPING events from decorations provider vscode.git 6215
2023-09-18 20:43:03.300 [warning] [Decorations] CAPPING events from decorations provider vscode.git 6215
2023-09-18 20:43:08.922 [warning] [Decorations] CAPPING events from decorations provider vscode.git 6215
2023-09-18 20:43:14.577 [warning] [Decorations] CAPPING events from decorations provider vscode.git 6215
2023-09-18 20:43:20.218 [warning] [Decorations] CAPPING events from decorations provider vscode.git 6215
2023-09-18 20:43:25.794 [warning] [Decorations] CAPPING events from decorations provider vscode.git 6215
2023-09-18 20:43:31.428 [warning] [Decorations] CAPPING events from decorations provider vscode.git 6215
2023-09-18 20:43:37.028 [warning] [Decorations] CAPPING events from decorations provider vscode.git 6215
2023-09-18 20:43:42.828 [warning] [Decorations] CAPPING events from decorations provider vscode.git 6215
2023-09-18 20:43:48.465 [warning] [Decorations] CAPPING events from decorations provider vscode.git 6215
2023-09-18 20:43:54.102 [warning] [Decorations] CAPPING events from decorations provider vscode.git 6215
2023-09-18 20:43:59.807 [warning] [Decorations] CAPPING events from decorations provider vscode.git 6215
2023-09-18 20:44:05.607 [warning] [Decorations] CAPPING events from decorations provider vscode.git 6215
2023-09-18 20:44:11.234 [warning] [Decorations] CAPPING events from decorations provider vscode.git 6215
2023-09-18 20:44:16.978 [warning] [Decorations] CAPPING events from decorations provider vscode.git 6215
2023-09-18 20:44:22.745 [warning] [Decorations] CAPPING events from decorations provider vscode.git 6215
2023-09-18 20:44:28.369 [warning] [Decorations] CAPPING events from decorations provider vscode.git 6215
2023-09-18 20:44:34.556 [warning] [Decorations] CAPPING events from decorations provider vscode.git 6216
2023-09-18 20:44:40.148 [warning] [Decorations] CAPPING events from decorations provider vscode.git 6216
2023-09-18 20:44:45.811 [warning] [Decorations] CAPPING events from decorations provider vscode.git 6216
2023-09-18 20:44:51.484 [warning] [Decorations] CAPPING events from decorations provider vscode.git 6216
2023-09-18 20:45:53.888 [warning] [Decorations] CAPPING events from decorations provider vscode.git 6216
2023-09-18 20:45:59.637 [warning] [Decorations] CAPPING events from decorations provider vscode.git 6216
2023-09-18 20:46:03.437 [warning] [Decorations] CAPPING events from decorations provider vscode.git 6216
2023-09-18 20:46:05.773 [warning] [Decorations] CAPPING events from decorations provider vscode.git 6216
2023-09-18 20:46:11.646 [warning] [Decorations] CAPPING events from decorations provider vscode.git 6216
2023-09-18 20:46:17.816 [warning] [Decorations] CAPPING events from decorations provider vscode.git 6216
2023-09-18 20:46:53.516 [warning] [Decorations] CAPPING events from decorations provider vscode.git 6216
2023-09-18 20:46:59.179 [warning] [Decorations] CAPPING events from decorations provider vscode.git 6216
2023-09-18 20:47:04.830 [warning] [Decorations] CAPPING events from decorations provider vscode.git 6216
2023-09-18 20:47:12.456 [warning] [Decorations] CAPPING events from decorations provider vscode.git 6216
2023-09-18 20:47:18.095 [warning] [Decorations] CAPPING events from decorations provider vscode.git 6216
2023-09-18 20:47:23.780 [warning] [Decorations] CAPPING events from decorations provider vscode.git 6216
2023-09-18 20:47:29.493 [warning] [Decorations] CAPPING events from decorations provider vscode.git 6216
2023-09-18 20:47:35.339 [warning] [Decorations] CAPPING events from decorations provider vscode.git 6216
2023-09-18 20:47:43.877 [warning] [Decorations] CAPPING events from decorations provider vscode.git 6216
2023-09-18 20:47:55.849 [warning] [Decorations] CAPPING events from decorations provider vscode.git 6216
2023-09-18 20:47:58.146 [warning] [Decorations] CAPPING events from decorations provider vscode.git 6216
2023-09-18 20:48:03.782 [warning] [Decorations] CAPPING events from decorations provider vscode.git 6216
2023-09-18 20:48:10.932 [warning] [Decorations] CAPPING events from decorations provider vscode.git 6216
2023-09-18 20:49:34.038 [warning] [Decorations] CAPPING events from decorations provider vscode.git 6216
2023-09-18 20:49:36.408 [warning] [Decorations] CAPPING events from decorations provider vscode.git 6216
2023-09-18 20:49:39.764 [warning] [Decorations] CAPPING events from decorations provider vscode.git 6216
2023-09-18 20:49:45.925 [warning] [Decorations] CAPPING events from decorations provider vscode.git 6216
2023-09-18 20:49:51.637 [warning] [Decorations] CAPPING events from decorations provider vscode.git 6216
2023-09-18 20:49:57.263 [warning] [Decorations] CAPPING events from decorations provider vscode.git 6216
2023-09-18 20:51:08.733 [warning] [Decorations] CAPPING events from decorations provider vscode.git 6216
2023-09-18 20:51:14.514 [warning] [Decorations] CAPPING events from decorations provider vscode.git 6216
2023-09-18 20:51:54.524 [warning] [Decorations] CAPPING events from decorations provider vscode.git 6216
2023-09-18 20:52:00.245 [warning] [Decorations] CAPPING events from decorations provider vscode.git 6216
2023-09-18 20:52:05.863 [warning] [Decorations] CAPPING events from decorations provider vscode.git 6216
2023-09-18 20:52:11.568 [warning] [Decorations] CAPPING events from decorations provider vscode.git 6217
2023-09-18 20:52:17.173 [warning] [Decorations] CAPPING events from decorations provider vscode.git 6217
2023-09-18 20:52:22.825 [warning] [Decorations] CAPPING events from decorations provider vscode.git 6217
2023-09-18 20:52:28.472 [warning] [Decorations] CAPPING events from decorations provider vscode.git 6217
2023-09-18 20:52:34.178 [warning] [Decorations] CAPPING events from decorations provider vscode.git 6217
2023-09-18 20:52:38.813 [warning] [Decorations] CAPPING events from decorations provider vscode.git 6217
2023-09-18 20:52:41.282 [warning] [Decorations] CAPPING events from decorations provider vscode.git 6217
2023-09-18 20:52:46.996 [warning] [Decorations] CAPPING events from decorations provider vscode.git 6217
2023-09-18 20:52:52.713 [warning] [Decorations] CAPPING events from decorations provider vscode.git 6217
2023-09-18 20:52:56.583 [warning] [Decorations] CAPPING events from decorations provider vscode.git 6217
2023-09-18 20:52:59.023 [warning] [Decorations] CAPPING events from decorations provider vscode.git 6217
2023-09-18 20:53:33.661 [warning] [Decorations] CAPPING events from decorations provider vscode.git 6217
2023-09-18 20:53:39.452 [warning] [Decorations] CAPPING events from decorations provider vscode.git 6217
2023-09-18 20:53:45.108 [warning] [Decorations] CAPPING events from decorations provider vscode.git 6217
2023-09-18 20:53:50.832 [warning] [Decorations] CAPPING events from decorations provider vscode.git 6217
2023-09-18 20:53:56.460 [warning] [Decorations] CAPPING events from decorations provider vscode.git 6217
2023-09-18 20:54:02.140 [warning] [Decorations] CAPPING events from decorations provider vscode.git 6217
2023-09-18 20:54:07.821 [warning] [Decorations] CAPPING events from decorations provider vscode.git 6219
2023-09-18 20:54:13.507 [warning] [Decorations] CAPPING events from decorations provider vscode.git 6219
2023-09-18 20:54:19.198 [warning] [Decorations] CAPPING events from decorations provider vscode.git 6219
2023-09-18 20:54:30.386 [warning] [Decorations] CAPPING events from decorations provider vscode.git 6219
2023-09-18 20:54:48.563 [warning] [Decorations] CAPPING events from decorations provider vscode.git 6219
2023-09-18 20:54:54.159 [warning] [Decorations] CAPPING events from decorations provider vscode.git 6219
2023-09-18 20:55:03.365 [warning] [Decorations] CAPPING events from decorations provider vscode.git 6219
2023-09-18 20:55:09.663 [warning] [Decorations] CAPPING events from decorations provider vscode.git 6219
2023-09-18 20:55:15.349 [warning] [Decorations] CAPPING events from decorations provider vscode.git 6219
2023-09-18 20:55:21.279 [warning] [Decorations] CAPPING events from decorations provider vscode.git 6219
2023-09-18 20:55:26.989 [warning] [Decorations] CAPPING events from decorations provider vscode.git 6219
2023-09-18 20:55:33.363 [warning] [Decorations] CAPPING events from decorations provider vscode.git 6219
2023-09-18 20:55:39.047 [warning] [Decorations] CAPPING events from decorations provider vscode.git 6219
2023-09-18 20:55:41.848 [warning] [Decorations] CAPPING events from decorations provider vscode.git 6219
2023-09-18 20:55:44.816 [warning] [Decorations] CAPPING events from decorations provider vscode.git 6219
2023-09-18 20:55:50.620 [warning] [Decorations] CAPPING events from decorations provider vscode.git 6219
2023-09-18 20:55:56.307 [warning] [Decorations] CAPPING events from decorations provider vscode.git 6219
2023-09-18 20:56:02.033 [warning] [Decorations] CAPPING events from decorations provider vscode.git 6219
2023-09-18 20:56:11.227 [warning] [Decorations] CAPPING events from decorations provider vscode.git 6219
2023-09-18 20:56:17.133 [warning] [Decorations] CAPPING events from decorations provider vscode.git 6219
2023-09-18 20:56:45.175 [warning] [Decorations] CAPPING events from decorations provider vscode.git 6219
2023-09-18 20:56:50.913 [warning] [Decorations] CAPPING events from decorations provider vscode.git 6219
2023-09-18 20:56:56.661 [warning] [Decorations] CAPPING events from decorations provider vscode.git 6219
2023-09-18 20:57:02.361 [warning] [Decorations] CAPPING events from decorations provider vscode.git 6219
2023-09-18 20:57:08.046 [warning] [Decorations] CAPPING events from decorations provider vscode.git 6219
2023-09-18 20:57:19.150 [warning] [Decorations] CAPPING events from decorations provider vscode.git 6219
2023-09-18 20:57:58.279 [warning] [Decorations] CAPPING events from decorations provider vscode.git 6219
2023-09-18 21:00:21.007 [warning] [Decorations] CAPPING events from decorations provider vscode.git 6219
2023-09-18 21:00:23.774 [warning] [Decorations] CAPPING events from decorations provider vscode.git 6219
2023-09-18 21:00:26.847 [warning] [Decorations] CAPPING events from decorations provider vscode.git 6219
