2023-09-17 20:45:20.016 [info] Log level: Info
2023-09-17 20:45:20.016 [info] Validating found git in: "git"
2023-09-17 20:45:20.016 [info] Using git "2.34.1" from "git"
2023-09-17 20:45:20.016 [info] > git rev-parse --show-toplevel [178ms]
2023-09-17 20:45:20.036 [info] > git rev-parse --git-dir --git-common-dir [19ms]
2023-09-17 20:45:20.200 [info] Open repository: /home/aom91/coursework/block26/contactlist
2023-09-17 20:45:20.450 [info] > git rev-parse --show-toplevel [145ms]
2023-09-17 20:45:20.465 [info] > git config --get commit.template [174ms]
2023-09-17 20:45:20.466 [info] > git fetch [275ms]
2023-09-17 20:45:20.557 [info] No remotes found in the git config file.
2023-09-17 20:45:20.589 [info] > git rev-parse --show-toplevel [84ms]
2023-09-17 20:45:20.651 [info] > git for-each-ref --format=%(refname)%00%(upstream:short)%00%(objectname)%00%(upstream:track)%00%(upstream:remotename)%00%(upstream:remoteref) refs/heads/master refs/remotes/master [74ms]
2023-09-17 20:45:20.700 [info] > git config --get commit.template [160ms]
2023-09-17 20:45:20.731 [info] No remotes found in the git config file.
2023-09-17 20:45:20.765 [info] > git config --get commit.template [11ms]
2023-09-17 20:45:20.766 [info] > git for-each-ref --format=%(refname)%00%(upstream:short)%00%(objectname)%00%(upstream:track)%00%(upstream:remotename)%00%(upstream:remoteref) refs/heads/master refs/remotes/master [43ms]
2023-09-17 20:45:20.827 [info] No remotes found in the git config file.
2023-09-17 20:45:20.844 [info] > git for-each-ref --format=%(refname)%00%(upstream:short)%00%(objectname)%00%(upstream:track)%00%(upstream:remotename)%00%(upstream:remoteref) refs/heads/master refs/remotes/master [18ms]
2023-09-17 20:45:20.893 [info] > git status -z -uall [18ms]
2023-09-17 20:45:24.361 [info] > git config --get commit.template [85ms]
2023-09-17 20:45:24.525 [info] No remotes found in the git config file.
2023-09-17 20:45:24.644 [info] > git for-each-ref --format=%(refname)%00%(upstream:short)%00%(objectname)%00%(upstream:track)%00%(upstream:remotename)%00%(upstream:remoteref) refs/heads/master refs/remotes/master [119ms]
2023-09-17 20:45:25.045 [info] > git status -z -uall [361ms]
2023-09-17 20:47:31.710 [info] > git config --local branch.master.github-pr-owner-number [59ms]
2023-09-17 20:47:31.917 [info] > git config --get commit.template [167ms]
2023-09-17 20:47:31.956 [info] No remotes found in the git config file.
2023-09-17 20:47:32.046 [info] > git for-each-ref --format=%(refname)%00%(upstream:short)%00%(objectname)%00%(upstream:track)%00%(upstream:remotename)%00%(upstream:remoteref) refs/heads/master refs/remotes/master [91ms]
2023-09-17 20:47:32.115 [info] > git status -z -uall [17ms]
2023-09-17 20:48:46.233 [info] > git fetch [24ms]
2023-09-17 20:48:46.314 [info] No remotes found in the git config file.
2023-09-17 20:48:46.329 [info] > git config --get commit.template [47ms]
2023-09-17 20:48:46.343 [info] > git for-each-ref --format=%(refname)%00%(upstream:short)%00%(objectname)%00%(upstream:track)%00%(upstream:remotename)%00%(upstream:remoteref) refs/heads/master refs/remotes/master [19ms]
2023-09-17 20:48:46.429 [info] > git status -z -uall [44ms]
2023-09-17 20:50:32.650 [info] > git remote add origin https://github.com/Underthesea2009/contactlist.git [14ms]
2023-09-17 20:50:32.683 [info] > git config --get commit.template [16ms]
2023-09-17 20:50:32.685 [info] > git for-each-ref --format=%(refname)%00%(upstream:short)%00%(objectname)%00%(upstream:track)%00%(upstream:remotename)%00%(upstream:remoteref) refs/heads/master refs/remotes/master [4ms]
2023-09-17 20:50:32.702 [info] > git status -z -uall [3ms]
2023-09-17 20:50:33.546 [info] > git config --local branch.master.github-pr-owner-number [317ms]
2023-09-17 20:50:33.565 [info] > git config --get commit.template [3ms]
2023-09-17 20:50:33.583 [info] > git for-each-ref --format=%(refname)%00%(upstream:short)%00%(objectname)%00%(upstream:track)%00%(upstream:remotename)%00%(upstream:remoteref) refs/heads/master refs/remotes/master [4ms]
2023-09-17 20:50:33.677 [info] > git status -z -uall [81ms]
2023-09-17 20:50:35.551 [info] > git push -u origin master [2811ms]
2023-09-17 20:50:35.552 [info] To https://github.com/Underthesea2009/contactlist.git
 * [new branch]      master -> master
2023-09-17 20:50:35.589 [info] > git config --get commit.template [4ms]
2023-09-17 20:50:35.664 [info] > git for-each-ref --format=%(refname)%00%(upstream:short)%00%(objectname)%00%(upstream:track)%00%(upstream:remotename)%00%(upstream:remoteref) refs/heads/master refs/remotes/master [59ms]
2023-09-17 20:50:35.684 [info] > git status -z -uall [5ms]
2023-09-17 20:50:36.370 [info] > git config --local branch.master.github-pr-owner-number [453ms]
2023-09-17 20:50:36.390 [info] > git config --get commit.template [3ms]
2023-09-17 20:50:36.410 [info] > git for-each-ref --format=%(refname)%00%(upstream:short)%00%(objectname)%00%(upstream:track)%00%(upstream:remotename)%00%(upstream:remoteref) refs/heads/master refs/remotes/master [8ms]
2023-09-17 20:50:36.428 [info] > git status -z -uall [4ms]
2023-09-17 20:51:17.891 [info] > git check-ignore -v -z --stdin [5ms]
2023-09-17 20:51:22.001 [info] > git check-ignore -v -z --stdin [6ms]
2023-09-17 20:51:24.238 [info] > git check-ignore -v -z --stdin [6ms]
2023-09-17 20:52:31.634 [info] > git config --local branch.master.github-pr-owner-number [5ms]
2023-09-17 20:52:31.677 [info] > git config --get commit.template [8ms]
2023-09-17 20:52:31.712 [info] > git for-each-ref --format=%(refname)%00%(upstream:short)%00%(objectname)%00%(upstream:track)%00%(upstream:remotename)%00%(upstream:remoteref) refs/heads/master refs/remotes/master [7ms]
2023-09-17 20:52:31.751 [info] > git status -z -uall [10ms]
2023-09-17 20:57:31.802 [info] > git config --local branch.master.github-pr-owner-number [3ms]
2023-09-17 20:57:31.824 [info] > git config --get commit.template [5ms]
2023-09-17 20:57:31.838 [info] > git for-each-ref --format=%(refname)%00%(upstream:short)%00%(objectname)%00%(upstream:track)%00%(upstream:remotename)%00%(upstream:remoteref) refs/heads/master refs/remotes/master [3ms]
2023-09-17 20:57:31.853 [info] > git status -z -uall [2ms]
2023-09-17 21:02:31.904 [info] > git config --local branch.master.github-pr-owner-number [12ms]
2023-09-17 21:02:31.968 [info] > git config --get commit.template [31ms]
2023-09-17 21:02:31.973 [info] > git for-each-ref --format=%(refname)%00%(upstream:short)%00%(objectname)%00%(upstream:track)%00%(upstream:remotename)%00%(upstream:remoteref) refs/heads/master refs/remotes/master [9ms]
2023-09-17 21:02:32.005 [info] > git status -z -uall [5ms]
2023-09-17 21:07:32.063 [info] > git config --local branch.master.github-pr-owner-number [14ms]
2023-09-17 21:07:32.099 [info] > git config --get commit.template [6ms]
2023-09-17 21:07:32.124 [info] > git for-each-ref --format=%(refname)%00%(upstream:short)%00%(objectname)%00%(upstream:track)%00%(upstream:remotename)%00%(upstream:remoteref) refs/heads/master refs/remotes/master [6ms]
2023-09-17 21:07:32.161 [info] > git status -z -uall [9ms]
2023-09-17 21:12:32.191 [info] > git config --local branch.master.github-pr-owner-number [2ms]
2023-09-17 21:12:32.219 [info] > git config --get commit.template [14ms]
2023-09-17 21:12:32.222 [info] > git for-each-ref --format=%(refname)%00%(upstream:short)%00%(objectname)%00%(upstream:track)%00%(upstream:remotename)%00%(upstream:remoteref) refs/heads/master refs/remotes/master [3ms]
2023-09-17 21:12:32.238 [info] > git status -z -uall [4ms]
2023-09-17 21:17:32.276 [info] > git config --local branch.master.github-pr-owner-number [4ms]
2023-09-17 21:17:32.326 [info] > git config --get commit.template [26ms]
2023-09-17 21:17:32.330 [info] > git for-each-ref --format=%(refname)%00%(upstream:short)%00%(objectname)%00%(upstream:track)%00%(upstream:remotename)%00%(upstream:remoteref) refs/heads/master refs/remotes/master [7ms]
2023-09-17 21:17:32.358 [info] > git status -z -uall [7ms]
2023-09-17 21:22:32.395 [info] > git config --local branch.master.github-pr-owner-number [3ms]
2023-09-17 21:22:32.424 [info] > git config --get commit.template [16ms]
2023-09-17 21:22:32.426 [info] > git for-each-ref --format=%(refname)%00%(upstream:short)%00%(objectname)%00%(upstream:track)%00%(upstream:remotename)%00%(upstream:remoteref) refs/heads/master refs/remotes/master [2ms]
2023-09-17 21:22:32.442 [info] > git status -z -uall [3ms]
2023-09-17 21:27:32.479 [info] > git config --local branch.master.github-pr-owner-number [5ms]
2023-09-17 21:27:32.505 [info] > git config --get commit.template [13ms]
2023-09-17 21:27:32.507 [info] > git for-each-ref --format=%(refname)%00%(upstream:short)%00%(objectname)%00%(upstream:track)%00%(upstream:remotename)%00%(upstream:remoteref) refs/heads/master refs/remotes/master [3ms]
2023-09-17 21:27:32.521 [info] > git status -z -uall [3ms]
2023-09-18 18:03:07.546 [info] > git config --local branch.master.github-pr-owner-number [6ms]
2023-09-18 18:03:07.590 [info] > git config --get commit.template [7ms]
2023-09-18 18:03:07.623 [info] > git for-each-ref --format=%(refname)%00%(upstream:short)%00%(objectname)%00%(upstream:track)%00%(upstream:remotename)%00%(upstream:remoteref) refs/heads/master refs/remotes/master [7ms]
2023-09-18 18:03:07.668 [info] > git status -z -uall [11ms]
2023-09-18 18:08:07.731 [info] > git config --local branch.master.github-pr-owner-number [8ms]
2023-09-18 18:08:07.773 [info] > git config --get commit.template [17ms]
2023-09-18 18:08:07.774 [info] > git for-each-ref --format=%(refname)%00%(upstream:short)%00%(objectname)%00%(upstream:track)%00%(upstream:remotename)%00%(upstream:remoteref) refs/heads/master refs/remotes/master [4ms]
2023-09-18 18:08:07.791 [info] > git status -z -uall [3ms]
2023-09-18 18:10:03.123 [info] > git config --get commit.template [11ms]
2023-09-18 18:10:03.173 [info] > git for-each-ref --format=%(refname)%00%(upstream:short)%00%(objectname)%00%(upstream:track)%00%(upstream:remotename)%00%(upstream:remoteref) refs/heads/master refs/remotes/master [15ms]
2023-09-18 18:10:03.247 [info] > git status -z -uall [22ms]
2023-09-18 18:10:05.833 [info] > git fetch [2772ms]
2023-09-18 18:10:05.909 [info] > git config --get commit.template [43ms]
2023-09-18 18:10:05.913 [info] > git for-each-ref --format=%(refname)%00%(upstream:short)%00%(objectname)%00%(upstream:track)%00%(upstream:remotename)%00%(upstream:remoteref) refs/heads/master refs/remotes/master [16ms]
2023-09-18 18:10:05.936 [info] > git status -z -uall [3ms]
