2023-09-17 19:17:36.097 [info] Log level: Info
2023-09-17 19:17:36.098 [info] Validating found git in: "git"
2023-09-17 19:17:36.098 [info] Using git "2.34.1" from "git"
2023-09-17 19:17:36.098 [info] > git rev-parse --show-toplevel [18ms]
2023-09-17 19:17:36.103 [info] > git rev-parse --git-dir --git-common-dir [108ms]
2023-09-17 19:17:36.346 [info] Open repository: /home/aom91
2023-09-17 19:17:36.459 [info] > git rev-parse --show-toplevel [54ms]
2023-09-17 19:17:36.474 [info] > git config --get commit.template [86ms]
2023-09-17 19:17:36.535 [info] > git rev-parse --show-toplevel [36ms]
2023-09-17 19:17:36.734 [info] > git for-each-ref --format=%(refname)%00%(upstream:short)%00%(objectname)%00%(upstream:track)%00%(upstream:remotename)%00%(upstream:remoteref) refs/heads/main refs/remotes/main [205ms]
2023-09-17 19:17:37.086 [info] > git check-ignore -v -z --stdin [76ms]
2023-09-17 19:17:37.162 [info] > git fetch [817ms]
2023-09-17 19:17:37.274 [info] > git status -z -uall [521ms] (cancelled)
2023-09-17 19:17:37.286 [info] > git config --get commit.template [39ms]
2023-09-17 19:17:37.287 [info] > git config --get commit.template [58ms]
2023-09-17 19:17:37.597 [info] > git for-each-ref --format=%(refname)%00%(upstream:short)%00%(objectname)%00%(upstream:track)%00%(upstream:remotename)%00%(upstream:remoteref) refs/heads/main refs/remotes/main [45ms]
2023-09-17 19:17:37.613 [info] > git for-each-ref --format=%(refname)%00%(upstream:short)%00%(objectname)%00%(upstream:track)%00%(upstream:remotename)%00%(upstream:remoteref) refs/heads/main refs/remotes/main [79ms]
2023-09-17 19:17:37.982 [info] > git status -z -uall [371ms]
2023-09-17 19:17:46.678 [info] > git config --get commit.template [8ms]
2023-09-17 19:17:46.717 [info] > git for-each-ref --format=%(refname)%00%(upstream:short)%00%(objectname)%00%(upstream:track)%00%(upstream:remotename)%00%(upstream:remoteref) refs/heads/main refs/remotes/main [8ms]
2023-09-17 19:17:47.160 [info] > git status -z -uall [414ms]
2023-09-17 19:17:52.543 [info] > git config --get commit.template [16ms]
2023-09-17 19:17:52.544 [info] > git for-each-ref --format=%(refname)%00%(upstream:short)%00%(objectname)%00%(upstream:track)%00%(upstream:remotename)%00%(upstream:remoteref) refs/heads/main refs/remotes/main [5ms]
2023-09-17 19:17:52.790 [info] > git status -z -uall [233ms]
2023-09-17 19:17:58.269 [info] > git config --get commit.template [42ms]
2023-09-17 19:17:58.273 [info] > git for-each-ref --format=%(refname)%00%(upstream:short)%00%(objectname)%00%(upstream:track)%00%(upstream:remotename)%00%(upstream:remoteref) refs/heads/main refs/remotes/main [12ms]
2023-09-17 19:17:58.530 [info] > git status -z -uall [233ms]
2023-09-17 19:18:03.843 [info] > git config --get commit.template [3ms]
2023-09-17 19:18:03.859 [info] > git for-each-ref --format=%(refname)%00%(upstream:short)%00%(objectname)%00%(upstream:track)%00%(upstream:remotename)%00%(upstream:remoteref) refs/heads/main refs/remotes/main [2ms]
2023-09-17 19:18:04.092 [info] > git status -z -uall [219ms]
2023-09-17 19:18:09.402 [info] > git config --get commit.template [3ms]
2023-09-17 19:18:09.419 [info] > git for-each-ref --format=%(refname)%00%(upstream:short)%00%(objectname)%00%(upstream:track)%00%(upstream:remotename)%00%(upstream:remoteref) refs/heads/main refs/remotes/main [3ms]
2023-09-17 19:18:10.306 [info] > git status -z -uall [871ms]
2023-09-17 19:18:10.308 [info] > git show --textconv :coursework/block26/contactlist/index.html [27ms]
2023-09-17 19:18:12.123 [info] > git ls-files --stage -- /home/aom91/coursework/block26/contactlist/index.html [1821ms]
2023-09-17 19:19:39.963 [info] > git config --get commit.template [4ms]
2023-09-17 19:19:39.979 [info] > git for-each-ref --format=%(refname)%00%(upstream:short)%00%(objectname)%00%(upstream:track)%00%(upstream:remotename)%00%(upstream:remoteref) refs/heads/main refs/remotes/main [2ms]
2023-09-17 19:19:40.246 [info] > git status -z -uall [252ms]
2023-09-17 19:19:45.663 [info] > git config --get commit.template [3ms]
2023-09-17 19:19:45.682 [info] > git for-each-ref --format=%(refname)%00%(upstream:short)%00%(objectname)%00%(upstream:track)%00%(upstream:remotename)%00%(upstream:remoteref) refs/heads/main refs/remotes/main [3ms]
2023-09-17 19:19:46.003 [info] > git status -z -uall [306ms]
2023-09-17 19:19:51.414 [info] > git config --get commit.template [7ms]
2023-09-17 19:19:51.459 [info] > git for-each-ref --format=%(refname)%00%(upstream:short)%00%(objectname)%00%(upstream:track)%00%(upstream:remotename)%00%(upstream:remoteref) refs/heads/main refs/remotes/main [5ms]
2023-09-17 19:19:51.755 [info] > git status -z -uall [262ms]
2023-09-17 19:19:57.110 [info] > git config --get commit.template [5ms]
2023-09-17 19:19:57.132 [info] > git for-each-ref --format=%(refname)%00%(upstream:short)%00%(objectname)%00%(upstream:track)%00%(upstream:remotename)%00%(upstream:remoteref) refs/heads/main refs/remotes/main [2ms]
2023-09-17 19:19:57.443 [info] > git status -z -uall [296ms]
2023-09-17 19:20:03.140 [info] > git config --get commit.template [3ms]
2023-09-17 19:20:03.158 [info] > git for-each-ref --format=%(refname)%00%(upstream:short)%00%(objectname)%00%(upstream:track)%00%(upstream:remotename)%00%(upstream:remoteref) refs/heads/main refs/remotes/main [3ms]
2023-09-17 19:20:03.388 [info] > git status -z -uall [215ms]
2023-09-17 19:20:22.266 [info] > git config --get commit.template [83ms]
2023-09-17 19:20:22.270 [info] > git for-each-ref --format=%(refname)%00%(upstream:short)%00%(objectname)%00%(upstream:track)%00%(upstream:remotename)%00%(upstream:remoteref) refs/heads/main refs/remotes/main [14ms]
2023-09-17 19:20:24.401 [info] > git status -z -uall [2073ms]
2023-09-17 19:20:35.739 [info] > git config --get commit.template [35ms]
2023-09-17 19:20:35.873 [info] > git for-each-ref --format=%(refname)%00%(upstream:short)%00%(objectname)%00%(upstream:track)%00%(upstream:remotename)%00%(upstream:remoteref) refs/heads/main refs/remotes/main [47ms]
2023-09-17 19:20:38.095 [info] > git status -z -uall [2161ms]
2023-09-17 19:20:41.824 [info] > git fetch [2551ms]
2023-09-17 19:20:42.182 [info] > git config --get commit.template [106ms]
2023-09-17 19:20:42.290 [info] > git for-each-ref --format=%(refname)%00%(upstream:short)%00%(objectname)%00%(upstream:track)%00%(upstream:remotename)%00%(upstream:remoteref) refs/heads/main refs/remotes/main [42ms]
2023-09-17 19:20:43.303 [info] > git status -z -uall [980ms]
2023-09-17 19:20:46.493 [info] > git config --get commit.template [39ms]
2023-09-17 19:20:46.590 [info] > git for-each-ref --format=%(refname)%00%(upstream:short)%00%(objectname)%00%(upstream:track)%00%(upstream:remotename)%00%(upstream:remoteref) refs/heads/main refs/remotes/main [15ms]
2023-09-17 19:20:47.390 [info] > git status -z -uall [693ms]
2023-09-17 19:20:52.929 [info] > git config --get commit.template [48ms]
2023-09-17 19:20:52.930 [info] > git for-each-ref --format=%(refname)%00%(upstream:short)%00%(objectname)%00%(upstream:track)%00%(upstream:remotename)%00%(upstream:remoteref) refs/heads/main refs/remotes/main [3ms]
2023-09-17 19:20:53.171 [info] > git status -z -uall [224ms]
2023-09-17 19:20:58.516 [info] > git config --get commit.template [16ms]
2023-09-17 19:20:58.563 [info] > git for-each-ref --format=%(refname)%00%(upstream:short)%00%(objectname)%00%(upstream:track)%00%(upstream:remotename)%00%(upstream:remoteref) refs/heads/main refs/remotes/main [6ms]
2023-09-17 19:20:58.878 [info] > git status -z -uall [263ms]
2023-09-17 19:21:04.238 [info] > git config --get commit.template [23ms]
2023-09-17 19:21:04.239 [info] > git for-each-ref --format=%(refname)%00%(upstream:short)%00%(objectname)%00%(upstream:track)%00%(upstream:remotename)%00%(upstream:remoteref) refs/heads/main refs/remotes/main [4ms]
2023-09-17 19:21:04.498 [info] > git status -z -uall [241ms]
2023-09-17 19:21:09.834 [info] > git config --get commit.template [2ms]
2023-09-17 19:21:09.852 [info] > git for-each-ref --format=%(refname)%00%(upstream:short)%00%(objectname)%00%(upstream:track)%00%(upstream:remotename)%00%(upstream:remoteref) refs/heads/main refs/remotes/main [2ms]
2023-09-17 19:21:10.080 [info] > git status -z -uall [211ms]
2023-09-17 19:21:15.475 [info] > git config --get commit.template [49ms]
2023-09-17 19:21:15.479 [info] > git for-each-ref --format=%(refname)%00%(upstream:short)%00%(objectname)%00%(upstream:track)%00%(upstream:remotename)%00%(upstream:remoteref) refs/heads/main refs/remotes/main [11ms]
2023-09-17 19:21:15.751 [info] > git status -z -uall [235ms]
2023-09-17 19:21:21.120 [info] > git config --get commit.template [13ms]
2023-09-17 19:21:21.170 [info] > git for-each-ref --format=%(refname)%00%(upstream:short)%00%(objectname)%00%(upstream:track)%00%(upstream:remotename)%00%(upstream:remoteref) refs/heads/main refs/remotes/main [5ms]
2023-09-17 19:21:21.458 [info] > git status -z -uall [244ms]
2023-09-17 19:21:26.815 [info] > git config --get commit.template [15ms]
2023-09-17 19:21:26.868 [info] > git for-each-ref --format=%(refname)%00%(upstream:short)%00%(objectname)%00%(upstream:track)%00%(upstream:remotename)%00%(upstream:remoteref) refs/heads/main refs/remotes/main [7ms]
2023-09-17 19:21:27.170 [info] > git status -z -uall [257ms]
2023-09-17 19:21:32.520 [info] > git config --get commit.template [8ms]
2023-09-17 19:21:32.590 [info] > git for-each-ref --format=%(refname)%00%(upstream:short)%00%(objectname)%00%(upstream:track)%00%(upstream:remotename)%00%(upstream:remoteref) refs/heads/main refs/remotes/main [15ms]
2023-09-17 19:21:33.433 [info] > git status -z -uall [775ms]
2023-09-17 19:21:44.194 [info] > git config --get commit.template [42ms]
2023-09-17 19:21:44.238 [info] > git for-each-ref --format=%(refname)%00%(upstream:short)%00%(objectname)%00%(upstream:track)%00%(upstream:remotename)%00%(upstream:remoteref) refs/heads/main refs/remotes/main [7ms]
2023-09-17 19:21:44.520 [info] > git status -z -uall [247ms]
2023-09-17 19:21:51.199 [info] > git config --get commit.template [2ms]
2023-09-17 19:21:51.221 [info] > git for-each-ref --format=%(refname)%00%(upstream:short)%00%(objectname)%00%(upstream:track)%00%(upstream:remotename)%00%(upstream:remoteref) refs/heads/main refs/remotes/main [2ms]
2023-09-17 19:21:51.484 [info] > git status -z -uall [245ms]
2023-09-17 19:21:58.081 [info] > git config --get commit.template [32ms]
2023-09-17 19:21:58.083 [info] > git for-each-ref --format=%(refname)%00%(upstream:short)%00%(objectname)%00%(upstream:track)%00%(upstream:remotename)%00%(upstream:remoteref) refs/heads/main refs/remotes/main [5ms]
2023-09-17 19:21:58.532 [info] > git status -z -uall [418ms]
2023-09-17 19:22:04.003 [info] > git config --get commit.template [45ms]
2023-09-17 19:22:04.004 [info] > git for-each-ref --format=%(refname)%00%(upstream:short)%00%(objectname)%00%(upstream:track)%00%(upstream:remotename)%00%(upstream:remoteref) refs/heads/main refs/remotes/main [5ms]
2023-09-17 19:22:04.233 [info] > git status -z -uall [211ms]
2023-09-17 19:22:09.582 [info] > git config --get commit.template [7ms]
2023-09-17 19:22:09.632 [info] > git for-each-ref --format=%(refname)%00%(upstream:short)%00%(objectname)%00%(upstream:track)%00%(upstream:remotename)%00%(upstream:remoteref) refs/heads/main refs/remotes/main [6ms]
2023-09-17 19:22:09.948 [info] > git status -z -uall [262ms]
2023-09-17 19:22:11.966 [info] > git push [3ms]
2023-09-17 19:22:11.966 [info] fatal: The current branch main has no upstream branch.
To push the current branch and set the remote as upstream, use

    git push --set-upstream origin main
2023-09-17 19:22:12.027 [info] > git config --get commit.template [34ms]
2023-09-17 19:22:12.028 [info] > git for-each-ref --format=%(refname)%00%(upstream:short)%00%(objectname)%00%(upstream:track)%00%(upstream:remotename)%00%(upstream:remoteref) refs/heads/main refs/remotes/main [3ms]
2023-09-17 19:22:12.340 [info] > git status -z -uall [292ms]
2023-09-17 19:22:20.502 [info] > git config --get commit.template [27ms]
2023-09-17 19:22:20.512 [info] > git for-each-ref --format=%(refname)%00%(upstream:short)%00%(objectname)%00%(upstream:track)%00%(upstream:remotename)%00%(upstream:remoteref) refs/heads/main refs/remotes/main [15ms]
2023-09-17 19:22:20.814 [info] > git status -z -uall [284ms]
2023-09-17 19:22:26.349 [info] > git push -u git@github.com-Underthesea2009/contact_list.git main [741ms]
2023-09-17 19:22:26.349 [info] To github.com:Underthesea2009/contact_list.git
 ! [rejected]        main -> main (non-fast-forward)
error: failed to push some refs to 'github.com:Underthesea2009/contact_list.git'
hint: Updates were rejected because the tip of your current branch is behind
hint: its remote counterpart. Integrate the remote changes (e.g.
hint: 'git pull ...') before pushing again.
hint: See the 'Note about fast-forwards' in 'git push --help' for details.
2023-09-17 19:22:26.410 [info] > git config --get commit.template [20ms]
2023-09-17 19:22:26.411 [info] > git for-each-ref --format=%(refname)%00%(upstream:short)%00%(objectname)%00%(upstream:track)%00%(upstream:remotename)%00%(upstream:remoteref) refs/heads/main refs/remotes/main [3ms]
2023-09-17 19:22:26.668 [info] > git status -z -uall [239ms]
2023-09-17 19:22:28.555 [info] > git config --get commit.template [72ms]
2023-09-17 19:22:28.644 [info] > git for-each-ref --format=%(refname)%00%(upstream:short)%00%(objectname)%00%(upstream:track)%00%(upstream:remotename)%00%(upstream:remoteref) refs/heads/main refs/remotes/main [31ms]
2023-09-17 19:22:29.014 [info] > git status -z -uall [323ms]
2023-09-17 19:22:37.141 [info] > git config --get commit.template [3ms]
2023-09-17 19:22:37.168 [info] > git for-each-ref --format=%(refname)%00%(upstream:short)%00%(objectname)%00%(upstream:track)%00%(upstream:remotename)%00%(upstream:remoteref) refs/heads/main refs/remotes/main [3ms]
2023-09-17 19:22:37.494 [info] > git status -z -uall [302ms]
2023-09-17 19:22:42.892 [info] > git config --get commit.template [3ms]
2023-09-17 19:22:42.913 [info] > git for-each-ref --format=%(refname)%00%(upstream:short)%00%(objectname)%00%(upstream:track)%00%(upstream:remotename)%00%(upstream:remoteref) refs/heads/main refs/remotes/main [2ms]
2023-09-17 19:22:43.143 [info] > git status -z -uall [212ms]
2023-09-17 19:22:48.489 [info] > git config --get commit.template [6ms]
2023-09-17 19:22:48.549 [info] > git for-each-ref --format=%(refname)%00%(upstream:short)%00%(objectname)%00%(upstream:track)%00%(upstream:remotename)%00%(upstream:remoteref) refs/heads/main refs/remotes/main [18ms]
2023-09-17 19:22:48.867 [info] > git status -z -uall [274ms]
2023-09-17 19:22:54.206 [info] > git config --get commit.template [6ms]
2023-09-17 19:22:54.255 [info] > git for-each-ref --format=%(refname)%00%(upstream:short)%00%(objectname)%00%(upstream:track)%00%(upstream:remotename)%00%(upstream:remoteref) refs/heads/main refs/remotes/main [7ms]
2023-09-17 19:22:54.559 [info] > git status -z -uall [249ms]
2023-09-17 19:22:59.928 [info] > git config --get commit.template [34ms]
2023-09-17 19:22:59.930 [info] > git for-each-ref --format=%(refname)%00%(upstream:short)%00%(objectname)%00%(upstream:track)%00%(upstream:remotename)%00%(upstream:remoteref) refs/heads/main refs/remotes/main [5ms]
2023-09-17 19:23:00.314 [info] > git status -z -uall [364ms]
2023-09-17 19:23:05.781 [info] > git config --get commit.template [48ms]
2023-09-17 19:23:05.784 [info] > git for-each-ref --format=%(refname)%00%(upstream:short)%00%(objectname)%00%(upstream:track)%00%(upstream:remotename)%00%(upstream:remoteref) refs/heads/main refs/remotes/main [7ms]
2023-09-17 19:23:06.070 [info] > git status -z -uall [243ms]
2023-09-17 19:23:11.402 [info] > git config --get commit.template [4ms]
2023-09-17 19:23:11.458 [info] > git for-each-ref --format=%(refname)%00%(upstream:short)%00%(objectname)%00%(upstream:track)%00%(upstream:remotename)%00%(upstream:remoteref) refs/heads/main refs/remotes/main [12ms]
2023-09-17 19:23:11.781 [info] > git status -z -uall [293ms]
2023-09-17 19:24:07.295 [info] > git config --get commit.template [4ms]
2023-09-17 19:24:07.326 [info] > git for-each-ref --format=%(refname)%00%(upstream:short)%00%(objectname)%00%(upstream:track)%00%(upstream:remotename)%00%(upstream:remoteref) refs/heads/main refs/remotes/main [3ms]
2023-09-17 19:24:07.615 [info] > git status -z -uall [260ms]
2023-09-17 19:24:09.556 [info] > git fetch [2308ms]
2023-09-17 19:24:09.701 [info] > git for-each-ref --format=%(refname)%00%(upstream:short)%00%(objectname)%00%(upstream:track)%00%(upstream:remotename)%00%(upstream:remoteref) refs/heads/main refs/remotes/main [6ms]
2023-09-17 19:24:09.702 [info] > git config --get commit.template [60ms]
2023-09-17 19:24:10.083 [info] > git status -z -uall [346ms]
2023-09-17 19:24:13.147 [info] > git config --get commit.template [34ms]
2023-09-17 19:24:13.149 [info] > git for-each-ref --format=%(refname)%00%(upstream:short)%00%(objectname)%00%(upstream:track)%00%(upstream:remotename)%00%(upstream:remoteref) refs/heads/main refs/remotes/main [7ms]
2023-09-17 19:24:13.430 [info] > git status -z -uall [259ms]
2023-09-17 19:24:18.834 [info] > git config --get commit.template [2ms]
2023-09-17 19:24:18.855 [info] > git for-each-ref --format=%(refname)%00%(upstream:short)%00%(objectname)%00%(upstream:track)%00%(upstream:remotename)%00%(upstream:remoteref) refs/heads/main refs/remotes/main [3ms]
2023-09-17 19:24:19.097 [info] > git status -z -uall [223ms]
2023-09-17 19:24:24.451 [info] > git config --get commit.template [10ms]
2023-09-17 19:24:24.477 [info] > git for-each-ref --format=%(refname)%00%(upstream:short)%00%(objectname)%00%(upstream:track)%00%(upstream:remotename)%00%(upstream:remoteref) refs/heads/main refs/remotes/main [3ms]
2023-09-17 19:24:24.715 [info] > git status -z -uall [219ms]
2023-09-17 19:24:27.699 [info] > git show --textconv :coursework/block26/contactlist/src/App.css [373ms]
2023-09-17 19:24:27.701 [info] > git ls-files --stage -- /home/aom91/coursework/block26/contactlist/src/App.css [290ms]
2023-09-17 19:24:30.102 [info] > git config --get commit.template [49ms]
2023-09-17 19:24:30.104 [info] > git for-each-ref --format=%(refname)%00%(upstream:short)%00%(objectname)%00%(upstream:track)%00%(upstream:remotename)%00%(upstream:remoteref) refs/heads/main refs/remotes/main [9ms]
2023-09-17 19:24:30.387 [info] > git status -z -uall [239ms]
2023-09-17 19:24:35.730 [info] > git show --textconv :coursework/block26/contactlist/src/main.jsx [1176ms]
2023-09-17 19:24:35.732 [info] > git ls-files --stage -- /home/aom91/coursework/block26/contactlist/src/main.jsx [1122ms]
2023-09-17 19:24:35.858 [info] > git config --get commit.template [17ms]
2023-09-17 19:24:36.008 [info] > git for-each-ref --format=%(refname)%00%(upstream:short)%00%(objectname)%00%(upstream:track)%00%(upstream:remotename)%00%(upstream:remoteref) refs/heads/main refs/remotes/main [69ms]
2023-09-17 19:24:39.300 [info] > git status -z -uall [3178ms]
2023-09-17 19:24:59.496 [info] > git config --get commit.template [18ms]
2023-09-17 19:24:59.560 [info] > git for-each-ref --format=%(refname)%00%(upstream:short)%00%(objectname)%00%(upstream:track)%00%(upstream:remotename)%00%(upstream:remoteref) refs/heads/main refs/remotes/main [11ms]
2023-09-17 19:25:00.052 [info] > git status -z -uall [464ms]
2023-09-17 19:25:06.474 [info] > git config --get commit.template [7ms]
2023-09-17 19:25:06.521 [info] > git for-each-ref --format=%(refname)%00%(upstream:short)%00%(objectname)%00%(upstream:track)%00%(upstream:remotename)%00%(upstream:remoteref) refs/heads/main refs/remotes/main [6ms]
2023-09-17 19:25:06.793 [info] > git status -z -uall [232ms]
2023-09-17 19:25:12.132 [info] > git config --get commit.template [6ms]
2023-09-17 19:25:12.182 [info] > git for-each-ref --format=%(refname)%00%(upstream:short)%00%(objectname)%00%(upstream:track)%00%(upstream:remotename)%00%(upstream:remoteref) refs/heads/main refs/remotes/main [6ms]
2023-09-17 19:25:12.452 [info] > git status -z -uall [217ms]
2023-09-17 19:25:17.800 [info] > git config --get commit.template [4ms]
2023-09-17 19:25:17.821 [info] > git for-each-ref --format=%(refname)%00%(upstream:short)%00%(objectname)%00%(upstream:track)%00%(upstream:remotename)%00%(upstream:remoteref) refs/heads/main refs/remotes/main [2ms]
2023-09-17 19:25:18.055 [info] > git status -z -uall [215ms]
2023-09-17 19:25:23.401 [info] > git config --get commit.template [9ms]
2023-09-17 19:25:23.451 [info] > git for-each-ref --format=%(refname)%00%(upstream:short)%00%(objectname)%00%(upstream:track)%00%(upstream:remotename)%00%(upstream:remoteref) refs/heads/main refs/remotes/main [6ms]
2023-09-17 19:25:23.735 [info] > git status -z -uall [237ms]
2023-09-17 19:25:29.032 [info] > git config --get commit.template [2ms]
2023-09-17 19:25:29.054 [info] > git for-each-ref --format=%(refname)%00%(upstream:short)%00%(objectname)%00%(upstream:track)%00%(upstream:remotename)%00%(upstream:remoteref) refs/heads/main refs/remotes/main [2ms]
2023-09-17 19:25:29.285 [info] > git status -z -uall [211ms]
2023-09-17 19:25:34.625 [info] > git config --get commit.template [3ms]
2023-09-17 19:25:34.647 [info] > git for-each-ref --format=%(refname)%00%(upstream:short)%00%(objectname)%00%(upstream:track)%00%(upstream:remotename)%00%(upstream:remoteref) refs/heads/main refs/remotes/main [2ms]
2023-09-17 19:25:34.894 [info] > git status -z -uall [229ms]
2023-09-17 19:25:40.282 [info] > git config --get commit.template [26ms]
2023-09-17 19:25:40.284 [info] > git for-each-ref --format=%(refname)%00%(upstream:short)%00%(objectname)%00%(upstream:track)%00%(upstream:remotename)%00%(upstream:remoteref) refs/heads/main refs/remotes/main [5ms]
2023-09-17 19:25:40.604 [info] > git status -z -uall [297ms]
2023-09-17 19:25:46.172 [info] > git config --get commit.template [2ms]
2023-09-17 19:25:46.195 [info] > git for-each-ref --format=%(refname)%00%(upstream:short)%00%(objectname)%00%(upstream:track)%00%(upstream:remotename)%00%(upstream:remoteref) refs/heads/main refs/remotes/main [3ms]
2023-09-17 19:25:46.475 [info] > git status -z -uall [258ms]
2023-09-17 19:25:48.800 [info] > git rev-parse --show-toplevel [82ms]
2023-09-17 19:25:49.150 [info] > git rev-parse --git-dir --git-common-dir [59ms]
2023-09-17 19:25:49.247 [info] Open repository: /home/aom91/coursework/block26/contactlist
2023-09-17 19:25:49.297 [info] > git fetch [52ms]
2023-09-17 19:25:49.337 [info] > git config --get commit.template [46ms]
2023-09-17 19:25:49.348 [info] > git config --get commit.template [15ms]
2023-09-17 19:25:49.393 [info] No remotes found in the git config file.
2023-09-17 19:25:49.436 [info] No remotes found in the git config file.
2023-09-17 19:25:49.452 [info] > git for-each-ref --format=%(refname)%00%(upstream:short)%00%(objectname)%00%(upstream:track)%00%(upstream:remotename)%00%(upstream:remoteref) refs/heads/master refs/remotes/master [61ms]
2023-09-17 19:25:49.505 [info] > git for-each-ref --format=%(refname)%00%(upstream:short)%00%(objectname)%00%(upstream:track)%00%(upstream:remotename)%00%(upstream:remoteref) refs/heads/master refs/remotes/master [69ms]
2023-09-17 19:25:49.547 [info] > git config --get commit.template [53ms]
2023-09-17 19:25:49.577 [info] No remotes found in the git config file.
2023-09-17 19:25:49.583 [info] > git for-each-ref --format=%(refname)%00%(upstream:short)%00%(objectname)%00%(upstream:track)%00%(upstream:remotename)%00%(upstream:remoteref) refs/heads/master refs/remotes/master [7ms]
2023-09-17 19:25:49.645 [info] > git status -z -uall [32ms]
2023-09-17 19:25:49.983 [info] > git check-ignore -v -z --stdin [2ms]
2023-09-17 19:25:50.673 [info] > git ls-files --stage -- /home/aom91/coursework/block26/contactlist/src/main.jsx [5ms]
2023-09-17 19:25:50.747 [info] > git show --textconv :src/main.jsx [11ms]
2023-09-17 19:25:51.846 [info] > git config --get commit.template [2ms]
2023-09-17 19:25:51.868 [info] > git for-each-ref --format=%(refname)%00%(upstream:short)%00%(objectname)%00%(upstream:track)%00%(upstream:remotename)%00%(upstream:remoteref) refs/heads/main refs/remotes/main [3ms]
2023-09-17 19:25:52.102 [info] > git status -z -uall [214ms]
2023-09-17 19:25:57.489 [info] > git config --get commit.template [48ms]
2023-09-17 19:25:57.491 [info] > git for-each-ref --format=%(refname)%00%(upstream:short)%00%(objectname)%00%(upstream:track)%00%(upstream:remotename)%00%(upstream:remoteref) refs/heads/main refs/remotes/main [8ms]
2023-09-17 19:25:57.783 [info] > git status -z -uall [251ms]
2023-09-17 19:26:03.186 [info] > git config --get commit.template [3ms]
2023-09-17 19:26:03.207 [info] > git for-each-ref --format=%(refname)%00%(upstream:short)%00%(objectname)%00%(upstream:track)%00%(upstream:remotename)%00%(upstream:remoteref) refs/heads/main refs/remotes/main [3ms]
2023-09-17 19:26:03.441 [info] > git status -z -uall [215ms]
2023-09-17 19:26:08.788 [info] > git config --get commit.template [8ms]
2023-09-17 19:26:08.820 [info] > git for-each-ref --format=%(refname)%00%(upstream:short)%00%(objectname)%00%(upstream:track)%00%(upstream:remotename)%00%(upstream:remoteref) refs/heads/main refs/remotes/main [2ms]
2023-09-17 19:26:09.053 [info] > git status -z -uall [212ms]
2023-09-17 19:26:14.406 [info] > git config --get commit.template [4ms]
2023-09-17 19:26:14.428 [info] > git for-each-ref --format=%(refname)%00%(upstream:short)%00%(objectname)%00%(upstream:track)%00%(upstream:remotename)%00%(upstream:remoteref) refs/heads/main refs/remotes/main [2ms]
2023-09-17 19:26:14.663 [info] > git status -z -uall [216ms]
2023-09-17 19:26:19.992 [info] > git config --get commit.template [8ms]
2023-09-17 19:26:20.040 [info] > git for-each-ref --format=%(refname)%00%(upstream:short)%00%(objectname)%00%(upstream:track)%00%(upstream:remotename)%00%(upstream:remoteref) refs/heads/main refs/remotes/main [6ms]
2023-09-17 19:26:20.337 [info] > git status -z -uall [253ms]
2023-09-17 19:26:25.714 [info] > git config --get commit.template [7ms]
2023-09-17 19:26:25.735 [info] > git for-each-ref --format=%(refname)%00%(upstream:short)%00%(objectname)%00%(upstream:track)%00%(upstream:remotename)%00%(upstream:remoteref) refs/heads/main refs/remotes/main [2ms]
2023-09-17 19:26:25.974 [info] > git status -z -uall [217ms]
2023-09-17 19:26:31.320 [info] > git config --get commit.template [3ms]
2023-09-17 19:26:31.343 [info] > git for-each-ref --format=%(refname)%00%(upstream:short)%00%(objectname)%00%(upstream:track)%00%(upstream:remotename)%00%(upstream:remoteref) refs/heads/main refs/remotes/main [2ms]
2023-09-17 19:26:31.632 [info] > git status -z -uall [267ms]
2023-09-17 19:26:36.978 [info] > git config --get commit.template [6ms]
2023-09-17 19:26:37.011 [info] > git for-each-ref --format=%(refname)%00%(upstream:short)%00%(objectname)%00%(upstream:track)%00%(upstream:remotename)%00%(upstream:remoteref) refs/heads/main refs/remotes/main [2ms]
2023-09-17 19:26:37.249 [info] > git status -z -uall [219ms]
2023-09-17 19:26:42.584 [info] > git config --get commit.template [22ms]
2023-09-17 19:26:42.585 [info] > git for-each-ref --format=%(refname)%00%(upstream:short)%00%(objectname)%00%(upstream:track)%00%(upstream:remotename)%00%(upstream:remoteref) refs/heads/main refs/remotes/main [3ms]
2023-09-17 19:26:42.824 [info] > git status -z -uall [219ms]
2023-09-17 19:26:48.173 [info] > git config --get commit.template [3ms]
2023-09-17 19:26:48.196 [info] > git for-each-ref --format=%(refname)%00%(upstream:short)%00%(objectname)%00%(upstream:track)%00%(upstream:remotename)%00%(upstream:remoteref) refs/heads/main refs/remotes/main [2ms]
2023-09-17 19:26:48.429 [info] > git status -z -uall [213ms]
2023-09-17 19:26:53.817 [info] > git config --get commit.template [50ms]
2023-09-17 19:26:53.819 [info] > git for-each-ref --format=%(refname)%00%(upstream:short)%00%(objectname)%00%(upstream:track)%00%(upstream:remotename)%00%(upstream:remoteref) refs/heads/main refs/remotes/main [8ms]
2023-09-17 19:26:54.098 [info] > git status -z -uall [236ms]
2023-09-17 19:26:59.445 [info] > git config --get commit.template [9ms]
2023-09-17 19:26:59.497 [info] > git for-each-ref --format=%(refname)%00%(upstream:short)%00%(objectname)%00%(upstream:track)%00%(upstream:remotename)%00%(upstream:remoteref) refs/heads/main refs/remotes/main [5ms]
2023-09-17 19:26:59.788 [info] > git status -z -uall [242ms]
2023-09-17 19:27:05.204 [info] > git config --get commit.template [53ms]
2023-09-17 19:27:05.207 [info] > git for-each-ref --format=%(refname)%00%(upstream:short)%00%(objectname)%00%(upstream:track)%00%(upstream:remotename)%00%(upstream:remoteref) refs/heads/main refs/remotes/main [9ms]
2023-09-17 19:27:05.451 [info] > git status -z -uall [214ms]
2023-09-17 19:29:11.984 [info] > git config --get commit.template [68ms]
2023-09-17 19:29:11.995 [info] > git fetch [219ms]
2023-09-17 19:29:12.166 [info] > git config --get commit.template [82ms]
2023-09-17 19:29:12.241 [info] No remotes found in the git config file.
2023-09-17 19:29:12.258 [info] > git for-each-ref --format=%(refname)%00%(upstream:short)%00%(objectname)%00%(upstream:track)%00%(upstream:remotename)%00%(upstream:remoteref) refs/heads/main refs/remotes/main [109ms]
2023-09-17 19:29:12.367 [info] > git for-each-ref --format=%(refname)%00%(upstream:short)%00%(objectname)%00%(upstream:track)%00%(upstream:remotename)%00%(upstream:remoteref) refs/heads/master refs/remotes/master [120ms]
2023-09-17 19:29:12.498 [info] > git status -z -uall [19ms]
2023-09-17 19:29:12.605 [info] > git fetch [929ms]
2023-09-17 19:29:12.795 [info] > git status -z -uall [461ms] (cancelled)
2023-09-17 19:29:12.810 [info] > git config --get commit.template [47ms]
2023-09-17 19:29:12.883 [info] > git for-each-ref --format=%(refname)%00%(upstream:short)%00%(objectname)%00%(upstream:track)%00%(upstream:remotename)%00%(upstream:remoteref) refs/heads/main refs/remotes/main [15ms]
2023-09-17 19:29:14.382 [info] > git status -z -uall [1438ms]
2023-09-17 19:29:29.304 [info] > git check-ignore -v -z --stdin [470ms]
2023-09-17 19:29:29.330 [info] > git ls-files --stage -- /home/aom91/coursework/block26/contactlist/src/main.jsx [1136ms]
2023-09-17 19:29:29.471 [info] > git config --get commit.template [493ms]
2023-09-17 19:29:29.756 [info] > git for-each-ref --format=%(refname)%00%(upstream:short)%00%(objectname)%00%(upstream:track)%00%(upstream:remotename)%00%(upstream:remoteref) refs/heads/main refs/remotes/main [31ms]
2023-09-17 19:29:31.396 [info] > git status -z -uall [1554ms]
2023-09-17 19:29:48.525 [info] > git show --textconv :src/main.jsx [3916ms]
2023-09-17 19:29:49.288 [info] > git config --get commit.template [1270ms]
2023-09-17 19:29:49.409 [info] > git for-each-ref --format=%(refname)%00%(upstream:short)%00%(objectname)%00%(upstream:track)%00%(upstream:remotename)%00%(upstream:remoteref) refs/heads/main refs/remotes/main [33ms]
2023-09-17 19:29:52.262 [info] > git status -z -uall [2779ms]
2023-09-17 19:30:03.580 [info] > git add -A -- . [248ms]
2023-09-17 19:30:03.743 [info] > git config --get commit.template [177ms]
2023-09-17 19:30:03.894 [info] > git for-each-ref --format=%(refname)%00%(upstream:short)%00%(objectname)%00%(upstream:track)%00%(upstream:remotename)%00%(upstream:remoteref) refs/heads/main refs/remotes/main [33ms]
2023-09-17 19:30:05.670 [info] > git status -z -uall [1686ms]
2023-09-17 19:30:12.317 [info] > git check-ignore -v -z --stdin [279ms]
2023-09-17 19:30:13.055 [info] > git config --get commit.template [5ms]
2023-09-17 19:30:13.149 [info] > git for-each-ref --format=%(refname)%00%(upstream:short)%00%(objectname)%00%(upstream:track)%00%(upstream:remotename)%00%(upstream:remoteref) refs/heads/main refs/remotes/main [5ms]
2023-09-17 19:30:14.274 [info] > git show --textconv :.git/COMMIT_EDITMSG [155ms]
2023-09-17 19:30:14.280 [info] > git ls-files --stage -- /home/aom91/coursework/block26/contactlist/.git/COMMIT_EDITMSG [96ms]
2023-09-17 19:30:14.481 [info] > git status -z -uall [1264ms]
2023-09-17 19:30:14.481 [info] > git check-ignore -v -z --stdin [65ms]
2023-09-17 19:30:20.117 [info] > git config --get commit.template [3ms]
2023-09-17 19:30:20.141 [info] > git for-each-ref --format=%(refname)%00%(upstream:short)%00%(objectname)%00%(upstream:track)%00%(upstream:remotename)%00%(upstream:remoteref) refs/heads/main refs/remotes/main [5ms]
2023-09-17 19:30:20.402 [info] > git status -z -uall [239ms]
2023-09-17 19:30:25.815 [info] > git config --get commit.template [30ms]
2023-09-17 19:30:25.816 [info] > git for-each-ref --format=%(refname)%00%(upstream:short)%00%(objectname)%00%(upstream:track)%00%(upstream:remotename)%00%(upstream:remoteref) refs/heads/main refs/remotes/main [3ms]
2023-09-17 19:30:26.077 [info] > git status -z -uall [238ms]
2023-09-17 19:30:31.522 [info] > git config --get commit.template [8ms]
2023-09-17 19:30:31.589 [info] > git for-each-ref --format=%(refname)%00%(upstream:short)%00%(objectname)%00%(upstream:track)%00%(upstream:remotename)%00%(upstream:remoteref) refs/heads/main refs/remotes/main [14ms]
2023-09-17 19:30:31.861 [info] > git status -z -uall [233ms]
2023-09-17 19:30:37.259 [info] > git config --get commit.template [4ms]
2023-09-17 19:30:37.304 [info] > git for-each-ref --format=%(refname)%00%(upstream:short)%00%(objectname)%00%(upstream:track)%00%(upstream:remotename)%00%(upstream:remoteref) refs/heads/main refs/remotes/main [5ms]
2023-09-17 19:30:37.561 [info] > git status -z -uall [234ms]
2023-09-17 19:30:43.132 [info] > git config --get commit.template [29ms]
2023-09-17 19:30:43.134 [info] > git for-each-ref --format=%(refname)%00%(upstream:short)%00%(objectname)%00%(upstream:track)%00%(upstream:remotename)%00%(upstream:remoteref) refs/heads/main refs/remotes/main [3ms]
2023-09-17 19:30:43.465 [info] > git status -z -uall [307ms]
2023-09-17 19:30:48.613 [info] > git -c user.useConfigOnly=true commit --quiet [44921ms]
2023-09-17 19:30:48.613 [info] Aborting commit due to empty commit message.
2023-09-17 19:30:48.701 [info] No remotes found in the git config file.
2023-09-17 19:30:48.705 [info] > git config --get commit.template [54ms]
2023-09-17 19:30:48.720 [info] > git for-each-ref --format=%(refname)%00%(upstream:short)%00%(objectname)%00%(upstream:track)%00%(upstream:remotename)%00%(upstream:remoteref) refs/heads/master refs/remotes/master [21ms]
2023-09-17 19:30:48.778 [info] > git status -z -uall [6ms]
2023-09-17 19:30:49.021 [info] > git config --get commit.template [7ms]
2023-09-17 19:30:49.093 [info] > git for-each-ref --format=%(refname)%00%(upstream:short)%00%(objectname)%00%(upstream:track)%00%(upstream:remotename)%00%(upstream:remoteref) refs/heads/main refs/remotes/main [7ms]
2023-09-17 19:30:50.320 [info] > git status -z -uall [1162ms]
2023-09-17 19:30:56.378 [info] > git config --get commit.template [24ms]
2023-09-17 19:30:56.381 [info] > git for-each-ref --format=%(refname)%00%(upstream:short)%00%(objectname)%00%(upstream:track)%00%(upstream:remotename)%00%(upstream:remoteref) refs/heads/main refs/remotes/main [5ms]
2023-09-17 19:30:56.818 [info] > git status -z -uall [416ms]
