2023-09-19 20:50:06.274 [info] Log level: Info
2023-09-19 20:50:06.274 [info] Validating found git in: "git"
2023-09-19 20:50:06.274 [info] Using git "2.34.1" from "git"
2023-09-19 20:50:06.274 [info] > git rev-parse --show-toplevel [814ms]
2023-09-19 20:50:06.771 [info] > git rev-parse --git-dir --git-common-dir [367ms]
2023-09-19 20:50:07.086 [info] Open repository: /home/aom91/coursework/block27/ReactForm
2023-09-19 20:50:07.459 [info] > git rev-parse --show-toplevel [218ms]
2023-09-19 20:50:07.476 [info] > git config --get commit.template [273ms]
2023-09-19 20:50:08.830 [info] > git rev-parse --show-toplevel [434ms]
2023-09-19 20:50:08.941 [info] > git show -s --format=%H%n%aN%n%aE%n%at%n%ct%n%P%n%D%n%B -z 7d2a78139e5d56991d9ff3639b000678e2c40f4e [136ms]
2023-09-19 20:50:08.945 [info] > git for-each-ref --format %(refname) %(objectname) %(*objectname) refs/tags [210ms]
2023-09-19 20:50:09.117 [info] > git status -z -uall [79ms]
2023-09-19 20:50:09.447 [info] > git config --get commit.template [33ms]
2023-09-19 20:50:09.946 [info] > git show -s --format=%H%n%aN%n%aE%n%at%n%ct%n%P%n%D%n%B -z 7d2a78139e5d56991d9ff3639b000678e2c40f4e [307ms]
2023-09-19 20:50:09.957 [info] > git for-each-ref --format %(refname) %(objectname) %(*objectname) refs/tags [367ms]
2023-09-19 20:50:11.395 [info] > git status -z -uall [1405ms]
2023-09-19 20:50:36.662 [info] > git fetch [54ms]
2023-09-19 20:50:36.946 [info] > git show -s --format=%H%n%aN%n%aE%n%at%n%ct%n%P%n%D%n%B -z 7d2a78139e5d56991d9ff3639b000678e2c40f4e [70ms]
2023-09-19 20:50:36.958 [info] > git for-each-ref --format %(refname) %(objectname) %(*objectname) refs/tags [170ms]
2023-09-19 20:50:36.959 [info] > git config --get commit.template [226ms]
2023-09-19 20:50:37.235 [info] > git status -z -uall [207ms]
2023-09-19 20:50:49.809 [info] > git add -A -- . [39ms]
2023-09-19 20:50:49.990 [info] > git rebase --continue [117ms]
2023-09-19 20:50:49.990 [info] [KSuccessfully rebased and updated refs/heads/main.
2023-09-19 20:50:50.113 [info] > git config --get commit.template [20ms]
2023-09-19 20:50:50.792 [info] > git config --get commit.template [377ms]
2023-09-19 20:50:51.181 [info] > git for-each-ref --format=%(refname)%00%(upstream:short)%00%(objectname)%00%(upstream:track)%00%(upstream:remotename)%00%(upstream:remoteref) refs/heads/main refs/remotes/main [13ms]
2023-09-19 20:50:51.339 [info] > git status -z -uall [51ms]
2023-09-19 20:50:53.447 [info] > git config --get commit.template [357ms]
2023-09-19 20:50:53.673 [info] > git for-each-ref --format=%(refname)%00%(upstream:short)%00%(objectname)%00%(upstream:track)%00%(upstream:remotename)%00%(upstream:remoteref) refs/heads/main refs/remotes/main [398ms]
2023-09-19 20:50:54.039 [info] > git status -z -uall [70ms]
2023-09-19 20:51:18.082 [info] > git push -u reactform main [4599ms]
2023-09-19 20:51:18.082 [info] To https://github.com/Underthesea2009/React_Form.git
   64d0c86..6ecd014  main -> main
2023-09-19 20:51:18.226 [info] > git config --get commit.template [70ms]
2023-09-19 20:51:18.307 [info] > git for-each-ref --format=%(refname)%00%(upstream:short)%00%(objectname)%00%(upstream:track)%00%(upstream:remotename)%00%(upstream:remoteref) refs/heads/main refs/remotes/main [98ms]
2023-09-19 20:51:18.418 [info] > git status -z -uall [64ms]
2023-09-19 20:56:02.751 [info] > git fetch [2298ms]
2023-09-19 20:56:03.126 [info] > git config --get commit.template [283ms]
2023-09-19 20:56:03.139 [info] > git for-each-ref --format=%(refname)%00%(upstream:short)%00%(objectname)%00%(upstream:track)%00%(upstream:remotename)%00%(upstream:remoteref) refs/heads/main refs/remotes/main [20ms]
2023-09-19 20:56:03.473 [info] > git status -z -uall [26ms]
2023-09-19 20:58:28.728 [info] > git config --get commit.template [7ms]
2023-09-19 20:58:28.817 [info] > git for-each-ref --format=%(refname)%00%(upstream:short)%00%(objectname)%00%(upstream:track)%00%(upstream:remotename)%00%(upstream:remoteref) refs/heads/main refs/remotes/main [18ms]
2023-09-19 20:58:28.910 [info] > git status -z -uall [4ms]
2023-09-19 21:01:48.941 [info] > git fetch [3142ms]
2023-09-19 21:01:48.984 [info] > git config --get commit.template [22ms]
2023-09-19 21:01:48.989 [info] > git for-each-ref --format=%(refname)%00%(upstream:short)%00%(objectname)%00%(upstream:track)%00%(upstream:remotename)%00%(upstream:remoteref) refs/heads/main refs/remotes/main [8ms]
2023-09-19 21:01:49.029 [info] > git status -z -uall [16ms]
2023-09-19 21:05:38.222 [info] > git fetch [1848ms]
2023-09-19 21:05:38.948 [info] > git config --get commit.template [20ms]
2023-09-19 21:05:39.471 [info] > git for-each-ref --format=%(refname)%00%(upstream:short)%00%(objectname)%00%(upstream:track)%00%(upstream:remotename)%00%(upstream:remoteref) refs/heads/main refs/remotes/main [36ms]
2023-09-19 21:05:39.560 [info] > git status -z -uall [23ms]
2023-09-19 21:11:46.642 [info] > git for-each-ref --format=%(refname)%00%(upstream:short)%00%(objectname)%00%(upstream:track)%00%(upstream:remotename)%00%(upstream:remoteref) refs/heads/main refs/remotes/main [79ms]
2023-09-19 21:11:46.658 [info] > git config --get commit.template [195ms]
2023-09-19 21:11:46.765 [info] > git status -z -uall [36ms]
