2023-09-20 20:31:53.994 [info] Log level: Info
2023-09-20 20:31:53.994 [info] Validating found git in: "git"
2023-09-20 20:31:53.994 [info] Using git "2.34.1" from "git"
2023-09-20 20:31:53.994 [info] > git rev-parse --show-toplevel [1209ms]
2023-09-20 20:31:53.994 [info] > git rev-parse --git-dir --git-common-dir [1204ms]
2023-09-20 20:31:53.994 [info] Open repository: /home/aom91
2023-09-20 20:31:54.842 [info] > git rev-parse --show-toplevel [592ms]
2023-09-20 20:31:54.869 [info] > git config --get commit.template [726ms]
2023-09-20 20:31:55.729 [info] > git check-ignore -v -z --stdin [688ms]
2023-09-20 20:31:56.219 [info] > git rev-parse --show-toplevel [750ms]
2023-09-20 20:31:56.234 [info] > git fetch [2752ms]
2023-09-20 20:31:57.884 [info] > git for-each-ref --format=%(refname)%00%(upstream:short)%00%(objectname)%00%(upstream:track)%00%(upstream:remotename)%00%(upstream:remoteref) refs/heads/main refs/remotes/main [1806ms]
2023-09-20 20:31:58.316 [info] > git config --get commit.template [465ms]
2023-09-20 20:31:58.375 [info] > git rev-parse --show-toplevel [594ms]
2023-09-20 20:31:59.555 [info] > git config --get commit.template [1462ms]
2023-09-20 20:31:59.959 [info] > git rev-parse --show-toplevel [811ms]
2023-09-20 20:32:03.535 [info] > git show --textconv :coursework/block28/ReactRouter/src/App.jsx [3321ms]
2023-09-20 20:32:03.535 [info] > git show --textconv :coursework/block28/ReactRouter/src/omponents/Home.jsx [3161ms]
2023-09-20 20:32:03.537 [info] > git ls-files --stage -- /home/aom91/coursework/block28/ReactRouter/src/omponents/Home.jsx [2892ms]
2023-09-20 20:32:03.554 [info] > git ls-files --stage -- /home/aom91/coursework/block28/ReactRouter/src/App.jsx [2995ms]
2023-09-20 20:32:03.600 [info] > git for-each-ref --format=%(refname)%00%(upstream:short)%00%(objectname)%00%(upstream:track)%00%(upstream:remotename)%00%(upstream:remoteref) refs/heads/main refs/remotes/main [3869ms]
2023-09-20 20:32:04.189 [info] > git for-each-ref --format=%(refname)%00%(upstream:short)%00%(objectname)%00%(upstream:track)%00%(upstream:remotename)%00%(upstream:remoteref) refs/heads/main refs/remotes/main [3166ms]
2023-09-20 20:32:35.390 [info] > git status -z -uall [31072ms] (cancelled)
2023-09-20 20:37:41.593 [info] > git check-ignore -v -z --stdin [620ms]
2023-09-20 20:41:13.255 [info] > git show --textconv :coursework/block28/ReactRouter/src/omponents/Red.jsx [859ms]
2023-09-20 20:41:13.280 [info] > git ls-files --stage -- /home/aom91/coursework/block28/ReactRouter/src/omponents/Red.jsx [123ms]
2023-09-20 20:42:43.353 [info] > git ls-files --stage -- /home/aom91/coursework/block28/ReactRouter/src/main.jsx [200ms]
2023-09-20 20:42:43.419 [info] > git show --textconv :coursework/block28/ReactRouter/src/main.jsx [374ms]
2023-09-20 20:46:08.363 [info] > git check-ignore -v -z --stdin [595ms]
2023-09-20 20:46:10.952 [info] > git check-ignore -v -z --stdin [181ms]
2023-09-20 20:47:44.104 [info] > git check-ignore -v -z --stdin [57ms]
2023-09-20 20:55:34.969 [info] > git show --textconv :coursework/block28/ReactRouter/src/index.css [175ms]
2023-09-20 20:55:34.973 [info] > git ls-files --stage -- /home/aom91/coursework/block28/ReactRouter/src/index.css [105ms]
2023-09-20 20:55:59.194 [info] > git check-ignore -v -z --stdin [23ms]
2023-09-20 20:56:00.705 [info] > git show --textconv :coursework/block28/ReactRouter/src/components/Home.jsx [24ms]
2023-09-20 20:56:00.721 [info] > git ls-files --stage -- /home/aom91/coursework/block28/ReactRouter/src/components/Home.jsx [23ms]
2023-09-20 20:58:20.466 [info] > git show --textconv :coursework/block28/ReactRouter/src/App.css [66ms]
2023-09-20 20:58:20.531 [info] > git ls-files --stage -- /home/aom91/coursework/block28/ReactRouter/src/App.css [98ms]
2023-09-20 20:58:38.583 [info] > git show --textconv :coursework/block28/ReactRouter/src/main.jsx [30ms]
2023-09-20 20:58:38.605 [info] > git ls-files --stage -- /home/aom91/coursework/block28/ReactRouter/src/main.jsx [28ms]
2023-09-20 21:01:15.138 [info] > git show --textconv :coursework/block28/ReactRouter/src/components/Red.jsx [94ms]
2023-09-20 21:01:15.170 [info] > git ls-files --stage -- /home/aom91/coursework/block28/ReactRouter/src/components/Red.jsx [59ms]
2023-09-20 21:01:24.450 [info] > git show --textconv :coursework/block28/ReactRouter/src/App.css [62ms]
2023-09-20 21:01:24.482 [info] > git ls-files --stage -- /home/aom91/coursework/block28/ReactRouter/src/App.css [37ms]
2023-09-20 21:01:26.737 [info] > git show --textconv :coursework/block28/ReactRouter/src/components/Blue.jsx [92ms]
2023-09-20 21:01:26.769 [info] > git ls-files --stage -- /home/aom91/coursework/block28/ReactRouter/src/components/Blue.jsx [37ms]
2023-09-20 21:07:38.538 [info] > git show --textconv :coursework/block28/ReactRouter/src/App.css [72ms]
2023-09-20 21:07:38.559 [info] > git ls-files --stage -- /home/aom91/coursework/block28/ReactRouter/src/App.css [53ms]
