2023-09-20 21:42:08.355 [info] Extension host with pid 7058 started
2023-09-20 21:42:08.400 [error] Error: EEXIST: file already exists, open '/home/aom91/.vscode-server/data/User/workspaceStorage/bd8277c10208c7093c62620bbe520d78/vscode.lock'
2023-09-20 21:42:08.641 [info] Lock '/home/aom91/.vscode-server/data/User/workspaceStorage/bd8277c10208c7093c62620bbe520d78/vscode.lock': Could not acquire lock, checking if the file is stale.
2023-09-20 21:42:08.665 [info] ExtensionService#_doActivateExtension vscode.tunnel-forwarding, startup: false, activationEvent: 'onTunnel'
2023-09-20 21:42:08.673 [info] ExtensionService#_doActivateExtension vscode.emmet, startup: false, activationEvent: 'onLanguage'
2023-09-20 21:42:08.675 [info] ExtensionService#_doActivateExtension vscode.css-language-features, startup: false, activationEvent: 'onLanguage:css'
2023-09-20 21:42:08.915 [info] Lock '/home/aom91/.vscode-server/data/User/workspaceStorage/bd8277c10208c7093c62620bbe520d78/vscode.lock': The lockfile is scheduled to have been released.
2023-09-20 21:42:08.915 [info] Lock '/home/aom91/.vscode-server/data/User/workspaceStorage/bd8277c10208c7093c62620bbe520d78/vscode.lock': Deleting a stale lock.
2023-09-20 21:42:09.056 [info] Lock '/home/aom91/.vscode-server/data/User/workspaceStorage/bd8277c10208c7093c62620bbe520d78/vscode.lock': Lock acquired.
2023-09-20 21:42:09.679 [info] ExtensionService#_doActivateExtension vscode.git-base, startup: true, activationEvent: '*', root cause: vscode.git
2023-09-20 21:42:09.681 [info] ExtensionService#_doActivateExtension antfu.vite, startup: true, activationEvent: '*'
2023-09-20 21:42:09.682 [info] ExtensionService#_doActivateExtension ms-vscode.test-adapter-converter, startup: true, activationEvent: '*', root cause: hbenl.vscode-test-explorer
2023-09-20 21:42:09.872 [info] ExtensionService#_doActivateExtension vscode.npm, startup: true, activationEvent: 'workspaceContains:package.json'
2023-09-20 21:42:10.132 [info] ExtensionService#_doActivateExtension vscode.git, startup: true, activationEvent: '*'
2023-09-20 21:42:10.133 [info] ExtensionService#_doActivateExtension vscode.github, startup: true, activationEvent: '*'
2023-09-20 21:42:10.134 [info] ExtensionService#_doActivateExtension hbenl.vscode-test-explorer, startup: true, activationEvent: '*'
2023-09-20 21:42:11.618 [info] ExtensionService#_doActivateExtension kavod-io.vscode-jest-test-adapter, startup: true, activationEvent: '*'
2023-09-20 21:42:15.811 [info] Eager extensions activated
2023-09-20 21:42:15.812 [info] ExtensionService#_doActivateExtension vscode.debug-auto-launch, startup: false, activationEvent: 'onStartupFinished'
2023-09-20 21:42:15.814 [info] ExtensionService#_doActivateExtension vscode.merge-conflict, startup: false, activationEvent: 'onStartupFinished'
2023-09-20 21:42:15.821 [info] ExtensionService#_doActivateExtension dbaeumer.vscode-eslint, startup: false, activationEvent: 'onStartupFinished'
2023-09-20 21:42:15.822 [info] ExtensionService#_doActivateExtension eamodio.gitlens, startup: false, activationEvent: 'onStartupFinished'
2023-09-20 21:42:15.823 [info] ExtensionService#_doActivateExtension ritwickdey.LiveServer, startup: false, activationEvent: 'onStartupFinished'
2023-09-20 21:42:23.678 [warning] [Decorations] CAPPING events from decorations provider vscode.git 10151
