2023-09-13 21:03:21.187 [info] Log level: Info
2023-09-13 21:03:21.187 [info] Validating found git in: "git"
2023-09-13 21:03:21.187 [info] Using git "2.34.1" from "git"
2023-09-13 21:03:21.187 [info] > git rev-parse --show-toplevel [85ms]
2023-09-13 21:03:21.187 [info] > git rev-parse --git-dir --git-common-dir [3314ms]
2023-09-13 21:03:21.187 [info] Open repository: /home/aom91/coursework/block25/Unit3.ColorPicker.Starter/Unit3.ColorPicker.Starter
2023-09-13 21:03:21.187 [info] > git rev-parse --show-toplevel [536ms]
2023-09-13 21:03:21.187 [info] > git config --get commit.template [669ms]
2023-09-13 21:03:21.187 [info] > git rev-parse --show-toplevel [312ms]
2023-09-13 21:03:21.187 [info] > git for-each-ref --format=%(refname)%00%(upstream:short)%00%(objectname)%00%(upstream:track)%00%(upstream:remotename)%00%(upstream:remoteref) refs/heads/main refs/remotes/main [425ms]
2023-09-13 21:03:21.187 [info] > git check-ignore -v -z --stdin [528ms]
2023-09-13 21:03:21.188 [info] > git status -z -uall [196ms]
2023-09-13 21:03:21.188 [info] > git rev-parse --show-toplevel [631ms]
2023-09-13 21:03:21.277 [info] > git show --textconv :src/main.jsx [371ms]
2023-09-13 21:03:21.280 [info] > git ls-files --stage -- /home/aom91/coursework/block25/Unit3.ColorPicker.Starter/Unit3.ColorPicker.Starter/src/main.jsx [310ms]
2023-09-13 21:03:21.435 [info] > git cat-file -s b91620d35e1de03d2c5ca843229df7f3b51445b3 [75ms]
2023-09-13 21:03:21.453 [info] > git config --get commit.template [221ms]
2023-09-13 21:03:22.506 [info] > git for-each-ref --format=%(refname)%00%(upstream:short)%00%(objectname)%00%(upstream:track)%00%(upstream:remotename)%00%(upstream:remoteref) refs/heads/main refs/remotes/main [384ms]
2023-09-13 21:03:22.687 [info] > git status -z -uall [43ms]
2023-09-13 21:03:33.077 [info] > git check-ignore -v -z --stdin [31ms]
2023-09-13 21:04:41.547 [info] > git config --get commit.template [71ms]
2023-09-13 21:04:41.620 [info] > git for-each-ref --format=%(refname)%00%(upstream:short)%00%(objectname)%00%(upstream:track)%00%(upstream:remotename)%00%(upstream:remoteref) refs/heads/main refs/remotes/main [90ms]
2023-09-13 21:04:41.692 [info] > git status -z -uall [27ms]
2023-09-13 21:04:46.793 [info] > git config --get commit.template [6ms]
2023-09-13 21:04:46.815 [info] > git for-each-ref --format=%(refname)%00%(upstream:short)%00%(objectname)%00%(upstream:track)%00%(upstream:remotename)%00%(upstream:remoteref) refs/heads/main refs/remotes/main [5ms]
2023-09-13 21:04:46.838 [info] > git status -z -uall [8ms]
2023-09-13 21:04:49.662 [info] > git show --textconv :src/App.css [122ms]
2023-09-13 21:04:49.686 [info] > git ls-files --stage -- /home/aom91/coursework/block25/Unit3.ColorPicker.Starter/Unit3.ColorPicker.Starter/src/App.css [57ms]
2023-09-13 21:05:01.006 [info] > git show --textconv :src/index.css [47ms]
2023-09-13 21:05:01.008 [info] > git ls-files --stage -- /home/aom91/coursework/block25/Unit3.ColorPicker.Starter/Unit3.ColorPicker.Starter/src/index.css [14ms]
2023-09-13 21:05:01.043 [info] > git cat-file -s 0443fbd4886ebb8a67a688e6c3cf5295b6709a50 [12ms]
2023-09-13 21:05:16.847 [info] > git show --textconv :src/App.css [89ms]
2023-09-13 21:05:16.849 [info] > git ls-files --stage -- /home/aom91/coursework/block25/Unit3.ColorPicker.Starter/Unit3.ColorPicker.Starter/src/App.css [45ms]
2023-09-13 21:05:30.863 [info] > git show --textconv :src/App.jsx [199ms]
2023-09-13 21:05:30.866 [info] > git ls-files --stage -- /home/aom91/coursework/block25/Unit3.ColorPicker.Starter/Unit3.ColorPicker.Starter/src/App.jsx [24ms]
2023-09-13 21:05:30.990 [info] > git cat-file -s aa9b8e4e5889e3825328e2994a5a9f8a7cdef6bc [64ms]
2023-09-13 21:05:52.110 [info] > git show --textconv :src/index.css [62ms]
2023-09-13 21:05:52.141 [info] > git ls-files --stage -- /home/aom91/coursework/block25/Unit3.ColorPicker.Starter/Unit3.ColorPicker.Starter/src/index.css [37ms]
2023-09-13 21:05:52.217 [info] > git cat-file -s 0443fbd4886ebb8a67a688e6c3cf5295b6709a50 [16ms]
2023-09-13 21:07:46.596 [info] > git show --textconv :index.html [65ms]
2023-09-13 21:07:46.626 [info] > git ls-files --stage -- /home/aom91/coursework/block25/Unit3.ColorPicker.Starter/Unit3.ColorPicker.Starter/index.html [33ms]
2023-09-13 21:07:46.734 [info] > git cat-file -s 79c470191164e9d0a66bd61f715be685ce43b057 [30ms]
2023-09-13 21:08:05.612 [info] > git config --get commit.template [59ms]
2023-09-13 21:08:05.625 [info] > git for-each-ref --format=%(refname)%00%(upstream:short)%00%(objectname)%00%(upstream:track)%00%(upstream:remotename)%00%(upstream:remoteref) refs/heads/main refs/remotes/main [21ms]
2023-09-13 21:08:05.767 [info] > git status -z -uall [71ms]
2023-09-13 21:08:11.679 [info] > git config --get commit.template [78ms]
2023-09-13 21:08:11.681 [info] > git for-each-ref --format=%(refname)%00%(upstream:short)%00%(objectname)%00%(upstream:track)%00%(upstream:remotename)%00%(upstream:remoteref) refs/heads/main refs/remotes/main [33ms]
2023-09-13 21:08:11.758 [info] > git status -z -uall [16ms]
2023-09-13 21:09:22.630 [info] > git show --textconv :package.json [2723ms]
2023-09-13 21:09:22.649 [info] > git ls-files --stage -- /home/aom91/coursework/block25/Unit3.ColorPicker.Starter/Unit3.ColorPicker.Starter/package.json [2619ms]
2023-09-13 21:09:23.445 [info] > git cat-file -s 60c8e40256ff223c9d6fbef4d8f14b2843dae8c1 [736ms]
2023-09-13 21:09:37.321 [info] > git config --get commit.template [84ms]
2023-09-13 21:09:37.325 [info] > git for-each-ref --format=%(refname)%00%(upstream:short)%00%(objectname)%00%(upstream:track)%00%(upstream:remotename)%00%(upstream:remoteref) refs/heads/main refs/remotes/main [24ms]
2023-09-13 21:09:37.503 [info] > git status -z -uall [16ms]
2023-09-13 21:09:51.466 [info] > git config --get commit.template [7ms]
2023-09-13 21:09:51.526 [info] > git for-each-ref --format=%(refname)%00%(upstream:short)%00%(objectname)%00%(upstream:track)%00%(upstream:remotename)%00%(upstream:remoteref) refs/heads/main refs/remotes/main [16ms]
2023-09-13 21:09:51.590 [info] > git status -z -uall [13ms]
2023-09-13 21:09:54.028 [info] > git show --textconv :package-lock.json [471ms]
2023-09-13 21:09:55.014 [info] > git ls-files --stage -- /home/aom91/coursework/block25/Unit3.ColorPicker.Starter/Unit3.ColorPicker.Starter/package-lock.json [1222ms]
2023-09-13 21:09:55.182 [info] > git cat-file -s 1c9aa316f6187b0121a31fa2eb110b66a7c89115 [106ms]
2023-09-13 21:13:11.948 [info] > git config --get commit.template [33ms]
2023-09-13 21:13:12.077 [info] > git for-each-ref --format=%(refname)%00%(upstream:short)%00%(objectname)%00%(upstream:track)%00%(upstream:remotename)%00%(upstream:remoteref) refs/heads/main refs/remotes/main [39ms]
2023-09-13 21:13:12.214 [info] > git status -z -uall [37ms]
2023-09-13 21:13:50.060 [info] > git show --textconv :.gitignore [85ms]
2023-09-13 21:13:50.079 [info] > git ls-files --stage -- /home/aom91/coursework/block25/Unit3.ColorPicker.Starter/Unit3.ColorPicker.Starter/.gitignore [36ms]
2023-09-13 21:13:50.194 [info] > git cat-file -s a547bf36d8d11a4f89c59c144f24795749086dd1 [22ms]
2023-09-13 21:14:16.230 [info] > git ls-files --stage -- /home/aom91/coursework/block25/Unit3.ColorPicker.Starter/Unit3.ColorPicker.Starter/src/App.css [20ms]
2023-09-13 21:14:16.273 [info] > git show --textconv :src/App.css [103ms]
2023-09-13 21:16:22.575 [info] > git config --get commit.template [627ms]
2023-09-13 21:16:22.579 [info] > git for-each-ref --format=%(refname)%00%(upstream:short)%00%(objectname)%00%(upstream:track)%00%(upstream:remotename)%00%(upstream:remoteref) refs/heads/main refs/remotes/main [39ms]
2023-09-13 21:16:23.227 [info] > git status -z -uall [25ms]
