2023-09-13 18:17:36.568 [info] Extension host with pid 1884 started
2023-09-13 18:17:36.729 [info] ExtensionService#_doActivateExtension vscode.html-language-features, startup: false, activationEvent: 'onLanguage:html'
2023-09-13 18:17:36.732 [info] ExtensionService#_doActivateExtension vscode.emmet, startup: false, activationEvent: 'onLanguage'
2023-09-13 18:17:37.315 [info] Lock '/home/aom91/.vscode-server/data/User/workspaceStorage/6361f124b6dc44b646169a5a8943467b/vscode.lock': Lock acquired.
2023-09-13 18:17:37.945 [info] ExtensionService#_doActivateExtension vscode.git-base, startup: true, activationEvent: '*', root cause: vscode.git
2023-09-13 18:17:38.266 [info] ExtensionService#_doActivateExtension vscode.git, startup: true, activationEvent: '*'
2023-09-13 18:17:38.267 [info] ExtensionService#_doActivateExtension vscode.github, startup: true, activationEvent: '*'
2023-09-13 18:17:39.252 [info] Eager extensions activated
2023-09-13 18:17:39.253 [info] ExtensionService#_doActivateExtension vscode.debug-auto-launch, startup: false, activationEvent: 'onStartupFinished'
2023-09-13 18:17:39.254 [info] ExtensionService#_doActivateExtension vscode.merge-conflict, startup: false, activationEvent: 'onStartupFinished'
2023-09-13 18:17:40.349 [info] ExtensionService#_doActivateExtension vscode.typescript-language-features, startup: false, activationEvent: 'onLanguage:javascript'
2023-09-13 18:39:32.932 [info] ExtensionService#_doActivateExtension vscode.tunnel-forwarding, startup: false, activationEvent: 'onTunnel'
2023-09-13 18:51:48.611 [info] Extension host terminating: received terminate message from renderer
2023-09-13 18:51:48.694 [info] Lock '/home/aom91/.vscode-server/data/User/workspaceStorage/6361f124b6dc44b646169a5a8943467b/vscode.lock': Marking the lockfile as scheduled to be released in 6000 ms.
2023-09-13 18:51:55.417 [error] Canceled: Canceled
	at Object.I [as $4] (/home/aom91/.vscode-server/bin/6509174151d557a81c9d0b5f8a5a1e9274db5585/out/vs/workbench/api/node/extensionHostProcess.js:10:1032)
	at /home/aom91/.vscode-server/bin/6509174151d557a81c9d0b5f8a5a1e9274db5585/out/vs/workbench/api/node/extensionHostProcess.js:117:7647
	at Array.forEach (<anonymous>)
	at i.dispose (/home/aom91/.vscode-server/bin/6509174151d557a81c9d0b5f8a5a1e9274db5585/out/vs/workbench/api/node/extensionHostProcess.js:117:7612)
	at n.terminate (/home/aom91/.vscode-server/bin/6509174151d557a81c9d0b5f8a5a1e9274db5585/out/vs/workbench/api/node/extensionHostProcess.js:119:7821)
	at o.terminate (/home/aom91/.vscode-server/bin/6509174151d557a81c9d0b5f8a5a1e9274db5585/out/vs/workbench/api/node/extensionHostProcess.js:123:1513)
	at D (/home/aom91/.vscode-server/bin/6509174151d557a81c9d0b5f8a5a1e9274db5585/out/vs/workbench/api/node/extensionHostProcess.js:136:9800)
	at n.value (/home/aom91/.vscode-server/bin/6509174151d557a81c9d0b5f8a5a1e9274db5585/out/vs/workbench/api/node/extensionHostProcess.js:136:7847)
	at m.w (/home/aom91/.vscode-server/bin/6509174151d557a81c9d0b5f8a5a1e9274db5585/out/vs/workbench/api/node/extensionHostProcess.js:63:1902)
	at m.fire (/home/aom91/.vscode-server/bin/6509174151d557a81c9d0b5f8a5a1e9274db5585/out/vs/workbench/api/node/extensionHostProcess.js:63:2119)
	at v.fire (/home/aom91/.vscode-server/bin/6509174151d557a81c9d0b5f8a5a1e9274db5585/out/vs/workbench/api/node/extensionHostProcess.js:79:13940)
	at s.z (/home/aom91/.vscode-server/bin/6509174151d557a81c9d0b5f8a5a1e9274db5585/out/vs/workbench/api/node/extensionHostProcess.js:79:17005)
	at n.value (/home/aom91/.vscode-server/bin/6509174151d557a81c9d0b5f8a5a1e9274db5585/out/vs/workbench/api/node/extensionHostProcess.js:79:15457)
	at m.w (/home/aom91/.vscode-server/bin/6509174151d557a81c9d0b5f8a5a1e9274db5585/out/vs/workbench/api/node/extensionHostProcess.js:63:1902)
	at m.fire (/home/aom91/.vscode-server/bin/6509174151d557a81c9d0b5f8a5a1e9274db5585/out/vs/workbench/api/node/extensionHostProcess.js:63:2119)
	at n.acceptChunk (/home/aom91/.vscode-server/bin/6509174151d557a81c9d0b5f8a5a1e9274db5585/out/vs/workbench/api/node/extensionHostProcess.js:79:11714)
	at n.value (/home/aom91/.vscode-server/bin/6509174151d557a81c9d0b5f8a5a1e9274db5585/out/vs/workbench/api/node/extensionHostProcess.js:79:11001)
	at m.w (/home/aom91/.vscode-server/bin/6509174151d557a81c9d0b5f8a5a1e9274db5585/out/vs/workbench/api/node/extensionHostProcess.js:63:1902)
	at m.fire (/home/aom91/.vscode-server/bin/6509174151d557a81c9d0b5f8a5a1e9274db5585/out/vs/workbench/api/node/extensionHostProcess.js:63:2119)
	at m.u (/home/aom91/.vscode-server/bin/6509174151d557a81c9d0b5f8a5a1e9274db5585/out/vs/workbench/api/node/extensionHostProcess.js:133:19093)
	at m.acceptFrame (/home/aom91/.vscode-server/bin/6509174151d557a81c9d0b5f8a5a1e9274db5585/out/vs/workbench/api/node/extensionHostProcess.js:133:18899)
	at a.l (/home/aom91/.vscode-server/bin/6509174151d557a81c9d0b5f8a5a1e9274db5585/out/vs/workbench/api/node/extensionHostProcess.js:133:17532)
	at /home/aom91/.vscode-server/bin/6509174151d557a81c9d0b5f8a5a1e9274db5585/out/vs/workbench/api/node/extensionHostProcess.js:133:14879
	at Socket.p (/home/aom91/.vscode-server/bin/6509174151d557a81c9d0b5f8a5a1e9274db5585/out/vs/workbench/api/node/extensionHostProcess.js:133:12793)
	at Socket.emit (node:events:513:28)
	at addChunk (node:internal/streams/readable:324:12)
	at readableAddChunk (node:internal/streams/readable:297:9)
	at Readable.push (node:internal/streams/readable:234:10)
	at TCP.onStreamRead (node:internal/stream_base_commons:190:23) setContext undefined
2023-09-13 18:51:55.485 [error] Canceled: Canceled
	at Object.I [as $4] (/home/aom91/.vscode-server/bin/6509174151d557a81c9d0b5f8a5a1e9274db5585/out/vs/workbench/api/node/extensionHostProcess.js:10:1032)
	at /home/aom91/.vscode-server/bin/6509174151d557a81c9d0b5f8a5a1e9274db5585/out/vs/workbench/api/node/extensionHostProcess.js:117:7647
	at Array.forEach (<anonymous>)
	at i.dispose (/home/aom91/.vscode-server/bin/6509174151d557a81c9d0b5f8a5a1e9274db5585/out/vs/workbench/api/node/extensionHostProcess.js:117:7612)
	at n.terminate (/home/aom91/.vscode-server/bin/6509174151d557a81c9d0b5f8a5a1e9274db5585/out/vs/workbench/api/node/extensionHostProcess.js:119:7821)
	at o.terminate (/home/aom91/.vscode-server/bin/6509174151d557a81c9d0b5f8a5a1e9274db5585/out/vs/workbench/api/node/extensionHostProcess.js:123:1513)
	at D (/home/aom91/.vscode-server/bin/6509174151d557a81c9d0b5f8a5a1e9274db5585/out/vs/workbench/api/node/extensionHostProcess.js:136:9800)
	at n.value (/home/aom91/.vscode-server/bin/6509174151d557a81c9d0b5f8a5a1e9274db5585/out/vs/workbench/api/node/extensionHostProcess.js:136:7847)
	at m.w (/home/aom91/.vscode-server/bin/6509174151d557a81c9d0b5f8a5a1e9274db5585/out/vs/workbench/api/node/extensionHostProcess.js:63:1902)
	at m.fire (/home/aom91/.vscode-server/bin/6509174151d557a81c9d0b5f8a5a1e9274db5585/out/vs/workbench/api/node/extensionHostProcess.js:63:2119)
	at v.fire (/home/aom91/.vscode-server/bin/6509174151d557a81c9d0b5f8a5a1e9274db5585/out/vs/workbench/api/node/extensionHostProcess.js:79:13940)
	at s.z (/home/aom91/.vscode-server/bin/6509174151d557a81c9d0b5f8a5a1e9274db5585/out/vs/workbench/api/node/extensionHostProcess.js:79:17005)
	at n.value (/home/aom91/.vscode-server/bin/6509174151d557a81c9d0b5f8a5a1e9274db5585/out/vs/workbench/api/node/extensionHostProcess.js:79:15457)
	at m.w (/home/aom91/.vscode-server/bin/6509174151d557a81c9d0b5f8a5a1e9274db5585/out/vs/workbench/api/node/extensionHostProcess.js:63:1902)
	at m.fire (/home/aom91/.vscode-server/bin/6509174151d557a81c9d0b5f8a5a1e9274db5585/out/vs/workbench/api/node/extensionHostProcess.js:63:2119)
	at n.acceptChunk (/home/aom91/.vscode-server/bin/6509174151d557a81c9d0b5f8a5a1e9274db5585/out/vs/workbench/api/node/extensionHostProcess.js:79:11714)
	at n.value (/home/aom91/.vscode-server/bin/6509174151d557a81c9d0b5f8a5a1e9274db5585/out/vs/workbench/api/node/extensionHostProcess.js:79:11001)
	at m.w (/home/aom91/.vscode-server/bin/6509174151d557a81c9d0b5f8a5a1e9274db5585/out/vs/workbench/api/node/extensionHostProcess.js:63:1902)
	at m.fire (/home/aom91/.vscode-server/bin/6509174151d557a81c9d0b5f8a5a1e9274db5585/out/vs/workbench/api/node/extensionHostProcess.js:63:2119)
	at m.u (/home/aom91/.vscode-server/bin/6509174151d557a81c9d0b5f8a5a1e9274db5585/out/vs/workbench/api/node/extensionHostProcess.js:133:19093)
	at m.acceptFrame (/home/aom91/.vscode-server/bin/6509174151d557a81c9d0b5f8a5a1e9274db5585/out/vs/workbench/api/node/extensionHostProcess.js:133:18899)
	at a.l (/home/aom91/.vscode-server/bin/6509174151d557a81c9d0b5f8a5a1e9274db5585/out/vs/workbench/api/node/extensionHostProcess.js:133:17532)
	at /home/aom91/.vscode-server/bin/6509174151d557a81c9d0b5f8a5a1e9274db5585/out/vs/workbench/api/node/extensionHostProcess.js:133:14879
	at Socket.p (/home/aom91/.vscode-server/bin/6509174151d557a81c9d0b5f8a5a1e9274db5585/out/vs/workbench/api/node/extensionHostProcess.js:133:12793)
	at Socket.emit (node:events:513:28)
	at addChunk (node:internal/streams/readable:324:12)
	at readableAddChunk (node:internal/streams/readable:297:9)
	at Readable.push (node:internal/streams/readable:234:10)
	at TCP.onStreamRead (node:internal/stream_base_commons:190:23) setContext undefined
2023-09-13 18:51:56.381 [error] Canceled: Canceled
	at new h (/home/aom91/.vscode-server/bin/6509174151d557a81c9d0b5f8a5a1e9274db5585/out/vs/workbench/api/node/extensionHostProcess.js:108:57382)
	at i.O (/home/aom91/.vscode-server/bin/6509174151d557a81c9d0b5f8a5a1e9274db5585/out/vs/workbench/api/node/extensionHostProcess.js:117:10850)
	at j.<computed>.T.charCodeAt.j.<computed> (/home/aom91/.vscode-server/bin/6509174151d557a81c9d0b5f8a5a1e9274db5585/out/vs/workbench/api/node/extensionHostProcess.js:117:8289)
	at r.g (/home/aom91/.vscode-server/bin/6509174151d557a81c9d0b5f8a5a1e9274db5585/out/vs/workbench/api/node/extensionHostProcess.js:108:82208)
	at r.executeCommand (/home/aom91/.vscode-server/bin/6509174151d557a81c9d0b5f8a5a1e9274db5585/out/vs/workbench/api/node/extensionHostProcess.js:108:81646)
	at u.registerCommand.description (/home/aom91/.vscode-server/bin/6509174151d557a81c9d0b5f8a5a1e9274db5585/out/vs/workbench/api/node/extensionHostProcess.js:108:80967)
	at r.h (/home/aom91/.vscode-server/bin/6509174151d557a81c9d0b5f8a5a1e9274db5585/out/vs/workbench/api/node/extensionHostProcess.js:108:82744)
	at r.g (/home/aom91/.vscode-server/bin/6509174151d557a81c9d0b5f8a5a1e9274db5585/out/vs/workbench/api/node/extensionHostProcess.js:108:81739)
	at r.executeCommand (/home/aom91/.vscode-server/bin/6509174151d557a81c9d0b5f8a5a1e9274db5585/out/vs/workbench/api/node/extensionHostProcess.js:108:81646)
	at Object.executeCommand (/home/aom91/.vscode-server/bin/6509174151d557a81c9d0b5f8a5a1e9274db5585/out/vs/workbench/api/node/extensionHostProcess.js:123:21247)
	at n.D [as value] (/home/aom91/.vscode-server/bin/6509174151d557a81c9d0b5f8a5a1e9274db5585/extensions/git/dist/main.js:2:1309000)
	at m.w (/home/aom91/.vscode-server/bin/6509174151d557a81c9d0b5f8a5a1e9274db5585/out/vs/workbench/api/node/extensionHostProcess.js:63:1902)
	at m.x (/home/aom91/.vscode-server/bin/6509174151d557a81c9d0b5f8a5a1e9274db5585/out/vs/workbench/api/node/extensionHostProcess.js:63:1972)
	at m.fire (/home/aom91/.vscode-server/bin/6509174151d557a81c9d0b5f8a5a1e9274db5585/out/vs/workbench/api/node/extensionHostProcess.js:63:2188)
	at Object.m [as dispose] (/home/aom91/.vscode-server/bin/6509174151d557a81c9d0b5f8a5a1e9274db5585/extensions/git/dist/main.js:2:1324784)
	at /home/aom91/.vscode-server/bin/6509174151d557a81c9d0b5f8a5a1e9274db5585/extensions/git/dist/main.js:2:1329625
	at Array.forEach (<anonymous>)
	at g.dispose (/home/aom91/.vscode-server/bin/6509174151d557a81c9d0b5f8a5a1e9274db5585/extensions/git/dist/main.js:2:1329611)
	at E.<anonymous> (/home/aom91/.vscode-server/bin/6509174151d557a81c9d0b5f8a5a1e9274db5585/out/vs/workbench/api/node/extensionHostProcess.js:104:3484)
	at E.dispose (/home/aom91/.vscode-server/bin/6509174151d557a81c9d0b5f8a5a1e9274db5585/out/vs/workbench/api/node/extensionHostProcess.js:104:3581)
	at E.<anonymous> (/home/aom91/.vscode-server/bin/6509174151d557a81c9d0b5f8a5a1e9274db5585/extensions/git/dist/main.js:2:1311012)
	at E.dispose (/home/aom91/.vscode-server/bin/6509174151d557a81c9d0b5f8a5a1e9274db5585/out/vs/workbench/api/node/extensionHostProcess.js:104:3581)
	at k (/home/aom91/.vscode-server/bin/6509174151d557a81c9d0b5f8a5a1e9274db5585/out/vs/workbench/api/node/extensionHostProcess.js:13:11730)
	at n.Z (/home/aom91/.vscode-server/bin/6509174151d557a81c9d0b5f8a5a1e9274db5585/out/vs/workbench/api/node/extensionHostProcess.js:119:9652)
	at /home/aom91/.vscode-server/bin/6509174151d557a81c9d0b5f8a5a1e9274db5585/out/vs/workbench/api/node/extensionHostProcess.js:119:7585
	at Array.map (<anonymous>)
	at n.S (/home/aom91/.vscode-server/bin/6509174151d557a81c9d0b5f8a5a1e9274db5585/out/vs/workbench/api/node/extensionHostProcess.js:119:7572)
	at n.terminate (/home/aom91/.vscode-server/bin/6509174151d557a81c9d0b5f8a5a1e9274db5585/out/vs/workbench/api/node/extensionHostProcess.js:119:7844)
	at o.terminate (/home/aom91/.vscode-server/bin/6509174151d557a81c9d0b5f8a5a1e9274db5585/out/vs/workbench/api/node/extensionHostProcess.js:123:1513)
	at D (/home/aom91/.vscode-server/bin/6509174151d557a81c9d0b5f8a5a1e9274db5585/out/vs/workbench/api/node/extensionHostProcess.js:136:9800)
	at n.value (/home/aom91/.vscode-server/bin/6509174151d557a81c9d0b5f8a5a1e9274db5585/out/vs/workbench/api/node/extensionHostProcess.js:136:7847)
	at m.w (/home/aom91/.vscode-server/bin/6509174151d557a81c9d0b5f8a5a1e9274db5585/out/vs/workbench/api/node/extensionHostProcess.js:63:1902)
	at m.fire (/home/aom91/.vscode-server/bin/6509174151d557a81c9d0b5f8a5a1e9274db5585/out/vs/workbench/api/node/extensionHostProcess.js:63:2119)
	at v.fire (/home/aom91/.vscode-server/bin/6509174151d557a81c9d0b5f8a5a1e9274db5585/out/vs/workbench/api/node/extensionHostProcess.js:79:13940)
	at s.z (/home/aom91/.vscode-server/bin/6509174151d557a81c9d0b5f8a5a1e9274db5585/out/vs/workbench/api/node/extensionHostProcess.js:79:17005)
	at n.value (/home/aom91/.vscode-server/bin/6509174151d557a81c9d0b5f8a5a1e9274db5585/out/vs/workbench/api/node/extensionHostProcess.js:79:15457)
	at m.w (/home/aom91/.vscode-server/bin/6509174151d557a81c9d0b5f8a5a1e9274db5585/out/vs/workbench/api/node/extensionHostProcess.js:63:1902)
	at m.fire (/home/aom91/.vscode-server/bin/6509174151d557a81c9d0b5f8a5a1e9274db5585/out/vs/workbench/api/node/extensionHostProcess.js:63:2119)
	at n.acceptChunk (/home/aom91/.vscode-server/bin/6509174151d557a81c9d0b5f8a5a1e9274db5585/out/vs/workbench/api/node/extensionHostProcess.js:79:11714)
	at n.value (/home/aom91/.vscode-server/bin/6509174151d557a81c9d0b5f8a5a1e9274db5585/out/vs/workbench/api/node/extensionHostProcess.js:79:11001)
	at m.w (/home/aom91/.vscode-server/bin/6509174151d557a81c9d0b5f8a5a1e9274db5585/out/vs/workbench/api/node/extensionHostProcess.js:63:1902)
	at m.fire (/home/aom91/.vscode-server/bin/6509174151d557a81c9d0b5f8a5a1e9274db5585/out/vs/workbench/api/node/extensionHostProcess.js:63:2119)
	at m.u (/home/aom91/.vscode-server/bin/6509174151d557a81c9d0b5f8a5a1e9274db5585/out/vs/workbench/api/node/extensionHostProcess.js:133:19093)
	at m.acceptFrame (/home/aom91/.vscode-server/bin/6509174151d557a81c9d0b5f8a5a1e9274db5585/out/vs/workbench/api/node/extensionHostProcess.js:133:18899)
	at a.l (/home/aom91/.vscode-server/bin/6509174151d557a81c9d0b5f8a5a1e9274db5585/out/vs/workbench/api/node/extensionHostProcess.js:133:17532)
	at /home/aom91/.vscode-server/bin/6509174151d557a81c9d0b5f8a5a1e9274db5585/out/vs/workbench/api/node/extensionHostProcess.js:133:14879
	at Socket.p (/home/aom91/.vscode-server/bin/6509174151d557a81c9d0b5f8a5a1e9274db5585/out/vs/workbench/api/node/extensionHostProcess.js:133:12793)
	at Socket.emit (node:events:513:28)
	at addChunk (node:internal/streams/readable:324:12)
	at readableAddChunk (node:internal/streams/readable:297:9)
	at Readable.push (node:internal/streams/readable:234:10)
	at TCP.onStreamRead (node:internal/stream_base_commons:190:23) setContext undefined
2023-09-13 18:51:56.384 [error] Canceled: Canceled
	at new h (/home/aom91/.vscode-server/bin/6509174151d557a81c9d0b5f8a5a1e9274db5585/out/vs/workbench/api/node/extensionHostProcess.js:108:57382)
	at i.O (/home/aom91/.vscode-server/bin/6509174151d557a81c9d0b5f8a5a1e9274db5585/out/vs/workbench/api/node/extensionHostProcess.js:117:10850)
	at j.<computed>.T.charCodeAt.j.<computed> (/home/aom91/.vscode-server/bin/6509174151d557a81c9d0b5f8a5a1e9274db5585/out/vs/workbench/api/node/extensionHostProcess.js:117:8289)
	at r.g (/home/aom91/.vscode-server/bin/6509174151d557a81c9d0b5f8a5a1e9274db5585/out/vs/workbench/api/node/extensionHostProcess.js:108:82208)
	at r.executeCommand (/home/aom91/.vscode-server/bin/6509174151d557a81c9d0b5f8a5a1e9274db5585/out/vs/workbench/api/node/extensionHostProcess.js:108:81646)
	at u.registerCommand.description (/home/aom91/.vscode-server/bin/6509174151d557a81c9d0b5f8a5a1e9274db5585/out/vs/workbench/api/node/extensionHostProcess.js:108:80967)
	at r.h (/home/aom91/.vscode-server/bin/6509174151d557a81c9d0b5f8a5a1e9274db5585/out/vs/workbench/api/node/extensionHostProcess.js:108:82744)
	at r.g (/home/aom91/.vscode-server/bin/6509174151d557a81c9d0b5f8a5a1e9274db5585/out/vs/workbench/api/node/extensionHostProcess.js:108:81739)
	at r.executeCommand (/home/aom91/.vscode-server/bin/6509174151d557a81c9d0b5f8a5a1e9274db5585/out/vs/workbench/api/node/extensionHostProcess.js:108:81646)
	at Object.executeCommand (/home/aom91/.vscode-server/bin/6509174151d557a81c9d0b5f8a5a1e9274db5585/out/vs/workbench/api/node/extensionHostProcess.js:123:21247)
	at n.D [as value] (/home/aom91/.vscode-server/bin/6509174151d557a81c9d0b5f8a5a1e9274db5585/extensions/git/dist/main.js:2:1309000)
	at m.w (/home/aom91/.vscode-server/bin/6509174151d557a81c9d0b5f8a5a1e9274db5585/out/vs/workbench/api/node/extensionHostProcess.js:63:1902)
	at m.x (/home/aom91/.vscode-server/bin/6509174151d557a81c9d0b5f8a5a1e9274db5585/out/vs/workbench/api/node/extensionHostProcess.js:63:1972)
	at m.fire (/home/aom91/.vscode-server/bin/6509174151d557a81c9d0b5f8a5a1e9274db5585/out/vs/workbench/api/node/extensionHostProcess.js:63:2188)
	at Object.m [as dispose] (/home/aom91/.vscode-server/bin/6509174151d557a81c9d0b5f8a5a1e9274db5585/extensions/git/dist/main.js:2:1324784)
	at /home/aom91/.vscode-server/bin/6509174151d557a81c9d0b5f8a5a1e9274db5585/extensions/git/dist/main.js:2:1329625
	at Array.forEach (<anonymous>)
	at g.dispose (/home/aom91/.vscode-server/bin/6509174151d557a81c9d0b5f8a5a1e9274db5585/extensions/git/dist/main.js:2:1329611)
	at E.<anonymous> (/home/aom91/.vscode-server/bin/6509174151d557a81c9d0b5f8a5a1e9274db5585/out/vs/workbench/api/node/extensionHostProcess.js:104:3484)
	at E.dispose (/home/aom91/.vscode-server/bin/6509174151d557a81c9d0b5f8a5a1e9274db5585/out/vs/workbench/api/node/extensionHostProcess.js:104:3581)
	at E.<anonymous> (/home/aom91/.vscode-server/bin/6509174151d557a81c9d0b5f8a5a1e9274db5585/extensions/git/dist/main.js:2:1311012)
	at E.dispose (/home/aom91/.vscode-server/bin/6509174151d557a81c9d0b5f8a5a1e9274db5585/out/vs/workbench/api/node/extensionHostProcess.js:104:3581)
	at k (/home/aom91/.vscode-server/bin/6509174151d557a81c9d0b5f8a5a1e9274db5585/out/vs/workbench/api/node/extensionHostProcess.js:13:11730)
	at n.Z (/home/aom91/.vscode-server/bin/6509174151d557a81c9d0b5f8a5a1e9274db5585/out/vs/workbench/api/node/extensionHostProcess.js:119:9652)
	at /home/aom91/.vscode-server/bin/6509174151d557a81c9d0b5f8a5a1e9274db5585/out/vs/workbench/api/node/extensionHostProcess.js:119:7585
	at Array.map (<anonymous>)
	at n.S (/home/aom91/.vscode-server/bin/6509174151d557a81c9d0b5f8a5a1e9274db5585/out/vs/workbench/api/node/extensionHostProcess.js:119:7572)
	at n.terminate (/home/aom91/.vscode-server/bin/6509174151d557a81c9d0b5f8a5a1e9274db5585/out/vs/workbench/api/node/extensionHostProcess.js:119:7844)
	at o.terminate (/home/aom91/.vscode-server/bin/6509174151d557a81c9d0b5f8a5a1e9274db5585/out/vs/workbench/api/node/extensionHostProcess.js:123:1513)
	at D (/home/aom91/.vscode-server/bin/6509174151d557a81c9d0b5f8a5a1e9274db5585/out/vs/workbench/api/node/extensionHostProcess.js:136:9800)
	at n.value (/home/aom91/.vscode-server/bin/6509174151d557a81c9d0b5f8a5a1e9274db5585/out/vs/workbench/api/node/extensionHostProcess.js:136:7847)
	at m.w (/home/aom91/.vscode-server/bin/6509174151d557a81c9d0b5f8a5a1e9274db5585/out/vs/workbench/api/node/extensionHostProcess.js:63:1902)
	at m.fire (/home/aom91/.vscode-server/bin/6509174151d557a81c9d0b5f8a5a1e9274db5585/out/vs/workbench/api/node/extensionHostProcess.js:63:2119)
	at v.fire (/home/aom91/.vscode-server/bin/6509174151d557a81c9d0b5f8a5a1e9274db5585/out/vs/workbench/api/node/extensionHostProcess.js:79:13940)
	at s.z (/home/aom91/.vscode-server/bin/6509174151d557a81c9d0b5f8a5a1e9274db5585/out/vs/workbench/api/node/extensionHostProcess.js:79:17005)
	at n.value (/home/aom91/.vscode-server/bin/6509174151d557a81c9d0b5f8a5a1e9274db5585/out/vs/workbench/api/node/extensionHostProcess.js:79:15457)
	at m.w (/home/aom91/.vscode-server/bin/6509174151d557a81c9d0b5f8a5a1e9274db5585/out/vs/workbench/api/node/extensionHostProcess.js:63:1902)
	at m.fire (/home/aom91/.vscode-server/bin/6509174151d557a81c9d0b5f8a5a1e9274db5585/out/vs/workbench/api/node/extensionHostProcess.js:63:2119)
	at n.acceptChunk (/home/aom91/.vscode-server/bin/6509174151d557a81c9d0b5f8a5a1e9274db5585/out/vs/workbench/api/node/extensionHostProcess.js:79:11714)
	at n.value (/home/aom91/.vscode-server/bin/6509174151d557a81c9d0b5f8a5a1e9274db5585/out/vs/workbench/api/node/extensionHostProcess.js:79:11001)
	at m.w (/home/aom91/.vscode-server/bin/6509174151d557a81c9d0b5f8a5a1e9274db5585/out/vs/workbench/api/node/extensionHostProcess.js:63:1902)
	at m.fire (/home/aom91/.vscode-server/bin/6509174151d557a81c9d0b5f8a5a1e9274db5585/out/vs/workbench/api/node/extensionHostProcess.js:63:2119)
	at m.u (/home/aom91/.vscode-server/bin/6509174151d557a81c9d0b5f8a5a1e9274db5585/out/vs/workbench/api/node/extensionHostProcess.js:133:19093)
	at m.acceptFrame (/home/aom91/.vscode-server/bin/6509174151d557a81c9d0b5f8a5a1e9274db5585/out/vs/workbench/api/node/extensionHostProcess.js:133:18899)
	at a.l (/home/aom91/.vscode-server/bin/6509174151d557a81c9d0b5f8a5a1e9274db5585/out/vs/workbench/api/node/extensionHostProcess.js:133:17532)
	at /home/aom91/.vscode-server/bin/6509174151d557a81c9d0b5f8a5a1e9274db5585/out/vs/workbench/api/node/extensionHostProcess.js:133:14879
	at Socket.p (/home/aom91/.vscode-server/bin/6509174151d557a81c9d0b5f8a5a1e9274db5585/out/vs/workbench/api/node/extensionHostProcess.js:133:12793)
	at Socket.emit (node:events:513:28)
	at addChunk (node:internal/streams/readable:324:12)
	at readableAddChunk (node:internal/streams/readable:297:9)
	at Readable.push (node:internal/streams/readable:234:10)
	at TCP.onStreamRead (node:internal/stream_base_commons:190:23) setContext undefined
2023-09-13 18:51:56.463 [error] Canceled: Canceled
	at new h (/home/aom91/.vscode-server/bin/6509174151d557a81c9d0b5f8a5a1e9274db5585/out/vs/workbench/api/node/extensionHostProcess.js:108:57382)
	at i.O (/home/aom91/.vscode-server/bin/6509174151d557a81c9d0b5f8a5a1e9274db5585/out/vs/workbench/api/node/extensionHostProcess.js:117:10850)
	at j.<computed>.T.charCodeAt.j.<computed> (/home/aom91/.vscode-server/bin/6509174151d557a81c9d0b5f8a5a1e9274db5585/out/vs/workbench/api/node/extensionHostProcess.js:117:8289)
	at r.g (/home/aom91/.vscode-server/bin/6509174151d557a81c9d0b5f8a5a1e9274db5585/out/vs/workbench/api/node/extensionHostProcess.js:108:82208)
	at r.executeCommand (/home/aom91/.vscode-server/bin/6509174151d557a81c9d0b5f8a5a1e9274db5585/out/vs/workbench/api/node/extensionHostProcess.js:108:81646)
	at u.registerCommand.description (/home/aom91/.vscode-server/bin/6509174151d557a81c9d0b5f8a5a1e9274db5585/out/vs/workbench/api/node/extensionHostProcess.js:108:80967)
	at r.h (/home/aom91/.vscode-server/bin/6509174151d557a81c9d0b5f8a5a1e9274db5585/out/vs/workbench/api/node/extensionHostProcess.js:108:82744)
	at r.g (/home/aom91/.vscode-server/bin/6509174151d557a81c9d0b5f8a5a1e9274db5585/out/vs/workbench/api/node/extensionHostProcess.js:108:81739)
	at r.executeCommand (/home/aom91/.vscode-server/bin/6509174151d557a81c9d0b5f8a5a1e9274db5585/out/vs/workbench/api/node/extensionHostProcess.js:108:81646)
	at Object.executeCommand (/home/aom91/.vscode-server/bin/6509174151d557a81c9d0b5f8a5a1e9274db5585/out/vs/workbench/api/node/extensionHostProcess.js:123:21247)
	at set b [as b] (/home/aom91/.vscode-server/bin/6509174151d557a81c9d0b5f8a5a1e9274db5585/extensions/github/dist/extension.js:2:714434)
	at /home/aom91/.vscode-server/bin/6509174151d557a81c9d0b5f8a5a1e9274db5585/extensions/github/dist/extension.js:2:715075
	at n.value (/home/aom91/.vscode-server/bin/6509174151d557a81c9d0b5f8a5a1e9274db5585/extensions/git/dist/main.js:2:1396602)
	at m.w (/home/aom91/.vscode-server/bin/6509174151d557a81c9d0b5f8a5a1e9274db5585/out/vs/workbench/api/node/extensionHostProcess.js:63:1902)
	at m.x (/home/aom91/.vscode-server/bin/6509174151d557a81c9d0b5f8a5a1e9274db5585/out/vs/workbench/api/node/extensionHostProcess.js:63:1972)
	at m.fire (/home/aom91/.vscode-server/bin/6509174151d557a81c9d0b5f8a5a1e9274db5585/out/vs/workbench/api/node/extensionHostProcess.js:63:2188)
	at Object.m [as dispose] (/home/aom91/.vscode-server/bin/6509174151d557a81c9d0b5f8a5a1e9274db5585/extensions/git/dist/main.js:2:1324784)
	at /home/aom91/.vscode-server/bin/6509174151d557a81c9d0b5f8a5a1e9274db5585/extensions/git/dist/main.js:2:1329625
	at Array.forEach (<anonymous>)
	at g.dispose (/home/aom91/.vscode-server/bin/6509174151d557a81c9d0b5f8a5a1e9274db5585/extensions/git/dist/main.js:2:1329611)
	at E.<anonymous> (/home/aom91/.vscode-server/bin/6509174151d557a81c9d0b5f8a5a1e9274db5585/out/vs/workbench/api/node/extensionHostProcess.js:104:3484)
	at E.dispose (/home/aom91/.vscode-server/bin/6509174151d557a81c9d0b5f8a5a1e9274db5585/out/vs/workbench/api/node/extensionHostProcess.js:104:3581)
	at E.<anonymous> (/home/aom91/.vscode-server/bin/6509174151d557a81c9d0b5f8a5a1e9274db5585/extensions/git/dist/main.js:2:1311012)
	at E.dispose (/home/aom91/.vscode-server/bin/6509174151d557a81c9d0b5f8a5a1e9274db5585/out/vs/workbench/api/node/extensionHostProcess.js:104:3581)
	at k (/home/aom91/.vscode-server/bin/6509174151d557a81c9d0b5f8a5a1e9274db5585/out/vs/workbench/api/node/extensionHostProcess.js:13:11730)
	at n.Z (/home/aom91/.vscode-server/bin/6509174151d557a81c9d0b5f8a5a1e9274db5585/out/vs/workbench/api/node/extensionHostProcess.js:119:9652)
	at /home/aom91/.vscode-server/bin/6509174151d557a81c9d0b5f8a5a1e9274db5585/out/vs/workbench/api/node/extensionHostProcess.js:119:7585
	at Array.map (<anonymous>)
	at n.S (/home/aom91/.vscode-server/bin/6509174151d557a81c9d0b5f8a5a1e9274db5585/out/vs/workbench/api/node/extensionHostProcess.js:119:7572)
	at n.terminate (/home/aom91/.vscode-server/bin/6509174151d557a81c9d0b5f8a5a1e9274db5585/out/vs/workbench/api/node/extensionHostProcess.js:119:7844)
	at o.terminate (/home/aom91/.vscode-server/bin/6509174151d557a81c9d0b5f8a5a1e9274db5585/out/vs/workbench/api/node/extensionHostProcess.js:123:1513)
	at D (/home/aom91/.vscode-server/bin/6509174151d557a81c9d0b5f8a5a1e9274db5585/out/vs/workbench/api/node/extensionHostProcess.js:136:9800)
	at n.value (/home/aom91/.vscode-server/bin/6509174151d557a81c9d0b5f8a5a1e9274db5585/out/vs/workbench/api/node/extensionHostProcess.js:136:7847)
	at m.w (/home/aom91/.vscode-server/bin/6509174151d557a81c9d0b5f8a5a1e9274db5585/out/vs/workbench/api/node/extensionHostProcess.js:63:1902)
	at m.fire (/home/aom91/.vscode-server/bin/6509174151d557a81c9d0b5f8a5a1e9274db5585/out/vs/workbench/api/node/extensionHostProcess.js:63:2119)
	at v.fire (/home/aom91/.vscode-server/bin/6509174151d557a81c9d0b5f8a5a1e9274db5585/out/vs/workbench/api/node/extensionHostProcess.js:79:13940)
	at s.z (/home/aom91/.vscode-server/bin/6509174151d557a81c9d0b5f8a5a1e9274db5585/out/vs/workbench/api/node/extensionHostProcess.js:79:17005)
	at n.value (/home/aom91/.vscode-server/bin/6509174151d557a81c9d0b5f8a5a1e9274db5585/out/vs/workbench/api/node/extensionHostProcess.js:79:15457)
	at m.w (/home/aom91/.vscode-server/bin/6509174151d557a81c9d0b5f8a5a1e9274db5585/out/vs/workbench/api/node/extensionHostProcess.js:63:1902)
	at m.fire (/home/aom91/.vscode-server/bin/6509174151d557a81c9d0b5f8a5a1e9274db5585/out/vs/workbench/api/node/extensionHostProcess.js:63:2119)
	at n.acceptChunk (/home/aom91/.vscode-server/bin/6509174151d557a81c9d0b5f8a5a1e9274db5585/out/vs/workbench/api/node/extensionHostProcess.js:79:11714)
	at n.value (/home/aom91/.vscode-server/bin/6509174151d557a81c9d0b5f8a5a1e9274db5585/out/vs/workbench/api/node/extensionHostProcess.js:79:11001)
	at m.w (/home/aom91/.vscode-server/bin/6509174151d557a81c9d0b5f8a5a1e9274db5585/out/vs/workbench/api/node/extensionHostProcess.js:63:1902)
	at m.fire (/home/aom91/.vscode-server/bin/6509174151d557a81c9d0b5f8a5a1e9274db5585/out/vs/workbench/api/node/extensionHostProcess.js:63:2119)
	at m.u (/home/aom91/.vscode-server/bin/6509174151d557a81c9d0b5f8a5a1e9274db5585/out/vs/workbench/api/node/extensionHostProcess.js:133:19093)
	at m.acceptFrame (/home/aom91/.vscode-server/bin/6509174151d557a81c9d0b5f8a5a1e9274db5585/out/vs/workbench/api/node/extensionHostProcess.js:133:18899)
	at a.l (/home/aom91/.vscode-server/bin/6509174151d557a81c9d0b5f8a5a1e9274db5585/out/vs/workbench/api/node/extensionHostProcess.js:133:17532)
	at /home/aom91/.vscode-server/bin/6509174151d557a81c9d0b5f8a5a1e9274db5585/out/vs/workbench/api/node/extensionHostProcess.js:133:14879
	at Socket.p (/home/aom91/.vscode-server/bin/6509174151d557a81c9d0b5f8a5a1e9274db5585/out/vs/workbench/api/node/extensionHostProcess.js:133:12793)
	at Socket.emit (node:events:513:28)
	at addChunk (node:internal/streams/readable:324:12)
	at readableAddChunk (node:internal/streams/readable:297:9)
	at Readable.push (node:internal/streams/readable:234:10)
	at TCP.onStreamRead (node:internal/stream_base_commons:190:23) setContext undefined
2023-09-13 18:51:59.865 [error] Error: Stopping the server timed out
	at /home/aom91/.vscode-server/bin/6509174151d557a81c9d0b5f8a5a1e9274db5585/extensions/html-language-features/client/dist/node/htmlClientMain.js:2:657542
	at async Object.dispose (/home/aom91/.vscode-server/bin/6509174151d557a81c9d0b5f8a5a1e9274db5585/extensions/html-language-features/client/dist/node/htmlClientMain.js:2:925030)
	at async Object.dispose (/home/aom91/.vscode-server/bin/6509174151d557a81c9d0b5f8a5a1e9274db5585/extensions/html-language-features/client/dist/node/htmlClientMain.js:2:926668)
	at async e.deactivate (/home/aom91/.vscode-server/bin/6509174151d557a81c9d0b5f8a5a1e9274db5585/extensions/html-language-features/client/dist/node/htmlClientMain.js:2:1078722)
	at async Promise.all (index 5)
	at async n.S (/home/aom91/.vscode-server/bin/6509174151d557a81c9d0b5f8a5a1e9274db5585/out/vs/workbench/api/node/extensionHostProcess.js:119:7599)
2023-09-13 18:51:59.891 [error] Error: Channel has been closed
	at i (/home/aom91/.vscode-server/bin/6509174151d557a81c9d0b5f8a5a1e9274db5585/out/vs/workbench/api/node/extensionHostProcess.js:118:2880)
	at Object.trace (/home/aom91/.vscode-server/bin/6509174151d557a81c9d0b5f8a5a1e9274db5585/out/vs/workbench/api/node/extensionHostProcess.js:118:3145)
	at t.$b.start (/home/aom91/.vscode-server/bin/6509174151d557a81c9d0b5f8a5a1e9274db5585/extensions/git/dist/main.js:2:1334547)
	at R.Y (/home/aom91/.vscode-server/bin/6509174151d557a81c9d0b5f8a5a1e9274db5585/extensions/git/dist/main.js:2:1373087)
	at R.status (/home/aom91/.vscode-server/bin/6509174151d557a81c9d0b5f8a5a1e9274db5585/extensions/git/dist/main.js:2:1358547)
	at R.o (/home/aom91/.vscode-server/bin/6509174151d557a81c9d0b5f8a5a1e9274db5585/extensions/git/dist/main.js:2:1265270)
	at R.lb (/home/aom91/.vscode-server/bin/6509174151d557a81c9d0b5f8a5a1e9274db5585/extensions/git/dist/main.js:2:1379082)
	at runNextTicks (node:internal/process/task_queues:60:5)
	at process.processTimers (node:internal/timers:509:9)
2023-09-13 18:51:59.892 [info] Extension host with pid 1884 exiting with code 0
