0 verbose cli /home/aom91/.nvm/versions/node/v18.16.1/bin/node /home/aom91/.nvm/versions/node/v18.16.1/lib/node_modules/npm/bin/npm-cli.js
1 info using npm@9.5.1
2 info using node@v18.16.1
3 timing npm:load:whichnode Completed in 96ms
4 timing config:load:defaults Completed in 80ms
5 timing config:load:file:/home/aom91/.nvm/versions/node/v18.16.1/lib/node_modules/npm/npmrc Completed in 77ms
6 timing config:load:builtin Completed in 77ms
7 timing config:load:cli Completed in 33ms
8 timing config:load:env Completed in 2ms
9 timing config:load:file:/home/aom91/coursework/block28/ReactRouter/.npmrc Completed in 0ms
10 timing config:load:project Completed in 210ms
11 timing config:load:file:/home/aom91/.npmrc Completed in 98ms
12 timing config:load:user Completed in 242ms
13 timing config:load:file:/home/aom91/.nvm/versions/node/v18.16.1/etc/npmrc Completed in 3ms
14 timing config:load:global Completed in 4ms
15 timing config:load:setEnvs Completed in 109ms
16 timing config:load Completed in 760ms
17 timing npm:load:configload Completed in 760ms
18 timing npm:load:mkdirpcache Completed in 2ms
19 timing npm:load:mkdirplogs Completed in 84ms
20 verbose title npm exec vite --port=4000
21 verbose argv "exec" "--" "vite" "--port=4000"
22 timing npm:load:setTitle Completed in 43ms
23 timing config:load:flatten Completed in 69ms
24 timing npm:load:display Completed in 152ms
25 verbose logfile logs-max:10 dir:/home/aom91/.npm/_logs/2023-09-21T00_32_23_818Z-
26 verbose logfile /home/aom91/.npm/_logs/2023-09-21T00_32_23_818Z-debug-0.log
27 timing npm:load:logFile Completed in 78ms
28 timing npm:load:timers Completed in 0ms
29 timing npm:load:configScope Completed in 1ms
30 timing npm:load Completed in 1340ms
31 silly logfile start cleaning logs, removing 2 files
32 silly logfile done cleaning log files
