0 verbose cli /home/aom91/.nvm/versions/node/v18.16.1/bin/node /home/aom91/.nvm/versions/node/v18.16.1/bin/npm
1 info using npm@9.5.1
2 info using node@v18.16.1
3 timing npm:load:whichnode Completed in 39ms
4 timing config:load:defaults Completed in 34ms
5 timing config:load:file:/home/aom91/.nvm/versions/node/v18.16.1/lib/node_modules/npm/npmrc Completed in 13ms
6 timing config:load:builtin Completed in 13ms
7 timing config:load:cli Completed in 31ms
8 timing config:load:env Completed in 12ms
9 timing config:load:file:/home/aom91/coursework/block28/ReactRouter/.npmrc Completed in 1ms
10 timing config:load:project Completed in 74ms
11 timing config:load:file:/home/aom91/.npmrc Completed in 1ms
12 timing config:load:user Completed in 2ms
13 timing config:load:file:/home/aom91/.nvm/versions/node/v18.16.1/etc/npmrc Completed in 10ms
14 timing config:load:global Completed in 11ms
15 timing config:load:setEnvs Completed in 16ms
16 timing config:load Completed in 199ms
17 timing npm:load:configload Completed in 201ms
18 timing npm:load:mkdirpcache Completed in 2ms
19 timing npm:load:mkdirplogs Completed in 12ms
20 verbose title npm run dev
21 verbose argv "run" "dev"
22 timing npm:load:setTitle Completed in 20ms
23 timing config:load:flatten Completed in 173ms
24 timing npm:load:display Completed in 190ms
25 verbose logfile logs-max:10 dir:/home/aom91/.npm/_logs/2023-09-21T00_37_29_891Z-
26 verbose logfile /home/aom91/.npm/_logs/2023-09-21T00_37_29_891Z-debug-0.log
27 timing npm:load:logFile Completed in 116ms
28 timing npm:load:timers Completed in 0ms
29 timing npm:load:configScope Completed in 0ms
30 timing npm:load Completed in 594ms
31 silly logfile start cleaning logs, removing 1 files
32 silly logfile done cleaning log files
33 timing command:run Completed in 25773ms
34 verbose exit 1
35 timing npm Completed in 26653ms
36 verbose code 1
