0 verbose cli /home/aom91/.nvm/versions/node/v18.16.1/bin/node /home/aom91/.nvm/versions/node/v18.16.1/bin/npm
1 info using npm@9.5.1
2 info using node@v18.16.1
3 timing npm:load:whichnode Completed in 2ms
4 timing config:load:defaults Completed in 3ms
5 timing config:load:file:/home/aom91/.nvm/versions/node/v18.16.1/lib/node_modules/npm/npmrc Completed in 0ms
6 timing config:load:builtin Completed in 0ms
7 timing config:load:cli Completed in 4ms
8 timing config:load:env Completed in 1ms
9 timing config:load:file:/home/aom91/.cache/typescript/5.2/.npmrc Completed in 1ms
10 timing config:load:project Completed in 3ms
11 timing config:load:file:/home/aom91/.npmrc Completed in 0ms
12 timing config:load:user Completed in 1ms
13 timing config:load:file:/home/aom91/.nvm/versions/node/v18.16.1/etc/npmrc Completed in 0ms
14 timing config:load:global Completed in 1ms
15 timing config:load:setEnvs Completed in 2ms
16 timing config:load Completed in 17ms
17 timing npm:load:configload Completed in 17ms
18 timing npm:load:mkdirpcache Completed in 0ms
19 timing npm:load:mkdirplogs Completed in 0ms
20 verbose title npm install @types/react@ts5.2 @types/react-dom@ts5.2 @types/eslint@ts5.2
21 verbose argv "install" "--ignore-scripts" "@types/react@ts5.2" "@types/react-dom@ts5.2" "@types/eslint@ts5.2" "--save-dev" "--user-agent" "typesInstaller/5.2.2"
22 timing npm:load:setTitle Completed in 3ms
23 timing config:load:flatten Completed in 7ms
24 timing npm:load:display Completed in 9ms
25 verbose logfile logs-max:10 dir:/home/aom91/.npm/_logs/2023-09-18T22_32_48_356Z-
26 verbose logfile /home/aom91/.npm/_logs/2023-09-18T22_32_48_356Z-debug-0.log
27 timing npm:load:logFile Completed in 12ms
28 timing npm:load:timers Completed in 0ms
29 timing npm:load:configScope Completed in 0ms
30 timing npm:load Completed in 47ms
31 timing arborist:ctor Completed in 2ms
32 silly logfile start cleaning logs, removing 1 files
33 silly logfile done cleaning log files
34 timing idealTree:init Completed in 75ms
35 timing arborist:ctor Completed in 1ms
36 http fetch GET 200 https://registry.npmjs.org/@types%2freact-dom 747ms (cache revalidated)
37 http fetch GET 200 https://registry.npmjs.org/@types%2feslint 751ms (cache revalidated)
38 http fetch GET 200 https://registry.npmjs.org/@types%2freact 764ms (cache revalidated)
39 timing idealTree:userRequests Completed in 781ms
40 silly idealTree buildDeps
41 silly fetch manifest @types/eslint@8.44.2
42 silly fetch manifest @types/react@18.2.22
43 silly fetch manifest @types/react-dom@18.2.7
44 silly placeDep ROOT @types/eslint@8.44.2 REPLACE for:  want: 8.44.2
45 silly placeDep ROOT @types/react@18.2.22 REPLACE for:  want: 18.2.22
46 silly placeDep ROOT @types/react-dom@18.2.7 REPLACE for:  want: 18.2.7
47 timing idealTree:#root Completed in 30ms
48 timing idealTree:node_modules/@types/eslint Completed in 0ms
49 timing idealTree:node_modules/@types/react Completed in 0ms
50 timing idealTree:node_modules/@types/react-dom Completed in 0ms
51 timing idealTree:buildDeps Completed in 34ms
52 timing idealTree:fixDepFlags Completed in 1ms
53 timing idealTree Completed in 896ms
54 timing reify:loadTrees Completed in 899ms
55 timing reify:diffTrees Completed in 4ms
56 silly reify mark retired [ '/home/aom91/.cache/typescript/5.2/node_modules/@types/react' ]
57 silly reify moves {
57 silly reify   '/home/aom91/.cache/typescript/5.2/node_modules/@types/react': '/home/aom91/.cache/typescript/5.2/node_modules/@types/.react-oCQDvyws'
57 silly reify }
58 timing reify:retireShallow Completed in 9ms
59 timing reify:createSparse Completed in 2ms
60 timing reify:loadBundles Completed in 0ms
61 silly audit bulk request {
61 silly audit   '@babel/helper-string-parser': [ '7.22.5' ],
61 silly audit   '@babel/helper-validator-identifier': [ '7.22.15' ],
61 silly audit   '@babel/parser': [ '7.22.16' ],
61 silly audit   '@babel/types': [ '7.22.17' ],
61 silly audit   '@types/babel__code-frame': [ '7.0.3' ],
61 silly audit   '@types/babel__core': [ '7.20.1' ],
61 silly audit   '@types/babel__generator': [ '7.6.4' ],
61 silly audit   '@types/babel__template': [ '7.4.1' ],
61 silly audit   '@types/babel__traverse': [ '7.20.1' ],
61 silly audit   '@types/estree': [ '1.0.1' ],
61 silly audit   '@types/gensync': [ '1.0.0' ],
61 silly audit   '@types/json-schema': [ '7.0.12' ],
61 silly audit   '@types/node': [ '20.6.0' ],
61 silly audit   '@types/prop-types': [ '15.7.5' ],
61 silly audit   '@types/scheduler': [ '0.16.3' ],
61 silly audit   '@types/semver': [ '7.5.1' ],
61 silly audit   csstype: [ '3.1.2' ],
61 silly audit   'to-fast-properties': [ '2.0.0' ],
61 silly audit   'types-registry': [ '0.1.661' ],
61 silly audit   '@types/eslint': [ '8.44.2' ],
61 silly audit   '@types/react': [ '18.2.22' ],
61 silly audit   '@types/react-dom': [ '18.2.7' ]
61 silly audit }
62 timing reifyNode:node_modules/@types/react Completed in 55ms
63 timing reify:unpack Completed in 55ms
64 timing reify:unretire Completed in 0ms
65 timing build:queue Completed in 1ms
66 timing build:deps Completed in 1ms
67 timing build Completed in 1ms
68 timing reify:build Completed in 1ms
69 timing reify:trash Completed in 7ms
70 timing reify:save Completed in 28ms
71 http fetch POST 200 https://registry.npmjs.org/-/npm/v1/security/advisories/bulk 153ms
72 timing auditReport:getReport Completed in 157ms
73 silly audit report {}
74 timing auditReport:init Completed in 0ms
75 timing reify:audit Completed in 158ms
76 timing reify Completed in 1084ms
77 silly CHANGE node_modules/@types/react
78 timing command:install Completed in 1094ms
79 verbose exit 0
80 timing npm Completed in 1168ms
81 info ok
