0 verbose cli /home/aom91/.nvm/versions/node/v18.16.1/bin/node /home/aom91/.nvm/versions/node/v18.16.1/bin/npm
1 info using npm@9.5.1
2 info using node@v18.16.1
3 timing npm:load:whichnode Completed in 3ms
4 timing config:load:defaults Completed in 4ms
5 timing config:load:file:/home/aom91/.nvm/versions/node/v18.16.1/lib/node_modules/npm/npmrc Completed in 1ms
6 timing config:load:builtin Completed in 1ms
7 timing config:load:cli Completed in 3ms
8 timing config:load:env Completed in 1ms
9 timing config:load:file:/home/aom91/coursework/block27/.npmrc Completed in 0ms
10 timing config:load:project Completed in 5ms
11 timing config:load:file:/home/aom91/.npmrc Completed in 0ms
12 timing config:load:user Completed in 0ms
13 timing config:load:file:/home/aom91/.nvm/versions/node/v18.16.1/etc/npmrc Completed in 1ms
14 timing config:load:global Completed in 1ms
15 timing config:load:setEnvs Completed in 2ms
16 timing config:load Completed in 17ms
17 timing npm:load:configload Completed in 17ms
18 timing npm:load:mkdirpcache Completed in 1ms
19 timing npm:load:mkdirplogs Completed in 2ms
20 verbose title npm create vite@latest.
21 verbose argv "create" "vite@latest."
22 timing npm:load:setTitle Completed in 2ms
23 timing config:load:flatten Completed in 6ms
24 timing npm:load:display Completed in 7ms
25 verbose logfile logs-max:10 dir:/home/aom91/.npm/_logs/2023-09-18T22_14_27_994Z-
26 verbose logfile /home/aom91/.npm/_logs/2023-09-18T22_14_27_994Z-debug-0.log
27 timing npm:load:logFile Completed in 12ms
28 timing npm:load:timers Completed in 0ms
29 timing npm:load:configScope Completed in 0ms
30 timing npm:load Completed in 45ms
31 silly logfile start cleaning logs, removing 1 files
32 timing arborist:ctor Completed in 2ms
33 silly logfile done cleaning log files
34 http fetch GET 200 https://registry.npmjs.org/create-vite 2495ms (cache revalidated)
35 timing command:create Completed in 2538ms
36 verbose type tag
37 verbose stack create-vite: No matching version found for create-vite@latest..
37 verbose stack     at module.exports (/home/aom91/.nvm/versions/node/v18.16.1/lib/node_modules/npm/node_modules/npm-pick-manifest/lib/index.js:209:23)
37 verbose stack     at RegistryFetcher.manifest (/home/aom91/.nvm/versions/node/v18.16.1/lib/node_modules/npm/node_modules/pacote/lib/registry.js:119:22)
37 verbose stack     at async getManifest (/home/aom91/.nvm/versions/node/v18.16.1/lib/node_modules/npm/node_modules/libnpmexec/lib/index.js:30:22)
37 verbose stack     at async missingFromTree (/home/aom91/.nvm/versions/node/v18.16.1/lib/node_modules/npm/node_modules/libnpmexec/lib/index.js:61:22)
37 verbose stack     at async /home/aom91/.nvm/versions/node/v18.16.1/lib/node_modules/npm/node_modules/libnpmexec/lib/index.js:165:32
37 verbose stack     at async Promise.all (index 0)
37 verbose stack     at async exec (/home/aom91/.nvm/versions/node/v18.16.1/lib/node_modules/npm/node_modules/libnpmexec/lib/index.js:163:3)
37 verbose stack     at async Init.execCreate (/home/aom91/.nvm/versions/node/v18.16.1/lib/node_modules/npm/lib/commands/init.js:134:5)
37 verbose stack     at async Init.exec (/home/aom91/.nvm/versions/node/v18.16.1/lib/node_modules/npm/lib/commands/init.js:41:14)
37 verbose stack     at async module.exports (/home/aom91/.nvm/versions/node/v18.16.1/lib/node_modules/npm/lib/cli.js:134:5)
38 verbose cwd /home/aom91/coursework/block27
39 verbose Linux 5.15.90.1-microsoft-standard-WSL2
40 verbose node v18.16.1
41 verbose npm  v9.5.1
42 error code ETARGET
43 error notarget No matching version found for create-vite@latest..
44 error notarget In most cases you or one of your dependencies are requesting
44 error notarget a package version that doesn't exist.
45 verbose exit 1
46 timing npm Completed in 2726ms
47 verbose code 1
48 error A complete log of this run can be found in:
48 error     /home/aom91/.npm/_logs/2023-09-18T22_14_27_994Z-debug-0.log
