0 verbose cli /home/aom91/.nvm/versions/node/v18.16.1/bin/node /home/aom91/.nvm/versions/node/v18.16.1/bin/npm
1 info using npm@9.5.1
2 info using node@v18.16.1
3 timing npm:load:whichnode Completed in 4ms
4 timing config:load:defaults Completed in 16ms
5 timing config:load:file:/home/aom91/.nvm/versions/node/v18.16.1/lib/node_modules/npm/npmrc Completed in 0ms
6 timing config:load:builtin Completed in 1ms
7 timing config:load:cli Completed in 4ms
8 timing config:load:env Completed in 1ms
9 timing config:load:file:/home/aom91/.cache/typescript/5.1/.npmrc Completed in 0ms
10 timing config:load:project Completed in 18ms
11 timing config:load:file:/home/aom91/.npmrc Completed in 0ms
12 timing config:load:user Completed in 1ms
13 timing config:load:file:/home/aom91/.nvm/versions/node/v18.16.1/etc/npmrc Completed in 0ms
14 timing config:load:global Completed in 1ms
15 timing config:load:setEnvs Completed in 5ms
16 timing config:load Completed in 49ms
17 timing npm:load:configload Completed in 49ms
18 timing npm:load:mkdirpcache Completed in 16ms
19 timing npm:load:mkdirplogs Completed in 2ms
20 verbose title npm install @types/babel__code-frame@ts5.1 @types/babel__core@ts5.1 @types/semver@ts5.1 @types/babel__generator@ts5.1 @types/babel__template@ts5.1 @types/babel__traverse@ts5.1 @types/gensync@ts5.1 @types/node@ts5.1
21 verbose argv "install" "--ignore-scripts" "@types/babel__code-frame@ts5.1" "@types/babel__core@ts5.1" "@types/semver@ts5.1" "@types/babel__generator@ts5.1" "@types/babel__template@ts5.1" "@types/babel__traverse@ts5.1" "@types/gensync@ts5.1" "@types/node@ts5.1" "--save-dev" "--user-agent" "typesInstaller/5.1.6"
22 timing npm:load:setTitle Completed in 35ms
23 timing config:load:flatten Completed in 38ms
24 timing npm:load:display Completed in 43ms
25 verbose logfile logs-max:10 dir:/home/aom91/.npm/_logs/2023-09-10T23_41_52_826Z-
26 verbose logfile /home/aom91/.npm/_logs/2023-09-10T23_41_52_826Z-debug-0.log
27 timing npm:load:logFile Completed in 42ms
28 timing npm:load:timers Completed in 1ms
29 timing npm:load:configScope Completed in 0ms
30 timing npm:load Completed in 193ms
31 timing arborist:ctor Completed in 3ms
32 silly logfile start cleaning logs, removing 1 files
33 silly logfile done cleaning log files
34 timing idealTree:init Completed in 152ms
35 timing arborist:ctor Completed in 0ms
36 http fetch GET 200 https://registry.npmjs.org/@types%2fgensync 579ms (cache miss)
37 http fetch GET 200 https://registry.npmjs.org/@types%2fbabel__core 619ms (cache revalidated)
38 http fetch GET 200 https://registry.npmjs.org/@types%2fbabel__template 620ms (cache revalidated)
39 http fetch GET 200 https://registry.npmjs.org/@types%2fbabel__generator 623ms (cache revalidated)
40 http fetch GET 200 https://registry.npmjs.org/@types%2fnode 653ms (cache revalidated)
41 http fetch GET 200 https://registry.npmjs.org/@types%2fsemver 686ms (cache miss)
42 http fetch GET 200 https://registry.npmjs.org/@types%2fbabel__code-frame 1018ms (cache miss)
43 http fetch GET 200 https://registry.npmjs.org/@types%2fbabel__traverse 1214ms (cache revalidated)
44 timing idealTree:userRequests Completed in 1230ms
45 silly idealTree buildDeps
46 silly fetch manifest @types/gensync@1.0.0
47 silly fetch manifest @types/babel__core@7.20.1
48 silly fetch manifest @types/babel__template@7.4.1
49 silly fetch manifest @types/babel__generator@7.6.4
50 silly fetch manifest @types/node@20.6.0
51 silly fetch manifest @types/semver@7.5.1
52 silly fetch manifest @types/babel__code-frame@7.0.3
53 silly fetch manifest @types/babel__traverse@7.20.1
54 silly placeDep ROOT @types/babel__code-frame@7.0.3 OK for:  want: 7.0.3
55 silly placeDep ROOT @types/babel__core@7.20.1 OK for:  want: 7.20.1
56 silly placeDep ROOT @types/babel__generator@7.6.4 OK for:  want: 7.6.4
57 silly placeDep ROOT @types/babel__template@7.4.1 OK for:  want: 7.4.1
58 silly placeDep ROOT @types/babel__traverse@7.20.1 OK for:  want: 7.20.1
59 silly placeDep ROOT @types/gensync@1.0.0 OK for:  want: 1.0.0
60 silly placeDep ROOT @types/node@20.6.0 OK for:  want: 20.6.0
61 silly placeDep ROOT @types/semver@7.5.1 OK for:  want: 7.5.1
62 silly fetch manifest @babel/parser@^7.20.7
63 silly fetch manifest @babel/types@^7.20.7
64 silly fetch manifest @babel/types@^7.0.0
65 silly fetch manifest @babel/parser@^7.1.0
66 http fetch GET 200 https://registry.npmjs.org/@babel%2ftypes 108ms (cache revalidated)
67 http fetch GET 200 https://registry.npmjs.org/@babel%2ftypes 109ms (cache revalidated)
68 http fetch GET 200 https://registry.npmjs.org/@babel%2fparser 118ms (cache revalidated)
69 http fetch GET 200 https://registry.npmjs.org/@babel%2fparser 752ms (cache revalidated)
70 timing idealTree:#root Completed in 819ms
71 timing idealTree:node_modules/@types/babel__code-frame Completed in 1ms
72 silly placeDep ROOT @babel/parser@7.22.16 OK for: @types/babel__core@7.20.1 want: ^7.20.7
73 silly placeDep ROOT @babel/types@7.22.17 OK for: @types/babel__core@7.20.1 want: ^7.20.7
74 silly fetch manifest @babel/helper-string-parser@^7.22.5
75 silly fetch manifest @babel/helper-validator-identifier@^7.22.15
76 silly fetch manifest to-fast-properties@^2.0.0
77 http fetch GET 200 https://registry.npmjs.org/to-fast-properties 90ms (cache revalidated)
78 http fetch GET 200 https://registry.npmjs.org/@babel%2fhelper-validator-identifier 128ms (cache revalidated)
79 http fetch GET 200 https://registry.npmjs.org/@babel%2fhelper-string-parser 135ms (cache revalidated)
80 timing idealTree:node_modules/@types/babel__core Completed in 155ms
81 timing idealTree:node_modules/@babel/parser Completed in 0ms
82 silly placeDep ROOT @babel/helper-string-parser@7.22.5 OK for: @babel/types@7.22.17 want: ^7.22.5
83 silly placeDep ROOT @babel/helper-validator-identifier@7.22.15 OK for: @babel/types@7.22.17 want: ^7.22.15
84 silly placeDep ROOT to-fast-properties@2.0.0 OK for: @babel/types@7.22.17 want: ^2.0.0
85 timing idealTree:node_modules/@babel/types Completed in 12ms
86 timing idealTree:node_modules/@babel/helper-string-parser Completed in 0ms
87 timing idealTree:node_modules/@babel/helper-validator-identifier Completed in 0ms
88 timing idealTree:node_modules/@types/babel__generator Completed in 1ms
89 timing idealTree:node_modules/@types/babel__template Completed in 0ms
90 timing idealTree:node_modules/@types/babel__traverse Completed in 0ms
91 timing idealTree:node_modules/@types/gensync Completed in 0ms
92 timing idealTree:node_modules/@types/node Completed in 0ms
93 timing idealTree:node_modules/@types/semver Completed in 0ms
94 timing idealTree:node_modules/to-fast-properties Completed in 0ms
95 timing idealTree:buildDeps Completed in 993ms
96 timing idealTree:fixDepFlags Completed in 1ms
97 timing idealTree Completed in 2380ms
98 timing reify:loadTrees Completed in 2386ms
99 timing reify:diffTrees Completed in 4ms
100 silly reify moves {}
101 timing reify:retireShallow Completed in 2ms
102 timing reify:createSparse Completed in 14ms
103 timing reify:loadBundles Completed in 0ms
104 silly audit bulk request {
104 silly audit   '@types/eslint': [ '8.44.2' ],
104 silly audit   '@types/estree': [ '1.0.1' ],
104 silly audit   '@types/json-schema': [ '7.0.12' ],
104 silly audit   '@types/prop-types': [ '15.7.5' ],
104 silly audit   '@types/react': [ '18.2.21' ],
104 silly audit   '@types/react-dom': [ '18.2.7' ],
104 silly audit   '@types/scheduler': [ '0.16.3' ],
104 silly audit   csstype: [ '3.1.2' ],
104 silly audit   'types-registry': [ '0.1.660' ],
104 silly audit   '@types/babel__code-frame': [ '7.0.3' ],
104 silly audit   '@types/babel__core': [ '7.20.1' ],
104 silly audit   '@types/babel__generator': [ '7.6.4' ],
104 silly audit   '@types/babel__template': [ '7.4.1' ],
104 silly audit   '@types/babel__traverse': [ '7.20.1' ],
104 silly audit   '@types/gensync': [ '1.0.0' ],
104 silly audit   '@types/node': [ '20.6.0' ],
104 silly audit   '@types/semver': [ '7.5.1' ],
104 silly audit   '@babel/parser': [ '7.22.16' ],
104 silly audit   '@babel/types': [ '7.22.17' ],
104 silly audit   '@babel/helper-string-parser': [ '7.22.5' ],
104 silly audit   '@babel/helper-validator-identifier': [ '7.22.15' ],
104 silly audit   'to-fast-properties': [ '2.0.0' ]
104 silly audit }
105 silly tarball no local data for @types/semver@https://registry.npmjs.org/@types/semver/-/semver-7.5.1.tgz. Extracting by manifest.
106 silly tarball no local data for @types/node@https://registry.npmjs.org/@types/node/-/node-20.6.0.tgz. Extracting by manifest.
107 silly tarball no local data for @types/gensync@https://registry.npmjs.org/@types/gensync/-/gensync-1.0.0.tgz. Extracting by manifest.
108 silly tarball no local data for @types/babel__code-frame@https://registry.npmjs.org/@types/babel__code-frame/-/babel__code-frame-7.0.3.tgz. Extracting by manifest.
109 http fetch POST 200 https://registry.npmjs.org/-/npm/v1/security/advisories/bulk 244ms
110 timing auditReport:getReport Completed in 249ms
111 silly audit report {}
112 timing auditReport:init Completed in 0ms
113 timing reify:audit Completed in 251ms
114 timing reifyNode:node_modules/to-fast-properties Completed in 256ms
115 timing reifyNode:node_modules/@types/babel__template Completed in 262ms
116 timing reifyNode:node_modules/@types/babel__generator Completed in 262ms
117 timing reifyNode:node_modules/@types/babel__core Completed in 269ms
118 timing reifyNode:node_modules/@babel/helper-string-parser Completed in 278ms
119 timing reifyNode:node_modules/@types/babel__traverse Completed in 286ms
120 timing reifyNode:node_modules/@babel/helper-validator-identifier Completed in 310ms
121 http fetch GET 200 https://registry.npmjs.org/@types/semver/-/semver-7.5.1.tgz 425ms (cache miss)
122 timing reifyNode:node_modules/@types/semver Completed in 472ms
123 http fetch GET 200 https://registry.npmjs.org/@types/babel__code-frame/-/babel__code-frame-7.0.3.tgz 451ms (cache miss)
124 timing reifyNode:node_modules/@types/babel__code-frame Completed in 493ms
125 http fetch GET 200 https://registry.npmjs.org/@types/gensync/-/gensync-1.0.0.tgz 461ms (cache miss)
126 timing reifyNode:node_modules/@types/gensync Completed in 501ms
127 timing reifyNode:node_modules/@babel/parser Completed in 594ms
128 timing reifyNode:node_modules/@babel/types Completed in 863ms
129 http fetch GET 200 https://registry.npmjs.org/@types/node/-/node-20.6.0.tgz 854ms (cache miss)
130 timing reifyNode:node_modules/@types/node Completed in 893ms
131 timing reify:unpack Completed in 895ms
132 timing reify:unretire Completed in 1ms
133 timing build:queue Completed in 3ms
134 timing build:link:node_modules/@babel/parser Completed in 5ms
135 timing build:link Completed in 5ms
136 timing build:deps Completed in 8ms
137 timing build Completed in 8ms
138 timing reify:build Completed in 9ms
139 timing reify:trash Completed in 0ms
140 timing reify:save Completed in 39ms
141 timing reify Completed in 3414ms
142 silly ADD node_modules/to-fast-properties
143 silly ADD node_modules/@babel/helper-validator-identifier
144 silly ADD node_modules/@babel/helper-string-parser
145 silly ADD node_modules/@babel/types
146 silly ADD node_modules/@babel/parser
147 silly ADD node_modules/@types/semver
148 silly ADD node_modules/@types/node
149 silly ADD node_modules/@types/gensync
150 silly ADD node_modules/@types/babel__traverse
151 silly ADD node_modules/@types/babel__template
152 silly ADD node_modules/@types/babel__generator
153 silly ADD node_modules/@types/babel__core
154 silly ADD node_modules/@types/babel__code-frame
155 timing command:install Completed in 3441ms
156 verbose exit 0
157 timing npm Completed in 3714ms
158 info ok
