0 verbose cli /home/aom91/.nvm/versions/node/v18.16.1/bin/node /home/aom91/.nvm/versions/node/v18.16.1/bin/npm
1 info using npm@9.5.1
2 info using node@v18.16.1
3 timing npm:load:whichnode Completed in 4ms
4 timing config:load:defaults Completed in 5ms
5 timing config:load:file:/home/aom91/.nvm/versions/node/v18.16.1/lib/node_modules/npm/npmrc Completed in 2ms
6 timing config:load:builtin Completed in 2ms
7 timing config:load:cli Completed in 5ms
8 timing config:load:env Completed in 1ms
9 timing config:load:file:/home/aom91/.cache/typescript/5.2/.npmrc Completed in 0ms
10 timing config:load:project Completed in 4ms
11 timing config:load:file:/home/aom91/.npmrc Completed in 0ms
12 timing config:load:user Completed in 1ms
13 timing config:load:file:/home/aom91/.nvm/versions/node/v18.16.1/etc/npmrc Completed in 1ms
14 timing config:load:global Completed in 1ms
15 timing config:load:setEnvs Completed in 2ms
16 timing config:load Completed in 21ms
17 timing npm:load:configload Completed in 22ms
18 timing npm:load:mkdirpcache Completed in 1ms
19 timing npm:load:mkdirplogs Completed in 0ms
20 verbose title npm install types-registry@latest
21 verbose argv "install" "--ignore-scripts" "types-registry@latest"
22 timing npm:load:setTitle Completed in 4ms
23 timing config:load:flatten Completed in 8ms
24 timing npm:load:display Completed in 11ms
25 verbose logfile logs-max:10 dir:/home/aom91/.npm/_logs/2023-09-17T23_24_52_317Z-
26 verbose logfile /home/aom91/.npm/_logs/2023-09-17T23_24_52_317Z-debug-0.log
27 timing npm:load:logFile Completed in 12ms
28 timing npm:load:timers Completed in 0ms
29 timing npm:load:configScope Completed in 0ms
30 timing npm:load Completed in 55ms
31 timing arborist:ctor Completed in 2ms
32 silly logfile start cleaning logs, removing 1 files
33 silly logfile done cleaning log files
34 timing idealTree:init Completed in 89ms
35 timing arborist:ctor Completed in 0ms
36 http fetch GET 200 https://registry.npmjs.org/types-registry 2051ms (cache updated)
37 timing idealTree:userRequests Completed in 2071ms
38 silly idealTree buildDeps
39 silly fetch manifest types-registry@0.1.661
40 silly placeDep ROOT types-registry@0.1.661 REPLACE for:  want: 0.1.661
41 timing idealTree:#root Completed in 12ms
42 timing idealTree:node_modules/types-registry Completed in 0ms
43 timing idealTree:buildDeps Completed in 16ms
44 timing idealTree:fixDepFlags Completed in 1ms
45 timing idealTree Completed in 2180ms
46 timing reify:loadTrees Completed in 2183ms
47 timing reify:diffTrees Completed in 5ms
48 silly reify mark retired [ '/home/aom91/.cache/typescript/5.2/node_modules/types-registry' ]
49 silly reify moves {
49 silly reify   '/home/aom91/.cache/typescript/5.2/node_modules/types-registry': '/home/aom91/.cache/typescript/5.2/node_modules/.types-registry-lAeuvnpu'
49 silly reify }
50 timing reify:retireShallow Completed in 7ms
51 timing reify:createSparse Completed in 1ms
52 timing reify:loadBundles Completed in 0ms
53 silly audit bulk request {
53 silly audit   '@babel/helper-string-parser': [ '7.22.5' ],
53 silly audit   '@babel/helper-validator-identifier': [ '7.22.15' ],
53 silly audit   '@babel/parser': [ '7.22.16' ],
53 silly audit   '@babel/types': [ '7.22.17' ],
53 silly audit   '@types/babel__code-frame': [ '7.0.3' ],
53 silly audit   '@types/babel__core': [ '7.20.1' ],
53 silly audit   '@types/babel__generator': [ '7.6.4' ],
53 silly audit   '@types/babel__template': [ '7.4.1' ],
53 silly audit   '@types/babel__traverse': [ '7.20.1' ],
53 silly audit   '@types/eslint': [ '8.44.2' ],
53 silly audit   '@types/estree': [ '1.0.1' ],
53 silly audit   '@types/gensync': [ '1.0.0' ],
53 silly audit   '@types/json-schema': [ '7.0.12' ],
53 silly audit   '@types/node': [ '20.6.0' ],
53 silly audit   '@types/prop-types': [ '15.7.5' ],
53 silly audit   '@types/react': [ '18.2.21' ],
53 silly audit   '@types/react-dom': [ '18.2.7' ],
53 silly audit   '@types/scheduler': [ '0.16.3' ],
53 silly audit   '@types/semver': [ '7.5.1' ],
53 silly audit   csstype: [ '3.1.2' ],
53 silly audit   'to-fast-properties': [ '2.0.0' ],
53 silly audit   'types-registry': [ '0.1.661' ]
53 silly audit }
54 silly tarball no local data for types-registry@https://registry.npmjs.org/types-registry/-/types-registry-0.1.661.tgz. Extracting by manifest.
55 http fetch POST 200 https://registry.npmjs.org/-/npm/v1/security/advisories/bulk 155ms
56 timing auditReport:getReport Completed in 161ms
57 silly audit report {}
58 timing auditReport:init Completed in 0ms
59 timing reify:audit Completed in 165ms
60 http fetch GET 200 https://registry.npmjs.org/types-registry/-/types-registry-0.1.661.tgz 472ms (cache miss)
61 timing reifyNode:node_modules/types-registry Completed in 486ms
62 timing reify:unpack Completed in 487ms
63 timing reify:unretire Completed in 0ms
64 timing build:queue Completed in 1ms
65 timing build:deps Completed in 1ms
66 timing build Completed in 2ms
67 timing reify:build Completed in 2ms
68 timing reify:trash Completed in 5ms
69 timing reify:save Completed in 61ms
70 timing reify Completed in 2799ms
71 silly CHANGE node_modules/types-registry
72 timing command:install Completed in 2816ms
73 verbose exit 0
74 timing npm Completed in 2922ms
75 info ok
