0 verbose cli /home/aom91/.nvm/versions/node/v18.16.1/bin/node /home/aom91/.nvm/versions/node/v18.16.1/bin/npm
1 info using npm@9.5.1
2 info using node@v18.16.1
3 timing npm:load:whichnode Completed in 10ms
4 timing config:load:defaults Completed in 6ms
5 timing config:load:file:/home/aom91/.nvm/versions/node/v18.16.1/lib/node_modules/npm/npmrc Completed in 7ms
6 timing config:load:builtin Completed in 7ms
7 timing config:load:cli Completed in 7ms
8 timing config:load:env Completed in 1ms
9 timing config:load:file:/home/aom91/.cache/typescript/5.1/.npmrc Completed in 0ms
10 timing config:load:project Completed in 8ms
11 timing config:load:file:/home/aom91/.npmrc Completed in 0ms
12 timing config:load:user Completed in 2ms
13 timing config:load:file:/home/aom91/.nvm/versions/node/v18.16.1/etc/npmrc Completed in 2ms
14 timing config:load:global Completed in 3ms
15 timing config:load:setEnvs Completed in 6ms
16 timing config:load Completed in 40ms
17 timing npm:load:configload Completed in 41ms
18 timing npm:load:mkdirpcache Completed in 1ms
19 timing npm:load:mkdirplogs Completed in 1ms
20 verbose title npm install @types/react@ts5.1 @types/react-dom@ts5.1 @types/eslint@ts5.1
21 verbose argv "install" "--ignore-scripts" "@types/react@ts5.1" "@types/react-dom@ts5.1" "@types/eslint@ts5.1" "--save-dev" "--user-agent" "typesInstaller/5.1.6"
22 timing npm:load:setTitle Completed in 4ms
23 timing config:load:flatten Completed in 13ms
24 timing npm:load:display Completed in 19ms
25 verbose logfile logs-max:10 dir:/home/aom91/.npm/_logs/2023-09-10T23_41_47_774Z-
26 verbose logfile /home/aom91/.npm/_logs/2023-09-10T23_41_47_774Z-debug-0.log
27 timing npm:load:logFile Completed in 21ms
28 timing npm:load:timers Completed in 1ms
29 timing npm:load:configScope Completed in 0ms
30 timing npm:load Completed in 99ms
31 timing arborist:ctor Completed in 3ms
32 silly logfile start cleaning logs, removing 1 files
33 silly logfile done cleaning log files
34 timing idealTree:init Completed in 128ms
35 timing arborist:ctor Completed in 1ms
36 http fetch GET 200 https://registry.npmjs.org/@types%2freact-dom 362ms (cache revalidated)
37 http fetch GET 200 https://registry.npmjs.org/@types%2freact 383ms (cache revalidated)
38 http fetch GET 200 https://registry.npmjs.org/@types%2feslint 782ms (cache revalidated)
39 timing idealTree:userRequests Completed in 808ms
40 silly idealTree buildDeps
41 silly fetch manifest @types/eslint@8.44.2
42 silly fetch manifest @types/react@18.2.21
43 silly fetch manifest @types/react-dom@18.2.7
44 silly placeDep ROOT @types/eslint@8.44.2 REPLACE for:  want: 8.44.2
45 silly placeDep ROOT @types/react@18.2.21 REPLACE for:  want: 18.2.21
46 silly placeDep ROOT @types/react-dom@18.2.7 REPLACE for:  want: 18.2.7
47 timing idealTree:#root Completed in 32ms
48 timing idealTree:node_modules/@types/eslint Completed in 0ms
49 timing idealTree:node_modules/@types/react Completed in 0ms
50 timing idealTree:node_modules/@types/react-dom Completed in 1ms
51 timing idealTree:buildDeps Completed in 35ms
52 timing idealTree:fixDepFlags Completed in 1ms
53 timing idealTree Completed in 975ms
54 timing reify:loadTrees Completed in 978ms
55 timing reify:diffTrees Completed in 3ms
56 silly reify moves {}
57 timing reify:retireShallow Completed in 2ms
58 timing reify:createSparse Completed in 0ms
59 timing reify:loadBundles Completed in 0ms
60 silly audit bulk request {
60 silly audit   '@types/estree': [ '1.0.1' ],
60 silly audit   '@types/json-schema': [ '7.0.12' ],
60 silly audit   '@types/prop-types': [ '15.7.5' ],
60 silly audit   '@types/scheduler': [ '0.16.3' ],
60 silly audit   csstype: [ '3.1.2' ],
60 silly audit   'types-registry': [ '0.1.660' ],
60 silly audit   '@types/eslint': [ '8.44.2' ],
60 silly audit   '@types/react': [ '18.2.21' ],
60 silly audit   '@types/react-dom': [ '18.2.7' ]
60 silly audit }
61 timing reify:unpack Completed in 2ms
62 timing reify:unretire Completed in 0ms
63 timing build:queue Completed in 0ms
64 timing build:deps Completed in 0ms
65 timing build Completed in 1ms
66 timing reify:build Completed in 2ms
67 timing reify:trash Completed in 0ms
68 timing reify:save Completed in 18ms
69 http fetch POST 200 https://registry.npmjs.org/-/npm/v1/security/advisories/bulk 156ms
70 timing auditReport:getReport Completed in 161ms
71 silly audit report {}
72 timing auditReport:init Completed in 0ms
73 timing reify:audit Completed in 163ms
74 timing reify Completed in 1169ms
75 timing command:install Completed in 1186ms
76 verbose exit 0
77 timing npm Completed in 1339ms
78 info ok
