0 verbose cli /home/aom91/.nvm/versions/node/v18.16.1/bin/node /home/aom91/.nvm/versions/node/v18.16.1/bin/npm
1 info using npm@9.5.1
2 info using node@v18.16.1
3 timing npm:load:whichnode Completed in 8ms
4 timing config:load:defaults Completed in 5ms
5 timing config:load:file:/home/aom91/.nvm/versions/node/v18.16.1/lib/node_modules/npm/npmrc Completed in 5ms
6 timing config:load:builtin Completed in 6ms
7 timing config:load:cli Completed in 6ms
8 timing config:load:env Completed in 1ms
9 timing config:load:file:/home/aom91/.cache/typescript/5.2/.npmrc Completed in 1ms
10 timing config:load:project Completed in 3ms
11 timing config:load:file:/home/aom91/.npmrc Completed in 0ms
12 timing config:load:user Completed in 1ms
13 timing config:load:file:/home/aom91/.nvm/versions/node/v18.16.1/etc/npmrc Completed in 0ms
14 timing config:load:global Completed in 0ms
15 timing config:load:setEnvs Completed in 2ms
16 timing config:load Completed in 26ms
17 timing npm:load:configload Completed in 26ms
18 timing npm:load:mkdirpcache Completed in 1ms
19 timing npm:load:mkdirplogs Completed in 0ms
20 verbose title npm install types-registry@latest
21 verbose argv "install" "--ignore-scripts" "types-registry@latest"
22 timing npm:load:setTitle Completed in 3ms
23 timing config:load:flatten Completed in 8ms
24 timing npm:load:display Completed in 9ms
25 verbose logfile logs-max:10 dir:/home/aom91/.npm/_logs/2023-09-18T22_32_45_477Z-
26 verbose logfile /home/aom91/.npm/_logs/2023-09-18T22_32_45_477Z-debug-0.log
27 timing npm:load:logFile Completed in 12ms
28 timing npm:load:timers Completed in 1ms
29 timing npm:load:configScope Completed in 0ms
30 timing npm:load Completed in 61ms
31 timing arborist:ctor Completed in 2ms
32 silly logfile start cleaning logs, removing 1 files
33 silly logfile done cleaning log files
34 timing idealTree:init Completed in 97ms
35 timing arborist:ctor Completed in 1ms
36 http fetch GET 200 https://registry.npmjs.org/types-registry 1099ms (cache revalidated)
37 timing idealTree:userRequests Completed in 1157ms
38 silly idealTree buildDeps
39 silly fetch manifest types-registry@0.1.661
40 silly placeDep ROOT types-registry@0.1.661 REPLACE for:  want: 0.1.661
41 timing idealTree:#root Completed in 24ms
42 timing idealTree:node_modules/types-registry Completed in 1ms
43 timing idealTree:buildDeps Completed in 29ms
44 timing idealTree:fixDepFlags Completed in 1ms
45 timing idealTree Completed in 1289ms
46 timing reify:loadTrees Completed in 1290ms
47 timing reify:diffTrees Completed in 4ms
48 silly reify moves {}
49 timing reify:retireShallow Completed in 2ms
50 timing reify:createSparse Completed in 0ms
51 timing reify:loadBundles Completed in 0ms
52 silly audit bulk request {
52 silly audit   '@babel/helper-string-parser': [ '7.22.5' ],
52 silly audit   '@babel/helper-validator-identifier': [ '7.22.15' ],
52 silly audit   '@babel/parser': [ '7.22.16' ],
52 silly audit   '@babel/types': [ '7.22.17' ],
52 silly audit   '@types/babel__code-frame': [ '7.0.3' ],
52 silly audit   '@types/babel__core': [ '7.20.1' ],
52 silly audit   '@types/babel__generator': [ '7.6.4' ],
52 silly audit   '@types/babel__template': [ '7.4.1' ],
52 silly audit   '@types/babel__traverse': [ '7.20.1' ],
52 silly audit   '@types/eslint': [ '8.44.2' ],
52 silly audit   '@types/estree': [ '1.0.1' ],
52 silly audit   '@types/gensync': [ '1.0.0' ],
52 silly audit   '@types/json-schema': [ '7.0.12' ],
52 silly audit   '@types/node': [ '20.6.0' ],
52 silly audit   '@types/prop-types': [ '15.7.5' ],
52 silly audit   '@types/react': [ '18.2.21' ],
52 silly audit   '@types/react-dom': [ '18.2.7' ],
52 silly audit   '@types/scheduler': [ '0.16.3' ],
52 silly audit   '@types/semver': [ '7.5.1' ],
52 silly audit   csstype: [ '3.1.2' ],
52 silly audit   'to-fast-properties': [ '2.0.0' ],
52 silly audit   'types-registry': [ '0.1.661' ]
52 silly audit }
53 timing reify:unpack Completed in 1ms
54 timing reify:unretire Completed in 1ms
55 timing build:queue Completed in 0ms
56 timing build:deps Completed in 1ms
57 timing build Completed in 1ms
58 timing reify:build Completed in 1ms
59 timing reify:trash Completed in 0ms
60 timing reify:save Completed in 35ms
61 http fetch POST 200 https://registry.npmjs.org/-/npm/v1/security/advisories/bulk 331ms
62 timing auditReport:getReport Completed in 337ms
63 silly audit report {}
64 timing auditReport:init Completed in 0ms
65 timing reify:audit Completed in 341ms
66 timing reify Completed in 1655ms
67 timing command:install Completed in 1676ms
68 verbose exit 0
69 timing npm Completed in 1772ms
70 info ok
