0 verbose cli /home/aom91/.nvm/versions/node/v18.16.1/bin/node /home/aom91/.nvm/versions/node/v18.16.1/bin/npm
1 info using npm@9.5.1
2 info using node@v18.16.1
3 timing npm:load:whichnode Completed in 3ms
4 timing config:load:defaults Completed in 5ms
5 timing config:load:file:/home/aom91/.nvm/versions/node/v18.16.1/lib/node_modules/npm/npmrc Completed in 1ms
6 timing config:load:builtin Completed in 1ms
7 timing config:load:cli Completed in 5ms
8 timing config:load:env Completed in 1ms
9 timing config:load:file:/home/aom91/.cache/typescript/5.1/.npmrc Completed in 0ms
10 timing config:load:project Completed in 2ms
11 timing config:load:file:/home/aom91/.npmrc Completed in 0ms
12 timing config:load:user Completed in 0ms
13 timing config:load:file:/home/aom91/.nvm/versions/node/v18.16.1/etc/npmrc Completed in 0ms
14 timing config:load:global Completed in 1ms
15 timing config:load:setEnvs Completed in 2ms
16 timing config:load Completed in 20ms
17 timing npm:load:configload Completed in 20ms
18 timing npm:load:mkdirpcache Completed in 2ms
19 timing npm:load:mkdirplogs Completed in 1ms
20 verbose title npm install types-registry@latest
21 verbose argv "install" "--ignore-scripts" "types-registry@latest"
22 timing npm:load:setTitle Completed in 3ms
23 timing config:load:flatten Completed in 6ms
24 timing npm:load:display Completed in 8ms
25 verbose logfile logs-max:10 dir:/home/aom91/.npm/_logs/2023-09-10T23_41_45_074Z-
26 verbose logfile /home/aom91/.npm/_logs/2023-09-10T23_41_45_074Z-debug-0.log
27 timing npm:load:logFile Completed in 20ms
28 timing npm:load:timers Completed in 1ms
29 timing npm:load:configScope Completed in 0ms
30 timing npm:load Completed in 59ms
31 timing arborist:ctor Completed in 2ms
32 silly logfile start cleaning logs, removing 1 files
33 silly logfile done cleaning log files
34 timing idealTree:init Completed in 57ms
35 timing arborist:ctor Completed in 1ms
36 http fetch GET 200 https://registry.npmjs.org/types-registry 395ms (cache revalidated)
37 timing idealTree:userRequests Completed in 420ms
38 silly idealTree buildDeps
39 silly fetch manifest types-registry@0.1.660
40 silly placeDep ROOT types-registry@0.1.660 REPLACE for:  want: 0.1.660
41 timing idealTree:#root Completed in 21ms
42 timing idealTree:node_modules/types-registry Completed in 0ms
43 timing idealTree:buildDeps Completed in 24ms
44 timing idealTree:fixDepFlags Completed in 0ms
45 timing idealTree Completed in 504ms
46 timing reify:loadTrees Completed in 506ms
47 timing reify:diffTrees Completed in 4ms
48 silly reify moves {}
49 timing reify:retireShallow Completed in 3ms
50 timing reify:createSparse Completed in 0ms
51 timing reify:loadBundles Completed in 0ms
52 silly audit bulk request {
52 silly audit   '@types/eslint': [ '8.44.2' ],
52 silly audit   '@types/estree': [ '1.0.1' ],
52 silly audit   '@types/json-schema': [ '7.0.12' ],
52 silly audit   '@types/prop-types': [ '15.7.5' ],
52 silly audit   '@types/react': [ '18.2.21' ],
52 silly audit   '@types/react-dom': [ '18.2.7' ],
52 silly audit   '@types/scheduler': [ '0.16.3' ],
52 silly audit   csstype: [ '3.1.2' ],
52 silly audit   'types-registry': [ '0.1.660' ]
52 silly audit }
53 timing reify:unpack Completed in 1ms
54 timing reify:unretire Completed in 0ms
55 timing build:queue Completed in 0ms
56 timing build:deps Completed in 1ms
57 timing build Completed in 1ms
58 timing reify:build Completed in 2ms
59 timing reify:trash Completed in 0ms
60 timing reify:save Completed in 40ms
61 http fetch POST 200 https://registry.npmjs.org/-/npm/v1/security/advisories/bulk 158ms
62 timing auditReport:getReport Completed in 166ms
63 silly audit report {}
64 timing auditReport:init Completed in 0ms
65 timing reify:audit Completed in 168ms
66 timing reify Completed in 699ms
67 timing command:install Completed in 711ms
68 verbose exit 0
69 timing npm Completed in 810ms
70 info ok
