2023-08-31 16:04:03.166 [info] Log level: Info
2023-08-31 16:04:03.166 [info] Validating found git in: "git"
2023-08-31 16:04:03.166 [info] Using git "2.34.1" from "git"
2023-08-31 16:04:03.166 [info] > git rev-parse --show-toplevel [12ms]
2023-08-31 16:04:03.166 [info] > git rev-parse --git-dir --git-common-dir [64ms]
2023-08-31 16:04:03.166 [info] Open repository: /home/aom91
2023-08-31 16:04:03.207 [info] > git config --get commit.template [28ms]
2023-08-31 16:04:03.215 [info] > git rev-parse --show-toplevel [19ms]
2023-08-31 16:04:03.232 [info] > git for-each-ref --format=%(refname)%00%(upstream:short)%00%(objectname)%00%(upstream:track)%00%(upstream:remotename)%00%(upstream:remoteref) refs/heads/main refs/remotes/main [7ms]
2023-08-31 16:04:03.270 [info] > git rev-parse --show-toplevel [3ms]
2023-08-31 16:04:03.285 [info] > git rev-parse --show-toplevel [3ms]
2023-08-31 16:04:03.298 [info] > git rev-parse --show-toplevel [3ms]
2023-08-31 16:04:03.406 [info] > git status -z -uall [164ms]
2023-08-31 16:04:05.550 [info] > git check-ignore -v -z --stdin [51ms]
2023-08-31 16:04:05.564 [info] > git config --get commit.template [98ms]
2023-08-31 16:04:05.602 [info] > git for-each-ref --format=%(refname)%00%(upstream:short)%00%(objectname)%00%(upstream:track)%00%(upstream:remotename)%00%(upstream:remoteref) refs/heads/main refs/remotes/main [4ms]
2023-08-31 16:04:05.982 [info] > git status -z -uall [352ms]
2023-08-31 16:04:10.659 [info] > git check-ignore -v -z --stdin [3ms]
2023-08-31 16:04:21.246 [info] > git config --get commit.template [3ms]
2023-08-31 16:04:21.263 [info] > git for-each-ref --format=%(refname)%00%(upstream:short)%00%(objectname)%00%(upstream:track)%00%(upstream:remotename)%00%(upstream:remoteref) refs/heads/main refs/remotes/main [3ms]
2023-08-31 16:04:21.432 [info] > git status -z -uall [158ms]
2023-08-31 16:04:29.305 [info] > git config --get commit.template [4ms]
2023-08-31 16:04:29.325 [info] > git for-each-ref --format=%(refname)%00%(upstream:short)%00%(objectname)%00%(upstream:track)%00%(upstream:remotename)%00%(upstream:remoteref) refs/heads/main refs/remotes/main [3ms]
2023-08-31 16:04:29.491 [info] > git status -z -uall [151ms]
2023-08-31 16:04:34.760 [info] > git config --get commit.template [4ms]
2023-08-31 16:04:34.777 [info] > git for-each-ref --format=%(refname)%00%(upstream:short)%00%(objectname)%00%(upstream:track)%00%(upstream:remotename)%00%(upstream:remoteref) refs/heads/main refs/remotes/main [3ms]
2023-08-31 16:04:34.932 [info] > git status -z -uall [142ms]
2023-08-31 16:04:40.171 [info] > git config --get commit.template [4ms]
2023-08-31 16:04:40.189 [info] > git for-each-ref --format=%(refname)%00%(upstream:short)%00%(objectname)%00%(upstream:track)%00%(upstream:remotename)%00%(upstream:remoteref) refs/heads/main refs/remotes/main [3ms]
2023-08-31 16:04:40.377 [info] > git status -z -uall [175ms]
2023-08-31 16:04:45.603 [info] > git config --get commit.template [4ms]
2023-08-31 16:04:45.618 [info] > git for-each-ref --format=%(refname)%00%(upstream:short)%00%(objectname)%00%(upstream:track)%00%(upstream:remotename)%00%(upstream:remoteref) refs/heads/main refs/remotes/main [2ms]
2023-08-31 16:04:45.793 [info] > git status -z -uall [162ms]
2023-08-31 16:04:51.019 [info] > git config --get commit.template [4ms]
2023-08-31 16:04:51.035 [info] > git for-each-ref --format=%(refname)%00%(upstream:short)%00%(objectname)%00%(upstream:track)%00%(upstream:remotename)%00%(upstream:remoteref) refs/heads/main refs/remotes/main [1ms]
2023-08-31 16:04:51.213 [info] > git status -z -uall [165ms]
2023-08-31 16:04:56.444 [info] > git config --get commit.template [2ms]
2023-08-31 16:04:56.462 [info] > git for-each-ref --format=%(refname)%00%(upstream:short)%00%(objectname)%00%(upstream:track)%00%(upstream:remotename)%00%(upstream:remoteref) refs/heads/main refs/remotes/main [2ms]
2023-08-31 16:04:56.624 [info] > git status -z -uall [148ms]
