2023-09-20 20:14:37.706 [info] Extension host with pid 1431 started
2023-09-20 20:14:37.768 [error] Error: EEXIST: file already exists, open '/home/aom91/.vscode-server/data/User/workspaceStorage/bd8277c10208c7093c62620bbe520d78/vscode.lock'
2023-09-20 20:14:37.926 [info] Lock '/home/aom91/.vscode-server/data/User/workspaceStorage/bd8277c10208c7093c62620bbe520d78/vscode.lock': Could not acquire lock, checking if the file is stale.
2023-09-20 20:14:37.977 [info] Lock '/home/aom91/.vscode-server/data/User/workspaceStorage/bd8277c10208c7093c62620bbe520d78/vscode.lock': The pid 6851 appears to be gone.
2023-09-20 20:14:37.977 [info] Lock '/home/aom91/.vscode-server/data/User/workspaceStorage/bd8277c10208c7093c62620bbe520d78/vscode.lock': Deleting a stale lock.
2023-09-20 20:14:38.339 [info] Lock '/home/aom91/.vscode-server/data/User/workspaceStorage/bd8277c10208c7093c62620bbe520d78/vscode.lock': Lock acquired.
2023-09-20 20:14:40.608 [info] ExtensionService#_doActivateExtension vscode.tunnel-forwarding, startup: false, activationEvent: 'onTunnel'
2023-09-20 20:14:40.625 [info] ExtensionService#_doActivateExtension vscode.typescript-language-features, startup: false, activationEvent: 'onLanguage:javascriptreact'
2023-09-20 20:14:40.638 [info] ExtensionService#_doActivateExtension vscode.emmet, startup: false, activationEvent: 'onLanguage'
2023-09-20 20:14:42.607 [info] ExtensionService#_doActivateExtension vscode.git-base, startup: true, activationEvent: '*', root cause: vscode.git
2023-09-20 20:14:42.610 [info] ExtensionService#_doActivateExtension antfu.vite, startup: true, activationEvent: '*'
2023-09-20 20:14:42.623 [info] ExtensionService#_doActivateExtension ms-vscode.test-adapter-converter, startup: true, activationEvent: '*', root cause: hbenl.vscode-test-explorer
2023-09-20 20:14:42.792 [info] ExtensionService#_doActivateExtension vscode.npm, startup: true, activationEvent: 'workspaceContains:package.json'
2023-09-20 20:14:45.935 [info] ExtensionService#_doActivateExtension vscode.git, startup: true, activationEvent: '*'
2023-09-20 20:14:45.948 [info] ExtensionService#_doActivateExtension vscode.github, startup: true, activationEvent: '*'
2023-09-20 20:14:45.951 [info] ExtensionService#_doActivateExtension hbenl.vscode-test-explorer, startup: true, activationEvent: '*'
2023-09-20 20:14:51.028 [info] ExtensionService#_doActivateExtension kavod-io.vscode-jest-test-adapter, startup: true, activationEvent: '*'
2023-09-20 20:15:05.846 [info] Not activating extension 'Orta.vscode-jest': Timed out while searching for 'workspaceContains' pattern **/jest.config.{js,ts,mjs,cjs,json},**/jest.json,**/.vscode-jest
2023-09-20 20:15:05.866 [info] ExtensionService#_doActivateExtension vscode.debug-auto-launch, startup: false, activationEvent: 'onStartupFinished'
2023-09-20 20:15:05.877 [info] ExtensionService#_doActivateExtension vscode.merge-conflict, startup: false, activationEvent: 'onStartupFinished'
2023-09-20 20:15:05.880 [info] ExtensionService#_doActivateExtension dbaeumer.vscode-eslint, startup: false, activationEvent: 'onStartupFinished'
2023-09-20 20:15:05.882 [info] ExtensionService#_doActivateExtension eamodio.gitlens, startup: false, activationEvent: 'onStartupFinished'
2023-09-20 20:15:05.904 [info] ExtensionService#_doActivateExtension ritwickdey.LiveServer, startup: false, activationEvent: 'onStartupFinished'
2023-09-20 20:15:13.889 [info] Eager extensions activated
2023-09-20 20:26:30.386 [info] Extension host terminating: received terminate message from renderer
2023-09-20 20:26:30.398 [info] Lock '/home/aom91/.vscode-server/data/User/workspaceStorage/bd8277c10208c7093c62620bbe520d78/vscode.lock': Marking the lockfile as scheduled to be released in 6000 ms.
2023-09-20 20:26:32.149 [error] Canceled: Canceled
	at new h (/home/aom91/.vscode-server/bin/abd2f3db4bdb28f9e95536dfa84d8479f1eb312d/out/vs/workbench/api/node/extensionHostProcess.js:108:57382)
	at i.O (/home/aom91/.vscode-server/bin/abd2f3db4bdb28f9e95536dfa84d8479f1eb312d/out/vs/workbench/api/node/extensionHostProcess.js:117:10850)
	at j.<computed>.T.charCodeAt.j.<computed> (/home/aom91/.vscode-server/bin/abd2f3db4bdb28f9e95536dfa84d8479f1eb312d/out/vs/workbench/api/node/extensionHostProcess.js:117:8289)
	at r.g (/home/aom91/.vscode-server/bin/abd2f3db4bdb28f9e95536dfa84d8479f1eb312d/out/vs/workbench/api/node/extensionHostProcess.js:108:82208)
	at r.executeCommand (/home/aom91/.vscode-server/bin/abd2f3db4bdb28f9e95536dfa84d8479f1eb312d/out/vs/workbench/api/node/extensionHostProcess.js:108:81646)
	at u.registerCommand.description (/home/aom91/.vscode-server/bin/abd2f3db4bdb28f9e95536dfa84d8479f1eb312d/out/vs/workbench/api/node/extensionHostProcess.js:108:80967)
	at r.h (/home/aom91/.vscode-server/bin/abd2f3db4bdb28f9e95536dfa84d8479f1eb312d/out/vs/workbench/api/node/extensionHostProcess.js:108:82744)
	at r.g (/home/aom91/.vscode-server/bin/abd2f3db4bdb28f9e95536dfa84d8479f1eb312d/out/vs/workbench/api/node/extensionHostProcess.js:108:81739)
	at r.executeCommand (/home/aom91/.vscode-server/bin/abd2f3db4bdb28f9e95536dfa84d8479f1eb312d/out/vs/workbench/api/node/extensionHostProcess.js:108:81646)
	at Object.executeCommand (/home/aom91/.vscode-server/bin/abd2f3db4bdb28f9e95536dfa84d8479f1eb312d/out/vs/workbench/api/node/extensionHostProcess.js:123:21247)
	at n.D [as value] (/home/aom91/.vscode-server/bin/abd2f3db4bdb28f9e95536dfa84d8479f1eb312d/extensions/git/dist/main.js:2:1309000)
	at m.w (/home/aom91/.vscode-server/bin/abd2f3db4bdb28f9e95536dfa84d8479f1eb312d/out/vs/workbench/api/node/extensionHostProcess.js:63:1902)
	at m.x (/home/aom91/.vscode-server/bin/abd2f3db4bdb28f9e95536dfa84d8479f1eb312d/out/vs/workbench/api/node/extensionHostProcess.js:63:1972)
	at m.fire (/home/aom91/.vscode-server/bin/abd2f3db4bdb28f9e95536dfa84d8479f1eb312d/out/vs/workbench/api/node/extensionHostProcess.js:63:2188)
	at Object.m [as dispose] (/home/aom91/.vscode-server/bin/abd2f3db4bdb28f9e95536dfa84d8479f1eb312d/extensions/git/dist/main.js:2:1324784)
	at /home/aom91/.vscode-server/bin/abd2f3db4bdb28f9e95536dfa84d8479f1eb312d/extensions/git/dist/main.js:2:1329625
	at Array.forEach (<anonymous>)
	at g.dispose (/home/aom91/.vscode-server/bin/abd2f3db4bdb28f9e95536dfa84d8479f1eb312d/extensions/git/dist/main.js:2:1329611)
	at E.<anonymous> (/home/aom91/.vscode-server/bin/abd2f3db4bdb28f9e95536dfa84d8479f1eb312d/out/vs/workbench/api/node/extensionHostProcess.js:104:3484)
	at E.dispose (/home/aom91/.vscode-server/bin/abd2f3db4bdb28f9e95536dfa84d8479f1eb312d/out/vs/workbench/api/node/extensionHostProcess.js:104:3581)
	at E.<anonymous> (/home/aom91/.vscode-server/bin/abd2f3db4bdb28f9e95536dfa84d8479f1eb312d/extensions/git/dist/main.js:2:1311012)
	at E.dispose (/home/aom91/.vscode-server/bin/abd2f3db4bdb28f9e95536dfa84d8479f1eb312d/out/vs/workbench/api/node/extensionHostProcess.js:104:3581)
	at k (/home/aom91/.vscode-server/bin/abd2f3db4bdb28f9e95536dfa84d8479f1eb312d/out/vs/workbench/api/node/extensionHostProcess.js:13:11730)
	at n.Z (/home/aom91/.vscode-server/bin/abd2f3db4bdb28f9e95536dfa84d8479f1eb312d/out/vs/workbench/api/node/extensionHostProcess.js:119:9652)
	at /home/aom91/.vscode-server/bin/abd2f3db4bdb28f9e95536dfa84d8479f1eb312d/out/vs/workbench/api/node/extensionHostProcess.js:119:7585
	at Array.map (<anonymous>)
	at n.S (/home/aom91/.vscode-server/bin/abd2f3db4bdb28f9e95536dfa84d8479f1eb312d/out/vs/workbench/api/node/extensionHostProcess.js:119:7572)
	at n.terminate (/home/aom91/.vscode-server/bin/abd2f3db4bdb28f9e95536dfa84d8479f1eb312d/out/vs/workbench/api/node/extensionHostProcess.js:119:7844)
	at o.terminate (/home/aom91/.vscode-server/bin/abd2f3db4bdb28f9e95536dfa84d8479f1eb312d/out/vs/workbench/api/node/extensionHostProcess.js:123:1513)
	at D (/home/aom91/.vscode-server/bin/abd2f3db4bdb28f9e95536dfa84d8479f1eb312d/out/vs/workbench/api/node/extensionHostProcess.js:136:9800)
	at n.value (/home/aom91/.vscode-server/bin/abd2f3db4bdb28f9e95536dfa84d8479f1eb312d/out/vs/workbench/api/node/extensionHostProcess.js:136:7847)
	at m.w (/home/aom91/.vscode-server/bin/abd2f3db4bdb28f9e95536dfa84d8479f1eb312d/out/vs/workbench/api/node/extensionHostProcess.js:63:1902)
	at m.fire (/home/aom91/.vscode-server/bin/abd2f3db4bdb28f9e95536dfa84d8479f1eb312d/out/vs/workbench/api/node/extensionHostProcess.js:63:2119)
	at v.fire (/home/aom91/.vscode-server/bin/abd2f3db4bdb28f9e95536dfa84d8479f1eb312d/out/vs/workbench/api/node/extensionHostProcess.js:79:13940)
	at s.z (/home/aom91/.vscode-server/bin/abd2f3db4bdb28f9e95536dfa84d8479f1eb312d/out/vs/workbench/api/node/extensionHostProcess.js:79:17005)
	at n.value (/home/aom91/.vscode-server/bin/abd2f3db4bdb28f9e95536dfa84d8479f1eb312d/out/vs/workbench/api/node/extensionHostProcess.js:79:15457)
	at m.w (/home/aom91/.vscode-server/bin/abd2f3db4bdb28f9e95536dfa84d8479f1eb312d/out/vs/workbench/api/node/extensionHostProcess.js:63:1902)
	at m.fire (/home/aom91/.vscode-server/bin/abd2f3db4bdb28f9e95536dfa84d8479f1eb312d/out/vs/workbench/api/node/extensionHostProcess.js:63:2119)
	at n.acceptChunk (/home/aom91/.vscode-server/bin/abd2f3db4bdb28f9e95536dfa84d8479f1eb312d/out/vs/workbench/api/node/extensionHostProcess.js:79:11714)
	at n.value (/home/aom91/.vscode-server/bin/abd2f3db4bdb28f9e95536dfa84d8479f1eb312d/out/vs/workbench/api/node/extensionHostProcess.js:79:11001)
	at m.w (/home/aom91/.vscode-server/bin/abd2f3db4bdb28f9e95536dfa84d8479f1eb312d/out/vs/workbench/api/node/extensionHostProcess.js:63:1902)
	at m.fire (/home/aom91/.vscode-server/bin/abd2f3db4bdb28f9e95536dfa84d8479f1eb312d/out/vs/workbench/api/node/extensionHostProcess.js:63:2119)
	at m.u (/home/aom91/.vscode-server/bin/abd2f3db4bdb28f9e95536dfa84d8479f1eb312d/out/vs/workbench/api/node/extensionHostProcess.js:133:19093)
	at m.acceptFrame (/home/aom91/.vscode-server/bin/abd2f3db4bdb28f9e95536dfa84d8479f1eb312d/out/vs/workbench/api/node/extensionHostProcess.js:133:18899)
	at a.l (/home/aom91/.vscode-server/bin/abd2f3db4bdb28f9e95536dfa84d8479f1eb312d/out/vs/workbench/api/node/extensionHostProcess.js:133:17532)
	at /home/aom91/.vscode-server/bin/abd2f3db4bdb28f9e95536dfa84d8479f1eb312d/out/vs/workbench/api/node/extensionHostProcess.js:133:14879
	at Socket.p (/home/aom91/.vscode-server/bin/abd2f3db4bdb28f9e95536dfa84d8479f1eb312d/out/vs/workbench/api/node/extensionHostProcess.js:133:12793)
	at Socket.emit (node:events:513:28)
	at addChunk (node:internal/streams/readable:324:12)
	at readableAddChunk (node:internal/streams/readable:297:9)
	at Readable.push (node:internal/streams/readable:234:10)
	at TCP.onStreamRead (node:internal/stream_base_commons:190:23) setContext undefined
2023-09-20 20:26:32.163 [error] Canceled: Canceled
	at new h (/home/aom91/.vscode-server/bin/abd2f3db4bdb28f9e95536dfa84d8479f1eb312d/out/vs/workbench/api/node/extensionHostProcess.js:108:57382)
	at i.O (/home/aom91/.vscode-server/bin/abd2f3db4bdb28f9e95536dfa84d8479f1eb312d/out/vs/workbench/api/node/extensionHostProcess.js:117:10850)
	at j.<computed>.T.charCodeAt.j.<computed> (/home/aom91/.vscode-server/bin/abd2f3db4bdb28f9e95536dfa84d8479f1eb312d/out/vs/workbench/api/node/extensionHostProcess.js:117:8289)
	at r.g (/home/aom91/.vscode-server/bin/abd2f3db4bdb28f9e95536dfa84d8479f1eb312d/out/vs/workbench/api/node/extensionHostProcess.js:108:82208)
	at r.executeCommand (/home/aom91/.vscode-server/bin/abd2f3db4bdb28f9e95536dfa84d8479f1eb312d/out/vs/workbench/api/node/extensionHostProcess.js:108:81646)
	at u.registerCommand.description (/home/aom91/.vscode-server/bin/abd2f3db4bdb28f9e95536dfa84d8479f1eb312d/out/vs/workbench/api/node/extensionHostProcess.js:108:80967)
	at r.h (/home/aom91/.vscode-server/bin/abd2f3db4bdb28f9e95536dfa84d8479f1eb312d/out/vs/workbench/api/node/extensionHostProcess.js:108:82744)
	at r.g (/home/aom91/.vscode-server/bin/abd2f3db4bdb28f9e95536dfa84d8479f1eb312d/out/vs/workbench/api/node/extensionHostProcess.js:108:81739)
	at r.executeCommand (/home/aom91/.vscode-server/bin/abd2f3db4bdb28f9e95536dfa84d8479f1eb312d/out/vs/workbench/api/node/extensionHostProcess.js:108:81646)
	at Object.executeCommand (/home/aom91/.vscode-server/bin/abd2f3db4bdb28f9e95536dfa84d8479f1eb312d/out/vs/workbench/api/node/extensionHostProcess.js:123:21247)
	at set b [as b] (/home/aom91/.vscode-server/bin/abd2f3db4bdb28f9e95536dfa84d8479f1eb312d/extensions/github/dist/extension.js:2:714434)
	at /home/aom91/.vscode-server/bin/abd2f3db4bdb28f9e95536dfa84d8479f1eb312d/extensions/github/dist/extension.js:2:715075
	at n.value (/home/aom91/.vscode-server/bin/abd2f3db4bdb28f9e95536dfa84d8479f1eb312d/extensions/git/dist/main.js:2:1396602)
	at m.w (/home/aom91/.vscode-server/bin/abd2f3db4bdb28f9e95536dfa84d8479f1eb312d/out/vs/workbench/api/node/extensionHostProcess.js:63:1902)
	at m.x (/home/aom91/.vscode-server/bin/abd2f3db4bdb28f9e95536dfa84d8479f1eb312d/out/vs/workbench/api/node/extensionHostProcess.js:63:1972)
	at m.fire (/home/aom91/.vscode-server/bin/abd2f3db4bdb28f9e95536dfa84d8479f1eb312d/out/vs/workbench/api/node/extensionHostProcess.js:63:2188)
	at Object.m [as dispose] (/home/aom91/.vscode-server/bin/abd2f3db4bdb28f9e95536dfa84d8479f1eb312d/extensions/git/dist/main.js:2:1324784)
	at /home/aom91/.vscode-server/bin/abd2f3db4bdb28f9e95536dfa84d8479f1eb312d/extensions/git/dist/main.js:2:1329625
	at Array.forEach (<anonymous>)
	at g.dispose (/home/aom91/.vscode-server/bin/abd2f3db4bdb28f9e95536dfa84d8479f1eb312d/extensions/git/dist/main.js:2:1329611)
	at E.<anonymous> (/home/aom91/.vscode-server/bin/abd2f3db4bdb28f9e95536dfa84d8479f1eb312d/out/vs/workbench/api/node/extensionHostProcess.js:104:3484)
	at E.dispose (/home/aom91/.vscode-server/bin/abd2f3db4bdb28f9e95536dfa84d8479f1eb312d/out/vs/workbench/api/node/extensionHostProcess.js:104:3581)
	at E.<anonymous> (/home/aom91/.vscode-server/bin/abd2f3db4bdb28f9e95536dfa84d8479f1eb312d/extensions/git/dist/main.js:2:1311012)
	at E.dispose (/home/aom91/.vscode-server/bin/abd2f3db4bdb28f9e95536dfa84d8479f1eb312d/out/vs/workbench/api/node/extensionHostProcess.js:104:3581)
	at k (/home/aom91/.vscode-server/bin/abd2f3db4bdb28f9e95536dfa84d8479f1eb312d/out/vs/workbench/api/node/extensionHostProcess.js:13:11730)
	at n.Z (/home/aom91/.vscode-server/bin/abd2f3db4bdb28f9e95536dfa84d8479f1eb312d/out/vs/workbench/api/node/extensionHostProcess.js:119:9652)
	at /home/aom91/.vscode-server/bin/abd2f3db4bdb28f9e95536dfa84d8479f1eb312d/out/vs/workbench/api/node/extensionHostProcess.js:119:7585
	at Array.map (<anonymous>)
	at n.S (/home/aom91/.vscode-server/bin/abd2f3db4bdb28f9e95536dfa84d8479f1eb312d/out/vs/workbench/api/node/extensionHostProcess.js:119:7572)
	at n.terminate (/home/aom91/.vscode-server/bin/abd2f3db4bdb28f9e95536dfa84d8479f1eb312d/out/vs/workbench/api/node/extensionHostProcess.js:119:7844)
	at o.terminate (/home/aom91/.vscode-server/bin/abd2f3db4bdb28f9e95536dfa84d8479f1eb312d/out/vs/workbench/api/node/extensionHostProcess.js:123:1513)
	at D (/home/aom91/.vscode-server/bin/abd2f3db4bdb28f9e95536dfa84d8479f1eb312d/out/vs/workbench/api/node/extensionHostProcess.js:136:9800)
	at n.value (/home/aom91/.vscode-server/bin/abd2f3db4bdb28f9e95536dfa84d8479f1eb312d/out/vs/workbench/api/node/extensionHostProcess.js:136:7847)
	at m.w (/home/aom91/.vscode-server/bin/abd2f3db4bdb28f9e95536dfa84d8479f1eb312d/out/vs/workbench/api/node/extensionHostProcess.js:63:1902)
	at m.fire (/home/aom91/.vscode-server/bin/abd2f3db4bdb28f9e95536dfa84d8479f1eb312d/out/vs/workbench/api/node/extensionHostProcess.js:63:2119)
	at v.fire (/home/aom91/.vscode-server/bin/abd2f3db4bdb28f9e95536dfa84d8479f1eb312d/out/vs/workbench/api/node/extensionHostProcess.js:79:13940)
	at s.z (/home/aom91/.vscode-server/bin/abd2f3db4bdb28f9e95536dfa84d8479f1eb312d/out/vs/workbench/api/node/extensionHostProcess.js:79:17005)
	at n.value (/home/aom91/.vscode-server/bin/abd2f3db4bdb28f9e95536dfa84d8479f1eb312d/out/vs/workbench/api/node/extensionHostProcess.js:79:15457)
	at m.w (/home/aom91/.vscode-server/bin/abd2f3db4bdb28f9e95536dfa84d8479f1eb312d/out/vs/workbench/api/node/extensionHostProcess.js:63:1902)
	at m.fire (/home/aom91/.vscode-server/bin/abd2f3db4bdb28f9e95536dfa84d8479f1eb312d/out/vs/workbench/api/node/extensionHostProcess.js:63:2119)
	at n.acceptChunk (/home/aom91/.vscode-server/bin/abd2f3db4bdb28f9e95536dfa84d8479f1eb312d/out/vs/workbench/api/node/extensionHostProcess.js:79:11714)
	at n.value (/home/aom91/.vscode-server/bin/abd2f3db4bdb28f9e95536dfa84d8479f1eb312d/out/vs/workbench/api/node/extensionHostProcess.js:79:11001)
	at m.w (/home/aom91/.vscode-server/bin/abd2f3db4bdb28f9e95536dfa84d8479f1eb312d/out/vs/workbench/api/node/extensionHostProcess.js:63:1902)
	at m.fire (/home/aom91/.vscode-server/bin/abd2f3db4bdb28f9e95536dfa84d8479f1eb312d/out/vs/workbench/api/node/extensionHostProcess.js:63:2119)
	at m.u (/home/aom91/.vscode-server/bin/abd2f3db4bdb28f9e95536dfa84d8479f1eb312d/out/vs/workbench/api/node/extensionHostProcess.js:133:19093)
	at m.acceptFrame (/home/aom91/.vscode-server/bin/abd2f3db4bdb28f9e95536dfa84d8479f1eb312d/out/vs/workbench/api/node/extensionHostProcess.js:133:18899)
	at a.l (/home/aom91/.vscode-server/bin/abd2f3db4bdb28f9e95536dfa84d8479f1eb312d/out/vs/workbench/api/node/extensionHostProcess.js:133:17532)
	at /home/aom91/.vscode-server/bin/abd2f3db4bdb28f9e95536dfa84d8479f1eb312d/out/vs/workbench/api/node/extensionHostProcess.js:133:14879
	at Socket.p (/home/aom91/.vscode-server/bin/abd2f3db4bdb28f9e95536dfa84d8479f1eb312d/out/vs/workbench/api/node/extensionHostProcess.js:133:12793)
	at Socket.emit (node:events:513:28)
	at addChunk (node:internal/streams/readable:324:12)
	at readableAddChunk (node:internal/streams/readable:297:9)
	at Readable.push (node:internal/streams/readable:234:10)
	at TCP.onStreamRead (node:internal/stream_base_commons:190:23) setContext undefined
2023-09-20 20:26:32.553 [error] Canceled: Canceled
	at new h (/home/aom91/.vscode-server/bin/abd2f3db4bdb28f9e95536dfa84d8479f1eb312d/out/vs/workbench/api/node/extensionHostProcess.js:108:57382)
	at i.O (/home/aom91/.vscode-server/bin/abd2f3db4bdb28f9e95536dfa84d8479f1eb312d/out/vs/workbench/api/node/extensionHostProcess.js:117:10850)
	at j.<computed>.T.charCodeAt.j.<computed> (/home/aom91/.vscode-server/bin/abd2f3db4bdb28f9e95536dfa84d8479f1eb312d/out/vs/workbench/api/node/extensionHostProcess.js:117:8289)
	at r.g (/home/aom91/.vscode-server/bin/abd2f3db4bdb28f9e95536dfa84d8479f1eb312d/out/vs/workbench/api/node/extensionHostProcess.js:108:82208)
	at r.executeCommand (/home/aom91/.vscode-server/bin/abd2f3db4bdb28f9e95536dfa84d8479f1eb312d/out/vs/workbench/api/node/extensionHostProcess.js:108:81646)
	at u.registerCommand.description (/home/aom91/.vscode-server/bin/abd2f3db4bdb28f9e95536dfa84d8479f1eb312d/out/vs/workbench/api/node/extensionHostProcess.js:108:80967)
	at r.h (/home/aom91/.vscode-server/bin/abd2f3db4bdb28f9e95536dfa84d8479f1eb312d/out/vs/workbench/api/node/extensionHostProcess.js:108:82744)
	at r.g (/home/aom91/.vscode-server/bin/abd2f3db4bdb28f9e95536dfa84d8479f1eb312d/out/vs/workbench/api/node/extensionHostProcess.js:108:81739)
	at r.executeCommand (/home/aom91/.vscode-server/bin/abd2f3db4bdb28f9e95536dfa84d8479f1eb312d/out/vs/workbench/api/node/extensionHostProcess.js:108:81646)
	at Object.executeCommand (/home/aom91/.vscode-server/bin/abd2f3db4bdb28f9e95536dfa84d8479f1eb312d/out/vs/workbench/api/node/extensionHostProcess.js:123:21247)
	at w (/home/aom91/.vscode-server/extensions/eamodio.gitlens-14.3.0/dist/gitlens.js:1:964665)
	at c (/home/aom91/.vscode-server/extensions/eamodio.gitlens-14.3.0/dist/gitlens.js:1:969293)
	at ActionRunners._updateContextKeys (/home/aom91/.vscode-server/extensions/eamodio.gitlens-14.3.0/dist/gitlens.js:1:38220)
	at s (/home/aom91/.vscode-server/extensions/eamodio.gitlens-14.3.0/dist/gitlens.js:1:36639)
	at RegisteredActionRunner.unregister (/home/aom91/.vscode-server/extensions/eamodio.gitlens-14.3.0/dist/gitlens.js:1:36783)
	at RegisteredActionRunner.dispose (/home/aom91/.vscode-server/extensions/eamodio.gitlens-14.3.0/dist/gitlens.js:1:35446)
	at ActionRunners.dispose (/home/aom91/.vscode-server/extensions/eamodio.gitlens-14.3.0/dist/gitlens.js:1:36225)
	at /home/aom91/.vscode-server/extensions/eamodio.gitlens-14.3.0/dist/gitlens.js:1:685881
	at Array.forEach (<anonymous>)
	at Object.dispose (/home/aom91/.vscode-server/extensions/eamodio.gitlens-14.3.0/dist/gitlens.js:1:685866)
	at k (/home/aom91/.vscode-server/bin/abd2f3db4bdb28f9e95536dfa84d8479f1eb312d/out/vs/workbench/api/node/extensionHostProcess.js:13:11730)
	at n.Z (/home/aom91/.vscode-server/bin/abd2f3db4bdb28f9e95536dfa84d8479f1eb312d/out/vs/workbench/api/node/extensionHostProcess.js:119:9652)
	at /home/aom91/.vscode-server/bin/abd2f3db4bdb28f9e95536dfa84d8479f1eb312d/out/vs/workbench/api/node/extensionHostProcess.js:119:7585
	at Array.map (<anonymous>)
	at n.S (/home/aom91/.vscode-server/bin/abd2f3db4bdb28f9e95536dfa84d8479f1eb312d/out/vs/workbench/api/node/extensionHostProcess.js:119:7572)
	at n.terminate (/home/aom91/.vscode-server/bin/abd2f3db4bdb28f9e95536dfa84d8479f1eb312d/out/vs/workbench/api/node/extensionHostProcess.js:119:7844)
	at o.terminate (/home/aom91/.vscode-server/bin/abd2f3db4bdb28f9e95536dfa84d8479f1eb312d/out/vs/workbench/api/node/extensionHostProcess.js:123:1513)
	at D (/home/aom91/.vscode-server/bin/abd2f3db4bdb28f9e95536dfa84d8479f1eb312d/out/vs/workbench/api/node/extensionHostProcess.js:136:9800)
	at n.value (/home/aom91/.vscode-server/bin/abd2f3db4bdb28f9e95536dfa84d8479f1eb312d/out/vs/workbench/api/node/extensionHostProcess.js:136:7847)
	at m.w (/home/aom91/.vscode-server/bin/abd2f3db4bdb28f9e95536dfa84d8479f1eb312d/out/vs/workbench/api/node/extensionHostProcess.js:63:1902)
	at m.fire (/home/aom91/.vscode-server/bin/abd2f3db4bdb28f9e95536dfa84d8479f1eb312d/out/vs/workbench/api/node/extensionHostProcess.js:63:2119)
	at v.fire (/home/aom91/.vscode-server/bin/abd2f3db4bdb28f9e95536dfa84d8479f1eb312d/out/vs/workbench/api/node/extensionHostProcess.js:79:13940)
	at s.z (/home/aom91/.vscode-server/bin/abd2f3db4bdb28f9e95536dfa84d8479f1eb312d/out/vs/workbench/api/node/extensionHostProcess.js:79:17005)
	at n.value (/home/aom91/.vscode-server/bin/abd2f3db4bdb28f9e95536dfa84d8479f1eb312d/out/vs/workbench/api/node/extensionHostProcess.js:79:15457)
	at m.w (/home/aom91/.vscode-server/bin/abd2f3db4bdb28f9e95536dfa84d8479f1eb312d/out/vs/workbench/api/node/extensionHostProcess.js:63:1902)
	at m.fire (/home/aom91/.vscode-server/bin/abd2f3db4bdb28f9e95536dfa84d8479f1eb312d/out/vs/workbench/api/node/extensionHostProcess.js:63:2119)
	at n.acceptChunk (/home/aom91/.vscode-server/bin/abd2f3db4bdb28f9e95536dfa84d8479f1eb312d/out/vs/workbench/api/node/extensionHostProcess.js:79:11714)
	at n.value (/home/aom91/.vscode-server/bin/abd2f3db4bdb28f9e95536dfa84d8479f1eb312d/out/vs/workbench/api/node/extensionHostProcess.js:79:11001)
	at m.w (/home/aom91/.vscode-server/bin/abd2f3db4bdb28f9e95536dfa84d8479f1eb312d/out/vs/workbench/api/node/extensionHostProcess.js:63:1902)
	at m.fire (/home/aom91/.vscode-server/bin/abd2f3db4bdb28f9e95536dfa84d8479f1eb312d/out/vs/workbench/api/node/extensionHostProcess.js:63:2119)
	at m.u (/home/aom91/.vscode-server/bin/abd2f3db4bdb28f9e95536dfa84d8479f1eb312d/out/vs/workbench/api/node/extensionHostProcess.js:133:19093)
	at m.acceptFrame (/home/aom91/.vscode-server/bin/abd2f3db4bdb28f9e95536dfa84d8479f1eb312d/out/vs/workbench/api/node/extensionHostProcess.js:133:18899)
	at a.l (/home/aom91/.vscode-server/bin/abd2f3db4bdb28f9e95536dfa84d8479f1eb312d/out/vs/workbench/api/node/extensionHostProcess.js:133:17532)
	at /home/aom91/.vscode-server/bin/abd2f3db4bdb28f9e95536dfa84d8479f1eb312d/out/vs/workbench/api/node/extensionHostProcess.js:133:14879
	at Socket.p (/home/aom91/.vscode-server/bin/abd2f3db4bdb28f9e95536dfa84d8479f1eb312d/out/vs/workbench/api/node/extensionHostProcess.js:133:12793)
	at Socket.emit (node:events:513:28)
	at addChunk (node:internal/streams/readable:324:12)
	at readableAddChunk (node:internal/streams/readable:297:9)
	at Readable.push (node:internal/streams/readable:234:10)
	at TCP.onStreamRead (node:internal/stream_base_commons:190:23) setContext undefined
2023-09-20 20:26:32.555 [error] Canceled: Canceled
	at new h (/home/aom91/.vscode-server/bin/abd2f3db4bdb28f9e95536dfa84d8479f1eb312d/out/vs/workbench/api/node/extensionHostProcess.js:108:57382)
	at i.O (/home/aom91/.vscode-server/bin/abd2f3db4bdb28f9e95536dfa84d8479f1eb312d/out/vs/workbench/api/node/extensionHostProcess.js:117:10850)
	at j.<computed>.T.charCodeAt.j.<computed> (/home/aom91/.vscode-server/bin/abd2f3db4bdb28f9e95536dfa84d8479f1eb312d/out/vs/workbench/api/node/extensionHostProcess.js:117:8289)
	at r.g (/home/aom91/.vscode-server/bin/abd2f3db4bdb28f9e95536dfa84d8479f1eb312d/out/vs/workbench/api/node/extensionHostProcess.js:108:82208)
	at r.executeCommand (/home/aom91/.vscode-server/bin/abd2f3db4bdb28f9e95536dfa84d8479f1eb312d/out/vs/workbench/api/node/extensionHostProcess.js:108:81646)
	at u.registerCommand.description (/home/aom91/.vscode-server/bin/abd2f3db4bdb28f9e95536dfa84d8479f1eb312d/out/vs/workbench/api/node/extensionHostProcess.js:108:80967)
	at r.h (/home/aom91/.vscode-server/bin/abd2f3db4bdb28f9e95536dfa84d8479f1eb312d/out/vs/workbench/api/node/extensionHostProcess.js:108:82744)
	at r.g (/home/aom91/.vscode-server/bin/abd2f3db4bdb28f9e95536dfa84d8479f1eb312d/out/vs/workbench/api/node/extensionHostProcess.js:108:81739)
	at r.executeCommand (/home/aom91/.vscode-server/bin/abd2f3db4bdb28f9e95536dfa84d8479f1eb312d/out/vs/workbench/api/node/extensionHostProcess.js:108:81646)
	at Object.executeCommand (/home/aom91/.vscode-server/bin/abd2f3db4bdb28f9e95536dfa84d8479f1eb312d/out/vs/workbench/api/node/extensionHostProcess.js:123:21247)
	at w (/home/aom91/.vscode-server/extensions/eamodio.gitlens-14.3.0/dist/gitlens.js:1:964665)
	at c (/home/aom91/.vscode-server/extensions/eamodio.gitlens-14.3.0/dist/gitlens.js:1:969293)
	at ActionRunners._updateContextKeys (/home/aom91/.vscode-server/extensions/eamodio.gitlens-14.3.0/dist/gitlens.js:1:38220)
	at s (/home/aom91/.vscode-server/extensions/eamodio.gitlens-14.3.0/dist/gitlens.js:1:36639)
	at RegisteredActionRunner.unregister (/home/aom91/.vscode-server/extensions/eamodio.gitlens-14.3.0/dist/gitlens.js:1:36783)
	at RegisteredActionRunner.dispose (/home/aom91/.vscode-server/extensions/eamodio.gitlens-14.3.0/dist/gitlens.js:1:35446)
	at ActionRunners.dispose (/home/aom91/.vscode-server/extensions/eamodio.gitlens-14.3.0/dist/gitlens.js:1:36225)
	at /home/aom91/.vscode-server/extensions/eamodio.gitlens-14.3.0/dist/gitlens.js:1:685881
	at Array.forEach (<anonymous>)
	at Object.dispose (/home/aom91/.vscode-server/extensions/eamodio.gitlens-14.3.0/dist/gitlens.js:1:685866)
	at k (/home/aom91/.vscode-server/bin/abd2f3db4bdb28f9e95536dfa84d8479f1eb312d/out/vs/workbench/api/node/extensionHostProcess.js:13:11730)
	at n.Z (/home/aom91/.vscode-server/bin/abd2f3db4bdb28f9e95536dfa84d8479f1eb312d/out/vs/workbench/api/node/extensionHostProcess.js:119:9652)
	at /home/aom91/.vscode-server/bin/abd2f3db4bdb28f9e95536dfa84d8479f1eb312d/out/vs/workbench/api/node/extensionHostProcess.js:119:7585
	at Array.map (<anonymous>)
	at n.S (/home/aom91/.vscode-server/bin/abd2f3db4bdb28f9e95536dfa84d8479f1eb312d/out/vs/workbench/api/node/extensionHostProcess.js:119:7572)
	at n.terminate (/home/aom91/.vscode-server/bin/abd2f3db4bdb28f9e95536dfa84d8479f1eb312d/out/vs/workbench/api/node/extensionHostProcess.js:119:7844)
	at o.terminate (/home/aom91/.vscode-server/bin/abd2f3db4bdb28f9e95536dfa84d8479f1eb312d/out/vs/workbench/api/node/extensionHostProcess.js:123:1513)
	at D (/home/aom91/.vscode-server/bin/abd2f3db4bdb28f9e95536dfa84d8479f1eb312d/out/vs/workbench/api/node/extensionHostProcess.js:136:9800)
	at n.value (/home/aom91/.vscode-server/bin/abd2f3db4bdb28f9e95536dfa84d8479f1eb312d/out/vs/workbench/api/node/extensionHostProcess.js:136:7847)
	at m.w (/home/aom91/.vscode-server/bin/abd2f3db4bdb28f9e95536dfa84d8479f1eb312d/out/vs/workbench/api/node/extensionHostProcess.js:63:1902)
	at m.fire (/home/aom91/.vscode-server/bin/abd2f3db4bdb28f9e95536dfa84d8479f1eb312d/out/vs/workbench/api/node/extensionHostProcess.js:63:2119)
	at v.fire (/home/aom91/.vscode-server/bin/abd2f3db4bdb28f9e95536dfa84d8479f1eb312d/out/vs/workbench/api/node/extensionHostProcess.js:79:13940)
	at s.z (/home/aom91/.vscode-server/bin/abd2f3db4bdb28f9e95536dfa84d8479f1eb312d/out/vs/workbench/api/node/extensionHostProcess.js:79:17005)
	at n.value (/home/aom91/.vscode-server/bin/abd2f3db4bdb28f9e95536dfa84d8479f1eb312d/out/vs/workbench/api/node/extensionHostProcess.js:79:15457)
	at m.w (/home/aom91/.vscode-server/bin/abd2f3db4bdb28f9e95536dfa84d8479f1eb312d/out/vs/workbench/api/node/extensionHostProcess.js:63:1902)
	at m.fire (/home/aom91/.vscode-server/bin/abd2f3db4bdb28f9e95536dfa84d8479f1eb312d/out/vs/workbench/api/node/extensionHostProcess.js:63:2119)
	at n.acceptChunk (/home/aom91/.vscode-server/bin/abd2f3db4bdb28f9e95536dfa84d8479f1eb312d/out/vs/workbench/api/node/extensionHostProcess.js:79:11714)
	at n.value (/home/aom91/.vscode-server/bin/abd2f3db4bdb28f9e95536dfa84d8479f1eb312d/out/vs/workbench/api/node/extensionHostProcess.js:79:11001)
	at m.w (/home/aom91/.vscode-server/bin/abd2f3db4bdb28f9e95536dfa84d8479f1eb312d/out/vs/workbench/api/node/extensionHostProcess.js:63:1902)
	at m.fire (/home/aom91/.vscode-server/bin/abd2f3db4bdb28f9e95536dfa84d8479f1eb312d/out/vs/workbench/api/node/extensionHostProcess.js:63:2119)
	at m.u (/home/aom91/.vscode-server/bin/abd2f3db4bdb28f9e95536dfa84d8479f1eb312d/out/vs/workbench/api/node/extensionHostProcess.js:133:19093)
	at m.acceptFrame (/home/aom91/.vscode-server/bin/abd2f3db4bdb28f9e95536dfa84d8479f1eb312d/out/vs/workbench/api/node/extensionHostProcess.js:133:18899)
	at a.l (/home/aom91/.vscode-server/bin/abd2f3db4bdb28f9e95536dfa84d8479f1eb312d/out/vs/workbench/api/node/extensionHostProcess.js:133:17532)
	at /home/aom91/.vscode-server/bin/abd2f3db4bdb28f9e95536dfa84d8479f1eb312d/out/vs/workbench/api/node/extensionHostProcess.js:133:14879
	at Socket.p (/home/aom91/.vscode-server/bin/abd2f3db4bdb28f9e95536dfa84d8479f1eb312d/out/vs/workbench/api/node/extensionHostProcess.js:133:12793)
	at Socket.emit (node:events:513:28)
	at addChunk (node:internal/streams/readable:324:12)
	at readableAddChunk (node:internal/streams/readable:297:9)
	at Readable.push (node:internal/streams/readable:234:10)
	at TCP.onStreamRead (node:internal/stream_base_commons:190:23) setContext undefined
2023-09-20 20:26:32.557 [error] Canceled: Canceled
	at new h (/home/aom91/.vscode-server/bin/abd2f3db4bdb28f9e95536dfa84d8479f1eb312d/out/vs/workbench/api/node/extensionHostProcess.js:108:57382)
	at i.O (/home/aom91/.vscode-server/bin/abd2f3db4bdb28f9e95536dfa84d8479f1eb312d/out/vs/workbench/api/node/extensionHostProcess.js:117:10850)
	at j.<computed>.T.charCodeAt.j.<computed> (/home/aom91/.vscode-server/bin/abd2f3db4bdb28f9e95536dfa84d8479f1eb312d/out/vs/workbench/api/node/extensionHostProcess.js:117:8289)
	at r.g (/home/aom91/.vscode-server/bin/abd2f3db4bdb28f9e95536dfa84d8479f1eb312d/out/vs/workbench/api/node/extensionHostProcess.js:108:82208)
	at r.executeCommand (/home/aom91/.vscode-server/bin/abd2f3db4bdb28f9e95536dfa84d8479f1eb312d/out/vs/workbench/api/node/extensionHostProcess.js:108:81646)
	at u.registerCommand.description (/home/aom91/.vscode-server/bin/abd2f3db4bdb28f9e95536dfa84d8479f1eb312d/out/vs/workbench/api/node/extensionHostProcess.js:108:80967)
	at r.h (/home/aom91/.vscode-server/bin/abd2f3db4bdb28f9e95536dfa84d8479f1eb312d/out/vs/workbench/api/node/extensionHostProcess.js:108:82744)
	at r.g (/home/aom91/.vscode-server/bin/abd2f3db4bdb28f9e95536dfa84d8479f1eb312d/out/vs/workbench/api/node/extensionHostProcess.js:108:81739)
	at r.executeCommand (/home/aom91/.vscode-server/bin/abd2f3db4bdb28f9e95536dfa84d8479f1eb312d/out/vs/workbench/api/node/extensionHostProcess.js:108:81646)
	at Object.executeCommand (/home/aom91/.vscode-server/bin/abd2f3db4bdb28f9e95536dfa84d8479f1eb312d/out/vs/workbench/api/node/extensionHostProcess.js:123:21247)
	at w (/home/aom91/.vscode-server/extensions/eamodio.gitlens-14.3.0/dist/gitlens.js:1:964665)
	at c (/home/aom91/.vscode-server/extensions/eamodio.gitlens-14.3.0/dist/gitlens.js:1:969293)
	at ActionRunners._updateContextKeys (/home/aom91/.vscode-server/extensions/eamodio.gitlens-14.3.0/dist/gitlens.js:1:38220)
	at s (/home/aom91/.vscode-server/extensions/eamodio.gitlens-14.3.0/dist/gitlens.js:1:36639)
	at RegisteredActionRunner.unregister (/home/aom91/.vscode-server/extensions/eamodio.gitlens-14.3.0/dist/gitlens.js:1:36783)
	at RegisteredActionRunner.dispose (/home/aom91/.vscode-server/extensions/eamodio.gitlens-14.3.0/dist/gitlens.js:1:35446)
	at ActionRunners.dispose (/home/aom91/.vscode-server/extensions/eamodio.gitlens-14.3.0/dist/gitlens.js:1:36225)
	at /home/aom91/.vscode-server/extensions/eamodio.gitlens-14.3.0/dist/gitlens.js:1:685881
	at Array.forEach (<anonymous>)
	at Object.dispose (/home/aom91/.vscode-server/extensions/eamodio.gitlens-14.3.0/dist/gitlens.js:1:685866)
	at k (/home/aom91/.vscode-server/bin/abd2f3db4bdb28f9e95536dfa84d8479f1eb312d/out/vs/workbench/api/node/extensionHostProcess.js:13:11730)
	at n.Z (/home/aom91/.vscode-server/bin/abd2f3db4bdb28f9e95536dfa84d8479f1eb312d/out/vs/workbench/api/node/extensionHostProcess.js:119:9652)
	at /home/aom91/.vscode-server/bin/abd2f3db4bdb28f9e95536dfa84d8479f1eb312d/out/vs/workbench/api/node/extensionHostProcess.js:119:7585
	at Array.map (<anonymous>)
	at n.S (/home/aom91/.vscode-server/bin/abd2f3db4bdb28f9e95536dfa84d8479f1eb312d/out/vs/workbench/api/node/extensionHostProcess.js:119:7572)
	at n.terminate (/home/aom91/.vscode-server/bin/abd2f3db4bdb28f9e95536dfa84d8479f1eb312d/out/vs/workbench/api/node/extensionHostProcess.js:119:7844)
	at o.terminate (/home/aom91/.vscode-server/bin/abd2f3db4bdb28f9e95536dfa84d8479f1eb312d/out/vs/workbench/api/node/extensionHostProcess.js:123:1513)
	at D (/home/aom91/.vscode-server/bin/abd2f3db4bdb28f9e95536dfa84d8479f1eb312d/out/vs/workbench/api/node/extensionHostProcess.js:136:9800)
	at n.value (/home/aom91/.vscode-server/bin/abd2f3db4bdb28f9e95536dfa84d8479f1eb312d/out/vs/workbench/api/node/extensionHostProcess.js:136:7847)
	at m.w (/home/aom91/.vscode-server/bin/abd2f3db4bdb28f9e95536dfa84d8479f1eb312d/out/vs/workbench/api/node/extensionHostProcess.js:63:1902)
	at m.fire (/home/aom91/.vscode-server/bin/abd2f3db4bdb28f9e95536dfa84d8479f1eb312d/out/vs/workbench/api/node/extensionHostProcess.js:63:2119)
	at v.fire (/home/aom91/.vscode-server/bin/abd2f3db4bdb28f9e95536dfa84d8479f1eb312d/out/vs/workbench/api/node/extensionHostProcess.js:79:13940)
	at s.z (/home/aom91/.vscode-server/bin/abd2f3db4bdb28f9e95536dfa84d8479f1eb312d/out/vs/workbench/api/node/extensionHostProcess.js:79:17005)
	at n.value (/home/aom91/.vscode-server/bin/abd2f3db4bdb28f9e95536dfa84d8479f1eb312d/out/vs/workbench/api/node/extensionHostProcess.js:79:15457)
	at m.w (/home/aom91/.vscode-server/bin/abd2f3db4bdb28f9e95536dfa84d8479f1eb312d/out/vs/workbench/api/node/extensionHostProcess.js:63:1902)
	at m.fire (/home/aom91/.vscode-server/bin/abd2f3db4bdb28f9e95536dfa84d8479f1eb312d/out/vs/workbench/api/node/extensionHostProcess.js:63:2119)
	at n.acceptChunk (/home/aom91/.vscode-server/bin/abd2f3db4bdb28f9e95536dfa84d8479f1eb312d/out/vs/workbench/api/node/extensionHostProcess.js:79:11714)
	at n.value (/home/aom91/.vscode-server/bin/abd2f3db4bdb28f9e95536dfa84d8479f1eb312d/out/vs/workbench/api/node/extensionHostProcess.js:79:11001)
	at m.w (/home/aom91/.vscode-server/bin/abd2f3db4bdb28f9e95536dfa84d8479f1eb312d/out/vs/workbench/api/node/extensionHostProcess.js:63:1902)
	at m.fire (/home/aom91/.vscode-server/bin/abd2f3db4bdb28f9e95536dfa84d8479f1eb312d/out/vs/workbench/api/node/extensionHostProcess.js:63:2119)
	at m.u (/home/aom91/.vscode-server/bin/abd2f3db4bdb28f9e95536dfa84d8479f1eb312d/out/vs/workbench/api/node/extensionHostProcess.js:133:19093)
	at m.acceptFrame (/home/aom91/.vscode-server/bin/abd2f3db4bdb28f9e95536dfa84d8479f1eb312d/out/vs/workbench/api/node/extensionHostProcess.js:133:18899)
	at a.l (/home/aom91/.vscode-server/bin/abd2f3db4bdb28f9e95536dfa84d8479f1eb312d/out/vs/workbench/api/node/extensionHostProcess.js:133:17532)
	at /home/aom91/.vscode-server/bin/abd2f3db4bdb28f9e95536dfa84d8479f1eb312d/out/vs/workbench/api/node/extensionHostProcess.js:133:14879
	at Socket.p (/home/aom91/.vscode-server/bin/abd2f3db4bdb28f9e95536dfa84d8479f1eb312d/out/vs/workbench/api/node/extensionHostProcess.js:133:12793)
	at Socket.emit (node:events:513:28)
	at addChunk (node:internal/streams/readable:324:12)
	at readableAddChunk (node:internal/streams/readable:297:9)
	at Readable.push (node:internal/streams/readable:234:10)
	at TCP.onStreamRead (node:internal/stream_base_commons:190:23) setContext undefined
2023-09-20 20:26:32.560 [error] Canceled: Canceled
	at new h (/home/aom91/.vscode-server/bin/abd2f3db4bdb28f9e95536dfa84d8479f1eb312d/out/vs/workbench/api/node/extensionHostProcess.js:108:57382)
	at i.O (/home/aom91/.vscode-server/bin/abd2f3db4bdb28f9e95536dfa84d8479f1eb312d/out/vs/workbench/api/node/extensionHostProcess.js:117:10850)
	at j.<computed>.T.charCodeAt.j.<computed> (/home/aom91/.vscode-server/bin/abd2f3db4bdb28f9e95536dfa84d8479f1eb312d/out/vs/workbench/api/node/extensionHostProcess.js:117:8289)
	at r.g (/home/aom91/.vscode-server/bin/abd2f3db4bdb28f9e95536dfa84d8479f1eb312d/out/vs/workbench/api/node/extensionHostProcess.js:108:82208)
	at r.executeCommand (/home/aom91/.vscode-server/bin/abd2f3db4bdb28f9e95536dfa84d8479f1eb312d/out/vs/workbench/api/node/extensionHostProcess.js:108:81646)
	at u.registerCommand.description (/home/aom91/.vscode-server/bin/abd2f3db4bdb28f9e95536dfa84d8479f1eb312d/out/vs/workbench/api/node/extensionHostProcess.js:108:80967)
	at r.h (/home/aom91/.vscode-server/bin/abd2f3db4bdb28f9e95536dfa84d8479f1eb312d/out/vs/workbench/api/node/extensionHostProcess.js:108:82744)
	at r.g (/home/aom91/.vscode-server/bin/abd2f3db4bdb28f9e95536dfa84d8479f1eb312d/out/vs/workbench/api/node/extensionHostProcess.js:108:81739)
	at r.executeCommand (/home/aom91/.vscode-server/bin/abd2f3db4bdb28f9e95536dfa84d8479f1eb312d/out/vs/workbench/api/node/extensionHostProcess.js:108:81646)
	at Object.executeCommand (/home/aom91/.vscode-server/bin/abd2f3db4bdb28f9e95536dfa84d8479f1eb312d/out/vs/workbench/api/node/extensionHostProcess.js:123:21247)
	at w (/home/aom91/.vscode-server/extensions/eamodio.gitlens-14.3.0/dist/gitlens.js:1:964665)
	at c (/home/aom91/.vscode-server/extensions/eamodio.gitlens-14.3.0/dist/gitlens.js:1:969293)
	at ActionRunners._updateContextKeys (/home/aom91/.vscode-server/extensions/eamodio.gitlens-14.3.0/dist/gitlens.js:1:38220)
	at s (/home/aom91/.vscode-server/extensions/eamodio.gitlens-14.3.0/dist/gitlens.js:1:36639)
	at RegisteredActionRunner.unregister (/home/aom91/.vscode-server/extensions/eamodio.gitlens-14.3.0/dist/gitlens.js:1:36783)
	at RegisteredActionRunner.dispose (/home/aom91/.vscode-server/extensions/eamodio.gitlens-14.3.0/dist/gitlens.js:1:35446)
	at Object.dispose (/home/aom91/.vscode-server/extensions/eamodio.gitlens-14.3.0/dist/gitlens.js:1:36880)
	at k (/home/aom91/.vscode-server/bin/abd2f3db4bdb28f9e95536dfa84d8479f1eb312d/out/vs/workbench/api/node/extensionHostProcess.js:13:11730)
	at n.Z (/home/aom91/.vscode-server/bin/abd2f3db4bdb28f9e95536dfa84d8479f1eb312d/out/vs/workbench/api/node/extensionHostProcess.js:119:9652)
	at /home/aom91/.vscode-server/bin/abd2f3db4bdb28f9e95536dfa84d8479f1eb312d/out/vs/workbench/api/node/extensionHostProcess.js:119:7585
	at Array.map (<anonymous>)
	at n.S (/home/aom91/.vscode-server/bin/abd2f3db4bdb28f9e95536dfa84d8479f1eb312d/out/vs/workbench/api/node/extensionHostProcess.js:119:7572)
	at n.terminate (/home/aom91/.vscode-server/bin/abd2f3db4bdb28f9e95536dfa84d8479f1eb312d/out/vs/workbench/api/node/extensionHostProcess.js:119:7844)
	at o.terminate (/home/aom91/.vscode-server/bin/abd2f3db4bdb28f9e95536dfa84d8479f1eb312d/out/vs/workbench/api/node/extensionHostProcess.js:123:1513)
	at D (/home/aom91/.vscode-server/bin/abd2f3db4bdb28f9e95536dfa84d8479f1eb312d/out/vs/workbench/api/node/extensionHostProcess.js:136:9800)
	at n.value (/home/aom91/.vscode-server/bin/abd2f3db4bdb28f9e95536dfa84d8479f1eb312d/out/vs/workbench/api/node/extensionHostProcess.js:136:7847)
	at m.w (/home/aom91/.vscode-server/bin/abd2f3db4bdb28f9e95536dfa84d8479f1eb312d/out/vs/workbench/api/node/extensionHostProcess.js:63:1902)
	at m.fire (/home/aom91/.vscode-server/bin/abd2f3db4bdb28f9e95536dfa84d8479f1eb312d/out/vs/workbench/api/node/extensionHostProcess.js:63:2119)
	at v.fire (/home/aom91/.vscode-server/bin/abd2f3db4bdb28f9e95536dfa84d8479f1eb312d/out/vs/workbench/api/node/extensionHostProcess.js:79:13940)
	at s.z (/home/aom91/.vscode-server/bin/abd2f3db4bdb28f9e95536dfa84d8479f1eb312d/out/vs/workbench/api/node/extensionHostProcess.js:79:17005)
	at n.value (/home/aom91/.vscode-server/bin/abd2f3db4bdb28f9e95536dfa84d8479f1eb312d/out/vs/workbench/api/node/extensionHostProcess.js:79:15457)
	at m.w (/home/aom91/.vscode-server/bin/abd2f3db4bdb28f9e95536dfa84d8479f1eb312d/out/vs/workbench/api/node/extensionHostProcess.js:63:1902)
	at m.fire (/home/aom91/.vscode-server/bin/abd2f3db4bdb28f9e95536dfa84d8479f1eb312d/out/vs/workbench/api/node/extensionHostProcess.js:63:2119)
	at n.acceptChunk (/home/aom91/.vscode-server/bin/abd2f3db4bdb28f9e95536dfa84d8479f1eb312d/out/vs/workbench/api/node/extensionHostProcess.js:79:11714)
	at n.value (/home/aom91/.vscode-server/bin/abd2f3db4bdb28f9e95536dfa84d8479f1eb312d/out/vs/workbench/api/node/extensionHostProcess.js:79:11001)
	at m.w (/home/aom91/.vscode-server/bin/abd2f3db4bdb28f9e95536dfa84d8479f1eb312d/out/vs/workbench/api/node/extensionHostProcess.js:63:1902)
	at m.fire (/home/aom91/.vscode-server/bin/abd2f3db4bdb28f9e95536dfa84d8479f1eb312d/out/vs/workbench/api/node/extensionHostProcess.js:63:2119)
	at m.u (/home/aom91/.vscode-server/bin/abd2f3db4bdb28f9e95536dfa84d8479f1eb312d/out/vs/workbench/api/node/extensionHostProcess.js:133:19093)
	at m.acceptFrame (/home/aom91/.vscode-server/bin/abd2f3db4bdb28f9e95536dfa84d8479f1eb312d/out/vs/workbench/api/node/extensionHostProcess.js:133:18899)
	at a.l (/home/aom91/.vscode-server/bin/abd2f3db4bdb28f9e95536dfa84d8479f1eb312d/out/vs/workbench/api/node/extensionHostProcess.js:133:17532)
	at /home/aom91/.vscode-server/bin/abd2f3db4bdb28f9e95536dfa84d8479f1eb312d/out/vs/workbench/api/node/extensionHostProcess.js:133:14879
	at Socket.p (/home/aom91/.vscode-server/bin/abd2f3db4bdb28f9e95536dfa84d8479f1eb312d/out/vs/workbench/api/node/extensionHostProcess.js:133:12793)
	at Socket.emit (node:events:513:28)
	at addChunk (node:internal/streams/readable:324:12)
	at readableAddChunk (node:internal/streams/readable:297:9)
	at Readable.push (node:internal/streams/readable:234:10)
	at TCP.onStreamRead (node:internal/stream_base_commons:190:23) setContext undefined
2023-09-20 20:26:32.570 [error] Canceled: Canceled
	at new h (/home/aom91/.vscode-server/bin/abd2f3db4bdb28f9e95536dfa84d8479f1eb312d/out/vs/workbench/api/node/extensionHostProcess.js:108:57382)
	at i.O (/home/aom91/.vscode-server/bin/abd2f3db4bdb28f9e95536dfa84d8479f1eb312d/out/vs/workbench/api/node/extensionHostProcess.js:117:10850)
	at j.<computed>.T.charCodeAt.j.<computed> (/home/aom91/.vscode-server/bin/abd2f3db4bdb28f9e95536dfa84d8479f1eb312d/out/vs/workbench/api/node/extensionHostProcess.js:117:8289)
	at r.g (/home/aom91/.vscode-server/bin/abd2f3db4bdb28f9e95536dfa84d8479f1eb312d/out/vs/workbench/api/node/extensionHostProcess.js:108:82208)
	at r.executeCommand (/home/aom91/.vscode-server/bin/abd2f3db4bdb28f9e95536dfa84d8479f1eb312d/out/vs/workbench/api/node/extensionHostProcess.js:108:81646)
	at u.registerCommand.description (/home/aom91/.vscode-server/bin/abd2f3db4bdb28f9e95536dfa84d8479f1eb312d/out/vs/workbench/api/node/extensionHostProcess.js:108:80967)
	at r.h (/home/aom91/.vscode-server/bin/abd2f3db4bdb28f9e95536dfa84d8479f1eb312d/out/vs/workbench/api/node/extensionHostProcess.js:108:82744)
	at r.g (/home/aom91/.vscode-server/bin/abd2f3db4bdb28f9e95536dfa84d8479f1eb312d/out/vs/workbench/api/node/extensionHostProcess.js:108:81739)
	at r.executeCommand (/home/aom91/.vscode-server/bin/abd2f3db4bdb28f9e95536dfa84d8479f1eb312d/out/vs/workbench/api/node/extensionHostProcess.js:108:81646)
	at Object.executeCommand (/home/aom91/.vscode-server/bin/abd2f3db4bdb28f9e95536dfa84d8479f1eb312d/out/vs/workbench/api/node/extensionHostProcess.js:123:21247)
	at w (/home/aom91/.vscode-server/extensions/eamodio.gitlens-14.3.0/dist/gitlens.js:1:964665)
	at c (/home/aom91/.vscode-server/extensions/eamodio.gitlens-14.3.0/dist/gitlens.js:1:969293)
	at ActionRunners._updateContextKeys (/home/aom91/.vscode-server/extensions/eamodio.gitlens-14.3.0/dist/gitlens.js:1:38220)
	at s (/home/aom91/.vscode-server/extensions/eamodio.gitlens-14.3.0/dist/gitlens.js:1:36639)
	at RegisteredActionRunner.unregister (/home/aom91/.vscode-server/extensions/eamodio.gitlens-14.3.0/dist/gitlens.js:1:36783)
	at RegisteredActionRunner.dispose (/home/aom91/.vscode-server/extensions/eamodio.gitlens-14.3.0/dist/gitlens.js:1:35446)
	at Object.dispose (/home/aom91/.vscode-server/extensions/eamodio.gitlens-14.3.0/dist/gitlens.js:1:36880)
	at k (/home/aom91/.vscode-server/bin/abd2f3db4bdb28f9e95536dfa84d8479f1eb312d/out/vs/workbench/api/node/extensionHostProcess.js:13:11730)
	at n.Z (/home/aom91/.vscode-server/bin/abd2f3db4bdb28f9e95536dfa84d8479f1eb312d/out/vs/workbench/api/node/extensionHostProcess.js:119:9652)
	at /home/aom91/.vscode-server/bin/abd2f3db4bdb28f9e95536dfa84d8479f1eb312d/out/vs/workbench/api/node/extensionHostProcess.js:119:7585
	at Array.map (<anonymous>)
	at n.S (/home/aom91/.vscode-server/bin/abd2f3db4bdb28f9e95536dfa84d8479f1eb312d/out/vs/workbench/api/node/extensionHostProcess.js:119:7572)
	at n.terminate (/home/aom91/.vscode-server/bin/abd2f3db4bdb28f9e95536dfa84d8479f1eb312d/out/vs/workbench/api/node/extensionHostProcess.js:119:7844)
	at o.terminate (/home/aom91/.vscode-server/bin/abd2f3db4bdb28f9e95536dfa84d8479f1eb312d/out/vs/workbench/api/node/extensionHostProcess.js:123:1513)
	at D (/home/aom91/.vscode-server/bin/abd2f3db4bdb28f9e95536dfa84d8479f1eb312d/out/vs/workbench/api/node/extensionHostProcess.js:136:9800)
	at n.value (/home/aom91/.vscode-server/bin/abd2f3db4bdb28f9e95536dfa84d8479f1eb312d/out/vs/workbench/api/node/extensionHostProcess.js:136:7847)
	at m.w (/home/aom91/.vscode-server/bin/abd2f3db4bdb28f9e95536dfa84d8479f1eb312d/out/vs/workbench/api/node/extensionHostProcess.js:63:1902)
	at m.fire (/home/aom91/.vscode-server/bin/abd2f3db4bdb28f9e95536dfa84d8479f1eb312d/out/vs/workbench/api/node/extensionHostProcess.js:63:2119)
	at v.fire (/home/aom91/.vscode-server/bin/abd2f3db4bdb28f9e95536dfa84d8479f1eb312d/out/vs/workbench/api/node/extensionHostProcess.js:79:13940)
	at s.z (/home/aom91/.vscode-server/bin/abd2f3db4bdb28f9e95536dfa84d8479f1eb312d/out/vs/workbench/api/node/extensionHostProcess.js:79:17005)
	at n.value (/home/aom91/.vscode-server/bin/abd2f3db4bdb28f9e95536dfa84d8479f1eb312d/out/vs/workbench/api/node/extensionHostProcess.js:79:15457)
	at m.w (/home/aom91/.vscode-server/bin/abd2f3db4bdb28f9e95536dfa84d8479f1eb312d/out/vs/workbench/api/node/extensionHostProcess.js:63:1902)
	at m.fire (/home/aom91/.vscode-server/bin/abd2f3db4bdb28f9e95536dfa84d8479f1eb312d/out/vs/workbench/api/node/extensionHostProcess.js:63:2119)
	at n.acceptChunk (/home/aom91/.vscode-server/bin/abd2f3db4bdb28f9e95536dfa84d8479f1eb312d/out/vs/workbench/api/node/extensionHostProcess.js:79:11714)
	at n.value (/home/aom91/.vscode-server/bin/abd2f3db4bdb28f9e95536dfa84d8479f1eb312d/out/vs/workbench/api/node/extensionHostProcess.js:79:11001)
	at m.w (/home/aom91/.vscode-server/bin/abd2f3db4bdb28f9e95536dfa84d8479f1eb312d/out/vs/workbench/api/node/extensionHostProcess.js:63:1902)
	at m.fire (/home/aom91/.vscode-server/bin/abd2f3db4bdb28f9e95536dfa84d8479f1eb312d/out/vs/workbench/api/node/extensionHostProcess.js:63:2119)
	at m.u (/home/aom91/.vscode-server/bin/abd2f3db4bdb28f9e95536dfa84d8479f1eb312d/out/vs/workbench/api/node/extensionHostProcess.js:133:19093)
	at m.acceptFrame (/home/aom91/.vscode-server/bin/abd2f3db4bdb28f9e95536dfa84d8479f1eb312d/out/vs/workbench/api/node/extensionHostProcess.js:133:18899)
	at a.l (/home/aom91/.vscode-server/bin/abd2f3db4bdb28f9e95536dfa84d8479f1eb312d/out/vs/workbench/api/node/extensionHostProcess.js:133:17532)
	at /home/aom91/.vscode-server/bin/abd2f3db4bdb28f9e95536dfa84d8479f1eb312d/out/vs/workbench/api/node/extensionHostProcess.js:133:14879
	at Socket.p (/home/aom91/.vscode-server/bin/abd2f3db4bdb28f9e95536dfa84d8479f1eb312d/out/vs/workbench/api/node/extensionHostProcess.js:133:12793)
	at Socket.emit (node:events:513:28)
	at addChunk (node:internal/streams/readable:324:12)
	at readableAddChunk (node:internal/streams/readable:297:9)
	at Readable.push (node:internal/streams/readable:234:10)
	at TCP.onStreamRead (node:internal/stream_base_commons:190:23) setContext undefined
2023-09-20 20:26:32.572 [error] Canceled: Canceled
	at new h (/home/aom91/.vscode-server/bin/abd2f3db4bdb28f9e95536dfa84d8479f1eb312d/out/vs/workbench/api/node/extensionHostProcess.js:108:57382)
	at i.O (/home/aom91/.vscode-server/bin/abd2f3db4bdb28f9e95536dfa84d8479f1eb312d/out/vs/workbench/api/node/extensionHostProcess.js:117:10850)
	at j.<computed>.T.charCodeAt.j.<computed> (/home/aom91/.vscode-server/bin/abd2f3db4bdb28f9e95536dfa84d8479f1eb312d/out/vs/workbench/api/node/extensionHostProcess.js:117:8289)
	at r.g (/home/aom91/.vscode-server/bin/abd2f3db4bdb28f9e95536dfa84d8479f1eb312d/out/vs/workbench/api/node/extensionHostProcess.js:108:82208)
	at r.executeCommand (/home/aom91/.vscode-server/bin/abd2f3db4bdb28f9e95536dfa84d8479f1eb312d/out/vs/workbench/api/node/extensionHostProcess.js:108:81646)
	at u.registerCommand.description (/home/aom91/.vscode-server/bin/abd2f3db4bdb28f9e95536dfa84d8479f1eb312d/out/vs/workbench/api/node/extensionHostProcess.js:108:80967)
	at r.h (/home/aom91/.vscode-server/bin/abd2f3db4bdb28f9e95536dfa84d8479f1eb312d/out/vs/workbench/api/node/extensionHostProcess.js:108:82744)
	at r.g (/home/aom91/.vscode-server/bin/abd2f3db4bdb28f9e95536dfa84d8479f1eb312d/out/vs/workbench/api/node/extensionHostProcess.js:108:81739)
	at r.executeCommand (/home/aom91/.vscode-server/bin/abd2f3db4bdb28f9e95536dfa84d8479f1eb312d/out/vs/workbench/api/node/extensionHostProcess.js:108:81646)
	at Object.executeCommand (/home/aom91/.vscode-server/bin/abd2f3db4bdb28f9e95536dfa84d8479f1eb312d/out/vs/workbench/api/node/extensionHostProcess.js:123:21247)
	at w (/home/aom91/.vscode-server/extensions/eamodio.gitlens-14.3.0/dist/gitlens.js:1:964665)
	at c (/home/aom91/.vscode-server/extensions/eamodio.gitlens-14.3.0/dist/gitlens.js:1:969293)
	at ActionRunners._updateContextKeys (/home/aom91/.vscode-server/extensions/eamodio.gitlens-14.3.0/dist/gitlens.js:1:38220)
	at s (/home/aom91/.vscode-server/extensions/eamodio.gitlens-14.3.0/dist/gitlens.js:1:36639)
	at RegisteredActionRunner.unregister (/home/aom91/.vscode-server/extensions/eamodio.gitlens-14.3.0/dist/gitlens.js:1:36783)
	at RegisteredActionRunner.dispose (/home/aom91/.vscode-server/extensions/eamodio.gitlens-14.3.0/dist/gitlens.js:1:35446)
	at Object.dispose (/home/aom91/.vscode-server/extensions/eamodio.gitlens-14.3.0/dist/gitlens.js:1:36880)
	at k (/home/aom91/.vscode-server/bin/abd2f3db4bdb28f9e95536dfa84d8479f1eb312d/out/vs/workbench/api/node/extensionHostProcess.js:13:11730)
	at n.Z (/home/aom91/.vscode-server/bin/abd2f3db4bdb28f9e95536dfa84d8479f1eb312d/out/vs/workbench/api/node/extensionHostProcess.js:119:9652)
	at /home/aom91/.vscode-server/bin/abd2f3db4bdb28f9e95536dfa84d8479f1eb312d/out/vs/workbench/api/node/extensionHostProcess.js:119:7585
	at Array.map (<anonymous>)
	at n.S (/home/aom91/.vscode-server/bin/abd2f3db4bdb28f9e95536dfa84d8479f1eb312d/out/vs/workbench/api/node/extensionHostProcess.js:119:7572)
	at n.terminate (/home/aom91/.vscode-server/bin/abd2f3db4bdb28f9e95536dfa84d8479f1eb312d/out/vs/workbench/api/node/extensionHostProcess.js:119:7844)
	at o.terminate (/home/aom91/.vscode-server/bin/abd2f3db4bdb28f9e95536dfa84d8479f1eb312d/out/vs/workbench/api/node/extensionHostProcess.js:123:1513)
	at D (/home/aom91/.vscode-server/bin/abd2f3db4bdb28f9e95536dfa84d8479f1eb312d/out/vs/workbench/api/node/extensionHostProcess.js:136:9800)
	at n.value (/home/aom91/.vscode-server/bin/abd2f3db4bdb28f9e95536dfa84d8479f1eb312d/out/vs/workbench/api/node/extensionHostProcess.js:136:7847)
	at m.w (/home/aom91/.vscode-server/bin/abd2f3db4bdb28f9e95536dfa84d8479f1eb312d/out/vs/workbench/api/node/extensionHostProcess.js:63:1902)
	at m.fire (/home/aom91/.vscode-server/bin/abd2f3db4bdb28f9e95536dfa84d8479f1eb312d/out/vs/workbench/api/node/extensionHostProcess.js:63:2119)
	at v.fire (/home/aom91/.vscode-server/bin/abd2f3db4bdb28f9e95536dfa84d8479f1eb312d/out/vs/workbench/api/node/extensionHostProcess.js:79:13940)
	at s.z (/home/aom91/.vscode-server/bin/abd2f3db4bdb28f9e95536dfa84d8479f1eb312d/out/vs/workbench/api/node/extensionHostProcess.js:79:17005)
	at n.value (/home/aom91/.vscode-server/bin/abd2f3db4bdb28f9e95536dfa84d8479f1eb312d/out/vs/workbench/api/node/extensionHostProcess.js:79:15457)
	at m.w (/home/aom91/.vscode-server/bin/abd2f3db4bdb28f9e95536dfa84d8479f1eb312d/out/vs/workbench/api/node/extensionHostProcess.js:63:1902)
	at m.fire (/home/aom91/.vscode-server/bin/abd2f3db4bdb28f9e95536dfa84d8479f1eb312d/out/vs/workbench/api/node/extensionHostProcess.js:63:2119)
	at n.acceptChunk (/home/aom91/.vscode-server/bin/abd2f3db4bdb28f9e95536dfa84d8479f1eb312d/out/vs/workbench/api/node/extensionHostProcess.js:79:11714)
	at n.value (/home/aom91/.vscode-server/bin/abd2f3db4bdb28f9e95536dfa84d8479f1eb312d/out/vs/workbench/api/node/extensionHostProcess.js:79:11001)
	at m.w (/home/aom91/.vscode-server/bin/abd2f3db4bdb28f9e95536dfa84d8479f1eb312d/out/vs/workbench/api/node/extensionHostProcess.js:63:1902)
	at m.fire (/home/aom91/.vscode-server/bin/abd2f3db4bdb28f9e95536dfa84d8479f1eb312d/out/vs/workbench/api/node/extensionHostProcess.js:63:2119)
	at m.u (/home/aom91/.vscode-server/bin/abd2f3db4bdb28f9e95536dfa84d8479f1eb312d/out/vs/workbench/api/node/extensionHostProcess.js:133:19093)
	at m.acceptFrame (/home/aom91/.vscode-server/bin/abd2f3db4bdb28f9e95536dfa84d8479f1eb312d/out/vs/workbench/api/node/extensionHostProcess.js:133:18899)
	at a.l (/home/aom91/.vscode-server/bin/abd2f3db4bdb28f9e95536dfa84d8479f1eb312d/out/vs/workbench/api/node/extensionHostProcess.js:133:17532)
	at /home/aom91/.vscode-server/bin/abd2f3db4bdb28f9e95536dfa84d8479f1eb312d/out/vs/workbench/api/node/extensionHostProcess.js:133:14879
	at Socket.p (/home/aom91/.vscode-server/bin/abd2f3db4bdb28f9e95536dfa84d8479f1eb312d/out/vs/workbench/api/node/extensionHostProcess.js:133:12793)
	at Socket.emit (node:events:513:28)
	at addChunk (node:internal/streams/readable:324:12)
	at readableAddChunk (node:internal/streams/readable:297:9)
	at Readable.push (node:internal/streams/readable:234:10)
	at TCP.onStreamRead (node:internal/stream_base_commons:190:23) setContext undefined
2023-09-20 20:26:32.575 [error] Canceled: Canceled
	at new h (/home/aom91/.vscode-server/bin/abd2f3db4bdb28f9e95536dfa84d8479f1eb312d/out/vs/workbench/api/node/extensionHostProcess.js:108:57382)
	at i.O (/home/aom91/.vscode-server/bin/abd2f3db4bdb28f9e95536dfa84d8479f1eb312d/out/vs/workbench/api/node/extensionHostProcess.js:117:10850)
	at j.<computed>.T.charCodeAt.j.<computed> (/home/aom91/.vscode-server/bin/abd2f3db4bdb28f9e95536dfa84d8479f1eb312d/out/vs/workbench/api/node/extensionHostProcess.js:117:8289)
	at r.g (/home/aom91/.vscode-server/bin/abd2f3db4bdb28f9e95536dfa84d8479f1eb312d/out/vs/workbench/api/node/extensionHostProcess.js:108:82208)
	at r.executeCommand (/home/aom91/.vscode-server/bin/abd2f3db4bdb28f9e95536dfa84d8479f1eb312d/out/vs/workbench/api/node/extensionHostProcess.js:108:81646)
	at u.registerCommand.description (/home/aom91/.vscode-server/bin/abd2f3db4bdb28f9e95536dfa84d8479f1eb312d/out/vs/workbench/api/node/extensionHostProcess.js:108:80967)
	at r.h (/home/aom91/.vscode-server/bin/abd2f3db4bdb28f9e95536dfa84d8479f1eb312d/out/vs/workbench/api/node/extensionHostProcess.js:108:82744)
	at r.g (/home/aom91/.vscode-server/bin/abd2f3db4bdb28f9e95536dfa84d8479f1eb312d/out/vs/workbench/api/node/extensionHostProcess.js:108:81739)
	at r.executeCommand (/home/aom91/.vscode-server/bin/abd2f3db4bdb28f9e95536dfa84d8479f1eb312d/out/vs/workbench/api/node/extensionHostProcess.js:108:81646)
	at Object.executeCommand (/home/aom91/.vscode-server/bin/abd2f3db4bdb28f9e95536dfa84d8479f1eb312d/out/vs/workbench/api/node/extensionHostProcess.js:123:21247)
	at TestExplorer.updateVisibility (/home/aom91/.vscode-server/extensions/hbenl.vscode-test-explorer-2.21.1/out/testExplorer.js:334:25)
	at TestExplorer.unregisterTestAdapter (/home/aom91/.vscode-server/extensions/hbenl.vscode-test-explorer-2.21.1/out/testExplorer.js:64:18)
	at TestHub.unregisterTestAdapter (/home/aom91/.vscode-server/extensions/hbenl.vscode-test-explorer-2.21.1/out/hub/testHub.js:68:37)
	at Object.unregisterTestAdapter (/home/aom91/.vscode-server/extensions/hbenl.vscode-test-explorer-2.21.1/out/main.js:107:47)
	at t.TestAdapterRegistrar.remove (/home/aom91/.vscode-server/extensions/kavod-io.vscode-jest-test-adapter-0.8.1/dist/extension.js:2:2894476)
	at t.TestAdapterRegistrar.dispose (/home/aom91/.vscode-server/extensions/kavod-io.vscode-jest-test-adapter-0.8.1/dist/extension.js:2:2894609)
	at k (/home/aom91/.vscode-server/bin/abd2f3db4bdb28f9e95536dfa84d8479f1eb312d/out/vs/workbench/api/node/extensionHostProcess.js:13:11730)
	at n.Z (/home/aom91/.vscode-server/bin/abd2f3db4bdb28f9e95536dfa84d8479f1eb312d/out/vs/workbench/api/node/extensionHostProcess.js:119:9652)
	at /home/aom91/.vscode-server/bin/abd2f3db4bdb28f9e95536dfa84d8479f1eb312d/out/vs/workbench/api/node/extensionHostProcess.js:119:7585
	at Array.map (<anonymous>)
	at n.S (/home/aom91/.vscode-server/bin/abd2f3db4bdb28f9e95536dfa84d8479f1eb312d/out/vs/workbench/api/node/extensionHostProcess.js:119:7572)
	at n.terminate (/home/aom91/.vscode-server/bin/abd2f3db4bdb28f9e95536dfa84d8479f1eb312d/out/vs/workbench/api/node/extensionHostProcess.js:119:7844)
	at o.terminate (/home/aom91/.vscode-server/bin/abd2f3db4bdb28f9e95536dfa84d8479f1eb312d/out/vs/workbench/api/node/extensionHostProcess.js:123:1513)
	at D (/home/aom91/.vscode-server/bin/abd2f3db4bdb28f9e95536dfa84d8479f1eb312d/out/vs/workbench/api/node/extensionHostProcess.js:136:9800)
	at n.value (/home/aom91/.vscode-server/bin/abd2f3db4bdb28f9e95536dfa84d8479f1eb312d/out/vs/workbench/api/node/extensionHostProcess.js:136:7847)
	at m.w (/home/aom91/.vscode-server/bin/abd2f3db4bdb28f9e95536dfa84d8479f1eb312d/out/vs/workbench/api/node/extensionHostProcess.js:63:1902)
	at m.fire (/home/aom91/.vscode-server/bin/abd2f3db4bdb28f9e95536dfa84d8479f1eb312d/out/vs/workbench/api/node/extensionHostProcess.js:63:2119)
	at v.fire (/home/aom91/.vscode-server/bin/abd2f3db4bdb28f9e95536dfa84d8479f1eb312d/out/vs/workbench/api/node/extensionHostProcess.js:79:13940)
	at s.z (/home/aom91/.vscode-server/bin/abd2f3db4bdb28f9e95536dfa84d8479f1eb312d/out/vs/workbench/api/node/extensionHostProcess.js:79:17005)
	at n.value (/home/aom91/.vscode-server/bin/abd2f3db4bdb28f9e95536dfa84d8479f1eb312d/out/vs/workbench/api/node/extensionHostProcess.js:79:15457)
	at m.w (/home/aom91/.vscode-server/bin/abd2f3db4bdb28f9e95536dfa84d8479f1eb312d/out/vs/workbench/api/node/extensionHostProcess.js:63:1902)
	at m.fire (/home/aom91/.vscode-server/bin/abd2f3db4bdb28f9e95536dfa84d8479f1eb312d/out/vs/workbench/api/node/extensionHostProcess.js:63:2119)
	at n.acceptChunk (/home/aom91/.vscode-server/bin/abd2f3db4bdb28f9e95536dfa84d8479f1eb312d/out/vs/workbench/api/node/extensionHostProcess.js:79:11714)
	at n.value (/home/aom91/.vscode-server/bin/abd2f3db4bdb28f9e95536dfa84d8479f1eb312d/out/vs/workbench/api/node/extensionHostProcess.js:79:11001)
	at m.w (/home/aom91/.vscode-server/bin/abd2f3db4bdb28f9e95536dfa84d8479f1eb312d/out/vs/workbench/api/node/extensionHostProcess.js:63:1902)
	at m.fire (/home/aom91/.vscode-server/bin/abd2f3db4bdb28f9e95536dfa84d8479f1eb312d/out/vs/workbench/api/node/extensionHostProcess.js:63:2119)
	at m.u (/home/aom91/.vscode-server/bin/abd2f3db4bdb28f9e95536dfa84d8479f1eb312d/out/vs/workbench/api/node/extensionHostProcess.js:133:19093)
	at m.acceptFrame (/home/aom91/.vscode-server/bin/abd2f3db4bdb28f9e95536dfa84d8479f1eb312d/out/vs/workbench/api/node/extensionHostProcess.js:133:18899)
	at a.l (/home/aom91/.vscode-server/bin/abd2f3db4bdb28f9e95536dfa84d8479f1eb312d/out/vs/workbench/api/node/extensionHostProcess.js:133:17532)
	at /home/aom91/.vscode-server/bin/abd2f3db4bdb28f9e95536dfa84d8479f1eb312d/out/vs/workbench/api/node/extensionHostProcess.js:133:14879
	at Socket.p (/home/aom91/.vscode-server/bin/abd2f3db4bdb28f9e95536dfa84d8479f1eb312d/out/vs/workbench/api/node/extensionHostProcess.js:133:12793)
	at Socket.emit (node:events:513:28)
	at addChunk (node:internal/streams/readable:324:12)
	at readableAddChunk (node:internal/streams/readable:297:9)
	at Readable.push (node:internal/streams/readable:234:10)
	at TCP.onStreamRead (node:internal/stream_base_commons:190:23) setContext undefined
