2023-09-19 20:15:12.723 [info] Log level: Info
2023-09-19 20:15:12.723 [info] Validating found git in: "git"
2023-09-19 20:15:12.723 [info] Using git "2.34.1" from "git"
2023-09-19 20:15:12.723 [info] > git rev-parse --show-toplevel [95ms]
2023-09-19 20:15:12.865 [info] > git rev-parse --git-dir --git-common-dir [44ms]
2023-09-19 20:15:13.152 [info] Open repository: /home/aom91/coursework/block27/ReactForm
2023-09-19 20:15:14.207 [info] > git rev-parse --show-toplevel [608ms]
2023-09-19 20:15:14.255 [info] > git config --get commit.template [752ms]
2023-09-19 20:15:14.600 [info] > git rev-parse --show-toplevel [225ms]
2023-09-19 20:15:14.697 [info] > git for-each-ref --format=%(refname)%00%(upstream:short)%00%(objectname)%00%(upstream:track)%00%(upstream:remotename)%00%(upstream:remoteref) refs/heads/main refs/remotes/main [163ms]
2023-09-19 20:15:14.868 [info] > git status -z -uall [94ms]
2023-09-19 20:15:15.449 [info] > git check-ignore -v -z --stdin [39ms]
2023-09-19 20:15:15.483 [info] > git config --get commit.template [342ms]
2023-09-19 20:15:15.951 [info] > git for-each-ref --format=%(refname)%00%(upstream:short)%00%(objectname)%00%(upstream:track)%00%(upstream:remotename)%00%(upstream:remoteref) refs/heads/main refs/remotes/main [152ms]
2023-09-19 20:15:16.296 [info] > git status -z -uall [119ms]
2023-09-19 20:15:16.297 [info] > git check-ignore -v -z --stdin [55ms]
2023-09-19 20:15:16.377 [info] > git fetch [3231ms]
2023-09-19 20:15:16.686 [info] > git config --get commit.template [218ms]
2023-09-19 20:15:18.270 [info] > git for-each-ref --format=%(refname)%00%(upstream:short)%00%(objectname)%00%(upstream:track)%00%(upstream:remotename)%00%(upstream:remoteref) refs/heads/main refs/remotes/main [1461ms]
2023-09-19 20:15:19.022 [info] > git status -z -uall [662ms]
2023-09-19 20:15:35.512 [info] > git show --textconv :src/components/SignUpForm.jsx [1306ms]
2023-09-19 20:15:35.513 [info] > git ls-files --stage -- /home/aom91/coursework/block27/ReactForm/src/components/SignUpForm.jsx [1084ms]
2023-09-19 20:15:35.873 [info] > git cat-file -s add6629120fc58aa40bb82c69fcd9f5299fec325 [186ms]
2023-09-19 20:15:48.256 [info] > git for-each-ref --format=%(refname)%00%(upstream:short)%00%(objectname)%00%(upstream:track)%00%(upstream:remotename)%00%(upstream:remoteref) refs/heads/main refs/remotes/main [137ms]
2023-09-19 20:15:48.295 [info] > git config --get commit.template [334ms]
2023-09-19 20:15:48.819 [info] > git status -z -uall [151ms]
2023-09-19 20:15:50.568 [info] > git check-ignore -v -z --stdin [73ms]
2023-09-19 20:15:54.128 [info] > git config --get commit.template [82ms]
2023-09-19 20:15:54.322 [info] > git for-each-ref --format=%(refname)%00%(upstream:short)%00%(objectname)%00%(upstream:track)%00%(upstream:remotename)%00%(upstream:remoteref) refs/heads/main refs/remotes/main [66ms]
2023-09-19 20:15:54.419 [info] > git status -z -uall [26ms]
2023-09-19 20:16:28.606 [info] > git remote remove reactform [91ms]
2023-09-19 20:16:28.863 [info] > git config --get commit.template [163ms]
2023-09-19 20:16:28.989 [info] > git for-each-ref --format=%(refname)%00%(upstream:short)%00%(objectname)%00%(upstream:track)%00%(upstream:remotename)%00%(upstream:remoteref) refs/heads/main refs/remotes/main [65ms]
2023-09-19 20:16:29.086 [info] > git status -z -uall [34ms]
2023-09-19 20:16:30.048 [info] > git ls-files --stage -- /home/aom91/coursework/block27/ReactForm/src/components/SignUpForm.jsx [25ms]
2023-09-19 20:16:30.155 [info] > git cat-file -s add6629120fc58aa40bb82c69fcd9f5299fec325 [17ms]
2023-09-19 20:16:30.387 [info] > git show --textconv :src/components/SignUpForm.jsx [44ms]
2023-09-19 20:16:44.290 [info] > git remote remove origin [19ms]
2023-09-19 20:16:44.365 [info] No remotes found in the git config file.
2023-09-19 20:16:44.369 [info] > git config --get commit.template [48ms]
2023-09-19 20:16:44.385 [info] > git for-each-ref --format=%(refname)%00%(upstream:short)%00%(objectname)%00%(upstream:track)%00%(upstream:remotename)%00%(upstream:remoteref) refs/heads/main refs/remotes/main [24ms]
2023-09-19 20:16:44.423 [info] > git status -z -uall [10ms]
2023-09-19 20:16:45.557 [info] > git ls-files --stage -- /home/aom91/coursework/block27/ReactForm/src/components/SignUpForm.jsx [16ms]
2023-09-19 20:16:45.685 [info] > git cat-file -s add6629120fc58aa40bb82c69fcd9f5299fec325 [51ms]
2023-09-19 20:16:45.740 [info] > git show --textconv :src/components/SignUpForm.jsx [16ms]
2023-09-19 20:17:32.112 [info] > git for-each-ref --sort -committerdate --format %(refname) %(objectname) %(*objectname) [6ms]
2023-09-19 20:17:42.039 [info] > git merge main [11ms]
2023-09-19 20:17:42.062 [info] > git config --get commit.template [3ms]
2023-09-19 20:17:42.082 [info] No remotes found in the git config file.
2023-09-19 20:17:42.089 [info] > git for-each-ref --format=%(refname)%00%(upstream:short)%00%(objectname)%00%(upstream:track)%00%(upstream:remotename)%00%(upstream:remoteref) refs/heads/main refs/remotes/main [8ms]
2023-09-19 20:17:42.142 [info] > git status -z -uall [24ms]
2023-09-19 20:17:43.306 [info] > git ls-files --stage -- /home/aom91/coursework/block27/ReactForm/src/components/SignUpForm.jsx [17ms]
2023-09-19 20:17:43.327 [info] > git cat-file -s add6629120fc58aa40bb82c69fcd9f5299fec325 [3ms]
2023-09-19 20:17:43.354 [info] > git show --textconv :src/components/SignUpForm.jsx [5ms]
2023-09-19 20:18:19.114 [info] > git fetch [12ms]
2023-09-19 20:18:19.148 [info] No remotes found in the git config file.
2023-09-19 20:18:19.152 [info] > git config --get commit.template [18ms]
2023-09-19 20:18:19.154 [info] > git for-each-ref --format=%(refname)%00%(upstream:short)%00%(objectname)%00%(upstream:track)%00%(upstream:remotename)%00%(upstream:remoteref) refs/heads/main refs/remotes/main [6ms]
2023-09-19 20:18:19.176 [info] > git status -z -uall [7ms]
2023-09-19 20:18:20.289 [info] No remotes found in the git config file.
2023-09-19 20:18:20.297 [info] > git config --get commit.template [40ms]
2023-09-19 20:18:20.300 [info] > git for-each-ref --format=%(refname)%00%(upstream:short)%00%(objectname)%00%(upstream:track)%00%(upstream:remotename)%00%(upstream:remoteref) refs/heads/main refs/remotes/main [12ms]
2023-09-19 20:18:20.353 [info] > git status -z -uall [17ms]
2023-09-19 20:18:20.434 [info] > git ls-files --stage -- /home/aom91/coursework/block27/ReactForm/src/components/SignUpForm.jsx [14ms]
2023-09-19 20:18:20.494 [info] > git cat-file -s add6629120fc58aa40bb82c69fcd9f5299fec325 [28ms]
2023-09-19 20:18:20.668 [info] > git show --textconv :src/components/SignUpForm.jsx [18ms]
2023-09-19 20:19:54.495 [info] > git remote add https-//github.com/Underthesea2009/React_Form.git https://github.com/Underthesea2009/React_Form.git [17ms]
2023-09-19 20:19:54.495 [info] fatal: 'https-//github.com/Underthesea2009/React_Form.git' is not a valid remote name
2023-09-19 20:19:54.604 [info] No remotes found in the git config file.
2023-09-19 20:19:54.608 [info] > git config --get commit.template [47ms]
2023-09-19 20:19:54.626 [info] > git for-each-ref --format=%(refname)%00%(upstream:short)%00%(objectname)%00%(upstream:track)%00%(upstream:remotename)%00%(upstream:remoteref) refs/heads/main refs/remotes/main [19ms]
2023-09-19 20:19:54.674 [info] > git status -z -uall [12ms]
2023-09-19 20:20:36.379 [info] > git remote add reactform https://github.com/Underthesea2009/React_Form.git [9ms]
2023-09-19 20:20:36.416 [info] > git config --get commit.template [17ms]
2023-09-19 20:20:36.417 [info] > git for-each-ref --format=%(refname)%00%(upstream:short)%00%(objectname)%00%(upstream:track)%00%(upstream:remotename)%00%(upstream:remoteref) refs/heads/main refs/remotes/main [3ms]
2023-09-19 20:20:36.435 [info] > git status -z -uall [3ms]
2023-09-19 20:20:37.736 [info] > git ls-files --stage -- /home/aom91/coursework/block27/ReactForm/src/components/SignUpForm.jsx [3ms]
2023-09-19 20:20:37.755 [info] > git cat-file -s add6629120fc58aa40bb82c69fcd9f5299fec325 [6ms]
2023-09-19 20:20:37.782 [info] > git show --textconv :src/components/SignUpForm.jsx [4ms]
2023-09-19 20:20:40.240 [info] > git fetch reactform [3785ms]
2023-09-19 20:20:40.241 [info] From https://github.com/Underthesea2009/React_Form
 * [new branch]      main       -> reactform/main
2023-09-19 20:20:40.271 [info] > git config --get commit.template [15ms]
2023-09-19 20:20:40.272 [info] > git for-each-ref --format=%(refname)%00%(upstream:short)%00%(objectname)%00%(upstream:track)%00%(upstream:remotename)%00%(upstream:remoteref) refs/heads/main refs/remotes/main [3ms]
2023-09-19 20:20:40.289 [info] > git status -z -uall [4ms]
2023-09-19 20:20:41.356 [info] > git config --get commit.template [16ms]
2023-09-19 20:20:41.357 [info] > git for-each-ref --format=%(refname)%00%(upstream:short)%00%(objectname)%00%(upstream:track)%00%(upstream:remotename)%00%(upstream:remoteref) refs/heads/main refs/remotes/main [3ms]
2023-09-19 20:20:41.374 [info] > git status -z -uall [4ms]
2023-09-19 20:20:41.447 [info] > git ls-files --stage -- /home/aom91/coursework/block27/ReactForm/src/components/SignUpForm.jsx [7ms]
2023-09-19 20:20:41.463 [info] > git cat-file -s add6629120fc58aa40bb82c69fcd9f5299fec325 [3ms]
2023-09-19 20:20:41.494 [info] > git show --textconv :src/components/SignUpForm.jsx [5ms]
2023-09-19 20:20:59.975 [info] > git push reactform main [3171ms]
2023-09-19 20:20:59.976 [info] To https://github.com/Underthesea2009/React_Form.git
 ! [rejected]        main -> main (non-fast-forward)
error: failed to push some refs to 'https://github.com/Underthesea2009/React_Form.git'
hint: Updates were rejected because the tip of your current branch is behind
hint: its remote counterpart. Integrate the remote changes (e.g.
hint: 'git pull ...') before pushing again.
hint: See the 'Note about fast-forwards' in 'git push --help' for details.
2023-09-19 20:21:00.033 [info] > git config --get commit.template [31ms]
2023-09-19 20:21:00.043 [info] > git for-each-ref --format=%(refname)%00%(upstream:short)%00%(objectname)%00%(upstream:track)%00%(upstream:remotename)%00%(upstream:remoteref) refs/heads/main refs/remotes/main [14ms]
2023-09-19 20:21:00.084 [info] > git status -z -uall [9ms]
2023-09-19 20:21:19.249 [info] > git fetch [23ms]
2023-09-19 20:21:19.354 [info] > git config --get commit.template [68ms]
2023-09-19 20:21:19.373 [info] > git for-each-ref --format=%(refname)%00%(upstream:short)%00%(objectname)%00%(upstream:track)%00%(upstream:remotename)%00%(upstream:remoteref) refs/heads/main refs/remotes/main [38ms]
2023-09-19 20:21:19.442 [info] > git status -z -uall [45ms]
2023-09-19 20:21:19.472 [info] > git for-each-ref --sort -committerdate --format %(refname) %(objectname) %(*objectname) [29ms]
2023-09-19 20:21:20.507 [info] > git ls-files --stage -- /home/aom91/coursework/block27/ReactForm/src/components/SignUpForm.jsx [5ms]
2023-09-19 20:21:20.537 [info] > git cat-file -s add6629120fc58aa40bb82c69fcd9f5299fec325 [11ms]
2023-09-19 20:21:20.589 [info] > git show --textconv :src/components/SignUpForm.jsx [18ms]
2023-09-19 20:21:22.728 [info] > git log --oneline --cherry main...main@{upstream} -- [6ms]
2023-09-19 20:21:22.728 [info] fatal: no upstream configured for branch 'main'
2023-09-19 20:21:24.308 [info] > git ls-files --stage -- /home/aom91/coursework/block27/ReactForm/src/components/SignUpForm.jsx [6ms]
2023-09-19 20:21:24.327 [info] > git cat-file -s add6629120fc58aa40bb82c69fcd9f5299fec325 [4ms]
2023-09-19 20:21:24.376 [info] > git show --textconv :src/components/SignUpForm.jsx [13ms]
2023-09-19 20:21:24.960 [info] > git pull --tags reactform main [2189ms]
2023-09-19 20:21:24.960 [info] From https://github.com/Underthesea2009/React_Form
 * branch            main       -> FETCH_HEAD
fatal: refusing to merge unrelated histories
2023-09-19 20:21:25.011 [info] > git config --get commit.template [22ms]
2023-09-19 20:21:25.013 [info] > git for-each-ref --format=%(refname)%00%(upstream:short)%00%(objectname)%00%(upstream:track)%00%(upstream:remotename)%00%(upstream:remoteref) refs/heads/main refs/remotes/main [5ms]
2023-09-19 20:21:25.045 [info] > git status -z -uall [7ms]
2023-09-19 20:21:32.610 [info] > git ls-files --stage -- /home/aom91/coursework/block27/ReactForm/src/components/SignUpForm.jsx [31ms]
2023-09-19 20:21:32.651 [info] > git cat-file -s add6629120fc58aa40bb82c69fcd9f5299fec325 [15ms]
2023-09-19 20:21:32.999 [info] > git show --textconv :src/components/SignUpForm.jsx [9ms]
2023-09-19 20:21:39.295 [info] > git log --oneline --cherry main...main@{upstream} -- [3ms]
2023-09-19 20:21:39.295 [info] fatal: no upstream configured for branch 'main'
2023-09-19 20:21:39.327 [info] > git pull --tags [14ms]
2023-09-19 20:21:39.328 [info] There is no tracking information for the current branch.
Please specify which branch you want to merge with.
See git-pull(1) for details.

    git pull <remote> <branch>

If you wish to set tracking information for this branch you can do so with:

    git branch --set-upstream-to=reactform/<branch> main
2023-09-19 20:21:39.369 [info] > git config --get commit.template [20ms]
2023-09-19 20:21:39.370 [info] > git for-each-ref --format=%(refname)%00%(upstream:short)%00%(objectname)%00%(upstream:track)%00%(upstream:remotename)%00%(upstream:remoteref) refs/heads/main refs/remotes/main [4ms]
2023-09-19 20:21:39.394 [info] > git status -z -uall [5ms]
2023-09-19 20:21:40.710 [info] > git config --get commit.template [24ms]
2023-09-19 20:21:40.779 [info] > git for-each-ref --format=%(refname)%00%(upstream:short)%00%(objectname)%00%(upstream:track)%00%(upstream:remotename)%00%(upstream:remoteref) refs/heads/main refs/remotes/main [34ms]
2023-09-19 20:21:40.832 [info] > git status -z -uall [22ms]
2023-09-19 20:21:43.834 [info] > git ls-files --stage -- /home/aom91/coursework/block27/ReactForm/src/components/SignUpForm.jsx [16ms]
2023-09-19 20:21:43.895 [info] > git cat-file -s add6629120fc58aa40bb82c69fcd9f5299fec325 [6ms]
2023-09-19 20:21:44.081 [info] > git show --textconv :src/components/SignUpForm.jsx [8ms]
2023-09-19 20:21:47.872 [info] > git log --oneline --cherry main...main@{upstream} -- [5ms]
2023-09-19 20:21:47.872 [info] fatal: no upstream configured for branch 'main'
2023-09-19 20:21:47.911 [info] > git pull --tags -r [20ms]
2023-09-19 20:21:47.912 [info] There is no tracking information for the current branch.
Please specify which branch you want to rebase against.
See git-pull(1) for details.

    git pull <remote> <branch>

If you wish to set tracking information for this branch you can do so with:

    git branch --set-upstream-to=<remote>/<branch> main
2023-09-19 20:21:47.960 [info] > git config --get commit.template [25ms]
2023-09-19 20:21:47.965 [info] > git for-each-ref --format=%(refname)%00%(upstream:short)%00%(objectname)%00%(upstream:track)%00%(upstream:remotename)%00%(upstream:remoteref) refs/heads/main refs/remotes/main [9ms]
2023-09-19 20:21:47.995 [info] > git status -z -uall [7ms]
2023-09-19 20:21:51.492 [info] > git config --get commit.template [108ms]
2023-09-19 20:21:51.507 [info] > git for-each-ref --format=%(refname)%00%(upstream:short)%00%(objectname)%00%(upstream:track)%00%(upstream:remotename)%00%(upstream:remoteref) refs/heads/main refs/remotes/main [90ms]
2023-09-19 20:21:51.573 [info] > git ls-files --stage -- /home/aom91/coursework/block27/ReactForm/src/components/SignUpForm.jsx [85ms]
2023-09-19 20:21:51.632 [info] > git status -z -uall [76ms]
2023-09-19 20:21:51.681 [info] > git cat-file -s add6629120fc58aa40bb82c69fcd9f5299fec325 [56ms]
2023-09-19 20:21:52.497 [info] > git show --textconv :src/components/SignUpForm.jsx [18ms]
2023-09-19 20:22:04.782 [info] > git ls-files --stage -- /home/aom91/coursework/block27/ReactForm/src/components/SignUpForm.jsx [8ms]
2023-09-19 20:22:04.801 [info] > git cat-file -s add6629120fc58aa40bb82c69fcd9f5299fec325 [4ms]
2023-09-19 20:22:04.859 [info] > git show --textconv :src/components/SignUpForm.jsx [5ms]
2023-09-19 20:22:05.396 [info] > git fetch --all [1843ms]
2023-09-19 20:22:05.978 [info] > git for-each-ref --format=%(refname)%00%(upstream:short)%00%(objectname)%00%(upstream:track)%00%(upstream:remotename)%00%(upstream:remoteref) refs/heads/main refs/remotes/main [449ms]
2023-09-19 20:22:05.979 [info] > git config --get commit.template [514ms]
2023-09-19 20:22:06.016 [info] > git status -z -uall [9ms]
2023-09-19 20:22:06.634 [info] > git ls-files --stage -- /home/aom91/coursework/block27/ReactForm/src/components/SignUpForm.jsx [6ms]
2023-09-19 20:22:06.672 [info] > git cat-file -s add6629120fc58aa40bb82c69fcd9f5299fec325 [9ms]
2023-09-19 20:22:06.760 [info] > git show --textconv :src/components/SignUpForm.jsx [24ms]
2023-09-19 20:22:21.245 [info] > git for-each-ref --sort -committerdate --format %(refname) %(objectname) %(*objectname) [3ms]
2023-09-19 20:22:23.823 [info] > git rebase reactform/main [145ms]
2023-09-19 20:22:23.823 [info] Rebasing (1/1)error: could not apply 7d2a781... git@github.com:Underthesea2009/ReactForm.git
hint: Resolve all conflicts manually, mark them as resolved with
hint: "git add/rm <conflicted_files>", then run "git rebase --continue".
hint: You can instead skip this commit: run "git rebase --skip".
hint: To abort and get back to the state before "git rebase", run "git rebase --abort".
Could not apply 7d2a781... git@github.com:Underthesea2009/ReactForm.git
2023-09-19 20:22:23.902 [info] > git for-each-ref --format %(refname) %(objectname) %(*objectname) refs/tags [27ms]
2023-09-19 20:22:23.917 [info] > git show -s --format=%H%n%aN%n%aE%n%at%n%ct%n%P%n%D%n%B -z 7d2a78139e5d56991d9ff3639b000678e2c40f4e [20ms]
2023-09-19 20:22:24.146 [info] > git status -z -uall [121ms]
2023-09-19 20:22:27.093 [info] > git for-each-ref --format %(refname) %(objectname) %(*objectname) refs/tags [108ms]
2023-09-19 20:22:27.112 [info] > git show -s --format=%H%n%aN%n%aE%n%at%n%ct%n%P%n%D%n%B -z 7d2a78139e5d56991d9ff3639b000678e2c40f4e [38ms]
2023-09-19 20:22:27.278 [info] > git status -z -uall [53ms]
2023-09-19 20:22:29.158 [info] > git ls-files --stage -- /home/aom91/coursework/block27/ReactForm/src/components/SignUpForm.jsx [8ms]
2023-09-19 20:22:29.228 [info] > git cat-file -s add6629120fc58aa40bb82c69fcd9f5299fec325 [17ms]
2023-09-19 20:22:29.356 [info] > git check-ignore -v -z --stdin [16ms]
2023-09-19 20:22:32.633 [info] > git for-each-ref --format %(refname) %(objectname) %(*objectname) refs/tags [187ms]
2023-09-19 20:22:32.663 [info] > git show -s --format=%H%n%aN%n%aE%n%at%n%ct%n%P%n%D%n%B -z 7d2a78139e5d56991d9ff3639b000678e2c40f4e [49ms]
2023-09-19 20:22:32.842 [info] > git status -z -uall [78ms]
2023-09-19 20:22:33.707 [info] > git show --textconv :src/components/SignUpForm.jsx [8ms]
2023-09-19 20:22:34.666 [info] > git ls-files --stage -- /home/aom91/coursework/block27/ReactForm/src/components/SignUpForm.jsx [16ms]
2023-09-19 20:22:34.730 [info] > git cat-file -s add6629120fc58aa40bb82c69fcd9f5299fec325 [18ms]
2023-09-19 20:22:37.957 [info] > git for-each-ref --format %(refname) %(objectname) %(*objectname) refs/tags [36ms]
2023-09-19 20:22:37.969 [info] > git show -s --format=%H%n%aN%n%aE%n%at%n%ct%n%P%n%D%n%B -z 7d2a78139e5d56991d9ff3639b000678e2c40f4e [17ms]
2023-09-19 20:22:38.017 [info] > git status -z -uall [15ms]
2023-09-19 20:23:44.238 [info] > git for-each-ref --sort -committerdate --format %(refname) %(objectname) %(*objectname) [4ms]
2023-09-19 20:23:46.304 [info] > git merge reactform/main [3ms]
2023-09-19 20:23:46.305 [info] error: Merging is not possible because you have unmerged files.
hint: Fix them up in the work tree, and then use 'git add/rm <file>'
hint: as appropriate to mark resolution and make a commit.
fatal: Exiting because of an unresolved conflict.
2023-09-19 20:23:46.347 [info] > git for-each-ref --format %(refname) %(objectname) %(*objectname) refs/tags [22ms]
2023-09-19 20:23:46.350 [info] > git show -s --format=%H%n%aN%n%aE%n%at%n%ct%n%P%n%D%n%B -z 7d2a78139e5d56991d9ff3639b000678e2c40f4e [6ms]
2023-09-19 20:23:46.371 [info] > git status -z -uall [6ms]
2023-09-19 20:24:03.993 [info] > git for-each-ref --sort -committerdate --format %(refname) %(objectname) %(*objectname) [4ms]
2023-09-19 20:24:06.073 [info] > git rebase reactform/main [3ms]
2023-09-19 20:24:06.074 [info] fatal: It seems that there is already a rebase-merge directory, and
I wonder if you are in the middle of another rebase.  If that is the
case, please try
	git rebase (--continue | --abort | --skip)
If that is not the case, please
	rm -fr ".git/rebase-merge"
and run me again.  I am stopping in case you still have something
valuable there.
2023-09-19 20:24:06.120 [info] > git for-each-ref --format %(refname) %(objectname) %(*objectname) refs/tags [23ms]
2023-09-19 20:24:06.129 [info] > git show -s --format=%H%n%aN%n%aE%n%at%n%ct%n%P%n%D%n%B -z 7d2a78139e5d56991d9ff3639b000678e2c40f4e [5ms]
2023-09-19 20:24:06.154 [info] > git status -z -uall [11ms]
2023-09-19 20:24:19.506 [info] > git fetch [11ms]
2023-09-19 20:24:19.545 [info] > git for-each-ref --format %(refname) %(objectname) %(*objectname) refs/tags [20ms]
2023-09-19 20:24:19.550 [info] > git show -s --format=%H%n%aN%n%aE%n%at%n%ct%n%P%n%D%n%B -z 7d2a78139e5d56991d9ff3639b000678e2c40f4e [8ms]
2023-09-19 20:24:19.574 [info] > git status -z -uall [7ms]
2023-09-19 20:24:20.673 [info] > git for-each-ref --format %(refname) %(objectname) %(*objectname) refs/tags [37ms]
2023-09-19 20:24:20.675 [info] > git show -s --format=%H%n%aN%n%aE%n%at%n%ct%n%P%n%D%n%B -z 7d2a78139e5d56991d9ff3639b000678e2c40f4e [5ms]
2023-09-19 20:24:20.703 [info] > git status -z -uall [10ms]
2023-09-19 20:24:20.756 [info] > git ls-files --stage -- /home/aom91/coursework/block27/ReactForm/src/components/SignUpForm.jsx [4ms]
2023-09-19 20:24:20.782 [info] > git cat-file -s add6629120fc58aa40bb82c69fcd9f5299fec325 [10ms]
2023-09-19 20:24:20.947 [info] > git show --textconv :src/components/SignUpForm.jsx [25ms]
2023-09-19 20:24:28.838 [info] > git for-each-ref --sort -committerdate --format %(refname) %(objectname) %(*objectname) [7ms]
2023-09-19 20:24:30.596 [info] > git log --oneline --cherry ...@{upstream} -- [4ms]
2023-09-19 20:24:30.597 [info] fatal: HEAD does not point to a branch
2023-09-19 20:24:30.642 [info] > git pull --tags reactform main [11ms]
2023-09-19 20:24:30.643 [info] error: Pulling is not possible because you have unmerged files.
hint: Fix them up in the work tree, and then use 'git add/rm <file>'
hint: as appropriate to mark resolution and make a commit.
fatal: Exiting because of an unresolved conflict.
2023-09-19 20:24:30.714 [info] > git for-each-ref --format %(refname) %(objectname) %(*objectname) refs/tags [28ms]
2023-09-19 20:24:30.725 [info] > git show -s --format=%H%n%aN%n%aE%n%at%n%ct%n%P%n%D%n%B -z 7d2a78139e5d56991d9ff3639b000678e2c40f4e [14ms]
2023-09-19 20:24:30.761 [info] > git status -z -uall [13ms]
2023-09-19 20:25:24.000 [info] > git add -A -- /home/aom91/coursework/block27/ReactForm/vite.config.js.timestamp-1695168811636-dc77ef4b6ff38.mjs [22ms]
2023-09-19 20:25:24.090 [info] > git for-each-ref --format %(refname) %(objectname) %(*objectname) refs/tags [48ms]
2023-09-19 20:25:24.099 [info] > git show -s --format=%H%n%aN%n%aE%n%at%n%ct%n%P%n%D%n%B -z 7d2a78139e5d56991d9ff3639b000678e2c40f4e [16ms]
2023-09-19 20:25:24.162 [info] > git status -z -uall [25ms]
2023-09-19 20:25:25.651 [info] > git ls-files --stage -- /home/aom91/coursework/block27/ReactForm/src/components/SignUpForm.jsx [20ms]
2023-09-19 20:25:25.743 [info] > git cat-file -s add6629120fc58aa40bb82c69fcd9f5299fec325 [26ms]
2023-09-19 20:25:26.451 [info] > git show --textconv :src/components/SignUpForm.jsx [16ms]
2023-09-19 20:25:30.565 [info] > git log --oneline --cherry ...@{upstream} -- [5ms]
2023-09-19 20:25:30.566 [info] fatal: HEAD does not point to a branch
2023-09-19 20:25:30.605 [info] > git pull --tags [14ms]
2023-09-19 20:25:30.606 [info] error: Pulling is not possible because you have unmerged files.
hint: Fix them up in the work tree, and then use 'git add/rm <file>'
hint: as appropriate to mark resolution and make a commit.
fatal: Exiting because of an unresolved conflict.
2023-09-19 20:25:30.664 [info] > git show -s --format=%H%n%aN%n%aE%n%at%n%ct%n%P%n%D%n%B -z 7d2a78139e5d56991d9ff3639b000678e2c40f4e [26ms]
2023-09-19 20:25:30.670 [info] > git for-each-ref --format %(refname) %(objectname) %(*objectname) refs/tags [11ms]
2023-09-19 20:25:30.724 [info] > git status -z -uall [20ms]
2023-09-19 20:27:20.160 [info] > git fetch [207ms]
2023-09-19 20:27:20.318 [info] > git for-each-ref --format %(refname) %(objectname) %(*objectname) refs/tags [85ms]
2023-09-19 20:27:20.332 [info] > git show -s --format=%H%n%aN%n%aE%n%at%n%ct%n%P%n%D%n%B -z 7d2a78139e5d56991d9ff3639b000678e2c40f4e [21ms]
2023-09-19 20:27:20.459 [info] > git status -z -uall [49ms]
2023-09-19 20:27:23.561 [info] > git show -s --format=%H%n%aN%n%aE%n%at%n%ct%n%P%n%D%n%B -z 7d2a78139e5d56991d9ff3639b000678e2c40f4e [23ms]
2023-09-19 20:27:23.562 [info] > git for-each-ref --format %(refname) %(objectname) %(*objectname) refs/tags [76ms]
2023-09-19 20:27:23.665 [info] > git status -z -uall [67ms]
