2023-09-20 20:00:08.508 [info] Extension host with pid 6851 started
2023-09-20 20:00:08.585 [error] Error: EEXIST: file already exists, open '/home/aom91/.vscode-server/data/User/workspaceStorage/bd8277c10208c7093c62620bbe520d78/vscode.lock'
2023-09-20 20:00:08.759 [info] Lock '/home/aom91/.vscode-server/data/User/workspaceStorage/bd8277c10208c7093c62620bbe520d78/vscode.lock': Could not acquire lock, checking if the file is stale.
2023-09-20 20:00:08.811 [info] Lock '/home/aom91/.vscode-server/data/User/workspaceStorage/bd8277c10208c7093c62620bbe520d78/vscode.lock': The lockfile is scheduled to have been released.
2023-09-20 20:00:08.811 [info] Lock '/home/aom91/.vscode-server/data/User/workspaceStorage/bd8277c10208c7093c62620bbe520d78/vscode.lock': Deleting a stale lock.
2023-09-20 20:00:09.273 [info] ExtensionService#_doActivateExtension vscode.tunnel-forwarding, startup: false, activationEvent: 'onTunnel'
2023-09-20 20:00:09.302 [info] ExtensionService#_doActivateExtension vscode.emmet, startup: false, activationEvent: 'onLanguage'
2023-09-20 20:00:09.317 [info] ExtensionService#_doActivateExtension vscode.typescript-language-features, startup: false, activationEvent: 'onLanguage:javascriptreact'
2023-09-20 20:00:11.441 [info] ExtensionService#_doActivateExtension vscode.git-base, startup: true, activationEvent: '*', root cause: vscode.git
2023-09-20 20:00:11.454 [info] ExtensionService#_doActivateExtension antfu.vite, startup: true, activationEvent: '*'
2023-09-20 20:00:11.457 [info] ExtensionService#_doActivateExtension ms-vscode.test-adapter-converter, startup: true, activationEvent: '*', root cause: hbenl.vscode-test-explorer
2023-09-20 20:00:12.224 [info] ExtensionService#_doActivateExtension vscode.npm, startup: true, activationEvent: 'workspaceContains:package.json'
2023-09-20 20:00:12.743 [info] Lock '/home/aom91/.vscode-server/data/User/workspaceStorage/bd8277c10208c7093c62620bbe520d78/vscode.lock': Lock acquired.
2023-09-20 20:00:16.163 [info] ExtensionService#_doActivateExtension vscode.git, startup: true, activationEvent: '*'
2023-09-20 20:00:16.165 [info] ExtensionService#_doActivateExtension vscode.github, startup: true, activationEvent: '*'
2023-09-20 20:00:16.178 [info] ExtensionService#_doActivateExtension hbenl.vscode-test-explorer, startup: true, activationEvent: '*'
2023-09-20 20:00:19.269 [info] Not activating extension 'Orta.vscode-jest': Timed out while searching for 'workspaceContains' pattern **/jest.config.{js,ts,mjs,cjs,json},**/jest.json,**/.vscode-jest
2023-09-20 20:00:21.496 [info] ExtensionService#_doActivateExtension vscode.debug-auto-launch, startup: false, activationEvent: 'onStartupFinished'
2023-09-20 20:00:21.499 [info] ExtensionService#_doActivateExtension vscode.merge-conflict, startup: false, activationEvent: 'onStartupFinished'
2023-09-20 20:00:21.500 [info] ExtensionService#_doActivateExtension dbaeumer.vscode-eslint, startup: false, activationEvent: 'onStartupFinished'
2023-09-20 20:00:21.512 [info] ExtensionService#_doActivateExtension eamodio.gitlens, startup: false, activationEvent: 'onStartupFinished'
2023-09-20 20:00:21.514 [info] ExtensionService#_doActivateExtension ritwickdey.LiveServer, startup: false, activationEvent: 'onStartupFinished'
2023-09-20 20:00:35.877 [info] ExtensionService#_doActivateExtension kavod-io.vscode-jest-test-adapter, startup: true, activationEvent: '*'
2023-09-20 20:00:52.138 [info] Eager extensions activated
2023-09-20 20:02:16.971 [warning] [Decorations] CAPPING events from decorations provider vscode.git 11499
2023-09-20 20:02:48.152 [warning] [Decorations] CAPPING events from decorations provider vscode.git 11500
2023-09-20 20:06:23.454 [warning] [Decorations] CAPPING events from decorations provider vscode.git 11499
