2023-08-30 20:28:25.030 [info] Log level: Info
2023-08-30 20:28:25.030 [info] Validating found git in: "git"
2023-08-30 20:28:25.030 [info] Using git "2.34.1" from "git"
2023-08-30 20:28:25.030 [info] > git rev-parse --show-toplevel [165ms]
2023-08-30 20:28:25.108 [info] > git rev-parse --show-toplevel [31ms]
2023-08-30 20:28:25.919 [info] > git rev-parse --git-dir --git-common-dir [721ms]
2023-08-30 20:28:26.129 [info] Open repository: /home/aom91/coursework/block22/Unit2.PartyLogs.Starter
2023-08-30 20:28:26.419 [info] > git config --get commit.template [56ms]
2023-08-30 20:28:26.572 [info] > git for-each-ref --format=%(refname)%00%(upstream:short)%00%(objectname)%00%(upstream:track)%00%(upstream:remotename)%00%(upstream:remoteref) refs/heads/main refs/remotes/main [66ms]
2023-08-30 20:28:26.906 [info] > git status -z -uall [102ms]
2023-08-30 20:28:27.591 [info] > git check-ignore -v -z --stdin [35ms]
2023-08-30 20:28:27.623 [info] > git config --get commit.template [206ms]
2023-08-30 20:28:27.883 [info] > git for-each-ref --format=%(refname)%00%(upstream:short)%00%(objectname)%00%(upstream:track)%00%(upstream:remotename)%00%(upstream:remoteref) refs/heads/main refs/remotes/main [26ms]
2023-08-30 20:28:28.252 [info] > git status -z -uall [54ms]
2023-08-30 20:28:53.546 [info] > git rev-parse --show-toplevel [4ms]
2023-08-30 20:29:47.174 [info] > git show --textconv :index.html [317ms]
2023-08-30 20:29:47.178 [info] > git ls-files --stage -- /home/aom91/coursework/block22/Unit2.PartyLogs.Starter/index.html [250ms]
2023-08-30 20:29:47.289 [info] > git cat-file -s b96df21759e2a4acb48e1c01e784bb283a1d1766 [40ms]
2023-08-30 20:31:09.420 [info] > git config --get commit.template [67ms]
2023-08-30 20:31:09.443 [info] > git for-each-ref --format=%(refname)%00%(upstream:short)%00%(objectname)%00%(upstream:track)%00%(upstream:remotename)%00%(upstream:remoteref) refs/heads/main refs/remotes/main [73ms]
2023-08-30 20:31:09.492 [info] > git status -z -uall [15ms]
