2023-09-20 18:51:38.965 [info] Log level: Info
2023-09-20 18:51:38.965 [info] Validating found git in: "git"
2023-09-20 18:51:38.965 [info] Using git "2.34.1" from "git"
2023-09-20 18:51:38.965 [info] > git rev-parse --show-toplevel [1762ms]
2023-09-20 18:51:38.965 [info] > git rev-parse --git-dir --git-common-dir [938ms]
2023-09-20 18:51:38.965 [info] Open repository: /home/aom91
2023-09-20 18:51:39.731 [info] > git rev-parse --show-toplevel [538ms]
2023-09-20 18:51:39.745 [info] > git config --get commit.template [594ms]
2023-09-20 18:51:40.047 [info] > git rev-parse --show-toplevel [251ms]
2023-09-20 18:51:40.118 [info] > git for-each-ref --format=%(refname)%00%(upstream:short)%00%(objectname)%00%(upstream:track)%00%(upstream:remotename)%00%(upstream:remoteref) refs/heads/main refs/remotes/main [114ms]
2023-09-20 18:51:40.447 [info] > git check-ignore -v -z --stdin [102ms]
2023-09-20 18:51:40.470 [info] > git rev-parse --show-toplevel [383ms]
2023-09-20 18:51:40.896 [info] > git fetch [1988ms]
2023-09-20 18:51:41.267 [info] > git status -z -uall [1107ms] (cancelled)
2023-09-20 18:51:41.267 [info] > git show --textconv :coursework/block28/ReactRouter/src/App.jsx [638ms]
2023-09-20 18:51:41.267 [info] > git show --textconv :coursework/block28/ReactRouter/src/main.jsx [534ms]
2023-09-20 18:51:41.354 [info] > git ls-files --stage -- /home/aom91/coursework/block28/ReactRouter/src/main.jsx [459ms]
2023-09-20 18:51:41.361 [info] > git ls-files --stage -- /home/aom91/coursework/block28/ReactRouter/src/App.jsx [557ms]
2023-09-20 18:51:41.433 [info] > git config --get commit.template [215ms]
2023-09-20 18:51:41.434 [info] > git config --get commit.template [285ms]
2023-09-20 18:51:42.295 [info] > git for-each-ref --format=%(refname)%00%(upstream:short)%00%(objectname)%00%(upstream:track)%00%(upstream:remotename)%00%(upstream:remoteref) refs/heads/main refs/remotes/main [420ms]
2023-09-20 18:51:42.558 [info] > git for-each-ref --format=%(refname)%00%(upstream:short)%00%(objectname)%00%(upstream:track)%00%(upstream:remotename)%00%(upstream:remoteref) refs/heads/main refs/remotes/main [1004ms]
2023-09-20 18:51:42.959 [info] > git ls-files --stage -- /home/aom91/coursework/block28/ReactRouter/src/main.jsx [255ms]
2023-09-20 18:51:42.962 [info] > git ls-files --stage -- /home/aom91/coursework/block28/ReactRouter/src/App.jsx [318ms]
2023-09-20 18:51:44.697 [info] > git show --textconv :coursework/block28/ReactRouter/src/main.jsx [1209ms]
2023-09-20 18:51:44.697 [info] > git show --textconv :coursework/block28/ReactRouter/src/App.jsx [997ms]
2023-09-20 18:52:26.364 [info] > git status -z -uall [44031ms] (cancelled)
2023-09-20 18:54:43.455 [info] > git fetch [844ms]
2023-09-20 18:54:43.606 [info] > git config --get commit.template [38ms]
2023-09-20 18:54:43.672 [info] > git for-each-ref --format=%(refname)%00%(upstream:short)%00%(objectname)%00%(upstream:track)%00%(upstream:remotename)%00%(upstream:remoteref) refs/heads/main refs/remotes/main [16ms]
2023-09-20 18:54:44.761 [info] > git ls-files --stage -- /home/aom91/coursework/block28/ReactRouter/src/App.jsx [37ms]
2023-09-20 18:54:44.826 [info] > git ls-files --stage -- /home/aom91/coursework/block28/ReactRouter/src/main.jsx [70ms]
2023-09-20 18:54:44.847 [info] > git show --textconv :coursework/block28/ReactRouter/src/App.jsx [24ms]
2023-09-20 18:54:45.002 [info] > git show --textconv :coursework/block28/ReactRouter/src/main.jsx [50ms]
2023-09-20 18:55:05.736 [info] > git status -z -uall [22005ms] (cancelled)
2023-09-20 19:11:11.065 [info] > git fetch [738ms]
2023-09-20 19:11:11.102 [info] > git config --get commit.template [18ms]
2023-09-20 19:11:11.106 [info] > git for-each-ref --format=%(refname)%00%(upstream:short)%00%(objectname)%00%(upstream:track)%00%(upstream:remotename)%00%(upstream:remoteref) refs/heads/main refs/remotes/main [6ms]
2023-09-20 19:11:12.394 [info] > git ls-files --stage -- /home/aom91/coursework/block28/ReactRouter/src/App.jsx [21ms]
2023-09-20 19:11:12.420 [info] > git ls-files --stage -- /home/aom91/coursework/block28/ReactRouter/src/main.jsx [31ms]
2023-09-20 19:11:12.428 [info] > git show --textconv :coursework/block28/ReactRouter/src/App.jsx [9ms]
2023-09-20 19:11:12.465 [info] > git show --textconv :coursework/block28/ReactRouter/src/main.jsx [14ms]
2023-09-20 19:11:30.656 [info] > git status -z -uall [19532ms] (cancelled)
2023-09-20 19:14:14.794 [info] > git fetch [765ms]
2023-09-20 19:14:14.835 [info] > git for-each-ref --format=%(refname)%00%(upstream:short)%00%(objectname)%00%(upstream:track)%00%(upstream:remotename)%00%(upstream:remoteref) refs/heads/main refs/remotes/main [5ms]
2023-09-20 19:14:14.836 [info] > git config --get commit.template [25ms]
2023-09-20 19:14:16.526 [info] > git ls-files --stage -- /home/aom91/coursework/block28/ReactRouter/src/App.jsx [69ms]
2023-09-20 19:14:16.588 [info] > git ls-files --stage -- /home/aom91/coursework/block28/ReactRouter/src/main.jsx [80ms]
2023-09-20 19:14:16.605 [info] > git show --textconv :coursework/block28/ReactRouter/src/App.jsx [20ms]
2023-09-20 19:14:16.676 [info] > git show --textconv :coursework/block28/ReactRouter/src/main.jsx [26ms]
2023-09-20 19:14:34.710 [info] > git status -z -uall [19858ms] (cancelled)
2023-09-20 19:15:17.688 [info] > git show --textconv :coursework/block28/ReactRouter/src/index.css [45ms]
2023-09-20 19:15:17.696 [info] > git ls-files --stage -- /home/aom91/coursework/block28/ReactRouter/src/index.css [14ms]
2023-09-20 19:17:41.249 [info] > git fetch [867ms]
2023-09-20 19:17:41.315 [info] > git config --get commit.template [33ms]
2023-09-20 19:17:41.324 [info] > git for-each-ref --format=%(refname)%00%(upstream:short)%00%(objectname)%00%(upstream:track)%00%(upstream:remotename)%00%(upstream:remoteref) refs/heads/main refs/remotes/main [13ms]
2023-09-20 19:17:42.937 [info] > git ls-files --stage -- /home/aom91/coursework/block28/ReactRouter/src/App.jsx [244ms]
2023-09-20 19:17:42.984 [info] > git ls-files --stage -- /home/aom91/coursework/block28/ReactRouter/src/index.css [53ms]
2023-09-20 19:17:43.015 [info] > git ls-files --stage -- /home/aom91/coursework/block28/ReactRouter/src/main.jsx [228ms]
2023-09-20 19:17:43.322 [info] > git show --textconv :coursework/block28/ReactRouter/src/App.jsx [102ms]
2023-09-20 19:17:43.324 [info] > git show --textconv :coursework/block28/ReactRouter/src/index.css [53ms]
2023-09-20 19:17:43.347 [info] > git show --textconv :coursework/block28/ReactRouter/src/main.jsx [38ms]
2023-09-20 19:18:01.168 [info] > git status -z -uall [19817ms] (cancelled)
2023-09-20 19:23:04.926 [info] > git fetch [757ms]
2023-09-20 19:23:05.001 [info] > git config --get commit.template [41ms]
2023-09-20 19:23:05.010 [info] > git for-each-ref --format=%(refname)%00%(upstream:short)%00%(objectname)%00%(upstream:track)%00%(upstream:remotename)%00%(upstream:remoteref) refs/heads/main refs/remotes/main [13ms]
2023-09-20 19:23:06.279 [info] > git ls-files --stage -- /home/aom91/coursework/block28/ReactRouter/src/main.jsx [23ms]
2023-09-20 19:23:06.283 [info] > git ls-files --stage -- /home/aom91/coursework/block28/ReactRouter/src/App.jsx [45ms]
2023-09-20 19:23:06.287 [info] > git ls-files --stage -- /home/aom91/coursework/block28/ReactRouter/src/index.css [11ms]
2023-09-20 19:23:06.354 [info] > git show --textconv :coursework/block28/ReactRouter/src/main.jsx [42ms]
2023-09-20 19:23:06.355 [info] > git show --textconv :coursework/block28/ReactRouter/src/App.jsx [25ms]
2023-09-20 19:23:06.374 [info] > git show --textconv :coursework/block28/ReactRouter/src/index.css [22ms]
2023-09-20 19:23:18.964 [info] > git status -z -uall [13912ms] (cancelled)
2023-09-20 19:23:51.284 [info] > git check-ignore -v -z --stdin [23ms]
2023-09-20 19:24:09.589 [info] > git check-ignore -v -z --stdin [1318ms]
2023-09-20 19:24:11.438 [info] > git show --textconv :coursework/block28/ReactRouter/src/omponents/red.jsx [253ms]
2023-09-20 19:24:11.660 [info] > git ls-files --stage -- /home/aom91/coursework/block28/ReactRouter/src/omponents/red.jsx [244ms]
2023-09-20 19:24:21.682 [info] > git show --textconv :coursework/block28/ReactRouter/src/omponents/blue.jsx [413ms]
2023-09-20 19:24:21.686 [info] > git ls-files --stage -- /home/aom91/coursework/block28/ReactRouter/src/omponents/blue.jsx [297ms]
2023-09-20 19:24:21.742 [info] > git check-ignore -v -z --stdin [159ms]
2023-09-20 19:27:02.135 [info] > git fetch [1186ms]
2023-09-20 19:27:02.206 [info] > git config --get commit.template [34ms]
2023-09-20 19:27:02.216 [info] > git for-each-ref --format=%(refname)%00%(upstream:short)%00%(objectname)%00%(upstream:track)%00%(upstream:remotename)%00%(upstream:remoteref) refs/heads/main refs/remotes/main [17ms]
2023-09-20 19:27:09.833 [info] > git ls-files --stage -- /home/aom91/coursework/block28/ReactRouter/src/omponents/red.jsx [330ms]
2023-09-20 19:27:09.850 [info] > git ls-files --stage -- /home/aom91/coursework/block28/ReactRouter/src/index.css [463ms]
2023-09-20 19:27:09.884 [info] > git ls-files --stage -- /home/aom91/coursework/block28/ReactRouter/src/main.jsx [608ms]
2023-09-20 19:27:09.897 [info] > git ls-files --stage -- /home/aom91/coursework/block28/ReactRouter/src/App.jsx [690ms]
2023-09-20 19:27:09.957 [info] > git ls-files --stage -- /home/aom91/coursework/block28/ReactRouter/src/omponents/blue.jsx [261ms]
2023-09-20 19:27:11.130 [info] > git show --textconv :coursework/block28/ReactRouter/src/omponents/red.jsx [375ms]
2023-09-20 19:27:11.131 [info] > git show --textconv :coursework/block28/ReactRouter/src/index.css [283ms]
2023-09-20 19:27:11.132 [info] > git show --textconv :coursework/block28/ReactRouter/src/main.jsx [202ms]
2023-09-20 19:27:11.143 [info] > git show --textconv :coursework/block28/ReactRouter/src/App.jsx [127ms]
2023-09-20 19:27:11.210 [info] > git show --textconv :coursework/block28/ReactRouter/src/omponents/blue.jsx [97ms]
2023-09-20 19:27:40.281 [info] > git status -z -uall [38032ms] (cancelled)
2023-09-20 19:30:29.721 [info] > git fetch [1241ms]
2023-09-20 19:30:29.898 [info] > git config --get commit.template [39ms]
2023-09-20 19:30:30.012 [info] > git for-each-ref --format=%(refname)%00%(upstream:short)%00%(objectname)%00%(upstream:track)%00%(upstream:remotename)%00%(upstream:remoteref) refs/heads/main refs/remotes/main [17ms]
2023-09-20 19:30:31.538 [info] > git ls-files --stage -- /home/aom91/coursework/block28/ReactRouter/src/omponents/red.jsx [97ms]
2023-09-20 19:30:31.566 [info] > git ls-files --stage -- /home/aom91/coursework/block28/ReactRouter/src/index.css [194ms]
2023-09-20 19:30:31.569 [info] > git ls-files --stage -- /home/aom91/coursework/block28/ReactRouter/src/main.jsx [284ms]
2023-09-20 19:30:31.584 [info] > git ls-files --stage -- /home/aom91/coursework/block28/ReactRouter/src/App.jsx [408ms]
2023-09-20 19:30:31.614 [info] > git ls-files --stage -- /home/aom91/coursework/block28/ReactRouter/src/omponents/blue.jsx [113ms]
2023-09-20 19:30:32.199 [info] > git show --textconv :coursework/block28/ReactRouter/src/omponents/red.jsx [380ms]
2023-09-20 19:30:32.199 [info] > git show --textconv :coursework/block28/ReactRouter/src/index.css [306ms]
2023-09-20 19:30:32.200 [info] > git show --textconv :coursework/block28/ReactRouter/src/main.jsx [231ms]
2023-09-20 19:30:32.200 [info] > git show --textconv :coursework/block28/ReactRouter/src/App.jsx [140ms]
2023-09-20 19:30:32.267 [info] > git show --textconv :coursework/block28/ReactRouter/src/omponents/blue.jsx [103ms]
2023-09-20 19:30:55.577 [info] > git check-ignore -v -z --stdin [70ms]
2023-09-20 19:30:59.468 [info] > git show --textconv :coursework/block28/ReactRouter/src/omponents/home.jsx [241ms]
2023-09-20 19:30:59.741 [info] > git ls-files --stage -- /home/aom91/coursework/block28/ReactRouter/src/omponents/home.jsx [306ms]
2023-09-20 19:31:45.712 [info] > git status -z -uall [75549ms] (cancelled)
2023-09-20 19:32:01.758 [info] > git check-ignore -v -z --stdin [157ms]
2023-09-20 19:32:20.404 [info] > git check-ignore -v -z --stdin [88ms]
2023-09-20 19:32:46.820 [info] > git check-ignore -v -z --stdin [387ms]
2023-09-20 19:32:47.688 [info] > git show --textconv :coursework/block28/ReactRouter/src/omponents/Home.jsx [187ms]
2023-09-20 19:32:47.790 [info] > git ls-files --stage -- /home/aom91/coursework/block28/ReactRouter/src/omponents/Home.jsx [143ms]
2023-09-20 19:34:08.096 [info] > git fetch [965ms]
2023-09-20 19:34:08.173 [info] > git config --get commit.template [16ms]
2023-09-20 19:34:08.238 [info] > git for-each-ref --format=%(refname)%00%(upstream:short)%00%(objectname)%00%(upstream:track)%00%(upstream:remotename)%00%(upstream:remoteref) refs/heads/main refs/remotes/main [18ms]
2023-09-20 19:34:09.919 [info] > git ls-files --stage -- /home/aom91/coursework/block28/ReactRouter/src/index.css [156ms]
2023-09-20 19:34:09.948 [info] > git ls-files --stage -- /home/aom91/coursework/block28/ReactRouter/src/main.jsx [288ms]
2023-09-20 19:34:09.951 [info] > git ls-files --stage -- /home/aom91/coursework/block28/ReactRouter/src/App.jsx [387ms]
2023-09-20 19:34:09.969 [info] > git ls-files --stage -- /home/aom91/coursework/block28/ReactRouter/src/omponents/Home.jsx [84ms]
2023-09-20 19:34:10.722 [info] > git show --textconv :coursework/block28/ReactRouter/src/index.css [487ms]
2023-09-20 19:34:10.725 [info] > git show --textconv :coursework/block28/ReactRouter/src/main.jsx [344ms]
2023-09-20 19:34:10.726 [info] > git show --textconv :coursework/block28/ReactRouter/src/App.jsx [152ms]
2023-09-20 19:34:10.820 [info] > git show --textconv :coursework/block28/ReactRouter/src/omponents/Home.jsx [112ms]
2023-09-20 19:34:45.104 [info] > git status -z -uall [36817ms] (cancelled)
2023-09-20 19:37:38.495 [info] > git fetch [981ms]
2023-09-20 19:37:38.633 [info] > git config --get commit.template [8ms]
2023-09-20 19:37:38.767 [info] > git for-each-ref --format=%(refname)%00%(upstream:short)%00%(objectname)%00%(upstream:track)%00%(upstream:remotename)%00%(upstream:remoteref) refs/heads/main refs/remotes/main [52ms]
2023-09-20 19:37:39.990 [info] > git ls-files --stage -- /home/aom91/coursework/block28/ReactRouter/src/index.css [56ms]
2023-09-20 19:37:39.995 [info] > git ls-files --stage -- /home/aom91/coursework/block28/ReactRouter/src/main.jsx [99ms]
2023-09-20 19:37:39.998 [info] > git ls-files --stage -- /home/aom91/coursework/block28/ReactRouter/src/App.jsx [129ms]
2023-09-20 19:37:40.016 [info] > git ls-files --stage -- /home/aom91/coursework/block28/ReactRouter/src/omponents/Home.jsx [37ms]
2023-09-20 19:37:40.132 [info] > git show --textconv :coursework/block28/ReactRouter/src/index.css [81ms]
2023-09-20 19:37:40.133 [info] > git show --textconv :coursework/block28/ReactRouter/src/main.jsx [48ms]
2023-09-20 19:37:40.219 [info] > git show --textconv :coursework/block28/ReactRouter/src/App.jsx [102ms]
2023-09-20 19:37:40.346 [info] > git show --textconv :coursework/block28/ReactRouter/src/omponents/Home.jsx [131ms]
2023-09-20 19:38:03.846 [info] > git status -z -uall [24983ms] (cancelled)
2023-09-20 19:41:14.738 [info] > git fetch [953ms]
2023-09-20 19:41:14.800 [info] > git for-each-ref --format=%(refname)%00%(upstream:short)%00%(objectname)%00%(upstream:track)%00%(upstream:remotename)%00%(upstream:remoteref) refs/heads/main refs/remotes/main [6ms]
2023-09-20 19:41:14.803 [info] > git config --get commit.template [33ms]
2023-09-20 19:41:16.164 [info] > git ls-files --stage -- /home/aom91/coursework/block28/ReactRouter/src/index.css [45ms]
2023-09-20 19:41:16.174 [info] > git ls-files --stage -- /home/aom91/coursework/block28/ReactRouter/src/main.jsx [130ms]
2023-09-20 19:41:16.177 [info] > git ls-files --stage -- /home/aom91/coursework/block28/ReactRouter/src/App.jsx [206ms]
2023-09-20 19:41:16.186 [info] > git ls-files --stage -- /home/aom91/coursework/block28/ReactRouter/src/omponents/Home.jsx [37ms]
2023-09-20 19:41:16.378 [info] > git show --textconv :coursework/block28/ReactRouter/src/index.css [148ms]
2023-09-20 19:41:16.379 [info] > git show --textconv :coursework/block28/ReactRouter/src/main.jsx [102ms]
2023-09-20 19:41:16.380 [info] > git show --textconv :coursework/block28/ReactRouter/src/App.jsx [69ms]
2023-09-20 19:41:16.438 [info] > git show --textconv :coursework/block28/ReactRouter/src/omponents/Home.jsx [66ms]
2023-09-20 19:41:18.856 [info] > git show --textconv :coursework/block28/ReactRouter/index.html [435ms]
2023-09-20 19:41:18.866 [info] > git ls-files --stage -- /home/aom91/coursework/block28/ReactRouter/index.html [379ms]
2023-09-20 19:41:34.323 [info] > git status -z -uall [19497ms] (cancelled)
2023-09-20 19:42:09.499 [info] > git show --textconv :coursework/block28/ReactRouter/src/omponents/Red.jsx [34ms]
2023-09-20 19:42:09.505 [info] > git ls-files --stage -- /home/aom91/coursework/block28/ReactRouter/src/omponents/Red.jsx [12ms]
2023-09-20 19:44:06.506 [info] > git show --textconv :coursework/block28/ReactRouter/src/omponents/Blue.jsx [128ms]
2023-09-20 19:44:06.519 [info] > git ls-files --stage -- /home/aom91/coursework/block28/ReactRouter/src/omponents/Blue.jsx [33ms]
2023-09-20 19:44:23.862 [info] > git fetch [748ms]
2023-09-20 19:44:23.931 [info] > git config --get commit.template [33ms]
2023-09-20 19:44:23.937 [info] > git for-each-ref --format=%(refname)%00%(upstream:short)%00%(objectname)%00%(upstream:track)%00%(upstream:remotename)%00%(upstream:remoteref) refs/heads/main refs/remotes/main [11ms]
2023-09-20 19:44:25.325 [info] > git ls-files --stage -- /home/aom91/coursework/block28/ReactRouter/src/omponents/Red.jsx [62ms]
2023-09-20 19:44:25.330 [info] > git ls-files --stage -- /home/aom91/coursework/block28/ReactRouter/index.html [102ms]
2023-09-20 19:44:25.345 [info] > git ls-files --stage -- /home/aom91/coursework/block28/ReactRouter/src/omponents/Home.jsx [144ms]
2023-09-20 19:44:25.347 [info] > git ls-files --stage -- /home/aom91/coursework/block28/ReactRouter/src/index.css [167ms]
2023-09-20 19:44:25.350 [info] > git ls-files --stage -- /home/aom91/coursework/block28/ReactRouter/src/main.jsx [192ms]
2023-09-20 19:44:25.362 [info] > git ls-files --stage -- /home/aom91/coursework/block28/ReactRouter/src/App.jsx [224ms]
2023-09-20 19:44:25.369 [info] > git ls-files --stage -- /home/aom91/coursework/block28/ReactRouter/src/omponents/Blue.jsx [68ms]
2023-09-20 19:44:26.199 [info] > git show --textconv :coursework/block28/ReactRouter/src/omponents/Red.jsx [742ms]
2023-09-20 19:44:26.200 [info] > git show --textconv :coursework/block28/ReactRouter/index.html [500ms]
2023-09-20 19:44:26.201 [info] > git show --textconv :coursework/block28/ReactRouter/src/omponents/Home.jsx [430ms]
2023-09-20 19:44:26.201 [info] > git show --textconv :coursework/block28/ReactRouter/src/index.css [292ms]
2023-09-20 19:44:26.202 [info] > git show --textconv :coursework/block28/ReactRouter/src/main.jsx [194ms]
2023-09-20 19:44:26.202 [info] > git show --textconv :coursework/block28/ReactRouter/src/App.jsx [101ms]
2023-09-20 19:44:26.755 [info] > git show --textconv :coursework/block28/ReactRouter/src/omponents/Blue.jsx [282ms]
2023-09-20 19:45:07.057 [info] > git status -z -uall [43098ms] (cancelled)
2023-09-20 19:47:47.306 [info] > git fetch [798ms]
2023-09-20 19:47:47.342 [info] > git config --get commit.template [4ms]
2023-09-20 19:47:47.389 [info] > git for-each-ref --format=%(refname)%00%(upstream:short)%00%(objectname)%00%(upstream:track)%00%(upstream:remotename)%00%(upstream:remoteref) refs/heads/main refs/remotes/main [11ms]
2023-09-20 19:47:49.193 [info] > git ls-files --stage -- /home/aom91/coursework/block28/ReactRouter/src/omponents/Red.jsx [71ms]
2023-09-20 19:47:49.202 [info] > git ls-files --stage -- /home/aom91/coursework/block28/ReactRouter/index.html [154ms]
2023-09-20 19:47:49.205 [info] > git ls-files --stage -- /home/aom91/coursework/block28/ReactRouter/src/omponents/Home.jsx [239ms]
2023-09-20 19:47:49.208 [info] > git ls-files --stage -- /home/aom91/coursework/block28/ReactRouter/src/index.css [290ms]
2023-09-20 19:47:49.212 [info] > git ls-files --stage -- /home/aom91/coursework/block28/ReactRouter/src/main.jsx [339ms]
2023-09-20 19:47:49.217 [info] > git ls-files --stage -- /home/aom91/coursework/block28/ReactRouter/src/App.jsx [385ms]
2023-09-20 19:47:49.223 [info] > git ls-files --stage -- /home/aom91/coursework/block28/ReactRouter/src/omponents/Blue.jsx [50ms]
2023-09-20 19:47:49.917 [info] > git show --textconv :coursework/block28/ReactRouter/src/omponents/Red.jsx [632ms]
2023-09-20 19:47:49.928 [info] > git show --textconv :coursework/block28/ReactRouter/index.html [597ms]
2023-09-20 19:47:49.929 [info] > git show --textconv :coursework/block28/ReactRouter/src/omponents/Home.jsx [524ms]
2023-09-20 19:47:49.930 [info] > git show --textconv :coursework/block28/ReactRouter/src/index.css [390ms]
2023-09-20 19:47:49.931 [info] > git show --textconv :coursework/block28/ReactRouter/src/main.jsx [272ms]
2023-09-20 19:47:49.932 [info] > git show --textconv :coursework/block28/ReactRouter/src/App.jsx [167ms]
2023-09-20 19:47:49.984 [info] > git show --textconv :coursework/block28/ReactRouter/src/omponents/Blue.jsx [87ms]
2023-09-20 19:48:14.650 [info] > git status -z -uall [27226ms] (cancelled)
2023-09-20 19:51:28.184 [info] > git fetch [812ms]
2023-09-20 19:51:28.252 [info] > git config --get commit.template [14ms]
2023-09-20 19:51:28.274 [info] > git for-each-ref --format=%(refname)%00%(upstream:short)%00%(objectname)%00%(upstream:track)%00%(upstream:remotename)%00%(upstream:remoteref) refs/heads/main refs/remotes/main [2ms]
2023-09-20 19:51:29.803 [info] > git ls-files --stage -- /home/aom91/coursework/block28/ReactRouter/src/omponents/Red.jsx [56ms]
2023-09-20 19:51:29.813 [info] > git ls-files --stage -- /home/aom91/coursework/block28/ReactRouter/index.html [101ms]
2023-09-20 19:51:29.818 [info] > git ls-files --stage -- /home/aom91/coursework/block28/ReactRouter/src/omponents/Home.jsx [148ms]
2023-09-20 19:51:29.821 [info] > git ls-files --stage -- /home/aom91/coursework/block28/ReactRouter/src/index.css [214ms]
2023-09-20 19:51:29.825 [info] > git ls-files --stage -- /home/aom91/coursework/block28/ReactRouter/src/main.jsx [276ms]
2023-09-20 19:51:29.827 [info] > git ls-files --stage -- /home/aom91/coursework/block28/ReactRouter/src/App.jsx [380ms]
2023-09-20 19:51:29.841 [info] > git ls-files --stage -- /home/aom91/coursework/block28/ReactRouter/src/omponents/Blue.jsx [60ms]
2023-09-20 19:51:30.182 [info] > git show --textconv :coursework/block28/ReactRouter/src/omponents/Red.jsx [285ms]
2023-09-20 19:51:30.183 [info] > git show --textconv :coursework/block28/ReactRouter/index.html [250ms]
2023-09-20 19:51:30.191 [info] > git show --textconv :coursework/block28/ReactRouter/src/omponents/Home.jsx [217ms]
2023-09-20 19:51:30.197 [info] > git show --textconv :coursework/block28/ReactRouter/src/index.css [185ms]
2023-09-20 19:51:30.199 [info] > git show --textconv :coursework/block28/ReactRouter/src/main.jsx [137ms]
2023-09-20 19:51:30.199 [info] > git show --textconv :coursework/block28/ReactRouter/src/App.jsx [102ms]
2023-09-20 19:51:30.200 [info] > git show --textconv :coursework/block28/ReactRouter/src/omponents/Blue.jsx [36ms]
2023-09-20 19:51:52.426 [info] > git status -z -uall [24132ms] (cancelled)
2023-09-20 19:57:11.074 [info] > git fetch [754ms]
2023-09-20 19:57:11.128 [info] > git config --get commit.template [31ms]
2023-09-20 19:57:11.131 [info] > git for-each-ref --format=%(refname)%00%(upstream:short)%00%(objectname)%00%(upstream:track)%00%(upstream:remotename)%00%(upstream:remoteref) refs/heads/main refs/remotes/main [9ms]
2023-09-20 19:57:13.009 [info] > git show --textconv :coursework/block28/ReactRouter/src/App.jsx [57ms]
2023-09-20 19:57:13.011 [info] > git ls-files --stage -- /home/aom91/coursework/block28/ReactRouter/src/App.jsx [19ms]
2023-09-20 19:57:32.260 [info] > git status -z -uall [21102ms] (cancelled)
