2023-09-17 20:47:30.429 [warning] /home/aom91/.ssh/config: ENOENT: no such file or directory, open '/home/aom91/.ssh/config'
2023-09-17 20:47:31.569 [info] Looking for git repository
2023-09-17 20:47:31.569 [info] Found 0 repositories during activation
2023-09-17 20:47:31.569 [info] Git repository found, initializing review manager and pr tree view.
2023-09-17 20:47:31.593 [info] Registering git provider
2023-09-17 20:47:31.594 [info] Review> Validate state in progress
2023-09-17 20:47:31.594 [info] Review> Validating state...
2023-09-17 20:47:31.595 [warning] No remotes found. The following remotes are missing: origin, upstream
2023-09-17 20:47:31.595 [info] No GitHub remotes found for folder /home/aom91/coursework/block26/contactlist
2023-09-17 20:47:32.163 [info] Repo state for file:///home/aom91/coursework/block26/contactlist changed.
2023-09-17 20:47:32.164 [info] Repo file:///home/aom91/coursework/block26/contactlist has already been setup.
2023-09-17 20:47:32.179 [info] Review> No matching pull request metadata found locally for current branch master
2023-09-17 20:47:32.179 [info] Review> no matching pull request metadata found for current branch master
2023-09-17 20:47:32.182 [info] Review> No matching pull request metadata found on GitHub for current branch master
2023-09-17 20:50:32.715 [info] Review> Validate state in progress
2023-09-17 20:50:32.715 [info] Review> Validating state...
2023-09-17 20:50:32.800 [info] Found GitHub remote for folder /home/aom91/coursework/block26/contactlist
2023-09-17 20:50:33.191 [info] Trying to use globalState for assignableUsers.
2023-09-17 20:50:33.598 [info] GlobalState does not exist for assignableUsers.
2023-09-17 20:50:33.682 [info] Review> No matching pull request metadata found locally for current branch master
2023-09-17 20:50:33.682 [info] Review> no matching pull request metadata found for current branch master
2023-09-17 20:50:33.683 [info] Review> No matching pull request metadata found on GitHub for current branch master
2023-09-17 20:50:35.706 [info] Review> Validate state in progress
2023-09-17 20:50:35.706 [info] Review> Validating state...
2023-09-17 20:50:35.829 [info] Found GitHub remote for folder /home/aom91/coursework/block26/contactlist
2023-09-17 20:50:35.833 [info] Using in-memory cached assignable users.
2023-09-17 20:50:36.435 [info] Review> No matching pull request metadata found locally for current branch master
2023-09-17 20:50:36.435 [info] Review> no matching pull request metadata found for current branch master
2023-09-17 20:50:37.093 [info] Review> No matching pull request metadata found on GitHub for current branch master
