2023-09-20 22:10:02.792 [info] Log level: Info
2023-09-20 22:10:02.792 [info] Validating found git in: "git"
2023-09-20 22:10:02.792 [info] Using git "2.34.1" from "git"
2023-09-20 22:10:02.792 [info] > git rev-parse --show-toplevel [5ms]
2023-09-20 22:10:02.792 [info] > git rev-parse --git-dir --git-common-dir [1731ms]
2023-09-20 22:10:02.792 [info] Open repository: /home/aom91/coursework/block28/ReactRouter
2023-09-20 22:10:02.792 [info] > git rev-parse --show-toplevel [380ms]
2023-09-20 22:10:02.800 [info] fatal: this operation must be run in a work tree
2023-09-20 22:10:02.800 [info] > git config --get commit.template [410ms]
2023-09-20 22:10:02.800 [info] > git rev-parse --show-toplevel [119ms]
2023-09-20 22:10:02.800 [info] > git for-each-ref --format=%(refname)%00%(upstream:short)%00%(objectname)%00%(upstream:track)%00%(upstream:remotename)%00%(upstream:remoteref) refs/heads/main refs/remotes/main [137ms]
2023-09-20 22:10:03.799 [info] > git status -z -uall [1048ms]
2023-09-20 22:10:03.800 [info] > git check-ignore -v -z --stdin [1012ms]
2023-09-20 22:10:03.823 [info] > git rev-parse --show-toplevel [1112ms]
2023-09-20 22:10:03.898 [info] > git fetch [1945ms]
2023-09-20 22:10:03.899 [info] From https://github.com/Underthesea2009/ReactRouter
 * [new branch]      main       -> origin/main
2023-09-20 22:10:04.399 [info] > git config --get commit.template [532ms]
2023-09-20 22:10:04.534 [info] > git config --get commit.template [584ms]
2023-09-20 22:10:04.535 [info] > git rev-parse --show-toplevel [609ms]
2023-09-20 22:10:04.535 [info] fatal: this operation must be run in a work tree
2023-09-20 22:10:04.699 [info] > git rev-parse --show-toplevel [97ms]
2023-09-20 22:10:04.701 [info] fatal: this operation must be run in a work tree
2023-09-20 22:10:04.709 [info] > git for-each-ref --format=%(refname)%00%(upstream:short)%00%(objectname)%00%(upstream:track)%00%(upstream:remotename)%00%(upstream:remoteref) refs/heads/main refs/remotes/main [120ms]
2023-09-20 22:10:05.010 [info] > git for-each-ref --format=%(refname)%00%(upstream:short)%00%(objectname)%00%(upstream:track)%00%(upstream:remotename)%00%(upstream:remoteref) refs/heads/main refs/remotes/main [383ms]
2023-09-20 22:10:05.078 [info] > git status -z -uall [48ms]
2023-09-20 22:10:05.761 [info] > git rev-parse --show-toplevel [93ms]
2023-09-20 22:10:05.890 [info] > git rev-parse --git-dir --git-common-dir [35ms]
2023-09-20 22:10:05.980 [info] Open repository: /home/aom91
2023-09-20 22:10:06.335 [info] > git config --get commit.template [308ms]
2023-09-20 22:10:06.493 [info] > git for-each-ref --format=%(refname)%00%(upstream:short)%00%(objectname)%00%(upstream:track)%00%(upstream:remotename)%00%(upstream:remoteref) refs/heads/main refs/remotes/main [20ms]
2023-09-20 22:10:07.077 [info] > git show --textconv :.git/COMMIT_EDITMSG [151ms]
2023-09-20 22:10:07.086 [info] > git check-ignore -v -z --stdin [44ms]
2023-09-20 22:10:07.093 [info] > git ls-files --stage -- /home/aom91/.git/COMMIT_EDITMSG [128ms]
2023-09-20 22:10:07.120 [info] > git check-ignore -v -z --stdin [53ms]
2023-09-20 22:10:07.287 [info] > git status -z -uall [734ms]
2023-09-20 22:10:07.588 [info] > git config --get commit.template [174ms]
2023-09-20 22:10:07.667 [info] > git for-each-ref --format=%(refname)%00%(upstream:short)%00%(objectname)%00%(upstream:track)%00%(upstream:remotename)%00%(upstream:remoteref) refs/heads/main refs/remotes/main [24ms]
2023-09-20 22:10:07.896 [info] > git fetch [1922ms]
2023-09-20 22:10:07.939 [info] > git status -z -uall [248ms] (cancelled)
2023-09-20 22:10:07.962 [info] > git config --get commit.template [30ms]
2023-09-20 22:10:08.012 [info] > git for-each-ref --format=%(refname)%00%(upstream:short)%00%(objectname)%00%(upstream:track)%00%(upstream:remotename)%00%(upstream:remoteref) refs/heads/main refs/remotes/main [17ms]
2023-09-20 22:10:08.520 [info] > git check-ignore -v -z --stdin [128ms]
2023-09-20 22:10:08.624 [info] > git status -z -uall [585ms]
2023-09-20 22:10:09.287 [info] > git ls-files --stage -- /home/aom91/.git/COMMIT_EDITMSG [25ms]
2023-09-20 22:10:09.496 [info] > git show --textconv :.git/COMMIT_EDITMSG [140ms]
2023-09-20 22:10:09.540 [info] > git check-ignore -v -z --stdin [23ms]
2023-09-20 22:10:16.456 [info] > git config --get commit.template [8ms]
2023-09-20 22:10:16.516 [info] > git for-each-ref --format=%(refname)%00%(upstream:short)%00%(objectname)%00%(upstream:track)%00%(upstream:remotename)%00%(upstream:remoteref) refs/heads/main refs/remotes/main [12ms]
2023-09-20 22:10:16.882 [info] > git status -z -uall [343ms]
2023-09-20 22:10:23.832 [info] > git config --get commit.template [45ms]
2023-09-20 22:10:23.862 [info] > git for-each-ref --format=%(refname)%00%(upstream:short)%00%(objectname)%00%(upstream:track)%00%(upstream:remotename)%00%(upstream:remoteref) refs/heads/main refs/remotes/main [4ms]
2023-09-20 22:10:24.285 [info] > git status -z -uall [387ms]
2023-09-20 22:10:24.834 [info] > git add -A -- . [1013ms]
2023-09-20 22:10:26.921 [info] > git ls-files --stage -- /home/aom91/.git/COMMIT_EDITMSG [24ms]
2023-09-20 22:10:26.963 [info] > git show --textconv :.git/COMMIT_EDITMSG [15ms]
2023-09-20 22:11:49.284 [info] > git -c user.useConfigOnly=true commit --quiet [84433ms]
2023-09-20 22:11:49.284 [info] Aborting commit due to empty commit message.
2023-09-20 22:11:49.327 [info] > git config --get commit.template [23ms]
2023-09-20 22:11:49.488 [info] > git for-each-ref --format=%(refname)%00%(upstream:short)%00%(objectname)%00%(upstream:track)%00%(upstream:remotename)%00%(upstream:remoteref) refs/heads/main refs/remotes/main [167ms]
2023-09-20 22:11:50.015 [info] > git check-ignore -v -z --stdin [155ms]
2023-09-20 22:11:50.022 [info] > git show --textconv :src/App.css [126ms]
2023-09-20 22:11:50.082 [info] > git ls-files --stage -- /home/aom91/coursework/block28/ReactRouter/src/App.css [154ms]
2023-09-20 22:11:50.123 [info] > git status -z -uall [620ms]
2023-09-20 22:11:50.125 [info] > git cat-file -s b9d355df2a5956b526c004531b7b0ffe412461e0 [13ms]
2023-09-20 22:11:50.363 [info] > git config --get commit.template [102ms]
2023-09-20 22:11:50.396 [info] > git for-each-ref --format=%(refname)%00%(upstream:short)%00%(objectname)%00%(upstream:track)%00%(upstream:remotename)%00%(upstream:remoteref) refs/heads/main refs/remotes/main [3ms]
2023-09-20 22:11:50.835 [info] > git status -z -uall [411ms]
2023-09-20 22:11:51.838 [info] > git check-ignore -v -z --stdin [74ms]
2023-09-20 22:11:55.889 [info] > git config --get commit.template [2ms]
2023-09-20 22:11:55.914 [info] > git for-each-ref --format=%(refname)%00%(upstream:short)%00%(objectname)%00%(upstream:track)%00%(upstream:remotename)%00%(upstream:remoteref) refs/heads/main refs/remotes/main [4ms]
2023-09-20 22:11:56.234 [info] > git status -z -uall [296ms]
2023-09-20 22:12:01.302 [info] > git config --get commit.template [21ms]
2023-09-20 22:12:01.305 [info] > git for-each-ref --format=%(refname)%00%(upstream:short)%00%(objectname)%00%(upstream:track)%00%(upstream:remotename)%00%(upstream:remoteref) refs/heads/main refs/remotes/main [6ms]
2023-09-20 22:12:01.628 [info] > git status -z -uall [299ms]
2023-09-20 22:12:03.219 [info] > git show --textconv :src/main.jsx [33ms]
2023-09-20 22:12:03.236 [info] > git ls-files --stage -- /home/aom91/coursework/block28/ReactRouter/src/main.jsx [21ms]
2023-09-20 22:12:03.374 [info] > git cat-file -s 7976bf0a455cd9b4c52f66b66ed701557ca8f91f [103ms]
2023-09-20 22:12:04.246 [info] > git check-ignore -v -z --stdin [234ms]
2023-09-20 22:12:06.762 [info] > git config --get commit.template [92ms]
2023-09-20 22:12:06.775 [info] > git for-each-ref --format=%(refname)%00%(upstream:short)%00%(objectname)%00%(upstream:track)%00%(upstream:remotename)%00%(upstream:remoteref) refs/heads/main refs/remotes/main [18ms]
2023-09-20 22:12:07.543 [info] > git status -z -uall [729ms]
2023-09-20 22:12:12.574 [info] > git config --get commit.template [3ms]
2023-09-20 22:12:12.605 [info] > git for-each-ref --format=%(refname)%00%(upstream:short)%00%(objectname)%00%(upstream:track)%00%(upstream:remotename)%00%(upstream:remoteref) refs/heads/main refs/remotes/main [10ms]
2023-09-20 22:12:12.974 [info] > git status -z -uall [346ms]
2023-09-20 22:12:18.080 [info] > git config --get commit.template [45ms]
2023-09-20 22:12:18.089 [info] > git for-each-ref --format=%(refname)%00%(upstream:short)%00%(objectname)%00%(upstream:track)%00%(upstream:remotename)%00%(upstream:remoteref) refs/heads/main refs/remotes/main [17ms]
2023-09-20 22:12:18.425 [info] > git status -z -uall [297ms]
2023-09-20 22:12:23.504 [info] > git config --get commit.template [26ms]
2023-09-20 22:12:23.506 [info] > git for-each-ref --format=%(refname)%00%(upstream:short)%00%(objectname)%00%(upstream:track)%00%(upstream:remotename)%00%(upstream:remoteref) refs/heads/main refs/remotes/main [4ms]
2023-09-20 22:12:23.801 [info] > git status -z -uall [281ms]
2023-09-20 22:12:28.841 [info] > git config --get commit.template [3ms]
2023-09-20 22:12:28.861 [info] > git for-each-ref --format=%(refname)%00%(upstream:short)%00%(objectname)%00%(upstream:track)%00%(upstream:remotename)%00%(upstream:remoteref) refs/heads/main refs/remotes/main [3ms]
2023-09-20 22:12:29.190 [info] > git status -z -uall [308ms]
2023-09-20 22:12:34.258 [info] > git config --get commit.template [19ms]
2023-09-20 22:12:34.283 [info] > git for-each-ref --format=%(refname)%00%(upstream:short)%00%(objectname)%00%(upstream:track)%00%(upstream:remotename)%00%(upstream:remoteref) refs/heads/main refs/remotes/main [5ms]
2023-09-20 22:12:34.601 [info] > git status -z -uall [300ms]
2023-09-20 22:12:36.664 [info] > git add -A -- . [343ms]
2023-09-20 22:12:37.703 [info] > git show --textconv :.git/COMMIT_EDITMSG [24ms]
2023-09-20 22:12:37.720 [info] > git ls-files --stage -- /home/aom91/.git/COMMIT_EDITMSG [20ms]
2023-09-20 22:12:38.443 [info] > git ls-files --stage -- /home/aom91/.git/COMMIT_EDITMSG [10ms]
2023-09-20 22:12:38.494 [info] > git show --textconv :.git/COMMIT_EDITMSG [12ms]
