2023-09-13 21:43:35.339 [info] Log level: Info
2023-09-13 21:43:35.340 [info] Validating found git in: "git"
2023-09-13 21:43:35.340 [info] Using git "2.34.1" from "git"
2023-09-13 21:43:35.340 [info] > git rev-parse --show-toplevel [564ms]
2023-09-13 21:43:35.340 [info] > git rev-parse --git-dir --git-common-dir [454ms]
2023-09-13 21:43:35.340 [info] Open repository: /home/aom91/coursework/block25/Unit3.ColorPicker.Starter
2023-09-13 21:43:35.645 [info] > git rev-parse --show-toplevel [37ms]
2023-09-13 21:43:35.662 [info] > git config --get commit.template [80ms]
2023-09-13 21:43:35.982 [info] > git rev-parse --show-toplevel [282ms]
2023-09-13 21:43:36.123 [info] > git for-each-ref --format=%(refname)%00%(upstream:short)%00%(objectname)%00%(upstream:track)%00%(upstream:remotename)%00%(upstream:remoteref) refs/heads/main refs/remotes/main [178ms]
2023-09-13 21:43:36.304 [info] > git status -z -uall [16ms]
2023-09-13 21:43:36.619 [info] > git config --get commit.template [36ms]
2023-09-13 21:43:37.877 [info] > git check-ignore -v -z --stdin [1185ms]
2023-09-13 21:43:37.948 [info] > git for-each-ref --format=%(refname)%00%(upstream:short)%00%(objectname)%00%(upstream:track)%00%(upstream:remotename)%00%(upstream:remoteref) refs/heads/main refs/remotes/main [88ms]
2023-09-13 21:43:38.203 [info] > git status -z -uall [145ms]
2023-09-13 21:45:24.931 [info] > git check-ignore -v -z --stdin [31ms]
2023-09-13 21:45:43.454 [info] > git show --textconv :src/App.jsx [495ms]
2023-09-13 21:45:43.467 [info] > git ls-files --stage -- /home/aom91/coursework/block25/Unit3.ColorPicker.Starter/src/App.jsx [263ms]
2023-09-13 21:45:43.682 [info] > git cat-file -s aa9b8e4e5889e3825328e2994a5a9f8a7cdef6bc [32ms]
2023-09-13 21:48:24.531 [info] > git config --get commit.template [114ms]
2023-09-13 21:48:24.691 [info] > git for-each-ref --format=%(refname)%00%(upstream:short)%00%(objectname)%00%(upstream:track)%00%(upstream:remotename)%00%(upstream:remoteref) refs/heads/main refs/remotes/main [183ms]
2023-09-13 21:48:24.787 [info] > git ls-files --stage -- /home/aom91/coursework/block25/Unit3.ColorPicker.Starter/src/App.jsx [126ms]
2023-09-13 21:48:24.866 [info] > git status -z -uall [95ms]
2023-09-13 21:48:24.964 [info] > git cat-file -s aa9b8e4e5889e3825328e2994a5a9f8a7cdef6bc [117ms]
2023-09-13 21:48:25.154 [info] > git show --textconv :src/App.jsx [17ms]
2023-09-13 21:53:42.274 [info] > git check-ignore -v -z --stdin [248ms]
2023-09-13 21:53:42.566 [info] > git config --get commit.template [141ms]
2023-09-13 21:53:42.700 [info] > git for-each-ref --format=%(refname)%00%(upstream:short)%00%(objectname)%00%(upstream:track)%00%(upstream:remotename)%00%(upstream:remoteref) refs/heads/main refs/remotes/main [84ms]
2023-09-13 21:53:42.786 [info] > git status -z -uall [26ms]
2023-09-13 21:55:27.511 [info] > git config --get commit.template [1533ms]
2023-09-13 21:55:27.572 [info] > git for-each-ref --format=%(refname)%00%(upstream:short)%00%(objectname)%00%(upstream:track)%00%(upstream:remotename)%00%(upstream:remoteref) refs/heads/main refs/remotes/main [123ms]
2023-09-13 21:55:28.644 [info] > git status -z -uall [39ms]
2023-09-13 21:55:33.776 [info] > git config --get commit.template [40ms]
2023-09-13 21:55:33.784 [info] > git for-each-ref --format=%(refname)%00%(upstream:short)%00%(objectname)%00%(upstream:track)%00%(upstream:remotename)%00%(upstream:remoteref) refs/heads/main refs/remotes/main [11ms]
2023-09-13 21:55:33.830 [info] > git status -z -uall [11ms]
2023-09-13 21:55:59.921 [info] > git config --get commit.template [17ms]
2023-09-13 21:56:00.032 [info] > git for-each-ref --format=%(refname)%00%(upstream:short)%00%(objectname)%00%(upstream:track)%00%(upstream:remotename)%00%(upstream:remoteref) refs/heads/main refs/remotes/main [30ms]
2023-09-13 21:56:00.189 [info] > git status -z -uall [106ms]
2023-09-13 21:56:00.190 [info] > git check-ignore -v -z --stdin [18ms]
2023-09-13 21:56:05.670 [info] > git for-each-ref --format=%(refname)%00%(upstream:short)%00%(objectname)%00%(upstream:track)%00%(upstream:remotename)%00%(upstream:remoteref) refs/heads/main refs/remotes/main [47ms]
2023-09-13 21:56:05.683 [info] > git config --get commit.template [235ms]
2023-09-13 21:56:05.791 [info] > git status -z -uall [49ms]
2023-09-13 21:56:11.006 [info] > git config --get commit.template [58ms]
2023-09-13 21:56:11.015 [info] > git for-each-ref --format=%(refname)%00%(upstream:short)%00%(objectname)%00%(upstream:track)%00%(upstream:remotename)%00%(upstream:remoteref) refs/heads/main refs/remotes/main [16ms]
2023-09-13 21:56:11.113 [info] > git status -z -uall [48ms]
2023-09-13 22:01:41.021 [info] > git config --get commit.template [17ms]
2023-09-13 22:01:41.023 [info] > git for-each-ref --format=%(refname)%00%(upstream:short)%00%(objectname)%00%(upstream:track)%00%(upstream:remotename)%00%(upstream:remoteref) refs/heads/main refs/remotes/main [11ms]
2023-09-13 22:01:41.043 [info] > git status -z -uall [7ms]
2023-09-13 22:08:12.604 [info] > git config --get commit.template [4ms]
2023-09-13 22:08:12.620 [info] > git for-each-ref --format=%(refname)%00%(upstream:short)%00%(objectname)%00%(upstream:track)%00%(upstream:remotename)%00%(upstream:remoteref) refs/heads/main refs/remotes/main [3ms]
2023-09-13 22:08:12.637 [info] > git status -z -uall [5ms]
2023-09-13 22:08:35.924 [info] > git config --get commit.template [3ms]
2023-09-13 22:08:35.938 [info] > git for-each-ref --format=%(refname)%00%(upstream:short)%00%(objectname)%00%(upstream:track)%00%(upstream:remotename)%00%(upstream:remoteref) refs/heads/main refs/remotes/main [3ms]
2023-09-13 22:08:35.956 [info] > git status -z -uall [5ms]
2023-09-13 22:10:19.144 [info] > git check-ignore -v -z --stdin [4ms]
2023-09-13 22:10:34.308 [info] > git show --textconv :src/main.jsx [27ms]
2023-09-13 22:10:34.312 [info] > git ls-files --stage -- /home/aom91/coursework/block25/Unit3.ColorPicker.Starter/src/main.jsx [13ms]
2023-09-13 22:10:34.327 [info] > git cat-file -s b91620d35e1de03d2c5ca843229df7f3b51445b3 [3ms]
2023-09-13 22:14:19.266 [info] > git config --get commit.template [2ms]
2023-09-13 22:14:19.281 [info] > git for-each-ref --format=%(refname)%00%(upstream:short)%00%(objectname)%00%(upstream:track)%00%(upstream:remotename)%00%(upstream:remoteref) refs/heads/main refs/remotes/main [3ms]
2023-09-13 22:14:19.298 [info] > git status -z -uall [4ms]
2023-09-13 22:22:49.570 [info] > git config --get commit.template [31ms]
2023-09-13 22:22:49.574 [info] > git for-each-ref --format=%(refname)%00%(upstream:short)%00%(objectname)%00%(upstream:track)%00%(upstream:remotename)%00%(upstream:remoteref) refs/heads/main refs/remotes/main [8ms]
2023-09-13 22:22:49.597 [info] > git status -z -uall [7ms]
2023-09-13 22:24:54.617 [info] > git config --get commit.template [3ms]
2023-09-13 22:24:54.631 [info] > git for-each-ref --format=%(refname)%00%(upstream:short)%00%(objectname)%00%(upstream:track)%00%(upstream:remotename)%00%(upstream:remoteref) refs/heads/main refs/remotes/main [3ms]
2023-09-13 22:24:54.647 [info] > git status -z -uall [5ms]
2023-09-13 22:25:50.970 [info] > git show --textconv HEAD:src/App.jsx [14ms]
2023-09-13 22:25:50.973 [info] > git ls-tree -l HEAD -- /home/aom91/coursework/block25/Unit3.ColorPicker.Starter/src/App.jsx [5ms]
2023-09-13 22:25:51.012 [info] > git hash-object --stdin -w --path src/App.jsx [5ms]
2023-09-13 22:25:51.028 [info] > git show -s --format=%H%n%aN%n%aE%n%at%n%ct%n%P%n%D%n%B -z HEAD [4ms]
2023-09-13 22:25:51.042 [info] > git ls-tree -l HEAD -- src/App.jsx [2ms]
2023-09-13 22:25:51.062 [info] > git update-index  --cacheinfo 100644 3adcb8ddb01ad02656153a102baaa9db4803988b
 src/App.jsx [6ms]
2023-09-13 22:25:51.062 [info] Ignoring path 
2023-09-13 22:25:51.092 [info] > git config --get commit.template [14ms]
2023-09-13 22:25:51.093 [info] > git for-each-ref --format=%(refname)%00%(upstream:short)%00%(objectname)%00%(upstream:track)%00%(upstream:remotename)%00%(upstream:remoteref) refs/heads/main refs/remotes/main [2ms]
2023-09-13 22:25:51.109 [info] > git status -z -uall [4ms]
2023-09-13 22:25:51.246 [info] > git ls-files --stage -- /home/aom91/coursework/block25/Unit3.ColorPicker.Starter/src/App.jsx [19ms]
2023-09-13 22:25:51.266 [info] > git cat-file -s 3adcb8ddb01ad02656153a102baaa9db4803988b [3ms]
2023-09-13 22:25:51.340 [info] > git show --textconv :src/App.jsx [3ms]
2023-09-13 22:25:52.261 [info] > git config --get commit.template [2ms]
2023-09-13 22:25:52.279 [info] > git for-each-ref --format=%(refname)%00%(upstream:short)%00%(objectname)%00%(upstream:track)%00%(upstream:remotename)%00%(upstream:remoteref) refs/heads/main refs/remotes/main [2ms]
2023-09-13 22:25:52.296 [info] > git status -z -uall [4ms]
2023-09-13 22:25:52.395 [info] > git ls-files --stage -- /home/aom91/coursework/block25/Unit3.ColorPicker.Starter/src/main.jsx [15ms]
2023-09-13 22:25:52.408 [info] > git ls-files --stage -- /home/aom91/coursework/block25/Unit3.ColorPicker.Starter/src/App.jsx [39ms]
2023-09-13 22:25:52.425 [info] > git cat-file -s 3adcb8ddb01ad02656153a102baaa9db4803988b [6ms]
2023-09-13 22:25:52.427 [info] > git cat-file -s b91620d35e1de03d2c5ca843229df7f3b51445b3 [20ms]
2023-09-13 22:25:52.429 [info] > git ls-files --stage -- /home/aom91/coursework/block25/Unit3.ColorPicker.Starter/src/App.jsx [36ms]
2023-09-13 22:25:52.442 [info] > git cat-file -s 3adcb8ddb01ad02656153a102baaa9db4803988b [2ms]
2023-09-13 22:25:52.497 [info] > git show --textconv :src/App.jsx [31ms]
2023-09-13 22:25:52.498 [info] > git show --textconv :src/main.jsx [20ms]
2023-09-13 22:25:52.498 [info] > git show --textconv :src/App.jsx [2ms]
2023-09-13 22:25:57.349 [info] > git config --get commit.template [18ms]
2023-09-13 22:25:57.350 [info] > git for-each-ref --format=%(refname)%00%(upstream:short)%00%(objectname)%00%(upstream:track)%00%(upstream:remotename)%00%(upstream:remoteref) refs/heads/main refs/remotes/main [3ms]
2023-09-13 22:25:57.365 [info] > git status -z -uall [5ms]
2023-09-13 22:26:05.408 [info] > git config --get commit.template [19ms]
2023-09-13 22:26:05.409 [info] > git for-each-ref --format=%(refname)%00%(upstream:short)%00%(objectname)%00%(upstream:track)%00%(upstream:remotename)%00%(upstream:remoteref) refs/heads/main refs/remotes/main [5ms]
2023-09-13 22:26:05.427 [info] > git status -z -uall [5ms]
2023-09-13 22:26:24.409 [info] > git config --get commit.template [2ms]
2023-09-13 22:26:24.425 [info] > git for-each-ref --format=%(refname)%00%(upstream:short)%00%(objectname)%00%(upstream:track)%00%(upstream:remotename)%00%(upstream:remoteref) refs/heads/main refs/remotes/main [3ms]
2023-09-13 22:26:24.442 [info] > git status -z -uall [4ms]
2023-09-13 22:28:04.694 [info] > git config --get commit.template [14ms]
2023-09-13 22:28:04.695 [info] > git for-each-ref --format=%(refname)%00%(upstream:short)%00%(objectname)%00%(upstream:track)%00%(upstream:remotename)%00%(upstream:remoteref) refs/heads/main refs/remotes/main [2ms]
2023-09-13 22:28:04.711 [info] > git status -z -uall [4ms]
2023-09-13 22:39:38.834 [info] > git show --textconv :src/index.css [72ms]
2023-09-13 22:39:38.835 [info] > git ls-files --stage -- /home/aom91/coursework/block25/Unit3.ColorPicker.Starter/src/index.css [54ms]
2023-09-13 22:39:38.853 [info] > git cat-file -s 0443fbd4886ebb8a67a688e6c3cf5295b6709a50 [6ms]
2023-09-13 22:40:13.393 [info] > git show --textconv :index.html [55ms]
2023-09-13 22:40:13.394 [info] > git ls-files --stage -- /home/aom91/coursework/block25/Unit3.ColorPicker.Starter/index.html [42ms]
2023-09-13 22:40:13.412 [info] > git cat-file -s 79c470191164e9d0a66bd61f715be685ce43b057 [5ms]
