2023-09-13 20:43:30.965 [info] Log level: Info
2023-09-13 20:43:30.965 [info] Validating found git in: "git"
2023-09-13 20:43:30.965 [info] Using git "2.34.1" from "git"
2023-09-13 20:43:30.965 [info] > git rev-parse --show-toplevel [856ms]
2023-09-13 20:43:31.817 [info] > git rev-parse --git-dir --git-common-dir [924ms]
2023-09-13 20:43:32.407 [info] Open repository: /home/aom91/coursework/block25/Unit3.ColorPicker.Starter/Unit3.ColorPicker.Starter
2023-09-13 20:43:35.617 [info] > git rev-parse --show-toplevel [2624ms]
2023-09-13 20:43:35.647 [info] > git config --get commit.template [2903ms]
2023-09-13 20:43:36.241 [info] > git check-ignore -v -z --stdin [338ms]
2023-09-13 20:43:36.286 [info] > git rev-parse --show-toplevel [536ms]
2023-09-13 20:43:40.858 [info] > git rev-parse --show-toplevel [4443ms]
2023-09-13 20:43:40.871 [info] > git for-each-ref --format=%(refname)%00%(upstream:short)%00%(objectname)%00%(upstream:track)%00%(upstream:remotename)%00%(upstream:remoteref) refs/heads/main refs/remotes/main [4721ms]
2023-09-13 20:43:41.344 [info] > git status -z -uall [339ms]
2023-09-13 20:43:41.359 [info] > git rev-parse --show-toplevel [117ms]
2023-09-13 20:43:43.217 [info] > git show --textconv :src/main.jsx [1644ms]
2023-09-13 20:43:43.218 [info] > git show --textconv :index.html [1536ms]
2023-09-13 20:43:43.219 [info] > git show --textconv :package.json [1184ms]
2023-09-13 20:43:43.232 [info] > git ls-files --stage -- /home/aom91/coursework/block25/Unit3.ColorPicker.Starter/Unit3.ColorPicker.Starter/package.json [1083ms]
2023-09-13 20:43:43.332 [info] > git ls-files --stage -- /home/aom91/coursework/block25/Unit3.ColorPicker.Starter/Unit3.ColorPicker.Starter/index.html [1365ms]
2023-09-13 20:43:43.393 [info] > git ls-files --stage -- /home/aom91/coursework/block25/Unit3.ColorPicker.Starter/Unit3.ColorPicker.Starter/src/main.jsx [1518ms]
2023-09-13 20:43:43.538 [info] > git cat-file -s b91620d35e1de03d2c5ca843229df7f3b51445b3 [88ms]
2023-09-13 20:43:43.552 [info] > git cat-file -s 79c470191164e9d0a66bd61f715be685ce43b057 [162ms]
2023-09-13 20:43:43.567 [info] > git cat-file -s 60c8e40256ff223c9d6fbef4d8f14b2843dae8c1 [278ms]
2023-09-13 20:43:43.585 [info] > git config --get commit.template [499ms]
2023-09-13 20:43:46.706 [info] > git for-each-ref --format=%(refname)%00%(upstream:short)%00%(objectname)%00%(upstream:track)%00%(upstream:remotename)%00%(upstream:remoteref) refs/heads/main refs/remotes/main [704ms]
2023-09-13 20:43:47.927 [info] > git status -z -uall [991ms]
2023-09-13 20:47:08.043 [info] > git show --textconv :src/data.js [109ms]
2023-09-13 20:47:08.072 [info] > git ls-files --stage -- /home/aom91/coursework/block25/Unit3.ColorPicker.Starter/Unit3.ColorPicker.Starter/src/data.js [47ms]
2023-09-13 20:47:15.873 [info] > git show --textconv :src/App.jsx [163ms]
2023-09-13 20:47:15.879 [info] > git ls-files --stage -- /home/aom91/coursework/block25/Unit3.ColorPicker.Starter/Unit3.ColorPicker.Starter/src/App.jsx [118ms]
2023-09-13 20:47:15.989 [info] > git cat-file -s aa9b8e4e5889e3825328e2994a5a9f8a7cdef6bc [30ms]
2023-09-13 20:50:16.738 [info] > git config --get commit.template [33ms]
2023-09-13 20:50:16.739 [info] > git for-each-ref --format=%(refname)%00%(upstream:short)%00%(objectname)%00%(upstream:track)%00%(upstream:remotename)%00%(upstream:remoteref) refs/heads/main refs/remotes/main [10ms]
2023-09-13 20:50:16.774 [info] > git status -z -uall [11ms]
2023-09-13 20:59:41.805 [info] > git check-ignore -v -z --stdin [43ms]
2023-09-13 21:00:49.254 [info] > git check-ignore -v -z --stdin [20ms]
2023-09-13 21:01:08.725 [info] > git config --get commit.template [29ms]
2023-09-13 21:01:09.032 [info] > git for-each-ref --format=%(refname)%00%(upstream:short)%00%(objectname)%00%(upstream:track)%00%(upstream:remotename)%00%(upstream:remoteref) refs/heads/main refs/remotes/main [56ms]
2023-09-13 21:01:09.294 [info] > git status -z -uall [186ms]
2023-09-13 21:01:14.456 [info] > git config --get commit.template [5ms]
2023-09-13 21:01:14.688 [info] > git for-each-ref --format=%(refname)%00%(upstream:short)%00%(objectname)%00%(upstream:track)%00%(upstream:remotename)%00%(upstream:remoteref) refs/heads/main refs/remotes/main [74ms]
2023-09-13 21:01:14.806 [info] > git status -z -uall [35ms]
2023-09-13 21:01:22.021 [info] > git config --get commit.template [19ms]
2023-09-13 21:01:22.966 [info] > git for-each-ref --format=%(refname)%00%(upstream:short)%00%(objectname)%00%(upstream:track)%00%(upstream:remotename)%00%(upstream:remoteref) refs/heads/main refs/remotes/main [59ms]
2023-09-13 21:01:23.272 [info] > git status -z -uall [34ms]
2023-09-13 21:01:28.468 [info] > git config --get commit.template [41ms]
2023-09-13 21:01:28.560 [info] > git for-each-ref --format=%(refname)%00%(upstream:short)%00%(objectname)%00%(upstream:track)%00%(upstream:remotename)%00%(upstream:remoteref) refs/heads/main refs/remotes/main [16ms]
2023-09-13 21:01:28.648 [info] > git status -z -uall [29ms]
