2023-09-14 18:10:55.891 [info] Extension host with pid 1509 started
2023-09-14 18:10:55.997 [info] Lock '/home/aom91/.vscode-server/data/User/workspaceStorage/a73c16273a91d2abc5ed88e40bed4779/vscode.lock': Lock acquired.
2023-09-14 18:10:56.122 [info] ExtensionService#_doActivateExtension vscode.git-base, startup: true, activationEvent: '*', root cause: vscode.git
2023-09-14 18:10:56.160 [info] ExtensionService#_doActivateExtension vscode.npm, startup: true, activationEvent: 'workspaceContains:package.json'
2023-09-14 18:10:56.354 [info] ExtensionService#_doActivateExtension vscode.git, startup: true, activationEvent: '*'
2023-09-14 18:10:56.355 [info] ExtensionService#_doActivateExtension vscode.github, startup: true, activationEvent: '*'
2023-09-14 18:10:57.707 [info] Eager extensions activated
2023-09-14 18:10:57.708 [info] ExtensionService#_doActivateExtension vscode.debug-auto-launch, startup: false, activationEvent: 'onStartupFinished'
2023-09-14 18:10:57.709 [info] ExtensionService#_doActivateExtension vscode.merge-conflict, startup: false, activationEvent: 'onStartupFinished'
2023-09-14 18:10:59.267 [warning] [Decorations] CAPPING events from decorations provider vscode.git 1431
2023-09-14 18:11:00.451 [warning] [Decorations] CAPPING events from decorations provider vscode.git 1431
2023-09-14 18:11:18.968 [info] ExtensionService#_doActivateExtension vscode.tunnel-forwarding, startup: false, activationEvent: 'onTunnel'
2023-09-14 18:11:55.649 [warning] [Decorations] CAPPING events from decorations provider vscode.git 1432
2023-09-14 18:12:12.051 [warning] [Decorations] CAPPING events from decorations provider vscode.git 1424
2023-09-14 18:12:17.379 [warning] [Decorations] CAPPING events from decorations provider vscode.git 1424
2023-09-14 18:13:19.454 [warning] [Decorations] CAPPING events from decorations provider vscode.git 1424
2023-09-14 18:13:24.768 [warning] [Decorations] CAPPING events from decorations provider vscode.git 1424
2023-09-14 18:13:30.068 [warning] [Decorations] CAPPING events from decorations provider vscode.git 1424
2023-09-14 18:13:37.347 [warning] [Decorations] CAPPING events from decorations provider vscode.git 1424
2023-09-14 18:13:49.204 [warning] [Decorations] CAPPING events from decorations provider vscode.git 1424
2023-09-14 18:13:54.508 [warning] [Decorations] CAPPING events from decorations provider vscode.git 1424
2023-09-14 18:14:00.050 [warning] [Decorations] CAPPING events from decorations provider vscode.git 1424
2023-09-14 18:14:27.324 [warning] [Decorations] CAPPING events from decorations provider vscode.git 1424
2023-09-14 18:14:32.626 [warning] [Decorations] CAPPING events from decorations provider vscode.git 1424
2023-09-14 18:14:37.912 [warning] [Decorations] CAPPING events from decorations provider vscode.git 1424
2023-09-14 18:14:47.276 [warning] [Decorations] CAPPING events from decorations provider vscode.git 1424
2023-09-14 18:14:52.579 [warning] [Decorations] CAPPING events from decorations provider vscode.git 1424
2023-09-14 18:14:57.874 [warning] [Decorations] CAPPING events from decorations provider vscode.git 1424
2023-09-14 18:15:04.745 [warning] [Decorations] CAPPING events from decorations provider vscode.git 1424
2023-09-14 18:15:31.233 [warning] [Decorations] CAPPING events from decorations provider vscode.git 1424
2023-09-14 18:15:36.530 [warning] [Decorations] CAPPING events from decorations provider vscode.git 1424
2023-09-14 18:15:41.826 [warning] [Decorations] CAPPING events from decorations provider vscode.git 1424
2023-09-14 18:15:47.122 [warning] [Decorations] CAPPING events from decorations provider vscode.git 1424
2023-09-14 18:15:52.433 [warning] [Decorations] CAPPING events from decorations provider vscode.git 1424
2023-09-14 18:15:57.909 [warning] [Decorations] CAPPING events from decorations provider vscode.git 1424
2023-09-14 18:16:03.234 [warning] [Decorations] CAPPING events from decorations provider vscode.git 1424
2023-09-14 18:16:08.542 [warning] [Decorations] CAPPING events from decorations provider vscode.git 1424
2023-09-14 18:16:13.846 [warning] [Decorations] CAPPING events from decorations provider vscode.git 1424
2023-09-14 18:16:19.171 [warning] [Decorations] CAPPING events from decorations provider vscode.git 1424
2023-09-14 18:19:26.254 [warning] [Decorations] CAPPING events from decorations provider vscode.git 1424
2023-09-14 18:19:31.587 [warning] [Decorations] CAPPING events from decorations provider vscode.git 1424
2023-09-14 18:19:36.907 [warning] [Decorations] CAPPING events from decorations provider vscode.git 1424
2023-09-14 18:19:42.202 [warning] [Decorations] CAPPING events from decorations provider vscode.git 1424
2023-09-14 18:19:55.449 [warning] [Decorations] CAPPING events from decorations provider vscode.git 1424
2023-09-14 18:20:21.903 [warning] [Decorations] CAPPING events from decorations provider vscode.git 1424
2023-09-14 18:20:27.325 [warning] [Decorations] CAPPING events from decorations provider vscode.git 1424
2023-09-14 18:20:32.638 [warning] [Decorations] CAPPING events from decorations provider vscode.git 1425
2023-09-14 18:22:58.077 [warning] [Decorations] CAPPING events from decorations provider vscode.git 1425
2023-09-14 18:23:03.394 [warning] [Decorations] CAPPING events from decorations provider vscode.git 1425
2023-09-14 18:23:08.699 [warning] [Decorations] CAPPING events from decorations provider vscode.git 1425
2023-09-14 18:23:20.994 [warning] [Decorations] CAPPING events from decorations provider vscode.git 1425
2023-09-14 18:23:30.040 [warning] [Decorations] CAPPING events from decorations provider vscode.git 1426
2023-09-14 18:23:35.524 [warning] [Decorations] CAPPING events from decorations provider vscode.git 1426
2023-09-14 18:23:40.849 [warning] [Decorations] CAPPING events from decorations provider vscode.git 1426
2023-09-14 18:23:46.168 [warning] [Decorations] CAPPING events from decorations provider vscode.git 1426
2023-09-14 18:23:51.490 [warning] [Decorations] CAPPING events from decorations provider vscode.git 1426
2023-09-14 19:40:12.605 [warning] [Decorations] CAPPING events from decorations provider vscode.git 1426
2023-09-14 19:40:59.643 [warning] [Decorations] CAPPING events from decorations provider vscode.git 1426
2023-09-14 19:44:09.667 [warning] [Decorations] CAPPING events from decorations provider vscode.git 1426
2023-09-14 19:44:14.067 [info] ExtensionService#_doActivateExtension vscode.typescript-language-features, startup: false, activationEvent: 'onLanguage:javascriptreact'
2023-09-14 19:44:14.084 [info] ExtensionService#_doActivateExtension vscode.emmet, startup: false, activationEvent: 'onLanguage'
2023-09-14 19:44:18.808 [warning] [Decorations] CAPPING events from decorations provider vscode.git 1426
2023-09-14 19:44:30.240 [warning] [Decorations] CAPPING events from decorations provider vscode.git 1426
2023-09-14 19:44:41.587 [warning] [Decorations] CAPPING events from decorations provider vscode.git 1427
2023-09-14 19:44:52.828 [warning] [Decorations] CAPPING events from decorations provider vscode.git 1429
2023-09-14 19:45:01.527 [warning] [Decorations] CAPPING events from decorations provider vscode.git 1429
2023-09-14 19:45:34.077 [warning] [Decorations] CAPPING events from decorations provider vscode.git 1431
2023-09-14 19:45:40.916 [warning] [Decorations] CAPPING events from decorations provider vscode.git 1429
2023-09-14 19:46:28.310 [warning] [Decorations] CAPPING events from decorations provider vscode.git 1429
2023-09-14 19:50:56.028 [warning] [Decorations] CAPPING events from decorations provider vscode.git 1429
2023-09-14 19:51:02.628 [warning] [Decorations] CAPPING events from decorations provider vscode.git 1429
2023-09-14 19:51:08.697 [warning] [Decorations] CAPPING events from decorations provider vscode.git 1429
2023-09-14 19:51:14.629 [warning] [Decorations] CAPPING events from decorations provider vscode.git 1429
2023-09-14 19:51:22.430 [warning] [Decorations] CAPPING events from decorations provider vscode.git 1429
2023-09-14 19:51:28.577 [warning] [Decorations] CAPPING events from decorations provider vscode.git 1429
2023-09-14 19:51:35.496 [warning] [Decorations] CAPPING events from decorations provider vscode.git 1429
2023-09-14 19:51:42.017 [warning] [Decorations] CAPPING events from decorations provider vscode.git 1429
2023-09-14 19:51:49.086 [warning] [Decorations] CAPPING events from decorations provider vscode.git 1429
2023-09-14 19:51:54.800 [warning] [Decorations] CAPPING events from decorations provider vscode.git 1429
2023-09-14 19:52:01.869 [warning] [Decorations] CAPPING events from decorations provider vscode.git 1429
2023-09-14 19:52:08.916 [warning] [Decorations] CAPPING events from decorations provider vscode.git 1429
2023-09-14 19:52:15.821 [warning] [Decorations] CAPPING events from decorations provider vscode.git 1429
2023-09-14 19:52:22.583 [warning] [Decorations] CAPPING events from decorations provider vscode.git 1429
2023-09-14 19:52:29.882 [warning] [Decorations] CAPPING events from decorations provider vscode.git 1429
2023-09-14 19:52:37.340 [warning] [Decorations] CAPPING events from decorations provider vscode.git 1429
2023-09-14 19:52:43.418 [warning] [Decorations] CAPPING events from decorations provider vscode.git 1429
2023-09-14 19:52:49.156 [warning] [Decorations] CAPPING events from decorations provider vscode.git 1429
2023-09-14 19:52:57.164 [warning] [Decorations] CAPPING events from decorations provider vscode.git 1429
2023-09-14 19:53:03.914 [warning] [Decorations] CAPPING events from decorations provider vscode.git 1429
2023-09-14 19:53:11.147 [warning] [Decorations] CAPPING events from decorations provider vscode.git 1429
2023-09-14 19:53:18.309 [warning] [Decorations] CAPPING events from decorations provider vscode.git 1429
2023-09-14 19:53:25.614 [warning] [Decorations] CAPPING events from decorations provider vscode.git 1429
2023-09-14 19:53:33.600 [warning] [Decorations] CAPPING events from decorations provider vscode.git 1429
2023-09-14 19:53:41.360 [warning] [Decorations] CAPPING events from decorations provider vscode.git 1429
2023-09-14 19:53:49.421 [warning] [Decorations] CAPPING events from decorations provider vscode.git 1429
2023-09-14 19:53:56.664 [warning] [Decorations] CAPPING events from decorations provider vscode.git 1429
2023-09-14 19:54:04.104 [warning] [Decorations] CAPPING events from decorations provider vscode.git 1429
2023-09-14 19:54:11.320 [warning] [Decorations] CAPPING events from decorations provider vscode.git 1429
2023-09-14 19:54:18.983 [warning] [Decorations] CAPPING events from decorations provider vscode.git 1429
2023-09-14 19:54:25.543 [warning] [Decorations] CAPPING events from decorations provider vscode.git 1429
2023-09-14 19:54:33.014 [warning] [Decorations] CAPPING events from decorations provider vscode.git 1429
2023-09-14 19:54:38.632 [warning] [Decorations] CAPPING events from decorations provider vscode.git 1431
2023-09-14 19:55:03.620 [warning] [Decorations] CAPPING events from decorations provider vscode.git 1431
2023-09-14 19:55:10.741 [warning] [Decorations] CAPPING events from decorations provider vscode.git 1431
2023-09-14 19:55:17.437 [warning] [Decorations] CAPPING events from decorations provider vscode.git 1431
2023-09-14 19:55:23.133 [warning] [Decorations] CAPPING events from decorations provider vscode.git 1432
2023-09-14 19:55:30.169 [warning] [Decorations] CAPPING events from decorations provider vscode.git 1432
2023-09-14 19:56:18.237 [warning] [Decorations] CAPPING events from decorations provider vscode.git 1432
2023-09-14 19:56:24.026 [warning] [Decorations] CAPPING events from decorations provider vscode.git 1432
2023-09-14 19:56:29.660 [warning] [Decorations] CAPPING events from decorations provider vscode.git 1432
2023-09-14 19:56:35.255 [warning] [Decorations] CAPPING events from decorations provider vscode.git 1432
2023-09-14 19:56:40.820 [warning] [Decorations] CAPPING events from decorations provider vscode.git 1432
2023-09-14 19:56:46.345 [warning] [Decorations] CAPPING events from decorations provider vscode.git 1432
2023-09-14 19:56:52.051 [warning] [Decorations] CAPPING events from decorations provider vscode.git 1432
2023-09-14 19:56:57.810 [warning] [Decorations] CAPPING events from decorations provider vscode.git 1432
2023-09-14 19:57:03.428 [warning] [Decorations] CAPPING events from decorations provider vscode.git 1432
2023-09-14 19:57:10.357 [warning] [Decorations] CAPPING events from decorations provider vscode.git 1432
2023-09-14 19:57:42.367 [warning] [Decorations] CAPPING events from decorations provider vscode.git 1432
2023-09-14 19:57:47.972 [warning] [Decorations] CAPPING events from decorations provider vscode.git 1432
2023-09-14 19:57:58.115 [warning] [Decorations] CAPPING events from decorations provider vscode.git 1432
2023-09-14 19:58:04.409 [warning] [Decorations] CAPPING events from decorations provider vscode.git 1432
2023-09-14 19:58:10.094 [warning] [Decorations] CAPPING events from decorations provider vscode.git 1432
2023-09-14 19:58:15.982 [warning] [Decorations] CAPPING events from decorations provider vscode.git 1432
2023-09-14 19:58:23.112 [warning] [Decorations] CAPPING events from decorations provider vscode.git 1432
2023-09-14 19:58:28.876 [warning] [Decorations] CAPPING events from decorations provider vscode.git 1432
2023-09-14 19:58:35.737 [warning] [Decorations] CAPPING events from decorations provider vscode.git 1432
2023-09-14 19:58:41.465 [warning] [Decorations] CAPPING events from decorations provider vscode.git 1432
2023-09-14 19:58:48.605 [warning] [Decorations] CAPPING events from decorations provider vscode.git 1432
2023-09-14 19:58:56.538 [warning] [Decorations] CAPPING events from decorations provider vscode.git 1433
2023-09-14 19:59:03.584 [warning] [Decorations] CAPPING events from decorations provider vscode.git 1433
2023-09-14 19:59:10.515 [warning] [Decorations] CAPPING events from decorations provider vscode.git 1433
2023-09-14 19:59:36.077 [warning] [Decorations] CAPPING events from decorations provider vscode.git 1433
2023-09-14 19:59:43.499 [warning] [Decorations] CAPPING events from decorations provider vscode.git 1435
2023-09-14 19:59:49.527 [warning] [Decorations] CAPPING events from decorations provider vscode.git 1435
2023-09-14 20:00:46.909 [warning] [Decorations] CAPPING events from decorations provider vscode.git 1435
2023-09-14 20:00:53.833 [warning] [Decorations] CAPPING events from decorations provider vscode.git 1435
2023-09-14 20:01:00.789 [warning] [Decorations] CAPPING events from decorations provider vscode.git 1435
2023-09-14 20:01:06.286 [warning] [Decorations] CAPPING events from decorations provider vscode.git 1435
2023-09-14 20:01:11.903 [warning] [Decorations] CAPPING events from decorations provider vscode.git 1435
2023-09-14 20:01:17.520 [warning] [Decorations] CAPPING events from decorations provider vscode.git 1435
2023-09-14 20:01:23.666 [warning] [Decorations] CAPPING events from decorations provider vscode.git 1435
2023-09-14 20:01:29.288 [warning] [Decorations] CAPPING events from decorations provider vscode.git 1435
2023-09-14 20:01:41.626 [warning] [Decorations] CAPPING events from decorations provider vscode.git 1436
2023-09-14 20:08:08.061 [warning] [Decorations] CAPPING events from decorations provider vscode.git 1436
2023-09-14 20:08:24.899 [warning] [Decorations] CAPPING events from decorations provider vscode.git 1436
2023-09-14 20:08:32.150 [warning] [Decorations] CAPPING events from decorations provider vscode.git 1436
2023-09-14 20:08:43.320 [warning] [Decorations] CAPPING events from decorations provider vscode.git 1436
2023-09-14 20:08:55.919 [warning] [Decorations] CAPPING events from decorations provider vscode.git 1436
2023-09-14 20:09:05.834 [warning] [Decorations] CAPPING events from decorations provider vscode.git 1436
2023-09-14 20:09:12.927 [warning] [Decorations] CAPPING events from decorations provider vscode.git 1436
2023-09-14 20:09:21.072 [warning] [Decorations] CAPPING events from decorations provider vscode.git 1437
2023-09-14 20:09:28.463 [warning] [Decorations] CAPPING events from decorations provider vscode.git 1437
2023-09-14 20:13:22.017 [warning] [Decorations] CAPPING events from decorations provider vscode.git 1437
2023-09-14 20:13:28.141 [warning] [Decorations] CAPPING events from decorations provider vscode.git 1437
2023-09-14 20:13:34.352 [warning] [Decorations] CAPPING events from decorations provider vscode.git 1437
2023-09-14 20:13:40.208 [warning] [Decorations] CAPPING events from decorations provider vscode.git 1437
2023-09-14 20:13:45.774 [warning] [Decorations] CAPPING events from decorations provider vscode.git 1437
2023-09-14 20:13:51.699 [warning] [Decorations] CAPPING events from decorations provider vscode.git 1437
2023-09-14 20:13:57.354 [warning] [Decorations] CAPPING events from decorations provider vscode.git 1437
2023-09-14 20:14:08.315 [warning] [Decorations] CAPPING events from decorations provider vscode.git 1437
2023-09-14 20:14:16.406 [warning] [Decorations] CAPPING events from decorations provider vscode.git 1437
2023-09-14 20:14:22.069 [warning] [Decorations] CAPPING events from decorations provider vscode.git 1437
2023-09-14 20:14:27.760 [warning] [Decorations] CAPPING events from decorations provider vscode.git 1438
2023-09-14 20:14:33.564 [warning] [Decorations] CAPPING events from decorations provider vscode.git 1438
2023-09-14 20:14:39.966 [warning] [Decorations] CAPPING events from decorations provider vscode.git 1438
2023-09-14 20:14:48.050 [warning] [Decorations] CAPPING events from decorations provider vscode.git 1438
2023-09-14 20:14:54.541 [warning] [Decorations] CAPPING events from decorations provider vscode.git 1438
2023-09-14 20:17:02.943 [warning] [Decorations] CAPPING events from decorations provider vscode.git 1438
2023-09-14 20:17:09.877 [warning] [Decorations] CAPPING events from decorations provider vscode.git 1438
2023-09-14 20:17:50.692 [warning] [Decorations] CAPPING events from decorations provider vscode.git 1438
2023-09-14 20:17:58.598 [warning] [Decorations] CAPPING events from decorations provider vscode.git 1438
2023-09-14 20:18:05.694 [warning] [Decorations] CAPPING events from decorations provider vscode.git 1438
2023-09-14 20:18:11.817 [warning] [Decorations] CAPPING events from decorations provider vscode.git 1438
2023-09-14 20:18:19.730 [warning] [Decorations] CAPPING events from decorations provider vscode.git 1438
2023-09-14 20:18:25.800 [warning] [Decorations] CAPPING events from decorations provider vscode.git 1438
2023-09-14 20:18:31.680 [warning] [Decorations] CAPPING events from decorations provider vscode.git 1438
2023-09-14 20:18:38.556 [warning] [Decorations] CAPPING events from decorations provider vscode.git 1438
2023-09-14 20:18:45.850 [warning] [Decorations] CAPPING events from decorations provider vscode.git 1438
2023-09-14 20:18:53.603 [warning] [Decorations] CAPPING events from decorations provider vscode.git 1438
2023-09-14 20:19:00.590 [warning] [Decorations] CAPPING events from decorations provider vscode.git 1439
2023-09-14 20:19:21.936 [warning] [Decorations] CAPPING events from decorations provider vscode.git 1439
2023-09-14 20:21:55.919 [warning] [Decorations] CAPPING events from decorations provider vscode.git 1439
2023-09-14 20:22:02.942 [warning] [Decorations] CAPPING events from decorations provider vscode.git 1439
2023-09-14 20:22:10.383 [warning] [Decorations] CAPPING events from decorations provider vscode.git 1439
2023-09-14 20:22:17.620 [warning] [Decorations] CAPPING events from decorations provider vscode.git 1440
2023-09-14 20:22:31.479 [warning] [Decorations] CAPPING events from decorations provider vscode.git 1440
2023-09-14 20:22:38.665 [warning] [Decorations] CAPPING events from decorations provider vscode.git 1440
2023-09-14 20:22:44.563 [warning] [Decorations] CAPPING events from decorations provider vscode.git 1441
2023-09-14 20:22:50.810 [warning] [Decorations] CAPPING events from decorations provider vscode.git 1441
2023-09-14 20:25:22.032 [warning] [Decorations] CAPPING events from decorations provider vscode.git 1441
2023-09-14 20:25:28.864 [warning] [Decorations] CAPPING events from decorations provider vscode.git 1441
2023-09-14 20:25:36.011 [warning] [Decorations] CAPPING events from decorations provider vscode.git 1441
2023-09-14 20:25:42.988 [warning] [Decorations] CAPPING events from decorations provider vscode.git 1441
2023-09-14 20:25:50.337 [warning] [Decorations] CAPPING events from decorations provider vscode.git 1442
2023-09-14 20:29:15.022 [warning] [Decorations] CAPPING events from decorations provider vscode.git 1442
2023-09-14 20:29:20.826 [warning] [Decorations] CAPPING events from decorations provider vscode.git 1442
2023-09-14 20:29:40.625 [warning] [Decorations] CAPPING events from decorations provider vscode.git 1442
2023-09-14 20:29:46.315 [warning] [Decorations] CAPPING events from decorations provider vscode.git 1442
2023-09-14 20:29:51.929 [warning] [Decorations] CAPPING events from decorations provider vscode.git 1442
2023-09-14 20:30:00.906 [warning] [Decorations] CAPPING events from decorations provider vscode.git 1442
2023-09-14 20:30:09.404 [warning] [Decorations] CAPPING events from decorations provider vscode.git 1443
2023-09-14 20:30:17.764 [warning] [Decorations] CAPPING events from decorations provider vscode.git 1443
2023-09-14 20:30:25.135 [warning] [Decorations] CAPPING events from decorations provider vscode.git 1443
2023-09-14 20:30:32.265 [warning] [Decorations] CAPPING events from decorations provider vscode.git 1443
2023-09-14 20:30:37.268 [info] ExtensionService#_doActivateExtension vscode.html-language-features, startup: false, activationEvent: 'onLanguage:html'
2023-09-14 20:30:42.545 [warning] [Decorations] CAPPING events from decorations provider vscode.git 1443
2023-09-14 20:30:52.832 [warning] [Decorations] CAPPING events from decorations provider vscode.git 1444
2023-09-14 20:31:03.057 [warning] [Decorations] CAPPING events from decorations provider vscode.git 1444
2023-09-14 20:31:18.743 [warning] [Decorations] CAPPING events from decorations provider vscode.git 1444
2023-09-14 20:31:24.306 [warning] [Decorations] CAPPING events from decorations provider vscode.git 1444
2023-09-14 20:31:30.176 [warning] [Decorations] CAPPING events from decorations provider vscode.git 1444
2023-09-14 20:31:35.961 [warning] [Decorations] CAPPING events from decorations provider vscode.git 1444
2023-09-14 20:32:47.652 [warning] [Decorations] CAPPING events from decorations provider vscode.git 1444
2023-09-14 20:33:44.591 [warning] [Decorations] CAPPING events from decorations provider vscode.git 1444
2023-09-14 20:33:50.224 [warning] [Decorations] CAPPING events from decorations provider vscode.git 1444
2023-09-14 20:33:55.947 [warning] [Decorations] CAPPING events from decorations provider vscode.git 1444
2023-09-14 20:34:09.608 [warning] [Decorations] CAPPING events from decorations provider vscode.git 1444
2023-09-14 20:34:16.291 [warning] [Decorations] CAPPING events from decorations provider vscode.git 1444
2023-09-14 20:34:22.580 [warning] [Decorations] CAPPING events from decorations provider vscode.git 1444
2023-09-14 20:34:29.908 [warning] [Decorations] CAPPING events from decorations provider vscode.git 1445
2023-09-14 20:34:48.550 [warning] [Decorations] CAPPING events from decorations provider vscode.git 1445
2023-09-14 20:34:55.730 [warning] [Decorations] CAPPING events from decorations provider vscode.git 1445
2023-09-14 20:35:01.603 [warning] [Decorations] CAPPING events from decorations provider vscode.git 1446
2023-09-14 20:35:23.611 [warning] [Decorations] CAPPING events from decorations provider vscode.git 1446
2023-09-14 20:35:29.496 [warning] [Decorations] CAPPING events from decorations provider vscode.git 1446
2023-09-14 20:35:35.511 [warning] [Decorations] CAPPING events from decorations provider vscode.git 1446
2023-09-14 20:35:41.194 [warning] [Decorations] CAPPING events from decorations provider vscode.git 1446
2023-09-14 20:35:46.881 [warning] [Decorations] CAPPING events from decorations provider vscode.git 1446
2023-09-14 20:35:54.771 [warning] [Decorations] CAPPING events from decorations provider vscode.git 1447
2023-09-14 20:38:26.412 [warning] [Decorations] CAPPING events from decorations provider vscode.git 1447
2023-09-14 20:38:33.991 [warning] [Decorations] CAPPING events from decorations provider vscode.git 1447
2023-09-14 20:38:57.742 [warning] [Decorations] CAPPING events from decorations provider vscode.git 1447
2023-09-14 20:39:04.760 [warning] [Decorations] CAPPING events from decorations provider vscode.git 1447
2023-09-14 20:39:11.855 [warning] [Decorations] CAPPING events from decorations provider vscode.git 1447
2023-09-14 20:39:19.190 [warning] [Decorations] CAPPING events from decorations provider vscode.git 1447
2023-09-14 20:39:27.405 [warning] [Decorations] CAPPING events from decorations provider vscode.git 1448
2023-09-14 20:39:35.456 [warning] [Decorations] CAPPING events from decorations provider vscode.git 1448
2023-09-14 20:39:42.818 [warning] [Decorations] CAPPING events from decorations provider vscode.git 1448
2023-09-14 20:39:50.376 [warning] [Decorations] CAPPING events from decorations provider vscode.git 1448
2023-09-14 20:40:00.782 [warning] [Decorations] CAPPING events from decorations provider vscode.git 1450
2023-09-14 20:40:08.300 [warning] [Decorations] CAPPING events from decorations provider vscode.git 1450
2023-09-14 20:40:34.855 [warning] [Decorations] CAPPING events from decorations provider vscode.git 1450
2023-09-14 20:40:42.530 [warning] [Decorations] CAPPING events from decorations provider vscode.git 1450
2023-09-14 20:40:49.566 [warning] [Decorations] CAPPING events from decorations provider vscode.git 1450
2023-09-14 20:40:56.659 [warning] [Decorations] CAPPING events from decorations provider vscode.git 1450
2023-09-14 20:43:56.168 [warning] [Decorations] CAPPING events from decorations provider vscode.git 1450
2023-09-14 20:44:05.404 [warning] [Decorations] CAPPING events from decorations provider vscode.git 1450
2023-09-14 20:44:13.348 [warning] [Decorations] CAPPING events from decorations provider vscode.git 1450
2023-09-14 20:44:23.880 [warning] [Decorations] CAPPING events from decorations provider vscode.git 1450
2023-09-14 20:44:34.879 [warning] [Decorations] CAPPING events from decorations provider vscode.git 1450
2023-09-14 20:44:43.445 [warning] [Decorations] CAPPING events from decorations provider vscode.git 1450
2023-09-14 20:44:51.968 [warning] [Decorations] CAPPING events from decorations provider vscode.git 1450
2023-09-14 20:44:58.804 [warning] [Decorations] CAPPING events from decorations provider vscode.git 1450
2023-09-14 20:45:04.638 [warning] [Decorations] CAPPING events from decorations provider vscode.git 1450
2023-09-14 20:45:11.152 [warning] [Decorations] CAPPING events from decorations provider vscode.git 1450
2023-09-14 20:45:17.897 [warning] [Decorations] CAPPING events from decorations provider vscode.git 1450
2023-09-14 20:45:25.012 [warning] [Decorations] CAPPING events from decorations provider vscode.git 1450
2023-09-14 20:45:32.079 [warning] [Decorations] CAPPING events from decorations provider vscode.git 1450
2023-09-14 20:45:40.241 [warning] [Decorations] CAPPING events from decorations provider vscode.git 1451
2023-09-14 20:45:47.952 [warning] [Decorations] CAPPING events from decorations provider vscode.git 1451
2023-09-14 20:45:55.577 [warning] [Decorations] CAPPING events from decorations provider vscode.git 1451
2023-09-14 20:46:03.348 [warning] [Decorations] CAPPING events from decorations provider vscode.git 1451
2023-09-14 20:49:08.193 [warning] [Decorations] CAPPING events from decorations provider vscode.git 1451
2023-09-14 20:49:18.415 [warning] [Decorations] CAPPING events from decorations provider vscode.git 1451
2023-09-14 20:50:16.250 [warning] [Decorations] CAPPING events from decorations provider vscode.git 1451
2023-09-14 20:50:25.772 [warning] [Decorations] CAPPING events from decorations provider vscode.git 1451
2023-09-14 20:50:32.105 [warning] [Decorations] CAPPING events from decorations provider vscode.git 1451
2023-09-14 20:51:56.422 [warning] [Decorations] CAPPING events from decorations provider vscode.git 1451
2023-09-14 20:52:03.815 [warning] [Decorations] CAPPING events from decorations provider vscode.git 1452
2023-09-14 20:52:09.669 [warning] [Decorations] CAPPING events from decorations provider vscode.git 1452
2023-09-14 20:52:15.908 [warning] [Decorations] CAPPING events from decorations provider vscode.git 1452
2023-09-14 20:52:21.467 [warning] [Decorations] CAPPING events from decorations provider vscode.git 1452
2023-09-14 20:52:27.387 [warning] [Decorations] CAPPING events from decorations provider vscode.git 1452
2023-09-14 20:54:02.378 [warning] [Decorations] CAPPING events from decorations provider vscode.git 1452
2023-09-14 20:54:08.211 [warning] [Decorations] CAPPING events from decorations provider vscode.git 1452
2023-09-14 20:54:14.154 [warning] [Decorations] CAPPING events from decorations provider vscode.git 1452
2023-09-14 20:54:20.082 [warning] [Decorations] CAPPING events from decorations provider vscode.git 1453
2023-09-14 20:54:25.531 [warning] [Decorations] CAPPING events from decorations provider vscode.git 1453
2023-09-14 20:54:45.617 [warning] [Decorations] CAPPING events from decorations provider vscode.git 1453
2023-09-14 20:54:51.526 [warning] [Decorations] CAPPING events from decorations provider vscode.git 1453
2023-09-14 20:54:57.026 [warning] [Decorations] CAPPING events from decorations provider vscode.git 1453
2023-09-14 20:55:02.400 [warning] [Decorations] CAPPING events from decorations provider vscode.git 1453
2023-09-14 20:55:09.645 [warning] [Decorations] CAPPING events from decorations provider vscode.git 1453
2023-09-14 21:01:55.501 [warning] [Decorations] CAPPING events from decorations provider vscode.git 1453
2023-09-14 21:02:01.782 [warning] [Decorations] CAPPING events from decorations provider vscode.git 1453
2023-09-14 21:02:08.259 [warning] [Decorations] CAPPING events from decorations provider vscode.git 1454
2023-09-14 21:02:22.686 [warning] [Decorations] CAPPING events from decorations provider vscode.git 1454
2023-09-14 21:02:28.576 [warning] [Decorations] CAPPING events from decorations provider vscode.git 1454
2023-09-14 21:02:35.035 [warning] [Decorations] CAPPING events from decorations provider vscode.git 1455
2023-09-14 21:02:49.930 [warning] [Decorations] CAPPING events from decorations provider vscode.git 1455
2023-09-14 21:02:55.977 [warning] [Decorations] CAPPING events from decorations provider vscode.git 1455
2023-09-14 21:03:01.373 [warning] [Decorations] CAPPING events from decorations provider vscode.git 1455
2023-09-14 21:03:06.909 [warning] [Decorations] CAPPING events from decorations provider vscode.git 1456
2023-09-14 21:03:14.178 [warning] [Decorations] CAPPING events from decorations provider vscode.git 1456
2023-09-14 21:03:19.990 [warning] [Decorations] CAPPING events from decorations provider vscode.git 1456
2023-09-14 21:03:51.606 [warning] [Decorations] CAPPING events from decorations provider vscode.git 1456
2023-09-14 21:03:57.025 [warning] [Decorations] CAPPING events from decorations provider vscode.git 1456
2023-09-14 21:04:04.981 [warning] [Decorations] CAPPING events from decorations provider vscode.git 1456
2023-09-14 21:04:10.374 [warning] [Decorations] CAPPING events from decorations provider vscode.git 1456
2023-09-14 21:04:16.570 [warning] [Decorations] CAPPING events from decorations provider vscode.git 1460
2023-09-14 21:04:22.163 [warning] [Decorations] CAPPING events from decorations provider vscode.git 1457
2023-09-14 21:04:27.617 [warning] [Decorations] CAPPING events from decorations provider vscode.git 1457
2023-09-14 21:04:33.689 [warning] [Decorations] CAPPING events from decorations provider vscode.git 1465
2023-09-14 21:05:01.052 [warning] [Decorations] CAPPING events from decorations provider vscode.git 1458
2023-09-14 21:05:06.402 [warning] [Decorations] CAPPING events from decorations provider vscode.git 1458
2023-09-14 21:05:11.794 [warning] [Decorations] CAPPING events from decorations provider vscode.git 1458
2023-09-14 21:05:17.419 [warning] [Decorations] CAPPING events from decorations provider vscode.git 1458
2023-09-14 21:05:22.772 [warning] [Decorations] CAPPING events from decorations provider vscode.git 1458
2023-09-14 21:05:28.186 [warning] [Decorations] CAPPING events from decorations provider vscode.git 1458
2023-09-14 21:05:46.296 [warning] [Decorations] CAPPING events from decorations provider vscode.git 1458
2023-09-14 21:05:51.656 [warning] [Decorations] CAPPING events from decorations provider vscode.git 1458
2023-09-14 21:05:57.719 [warning] [Decorations] CAPPING events from decorations provider vscode.git 1458
2023-09-14 21:06:03.961 [warning] [Decorations] CAPPING events from decorations provider vscode.git 1458
2023-09-14 21:06:09.617 [warning] [Decorations] CAPPING events from decorations provider vscode.git 1458
2023-09-14 21:06:16.106 [warning] [Decorations] CAPPING events from decorations provider vscode.git 1458
2023-09-14 21:06:22.037 [warning] [Decorations] CAPPING events from decorations provider vscode.git 1458
2023-09-14 21:06:27.836 [warning] [Decorations] CAPPING events from decorations provider vscode.git 1458
2023-09-14 21:06:33.686 [warning] [Decorations] CAPPING events from decorations provider vscode.git 1458
2023-09-14 21:06:39.267 [warning] [Decorations] CAPPING events from decorations provider vscode.git 1458
2023-09-14 21:06:44.624 [warning] [Decorations] CAPPING events from decorations provider vscode.git 1458
2023-09-14 21:06:50.726 [warning] [Decorations] CAPPING events from decorations provider vscode.git 1458
2023-09-14 21:06:56.228 [warning] [Decorations] CAPPING events from decorations provider vscode.git 1458
2023-09-14 21:07:02.307 [warning] [Decorations] CAPPING events from decorations provider vscode.git 1458
2023-09-14 21:07:08.492 [warning] [Decorations] CAPPING events from decorations provider vscode.git 1458
2023-09-14 21:07:13.958 [warning] [Decorations] CAPPING events from decorations provider vscode.git 1458
2023-09-14 21:07:19.724 [warning] [Decorations] CAPPING events from decorations provider vscode.git 1458
2023-09-14 21:07:25.200 [warning] [Decorations] CAPPING events from decorations provider vscode.git 1458
2023-09-14 21:07:30.928 [warning] [Decorations] CAPPING events from decorations provider vscode.git 1458
2023-09-14 21:07:38.488 [warning] [Decorations] CAPPING events from decorations provider vscode.git 1459
2023-09-14 21:09:51.806 [warning] [Decorations] CAPPING events from decorations provider vscode.git 1459
2023-09-14 21:10:11.643 [warning] [Decorations] CAPPING events from decorations provider vscode.git 1459
2023-09-14 21:10:17.795 [warning] [Decorations] CAPPING events from decorations provider vscode.git 1459
2023-09-14 21:10:23.255 [warning] [Decorations] CAPPING events from decorations provider vscode.git 1459
2023-09-14 21:10:30.321 [warning] [Decorations] CAPPING events from decorations provider vscode.git 1459
2023-09-14 21:10:36.594 [warning] [Decorations] CAPPING events from decorations provider vscode.git 1459
2023-09-14 21:10:43.534 [warning] [Decorations] CAPPING events from decorations provider vscode.git 1460
2023-09-14 21:10:56.263 [warning] [Decorations] CAPPING events from decorations provider vscode.git 1460
2023-09-14 21:11:02.240 [warning] [Decorations] CAPPING events from decorations provider vscode.git 1460
2023-09-14 21:11:07.967 [warning] [Decorations] CAPPING events from decorations provider vscode.git 1460
2023-09-14 21:11:13.730 [warning] [Decorations] CAPPING events from decorations provider vscode.git 1460
2023-09-14 21:11:19.275 [warning] [Decorations] CAPPING events from decorations provider vscode.git 1460
2023-09-14 21:11:24.657 [warning] [Decorations] CAPPING events from decorations provider vscode.git 1460
2023-09-14 21:11:30.275 [warning] [Decorations] CAPPING events from decorations provider vscode.git 1460
2023-09-14 21:11:35.668 [warning] [Decorations] CAPPING events from decorations provider vscode.git 1460
2023-09-14 21:11:41.679 [warning] [Decorations] CAPPING events from decorations provider vscode.git 1460
2023-09-14 21:11:47.147 [warning] [Decorations] CAPPING events from decorations provider vscode.git 1460
2023-09-14 21:11:52.678 [warning] [Decorations] CAPPING events from decorations provider vscode.git 1460
2023-09-14 21:11:58.119 [warning] [Decorations] CAPPING events from decorations provider vscode.git 1460
2023-09-14 21:12:03.455 [warning] [Decorations] CAPPING events from decorations provider vscode.git 1460
2023-09-14 21:12:08.793 [warning] [Decorations] CAPPING events from decorations provider vscode.git 1460
2023-09-14 21:12:14.189 [warning] [Decorations] CAPPING events from decorations provider vscode.git 1460
2023-09-14 21:12:19.555 [warning] [Decorations] CAPPING events from decorations provider vscode.git 1460
2023-09-14 21:12:24.930 [warning] [Decorations] CAPPING events from decorations provider vscode.git 1460
2023-09-14 21:12:31.859 [warning] [Decorations] CAPPING events from decorations provider vscode.git 1460
2023-09-14 21:12:37.325 [warning] [Decorations] CAPPING events from decorations provider vscode.git 1460
2023-09-14 21:12:42.731 [warning] [Decorations] CAPPING events from decorations provider vscode.git 1460
2023-09-14 21:12:48.066 [warning] [Decorations] CAPPING events from decorations provider vscode.git 1460
2023-09-14 21:12:53.500 [warning] [Decorations] CAPPING events from decorations provider vscode.git 1460
2023-09-14 21:12:59.326 [warning] [Decorations] CAPPING events from decorations provider vscode.git 1460
2023-09-14 21:13:20.237 [warning] [Decorations] CAPPING events from decorations provider vscode.git 1460
2023-09-14 21:13:25.707 [warning] [Decorations] CAPPING events from decorations provider vscode.git 1460
2023-09-14 21:13:32.455 [warning] [Decorations] CAPPING events from decorations provider vscode.git 1460
2023-09-14 21:15:29.381 [warning] [Decorations] CAPPING events from decorations provider vscode.git 1460
2023-09-14 21:15:43.352 [warning] [Decorations] CAPPING events from decorations provider vscode.git 1460
2023-09-14 21:15:52.741 [warning] [Decorations] CAPPING events from decorations provider vscode.git 1460
2023-09-14 21:15:58.136 [warning] [Decorations] CAPPING events from decorations provider vscode.git 1460
2023-09-14 21:16:03.505 [warning] [Decorations] CAPPING events from decorations provider vscode.git 1460
2023-09-14 21:16:09.716 [warning] [Decorations] CAPPING events from decorations provider vscode.git 1460
2023-09-14 21:16:15.113 [warning] [Decorations] CAPPING events from decorations provider vscode.git 1461
2023-09-14 21:16:20.541 [warning] [Decorations] CAPPING events from decorations provider vscode.git 1461
2023-09-14 21:16:25.981 [warning] [Decorations] CAPPING events from decorations provider vscode.git 1461
2023-09-14 21:16:31.355 [warning] [Decorations] CAPPING events from decorations provider vscode.git 1461
2023-09-14 21:16:36.783 [warning] [Decorations] CAPPING events from decorations provider vscode.git 1461
2023-09-14 21:16:42.157 [warning] [Decorations] CAPPING events from decorations provider vscode.git 1461
2023-09-14 21:16:47.523 [warning] [Decorations] CAPPING events from decorations provider vscode.git 1461
2023-09-14 21:16:52.898 [warning] [Decorations] CAPPING events from decorations provider vscode.git 1461
2023-09-14 21:17:25.563 [warning] [Decorations] CAPPING events from decorations provider vscode.git 1461
2023-09-14 21:19:28.090 [warning] [Decorations] CAPPING events from decorations provider vscode.git 1461
2023-09-14 21:19:33.612 [warning] [Decorations] CAPPING events from decorations provider vscode.git 1461
2023-09-14 21:19:39.082 [warning] [Decorations] CAPPING events from decorations provider vscode.git 1461
2023-09-14 21:19:44.432 [warning] [Decorations] CAPPING events from decorations provider vscode.git 1461
2023-09-14 21:19:49.842 [warning] [Decorations] CAPPING events from decorations provider vscode.git 1461
2023-09-14 21:21:14.459 [warning] [Decorations] CAPPING events from decorations provider vscode.git 1461
2023-09-14 21:21:19.820 [warning] [Decorations] CAPPING events from decorations provider vscode.git 1461
2023-09-14 21:21:25.171 [warning] [Decorations] CAPPING events from decorations provider vscode.git 1461
2023-09-14 21:21:30.495 [warning] [Decorations] CAPPING events from decorations provider vscode.git 1461
2023-09-14 21:21:35.957 [warning] [Decorations] CAPPING events from decorations provider vscode.git 1461
2023-09-14 21:21:41.445 [warning] [Decorations] CAPPING events from decorations provider vscode.git 1461
2023-09-14 21:21:46.897 [warning] [Decorations] CAPPING events from decorations provider vscode.git 1461
2023-09-14 21:21:52.277 [warning] [Decorations] CAPPING events from decorations provider vscode.git 1461
2023-09-14 21:21:57.801 [warning] [Decorations] CAPPING events from decorations provider vscode.git 1461
2023-09-14 21:22:05.321 [warning] [Decorations] CAPPING events from decorations provider vscode.git 1461
2023-09-14 21:23:24.607 [warning] [Decorations] CAPPING events from decorations provider vscode.git 1461
2023-09-14 21:23:30.011 [warning] [Decorations] CAPPING events from decorations provider vscode.git 1461
2023-09-14 21:23:35.349 [warning] [Decorations] CAPPING events from decorations provider vscode.git 1461
2023-09-14 21:23:40.692 [warning] [Decorations] CAPPING events from decorations provider vscode.git 1461
2023-09-14 21:23:46.058 [warning] [Decorations] CAPPING events from decorations provider vscode.git 1461
2023-09-14 21:23:51.446 [warning] [Decorations] CAPPING events from decorations provider vscode.git 1461
2023-09-14 21:23:56.847 [warning] [Decorations] CAPPING events from decorations provider vscode.git 1461
2023-09-14 21:24:23.695 [warning] [Decorations] CAPPING events from decorations provider vscode.git 1461
2023-09-14 21:24:32.551 [warning] [Decorations] CAPPING events from decorations provider vscode.git 1461
2023-09-14 21:24:39.693 [warning] [Decorations] CAPPING events from decorations provider vscode.git 1461
2023-09-14 21:25:07.492 [warning] [Decorations] CAPPING events from decorations provider vscode.git 1461
2023-09-14 21:25:13.950 [warning] [Decorations] CAPPING events from decorations provider vscode.git 1461
2023-09-14 21:25:19.532 [warning] [Decorations] CAPPING events from decorations provider vscode.git 1461
2023-09-14 21:25:25.196 [warning] [Decorations] CAPPING events from decorations provider vscode.git 1461
2023-09-14 21:25:30.909 [warning] [Decorations] CAPPING events from decorations provider vscode.git 1461
2023-09-14 21:25:36.290 [warning] [Decorations] CAPPING events from decorations provider vscode.git 1461
2023-09-14 21:25:44.520 [warning] [Decorations] CAPPING events from decorations provider vscode.git 1461
2023-09-14 21:25:58.539 [warning] [Decorations] CAPPING events from decorations provider vscode.git 1461
2023-09-14 21:26:03.980 [warning] [Decorations] CAPPING events from decorations provider vscode.git 1461
2023-09-14 21:28:18.992 [warning] [Decorations] CAPPING events from decorations provider vscode.git 1461
2023-09-14 21:28:25.111 [warning] [Decorations] CAPPING events from decorations provider vscode.git 1461
2023-09-14 21:28:32.190 [warning] [Decorations] CAPPING events from decorations provider vscode.git 1462
2023-09-14 21:28:39.683 [warning] [Decorations] CAPPING events from decorations provider vscode.git 1462
2023-09-14 21:28:45.048 [warning] [Decorations] CAPPING events from decorations provider vscode.git 1462
2023-09-14 21:28:50.791 [warning] [Decorations] CAPPING events from decorations provider vscode.git 1462
2023-09-14 21:28:56.168 [warning] [Decorations] CAPPING events from decorations provider vscode.git 1462
2023-09-14 21:29:02.727 [warning] [Decorations] CAPPING events from decorations provider vscode.git 1463
2023-09-14 21:29:09.123 [warning] [Decorations] CAPPING events from decorations provider vscode.git 1463
2023-09-14 21:29:14.585 [warning] [Decorations] CAPPING events from decorations provider vscode.git 1463
2023-09-14 21:29:20.962 [warning] [Decorations] CAPPING events from decorations provider vscode.git 1463
2023-09-14 21:29:26.577 [warning] [Decorations] CAPPING events from decorations provider vscode.git 1463
2023-09-14 21:29:32.887 [warning] [Decorations] CAPPING events from decorations provider vscode.git 1463
2023-09-14 21:29:38.725 [warning] [Decorations] CAPPING events from decorations provider vscode.git 1463
2023-09-14 21:29:44.168 [warning] [Decorations] CAPPING events from decorations provider vscode.git 1465
2023-09-14 21:29:49.628 [warning] [Decorations] CAPPING events from decorations provider vscode.git 1465
2023-09-14 21:29:56.551 [warning] [Decorations] CAPPING events from decorations provider vscode.git 1465
2023-09-14 21:30:02.485 [warning] [Decorations] CAPPING events from decorations provider vscode.git 1465
2023-09-14 21:30:09.651 [warning] [Decorations] CAPPING events from decorations provider vscode.git 1465
2023-09-14 21:30:42.621 [warning] [Decorations] CAPPING events from decorations provider vscode.git 1465
2023-09-14 21:30:50.483 [warning] [Decorations] CAPPING events from decorations provider vscode.git 1465
2023-09-14 21:30:57.333 [warning] [Decorations] CAPPING events from decorations provider vscode.git 1465
2023-09-14 21:31:03.559 [warning] [Decorations] CAPPING events from decorations provider vscode.git 1465
2023-09-14 21:31:10.469 [warning] [Decorations] CAPPING events from decorations provider vscode.git 1465
2023-09-14 21:31:16.068 [warning] [Decorations] CAPPING events from decorations provider vscode.git 1465
2023-09-14 21:31:21.650 [warning] [Decorations] CAPPING events from decorations provider vscode.git 1465
2023-09-14 21:31:27.380 [warning] [Decorations] CAPPING events from decorations provider vscode.git 1465
2023-09-14 21:31:33.624 [warning] [Decorations] CAPPING events from decorations provider vscode.git 1465
2023-09-14 21:31:40.251 [warning] [Decorations] CAPPING events from decorations provider vscode.git 1465
2023-09-14 21:31:45.912 [warning] [Decorations] CAPPING events from decorations provider vscode.git 1465
2023-09-14 21:31:51.418 [warning] [Decorations] CAPPING events from decorations provider vscode.git 1465
2023-09-14 21:31:57.033 [warning] [Decorations] CAPPING events from decorations provider vscode.git 1465
2023-09-14 21:32:02.425 [warning] [Decorations] CAPPING events from decorations provider vscode.git 1465
2023-09-14 21:32:08.050 [warning] [Decorations] CAPPING events from decorations provider vscode.git 1465
2023-09-14 21:32:15.044 [warning] [Decorations] CAPPING events from decorations provider vscode.git 1465
2023-09-14 21:32:20.681 [warning] [Decorations] CAPPING events from decorations provider vscode.git 1465
2023-09-14 21:32:26.308 [warning] [Decorations] CAPPING events from decorations provider vscode.git 1465
2023-09-14 21:32:32.078 [warning] [Decorations] CAPPING events from decorations provider vscode.git 1465
2023-09-14 21:32:38.222 [warning] [Decorations] CAPPING events from decorations provider vscode.git 1465
2023-09-14 21:33:09.293 [warning] [Decorations] CAPPING events from decorations provider vscode.git 1465
2023-09-14 21:33:15.563 [warning] [Decorations] CAPPING events from decorations provider vscode.git 1465
2023-09-14 21:33:23.252 [warning] [Decorations] CAPPING events from decorations provider vscode.git 1465
2023-09-14 21:33:31.710 [warning] [Decorations] CAPPING events from decorations provider vscode.git 1465
2023-09-14 21:33:39.387 [warning] [Decorations] CAPPING events from decorations provider vscode.git 1465
2023-09-14 21:33:46.801 [warning] [Decorations] CAPPING events from decorations provider vscode.git 1465
2023-09-14 21:33:52.505 [warning] [Decorations] CAPPING events from decorations provider vscode.git 1465
2023-09-14 21:33:58.305 [warning] [Decorations] CAPPING events from decorations provider vscode.git 1465
2023-09-14 21:34:04.602 [warning] [Decorations] CAPPING events from decorations provider vscode.git 1465
2023-09-14 21:34:21.359 [warning] [Decorations] CAPPING events from decorations provider vscode.git 1465
2023-09-14 21:34:27.325 [warning] [Decorations] CAPPING events from decorations provider vscode.git 1465
2023-09-14 21:34:36.841 [warning] [Decorations] CAPPING events from decorations provider vscode.git 1465
2023-09-14 21:34:42.260 [warning] [Decorations] CAPPING events from decorations provider vscode.git 1465
2023-09-14 21:34:47.641 [warning] [Decorations] CAPPING events from decorations provider vscode.git 1465
2023-09-14 21:34:53.039 [warning] [Decorations] CAPPING events from decorations provider vscode.git 1465
2023-09-14 21:34:58.440 [warning] [Decorations] CAPPING events from decorations provider vscode.git 1465
2023-09-14 21:35:03.794 [warning] [Decorations] CAPPING events from decorations provider vscode.git 1465
2023-09-14 21:35:09.178 [warning] [Decorations] CAPPING events from decorations provider vscode.git 1465
2023-09-14 21:35:14.510 [warning] [Decorations] CAPPING events from decorations provider vscode.git 1465
2023-09-14 21:35:20.086 [warning] [Decorations] CAPPING events from decorations provider vscode.git 1465
2023-09-14 21:35:25.490 [warning] [Decorations] CAPPING events from decorations provider vscode.git 1465
2023-09-14 21:35:30.910 [warning] [Decorations] CAPPING events from decorations provider vscode.git 1465
2023-09-14 21:35:37.454 [warning] [Decorations] CAPPING events from decorations provider vscode.git 1465
2023-09-14 21:35:43.012 [warning] [Decorations] CAPPING events from decorations provider vscode.git 1465
2023-09-14 21:35:48.436 [warning] [Decorations] CAPPING events from decorations provider vscode.git 1465
2023-09-14 21:35:53.835 [warning] [Decorations] CAPPING events from decorations provider vscode.git 1465
2023-09-14 21:35:59.229 [warning] [Decorations] CAPPING events from decorations provider vscode.git 1465
2023-09-14 21:36:04.628 [warning] [Decorations] CAPPING events from decorations provider vscode.git 1465
2023-09-14 21:36:09.968 [warning] [Decorations] CAPPING events from decorations provider vscode.git 1465
2023-09-14 21:36:15.564 [warning] [Decorations] CAPPING events from decorations provider vscode.git 1465
2023-09-14 21:36:20.952 [warning] [Decorations] CAPPING events from decorations provider vscode.git 1465
2023-09-14 21:36:26.949 [warning] [Decorations] CAPPING events from decorations provider vscode.git 1465
2023-09-14 21:36:32.292 [warning] [Decorations] CAPPING events from decorations provider vscode.git 1465
2023-09-14 21:36:37.645 [warning] [Decorations] CAPPING events from decorations provider vscode.git 1465
2023-09-14 21:36:43.044 [warning] [Decorations] CAPPING events from decorations provider vscode.git 1465
2023-09-14 21:36:48.375 [warning] [Decorations] CAPPING events from decorations provider vscode.git 1465
2023-09-14 21:36:53.689 [warning] [Decorations] CAPPING events from decorations provider vscode.git 1465
2023-09-14 21:37:00.674 [warning] [Decorations] CAPPING events from decorations provider vscode.git 1465
2023-09-14 21:37:05.992 [warning] [Decorations] CAPPING events from decorations provider vscode.git 1465
2023-09-14 21:37:11.399 [warning] [Decorations] CAPPING events from decorations provider vscode.git 1465
2023-09-14 21:37:16.798 [warning] [Decorations] CAPPING events from decorations provider vscode.git 1465
2023-09-14 21:37:22.191 [warning] [Decorations] CAPPING events from decorations provider vscode.git 1465
2023-09-14 21:37:27.510 [warning] [Decorations] CAPPING events from decorations provider vscode.git 1465
2023-09-14 21:37:40.461 [warning] [Decorations] CAPPING events from decorations provider vscode.git 1465
2023-09-14 21:37:45.820 [warning] [Decorations] CAPPING events from decorations provider vscode.git 1465
2023-09-14 21:37:51.728 [warning] [Decorations] CAPPING events from decorations provider vscode.git 1465
2023-09-14 21:37:57.131 [warning] [Decorations] CAPPING events from decorations provider vscode.git 1465
2023-09-14 21:38:02.466 [warning] [Decorations] CAPPING events from decorations provider vscode.git 1465
2023-09-14 21:38:07.778 [warning] [Decorations] CAPPING events from decorations provider vscode.git 1465
2023-09-14 21:38:13.169 [warning] [Decorations] CAPPING events from decorations provider vscode.git 1465
2023-09-14 21:38:18.619 [warning] [Decorations] CAPPING events from decorations provider vscode.git 1465
2023-09-14 21:38:23.976 [warning] [Decorations] CAPPING events from decorations provider vscode.git 1465
2023-09-14 21:38:29.357 [warning] [Decorations] CAPPING events from decorations provider vscode.git 1465
2023-09-14 21:38:34.748 [warning] [Decorations] CAPPING events from decorations provider vscode.git 1465
2023-09-14 21:38:40.817 [warning] [Decorations] CAPPING events from decorations provider vscode.git 1465
2023-09-14 21:38:46.146 [warning] [Decorations] CAPPING events from decorations provider vscode.git 1465
2023-09-14 21:38:51.564 [warning] [Decorations] CAPPING events from decorations provider vscode.git 1465
2023-09-14 21:38:56.899 [warning] [Decorations] CAPPING events from decorations provider vscode.git 1465
2023-09-14 21:39:02.271 [warning] [Decorations] CAPPING events from decorations provider vscode.git 1465
2023-09-14 21:39:07.664 [warning] [Decorations] CAPPING events from decorations provider vscode.git 1465
2023-09-14 21:39:13.065 [warning] [Decorations] CAPPING events from decorations provider vscode.git 1465
2023-09-14 21:39:18.455 [warning] [Decorations] CAPPING events from decorations provider vscode.git 1465
2023-09-14 21:39:23.842 [warning] [Decorations] CAPPING events from decorations provider vscode.git 1465
2023-09-14 21:39:29.338 [warning] [Decorations] CAPPING events from decorations provider vscode.git 1465
2023-09-14 21:39:34.732 [warning] [Decorations] CAPPING events from decorations provider vscode.git 1465
2023-09-14 21:39:40.145 [warning] [Decorations] CAPPING events from decorations provider vscode.git 1465
2023-09-14 21:39:45.486 [warning] [Decorations] CAPPING events from decorations provider vscode.git 1465
2023-09-14 21:39:50.869 [warning] [Decorations] CAPPING events from decorations provider vscode.git 1465
2023-09-14 21:39:56.193 [warning] [Decorations] CAPPING events from decorations provider vscode.git 1465
2023-09-14 21:40:02.138 [warning] [Decorations] CAPPING events from decorations provider vscode.git 1465
2023-09-14 21:40:07.452 [warning] [Decorations] CAPPING events from decorations provider vscode.git 1465
2023-09-14 21:40:12.846 [warning] [Decorations] CAPPING events from decorations provider vscode.git 1465
2023-09-14 21:40:18.225 [warning] [Decorations] CAPPING events from decorations provider vscode.git 1465
2023-09-14 21:40:23.594 [warning] [Decorations] CAPPING events from decorations provider vscode.git 1465
2023-09-14 21:40:29.025 [warning] [Decorations] CAPPING events from decorations provider vscode.git 1465
2023-09-14 21:40:35.983 [warning] [Decorations] CAPPING events from decorations provider vscode.git 1465
2023-09-14 21:40:41.374 [warning] [Decorations] CAPPING events from decorations provider vscode.git 1465
2023-09-14 21:40:46.757 [warning] [Decorations] CAPPING events from decorations provider vscode.git 1465
2023-09-14 21:40:52.146 [warning] [Decorations] CAPPING events from decorations provider vscode.git 1465
2023-09-14 21:40:57.510 [warning] [Decorations] CAPPING events from decorations provider vscode.git 1465
2023-09-14 21:41:02.892 [warning] [Decorations] CAPPING events from decorations provider vscode.git 1465
2023-09-14 21:41:08.274 [warning] [Decorations] CAPPING events from decorations provider vscode.git 1465
2023-09-14 21:41:13.616 [warning] [Decorations] CAPPING events from decorations provider vscode.git 1465
2023-09-14 21:41:19.036 [warning] [Decorations] CAPPING events from decorations provider vscode.git 1465
2023-09-14 21:41:24.435 [warning] [Decorations] CAPPING events from decorations provider vscode.git 1465
2023-09-14 21:41:29.815 [warning] [Decorations] CAPPING events from decorations provider vscode.git 1465
2023-09-14 21:41:35.107 [warning] [Decorations] CAPPING events from decorations provider vscode.git 1465
2023-09-14 21:41:40.581 [warning] [Decorations] CAPPING events from decorations provider vscode.git 1465
2023-09-14 21:41:45.913 [warning] [Decorations] CAPPING events from decorations provider vscode.git 1465
2023-09-14 21:41:51.305 [warning] [Decorations] CAPPING events from decorations provider vscode.git 1465
2023-09-14 21:41:56.711 [warning] [Decorations] CAPPING events from decorations provider vscode.git 1465
2023-09-14 21:42:03.652 [warning] [Decorations] CAPPING events from decorations provider vscode.git 1465
2023-09-14 21:42:09.036 [warning] [Decorations] CAPPING events from decorations provider vscode.git 1465
2023-09-14 21:42:16.040 [warning] [Decorations] CAPPING events from decorations provider vscode.git 1465
2023-09-14 21:42:21.468 [warning] [Decorations] CAPPING events from decorations provider vscode.git 1465
2023-09-14 21:42:26.804 [warning] [Decorations] CAPPING events from decorations provider vscode.git 1465
2023-09-14 21:42:32.121 [warning] [Decorations] CAPPING events from decorations provider vscode.git 1465
2023-09-14 21:42:37.483 [warning] [Decorations] CAPPING events from decorations provider vscode.git 1465
2023-09-14 21:42:44.789 [warning] [Decorations] CAPPING events from decorations provider vscode.git 1466
2023-09-14 21:43:43.115 [warning] [Decorations] CAPPING events from decorations provider vscode.git 1466
2023-09-14 21:43:48.433 [warning] [Decorations] CAPPING events from decorations provider vscode.git 1466
2023-09-14 21:43:54.361 [warning] [Decorations] CAPPING events from decorations provider vscode.git 1466
2023-09-14 21:43:59.756 [warning] [Decorations] CAPPING events from decorations provider vscode.git 1466
2023-09-14 21:44:05.176 [warning] [Decorations] CAPPING events from decorations provider vscode.git 1466
2023-09-14 21:44:11.173 [warning] [Decorations] CAPPING events from decorations provider vscode.git 1466
2023-09-14 21:44:16.519 [warning] [Decorations] CAPPING events from decorations provider vscode.git 1466
2023-09-14 21:44:21.945 [warning] [Decorations] CAPPING events from decorations provider vscode.git 1466
2023-09-14 21:44:27.324 [warning] [Decorations] CAPPING events from decorations provider vscode.git 1466
2023-09-14 21:44:32.648 [warning] [Decorations] CAPPING events from decorations provider vscode.git 1466
2023-09-14 21:44:40.660 [warning] [Decorations] CAPPING events from decorations provider vscode.git 1466
2023-09-14 21:44:46.100 [warning] [Decorations] CAPPING events from decorations provider vscode.git 1466
2023-09-14 21:48:01.674 [warning] [Decorations] CAPPING events from decorations provider vscode.git 1466
2023-09-14 21:48:07.142 [warning] [Decorations] CAPPING events from decorations provider vscode.git 1466
2023-09-14 21:48:12.616 [warning] [Decorations] CAPPING events from decorations provider vscode.git 1466
2023-09-14 21:48:18.132 [warning] [Decorations] CAPPING events from decorations provider vscode.git 1466
2023-09-14 21:48:23.542 [warning] [Decorations] CAPPING events from decorations provider vscode.git 1466
2023-09-14 21:48:28.882 [warning] [Decorations] CAPPING events from decorations provider vscode.git 1466
2023-09-14 21:48:34.763 [warning] [Decorations] CAPPING events from decorations provider vscode.git 1466
2023-09-14 21:48:40.167 [warning] [Decorations] CAPPING events from decorations provider vscode.git 1466
2023-09-14 21:48:46.157 [warning] [Decorations] CAPPING events from decorations provider vscode.git 1466
2023-09-14 21:48:51.469 [warning] [Decorations] CAPPING events from decorations provider vscode.git 1466
2023-09-14 21:48:56.877 [warning] [Decorations] CAPPING events from decorations provider vscode.git 1466
2023-09-14 21:49:02.258 [warning] [Decorations] CAPPING events from decorations provider vscode.git 1466
2023-09-14 21:49:17.570 [warning] [Decorations] CAPPING events from decorations provider vscode.git 1466
2023-09-14 21:49:31.885 [warning] [Decorations] CAPPING events from decorations provider vscode.git 1466
2023-09-14 21:49:37.344 [warning] [Decorations] CAPPING events from decorations provider vscode.git 1466
2023-09-14 21:49:42.736 [warning] [Decorations] CAPPING events from decorations provider vscode.git 1466
2023-09-14 21:49:48.162 [warning] [Decorations] CAPPING events from decorations provider vscode.git 1466
2023-09-14 21:49:54.154 [warning] [Decorations] CAPPING events from decorations provider vscode.git 1466
2023-09-14 21:49:59.551 [warning] [Decorations] CAPPING events from decorations provider vscode.git 1466
2023-09-14 21:50:04.866 [warning] [Decorations] CAPPING events from decorations provider vscode.git 1466
2023-09-14 21:50:10.251 [warning] [Decorations] CAPPING events from decorations provider vscode.git 1466
2023-09-14 21:50:25.396 [warning] [Decorations] CAPPING events from decorations provider vscode.git 1466
2023-09-14 21:50:30.758 [warning] [Decorations] CAPPING events from decorations provider vscode.git 1466
2023-09-14 21:50:36.123 [warning] [Decorations] CAPPING events from decorations provider vscode.git 1466
2023-09-14 21:50:41.503 [warning] [Decorations] CAPPING events from decorations provider vscode.git 1466
2023-09-14 21:50:46.829 [warning] [Decorations] CAPPING events from decorations provider vscode.git 1466
2023-09-14 21:50:56.712 [warning] [Decorations] CAPPING events from decorations provider vscode.git 1466
2023-09-14 21:51:02.143 [warning] [Decorations] CAPPING events from decorations provider vscode.git 1466
2023-09-14 21:51:07.480 [warning] [Decorations] CAPPING events from decorations provider vscode.git 1466
2023-09-14 21:51:12.914 [warning] [Decorations] CAPPING events from decorations provider vscode.git 1466
2023-09-14 21:51:18.310 [warning] [Decorations] CAPPING events from decorations provider vscode.git 1466
2023-09-14 21:51:36.378 [warning] [Decorations] CAPPING events from decorations provider vscode.git 1466
2023-09-14 21:51:41.746 [warning] [Decorations] CAPPING events from decorations provider vscode.git 1466
2023-09-14 21:51:47.151 [warning] [Decorations] CAPPING events from decorations provider vscode.git 1466
2023-09-14 21:51:52.554 [warning] [Decorations] CAPPING events from decorations provider vscode.git 1466
2023-09-14 21:51:58.382 [warning] [Decorations] CAPPING events from decorations provider vscode.git 1466
2023-09-14 21:52:03.733 [warning] [Decorations] CAPPING events from decorations provider vscode.git 1466
2023-09-14 21:52:15.288 [warning] [Decorations] CAPPING events from decorations provider vscode.git 1466
2023-09-14 21:52:20.645 [warning] [Decorations] CAPPING events from decorations provider vscode.git 1466
2023-09-14 21:52:26.040 [warning] [Decorations] CAPPING events from decorations provider vscode.git 1466
2023-09-14 21:52:32.090 [warning] [Decorations] CAPPING events from decorations provider vscode.git 1466
2023-09-14 21:52:39.116 [warning] [Decorations] CAPPING events from decorations provider vscode.git 1466
2023-09-14 21:52:44.529 [warning] [Decorations] CAPPING events from decorations provider vscode.git 1466
2023-09-14 21:52:50.017 [warning] [Decorations] CAPPING events from decorations provider vscode.git 1466
2023-09-14 21:52:55.329 [warning] [Decorations] CAPPING events from decorations provider vscode.git 1466
2023-09-14 21:53:00.715 [warning] [Decorations] CAPPING events from decorations provider vscode.git 1466
2023-09-14 21:53:06.042 [warning] [Decorations] CAPPING events from decorations provider vscode.git 1466
2023-09-14 21:53:11.484 [warning] [Decorations] CAPPING events from decorations provider vscode.git 1466
2023-09-14 21:53:16.819 [warning] [Decorations] CAPPING events from decorations provider vscode.git 1466
2023-09-15 20:39:05.829 [warning] [Decorations] CAPPING events from decorations provider vscode.git 1466
2023-09-15 20:41:06.813 [warning] [Decorations] CAPPING events from decorations provider vscode.git 1466
2023-09-15 20:41:12.201 [warning] [Decorations] CAPPING events from decorations provider vscode.git 1466
2023-09-15 20:41:17.593 [warning] [Decorations] CAPPING events from decorations provider vscode.git 1466
2023-09-15 20:41:52.510 [warning] [Decorations] CAPPING events from decorations provider vscode.git 1466
2023-09-15 20:41:57.865 [warning] [Decorations] CAPPING events from decorations provider vscode.git 1466
2023-09-15 20:42:03.804 [warning] [Decorations] CAPPING events from decorations provider vscode.git 1466
2023-09-15 20:42:09.293 [warning] [Decorations] CAPPING events from decorations provider vscode.git 1466
2023-09-15 20:42:11.731 [info] ExtensionService#_doActivateExtension vscode.css-language-features, startup: false, activationEvent: 'onLanguage:css'
2023-09-15 20:42:14.808 [warning] [Decorations] CAPPING events from decorations provider vscode.git 1466
2023-09-15 20:42:20.156 [warning] [Decorations] CAPPING events from decorations provider vscode.git 1466
2023-09-15 20:42:35.433 [warning] [Decorations] CAPPING events from decorations provider vscode.git 1466
2023-09-15 20:42:40.806 [warning] [Decorations] CAPPING events from decorations provider vscode.git 1467
2023-09-15 20:42:42.332 [info] Extension host terminating: received terminate message from renderer
2023-09-15 20:42:42.339 [info] Lock '/home/aom91/.vscode-server/data/User/workspaceStorage/a73c16273a91d2abc5ed88e40bed4779/vscode.lock': Marking the lockfile as scheduled to be released in 6000 ms.
2023-09-15 20:42:42.601 [error] Canceled: Canceled
	at new h (/home/aom91/.vscode-server/bin/6509174151d557a81c9d0b5f8a5a1e9274db5585/out/vs/workbench/api/node/extensionHostProcess.js:108:57382)
	at i.O (/home/aom91/.vscode-server/bin/6509174151d557a81c9d0b5f8a5a1e9274db5585/out/vs/workbench/api/node/extensionHostProcess.js:117:10850)
	at j.<computed>.T.charCodeAt.j.<computed> (/home/aom91/.vscode-server/bin/6509174151d557a81c9d0b5f8a5a1e9274db5585/out/vs/workbench/api/node/extensionHostProcess.js:117:8289)
	at r.g (/home/aom91/.vscode-server/bin/6509174151d557a81c9d0b5f8a5a1e9274db5585/out/vs/workbench/api/node/extensionHostProcess.js:108:82208)
	at r.executeCommand (/home/aom91/.vscode-server/bin/6509174151d557a81c9d0b5f8a5a1e9274db5585/out/vs/workbench/api/node/extensionHostProcess.js:108:81646)
	at u.registerCommand.description (/home/aom91/.vscode-server/bin/6509174151d557a81c9d0b5f8a5a1e9274db5585/out/vs/workbench/api/node/extensionHostProcess.js:108:80967)
	at r.h (/home/aom91/.vscode-server/bin/6509174151d557a81c9d0b5f8a5a1e9274db5585/out/vs/workbench/api/node/extensionHostProcess.js:108:82744)
	at r.g (/home/aom91/.vscode-server/bin/6509174151d557a81c9d0b5f8a5a1e9274db5585/out/vs/workbench/api/node/extensionHostProcess.js:108:81739)
	at r.executeCommand (/home/aom91/.vscode-server/bin/6509174151d557a81c9d0b5f8a5a1e9274db5585/out/vs/workbench/api/node/extensionHostProcess.js:108:81646)
	at Object.executeCommand (/home/aom91/.vscode-server/bin/6509174151d557a81c9d0b5f8a5a1e9274db5585/out/vs/workbench/api/node/extensionHostProcess.js:123:21247)
	at n.D [as value] (/home/aom91/.vscode-server/bin/6509174151d557a81c9d0b5f8a5a1e9274db5585/extensions/git/dist/main.js:2:1309000)
	at m.w (/home/aom91/.vscode-server/bin/6509174151d557a81c9d0b5f8a5a1e9274db5585/out/vs/workbench/api/node/extensionHostProcess.js:63:1902)
	at m.x (/home/aom91/.vscode-server/bin/6509174151d557a81c9d0b5f8a5a1e9274db5585/out/vs/workbench/api/node/extensionHostProcess.js:63:1972)
	at m.fire (/home/aom91/.vscode-server/bin/6509174151d557a81c9d0b5f8a5a1e9274db5585/out/vs/workbench/api/node/extensionHostProcess.js:63:2188)
	at Object.m [as dispose] (/home/aom91/.vscode-server/bin/6509174151d557a81c9d0b5f8a5a1e9274db5585/extensions/git/dist/main.js:2:1324784)
	at /home/aom91/.vscode-server/bin/6509174151d557a81c9d0b5f8a5a1e9274db5585/extensions/git/dist/main.js:2:1329625
	at Array.forEach (<anonymous>)
	at g.dispose (/home/aom91/.vscode-server/bin/6509174151d557a81c9d0b5f8a5a1e9274db5585/extensions/git/dist/main.js:2:1329611)
	at E.<anonymous> (/home/aom91/.vscode-server/bin/6509174151d557a81c9d0b5f8a5a1e9274db5585/out/vs/workbench/api/node/extensionHostProcess.js:104:3484)
	at E.dispose (/home/aom91/.vscode-server/bin/6509174151d557a81c9d0b5f8a5a1e9274db5585/out/vs/workbench/api/node/extensionHostProcess.js:104:3581)
	at E.<anonymous> (/home/aom91/.vscode-server/bin/6509174151d557a81c9d0b5f8a5a1e9274db5585/extensions/git/dist/main.js:2:1311012)
	at E.dispose (/home/aom91/.vscode-server/bin/6509174151d557a81c9d0b5f8a5a1e9274db5585/out/vs/workbench/api/node/extensionHostProcess.js:104:3581)
	at k (/home/aom91/.vscode-server/bin/6509174151d557a81c9d0b5f8a5a1e9274db5585/out/vs/workbench/api/node/extensionHostProcess.js:13:11730)
	at n.Z (/home/aom91/.vscode-server/bin/6509174151d557a81c9d0b5f8a5a1e9274db5585/out/vs/workbench/api/node/extensionHostProcess.js:119:9652)
	at /home/aom91/.vscode-server/bin/6509174151d557a81c9d0b5f8a5a1e9274db5585/out/vs/workbench/api/node/extensionHostProcess.js:119:7585
	at Array.map (<anonymous>)
	at n.S (/home/aom91/.vscode-server/bin/6509174151d557a81c9d0b5f8a5a1e9274db5585/out/vs/workbench/api/node/extensionHostProcess.js:119:7572)
	at n.terminate (/home/aom91/.vscode-server/bin/6509174151d557a81c9d0b5f8a5a1e9274db5585/out/vs/workbench/api/node/extensionHostProcess.js:119:7844)
	at o.terminate (/home/aom91/.vscode-server/bin/6509174151d557a81c9d0b5f8a5a1e9274db5585/out/vs/workbench/api/node/extensionHostProcess.js:123:1513)
	at D (/home/aom91/.vscode-server/bin/6509174151d557a81c9d0b5f8a5a1e9274db5585/out/vs/workbench/api/node/extensionHostProcess.js:136:9800)
	at n.value (/home/aom91/.vscode-server/bin/6509174151d557a81c9d0b5f8a5a1e9274db5585/out/vs/workbench/api/node/extensionHostProcess.js:136:7847)
	at m.w (/home/aom91/.vscode-server/bin/6509174151d557a81c9d0b5f8a5a1e9274db5585/out/vs/workbench/api/node/extensionHostProcess.js:63:1902)
	at m.fire (/home/aom91/.vscode-server/bin/6509174151d557a81c9d0b5f8a5a1e9274db5585/out/vs/workbench/api/node/extensionHostProcess.js:63:2119)
	at v.fire (/home/aom91/.vscode-server/bin/6509174151d557a81c9d0b5f8a5a1e9274db5585/out/vs/workbench/api/node/extensionHostProcess.js:79:13940)
	at s.z (/home/aom91/.vscode-server/bin/6509174151d557a81c9d0b5f8a5a1e9274db5585/out/vs/workbench/api/node/extensionHostProcess.js:79:17005)
	at n.value (/home/aom91/.vscode-server/bin/6509174151d557a81c9d0b5f8a5a1e9274db5585/out/vs/workbench/api/node/extensionHostProcess.js:79:16410)
	at m.w (/home/aom91/.vscode-server/bin/6509174151d557a81c9d0b5f8a5a1e9274db5585/out/vs/workbench/api/node/extensionHostProcess.js:63:1902)
	at m.fire (/home/aom91/.vscode-server/bin/6509174151d557a81c9d0b5f8a5a1e9274db5585/out/vs/workbench/api/node/extensionHostProcess.js:63:2119)
	at n.acceptChunk (/home/aom91/.vscode-server/bin/6509174151d557a81c9d0b5f8a5a1e9274db5585/out/vs/workbench/api/node/extensionHostProcess.js:79:11714)
	at n.value (/home/aom91/.vscode-server/bin/6509174151d557a81c9d0b5f8a5a1e9274db5585/out/vs/workbench/api/node/extensionHostProcess.js:79:11001)
	at m.w (/home/aom91/.vscode-server/bin/6509174151d557a81c9d0b5f8a5a1e9274db5585/out/vs/workbench/api/node/extensionHostProcess.js:63:1902)
	at m.fire (/home/aom91/.vscode-server/bin/6509174151d557a81c9d0b5f8a5a1e9274db5585/out/vs/workbench/api/node/extensionHostProcess.js:63:2119)
	at m.u (/home/aom91/.vscode-server/bin/6509174151d557a81c9d0b5f8a5a1e9274db5585/out/vs/workbench/api/node/extensionHostProcess.js:133:19093)
	at m.acceptFrame (/home/aom91/.vscode-server/bin/6509174151d557a81c9d0b5f8a5a1e9274db5585/out/vs/workbench/api/node/extensionHostProcess.js:133:18899)
	at a.l (/home/aom91/.vscode-server/bin/6509174151d557a81c9d0b5f8a5a1e9274db5585/out/vs/workbench/api/node/extensionHostProcess.js:133:17532)
	at /home/aom91/.vscode-server/bin/6509174151d557a81c9d0b5f8a5a1e9274db5585/out/vs/workbench/api/node/extensionHostProcess.js:133:14879
	at Socket.p (/home/aom91/.vscode-server/bin/6509174151d557a81c9d0b5f8a5a1e9274db5585/out/vs/workbench/api/node/extensionHostProcess.js:133:12793)
	at Socket.emit (node:events:513:28)
	at addChunk (node:internal/streams/readable:324:12)
	at readableAddChunk (node:internal/streams/readable:297:9)
	at Readable.push (node:internal/streams/readable:234:10)
	at TCP.onStreamRead (node:internal/stream_base_commons:190:23) setContext undefined
2023-09-15 20:42:42.602 [error] Canceled: Canceled
	at new h (/home/aom91/.vscode-server/bin/6509174151d557a81c9d0b5f8a5a1e9274db5585/out/vs/workbench/api/node/extensionHostProcess.js:108:57382)
	at i.O (/home/aom91/.vscode-server/bin/6509174151d557a81c9d0b5f8a5a1e9274db5585/out/vs/workbench/api/node/extensionHostProcess.js:117:10850)
	at j.<computed>.T.charCodeAt.j.<computed> (/home/aom91/.vscode-server/bin/6509174151d557a81c9d0b5f8a5a1e9274db5585/out/vs/workbench/api/node/extensionHostProcess.js:117:8289)
	at r.g (/home/aom91/.vscode-server/bin/6509174151d557a81c9d0b5f8a5a1e9274db5585/out/vs/workbench/api/node/extensionHostProcess.js:108:82208)
	at r.executeCommand (/home/aom91/.vscode-server/bin/6509174151d557a81c9d0b5f8a5a1e9274db5585/out/vs/workbench/api/node/extensionHostProcess.js:108:81646)
	at u.registerCommand.description (/home/aom91/.vscode-server/bin/6509174151d557a81c9d0b5f8a5a1e9274db5585/out/vs/workbench/api/node/extensionHostProcess.js:108:80967)
	at r.h (/home/aom91/.vscode-server/bin/6509174151d557a81c9d0b5f8a5a1e9274db5585/out/vs/workbench/api/node/extensionHostProcess.js:108:82744)
	at r.g (/home/aom91/.vscode-server/bin/6509174151d557a81c9d0b5f8a5a1e9274db5585/out/vs/workbench/api/node/extensionHostProcess.js:108:81739)
	at r.executeCommand (/home/aom91/.vscode-server/bin/6509174151d557a81c9d0b5f8a5a1e9274db5585/out/vs/workbench/api/node/extensionHostProcess.js:108:81646)
	at Object.executeCommand (/home/aom91/.vscode-server/bin/6509174151d557a81c9d0b5f8a5a1e9274db5585/out/vs/workbench/api/node/extensionHostProcess.js:123:21247)
	at set b [as b] (/home/aom91/.vscode-server/bin/6509174151d557a81c9d0b5f8a5a1e9274db5585/extensions/github/dist/extension.js:2:714434)
	at /home/aom91/.vscode-server/bin/6509174151d557a81c9d0b5f8a5a1e9274db5585/extensions/github/dist/extension.js:2:715075
	at n.value (/home/aom91/.vscode-server/bin/6509174151d557a81c9d0b5f8a5a1e9274db5585/extensions/git/dist/main.js:2:1396602)
	at m.w (/home/aom91/.vscode-server/bin/6509174151d557a81c9d0b5f8a5a1e9274db5585/out/vs/workbench/api/node/extensionHostProcess.js:63:1902)
	at m.x (/home/aom91/.vscode-server/bin/6509174151d557a81c9d0b5f8a5a1e9274db5585/out/vs/workbench/api/node/extensionHostProcess.js:63:1972)
	at m.fire (/home/aom91/.vscode-server/bin/6509174151d557a81c9d0b5f8a5a1e9274db5585/out/vs/workbench/api/node/extensionHostProcess.js:63:2188)
	at Object.m [as dispose] (/home/aom91/.vscode-server/bin/6509174151d557a81c9d0b5f8a5a1e9274db5585/extensions/git/dist/main.js:2:1324784)
	at /home/aom91/.vscode-server/bin/6509174151d557a81c9d0b5f8a5a1e9274db5585/extensions/git/dist/main.js:2:1329625
	at Array.forEach (<anonymous>)
	at g.dispose (/home/aom91/.vscode-server/bin/6509174151d557a81c9d0b5f8a5a1e9274db5585/extensions/git/dist/main.js:2:1329611)
	at E.<anonymous> (/home/aom91/.vscode-server/bin/6509174151d557a81c9d0b5f8a5a1e9274db5585/out/vs/workbench/api/node/extensionHostProcess.js:104:3484)
	at E.dispose (/home/aom91/.vscode-server/bin/6509174151d557a81c9d0b5f8a5a1e9274db5585/out/vs/workbench/api/node/extensionHostProcess.js:104:3581)
	at E.<anonymous> (/home/aom91/.vscode-server/bin/6509174151d557a81c9d0b5f8a5a1e9274db5585/extensions/git/dist/main.js:2:1311012)
	at E.dispose (/home/aom91/.vscode-server/bin/6509174151d557a81c9d0b5f8a5a1e9274db5585/out/vs/workbench/api/node/extensionHostProcess.js:104:3581)
	at k (/home/aom91/.vscode-server/bin/6509174151d557a81c9d0b5f8a5a1e9274db5585/out/vs/workbench/api/node/extensionHostProcess.js:13:11730)
	at n.Z (/home/aom91/.vscode-server/bin/6509174151d557a81c9d0b5f8a5a1e9274db5585/out/vs/workbench/api/node/extensionHostProcess.js:119:9652)
	at /home/aom91/.vscode-server/bin/6509174151d557a81c9d0b5f8a5a1e9274db5585/out/vs/workbench/api/node/extensionHostProcess.js:119:7585
	at Array.map (<anonymous>)
	at n.S (/home/aom91/.vscode-server/bin/6509174151d557a81c9d0b5f8a5a1e9274db5585/out/vs/workbench/api/node/extensionHostProcess.js:119:7572)
	at n.terminate (/home/aom91/.vscode-server/bin/6509174151d557a81c9d0b5f8a5a1e9274db5585/out/vs/workbench/api/node/extensionHostProcess.js:119:7844)
	at o.terminate (/home/aom91/.vscode-server/bin/6509174151d557a81c9d0b5f8a5a1e9274db5585/out/vs/workbench/api/node/extensionHostProcess.js:123:1513)
	at D (/home/aom91/.vscode-server/bin/6509174151d557a81c9d0b5f8a5a1e9274db5585/out/vs/workbench/api/node/extensionHostProcess.js:136:9800)
	at n.value (/home/aom91/.vscode-server/bin/6509174151d557a81c9d0b5f8a5a1e9274db5585/out/vs/workbench/api/node/extensionHostProcess.js:136:7847)
	at m.w (/home/aom91/.vscode-server/bin/6509174151d557a81c9d0b5f8a5a1e9274db5585/out/vs/workbench/api/node/extensionHostProcess.js:63:1902)
	at m.fire (/home/aom91/.vscode-server/bin/6509174151d557a81c9d0b5f8a5a1e9274db5585/out/vs/workbench/api/node/extensionHostProcess.js:63:2119)
	at v.fire (/home/aom91/.vscode-server/bin/6509174151d557a81c9d0b5f8a5a1e9274db5585/out/vs/workbench/api/node/extensionHostProcess.js:79:13940)
	at s.z (/home/aom91/.vscode-server/bin/6509174151d557a81c9d0b5f8a5a1e9274db5585/out/vs/workbench/api/node/extensionHostProcess.js:79:17005)
	at n.value (/home/aom91/.vscode-server/bin/6509174151d557a81c9d0b5f8a5a1e9274db5585/out/vs/workbench/api/node/extensionHostProcess.js:79:16410)
	at m.w (/home/aom91/.vscode-server/bin/6509174151d557a81c9d0b5f8a5a1e9274db5585/out/vs/workbench/api/node/extensionHostProcess.js:63:1902)
	at m.fire (/home/aom91/.vscode-server/bin/6509174151d557a81c9d0b5f8a5a1e9274db5585/out/vs/workbench/api/node/extensionHostProcess.js:63:2119)
	at n.acceptChunk (/home/aom91/.vscode-server/bin/6509174151d557a81c9d0b5f8a5a1e9274db5585/out/vs/workbench/api/node/extensionHostProcess.js:79:11714)
	at n.value (/home/aom91/.vscode-server/bin/6509174151d557a81c9d0b5f8a5a1e9274db5585/out/vs/workbench/api/node/extensionHostProcess.js:79:11001)
	at m.w (/home/aom91/.vscode-server/bin/6509174151d557a81c9d0b5f8a5a1e9274db5585/out/vs/workbench/api/node/extensionHostProcess.js:63:1902)
	at m.fire (/home/aom91/.vscode-server/bin/6509174151d557a81c9d0b5f8a5a1e9274db5585/out/vs/workbench/api/node/extensionHostProcess.js:63:2119)
	at m.u (/home/aom91/.vscode-server/bin/6509174151d557a81c9d0b5f8a5a1e9274db5585/out/vs/workbench/api/node/extensionHostProcess.js:133:19093)
	at m.acceptFrame (/home/aom91/.vscode-server/bin/6509174151d557a81c9d0b5f8a5a1e9274db5585/out/vs/workbench/api/node/extensionHostProcess.js:133:18899)
	at a.l (/home/aom91/.vscode-server/bin/6509174151d557a81c9d0b5f8a5a1e9274db5585/out/vs/workbench/api/node/extensionHostProcess.js:133:17532)
	at /home/aom91/.vscode-server/bin/6509174151d557a81c9d0b5f8a5a1e9274db5585/out/vs/workbench/api/node/extensionHostProcess.js:133:14879
	at Socket.p (/home/aom91/.vscode-server/bin/6509174151d557a81c9d0b5f8a5a1e9274db5585/out/vs/workbench/api/node/extensionHostProcess.js:133:12793)
	at Socket.emit (node:events:513:28)
	at addChunk (node:internal/streams/readable:324:12)
	at readableAddChunk (node:internal/streams/readable:297:9)
	at Readable.push (node:internal/streams/readable:234:10)
	at TCP.onStreamRead (node:internal/stream_base_commons:190:23) setContext undefined
2023-09-15 20:42:47.010 [error] Error: Channel has been closed
	at i (/home/aom91/.vscode-server/bin/6509174151d557a81c9d0b5f8a5a1e9274db5585/out/vs/workbench/api/node/extensionHostProcess.js:118:2880)
	at Object.trace (/home/aom91/.vscode-server/bin/6509174151d557a81c9d0b5f8a5a1e9274db5585/out/vs/workbench/api/node/extensionHostProcess.js:118:3145)
	at t.$b.start (/home/aom91/.vscode-server/bin/6509174151d557a81c9d0b5f8a5a1e9274db5585/extensions/git/dist/main.js:2:1334547)
	at R.Y (/home/aom91/.vscode-server/bin/6509174151d557a81c9d0b5f8a5a1e9274db5585/extensions/git/dist/main.js:2:1373087)
	at R.status (/home/aom91/.vscode-server/bin/6509174151d557a81c9d0b5f8a5a1e9274db5585/extensions/git/dist/main.js:2:1358547)
	at R.o (/home/aom91/.vscode-server/bin/6509174151d557a81c9d0b5f8a5a1e9274db5585/extensions/git/dist/main.js:2:1265270)
	at R.lb (/home/aom91/.vscode-server/bin/6509174151d557a81c9d0b5f8a5a1e9274db5585/extensions/git/dist/main.js:2:1379082)
2023-09-15 20:42:47.600 [info] Extension host with pid 1509 exiting with code 0
