2023-08-30 18:29:46.403 [info] Log level: Info
2023-08-30 18:29:46.403 [info] Validating found git in: "git"
2023-08-30 18:29:46.403 [info] Using git "2.34.1" from "git"
2023-08-30 18:29:46.403 [info] > git rev-parse --show-toplevel [417ms]
2023-08-30 18:29:46.472 [info] > git rev-parse --git-dir --git-common-dir [20ms]
2023-08-30 18:29:46.673 [info] Open repository: /home/aom91/coursework/block22/Unit2.PartyLogs.Starter
2023-08-30 18:29:46.859 [info] > git config --get commit.template [42ms]
2023-08-30 18:29:47.056 [info] > git for-each-ref --format=%(refname)%00%(upstream:short)%00%(objectname)%00%(upstream:track)%00%(upstream:remotename)%00%(upstream:remoteref) refs/heads/main refs/remotes/main [127ms]
2023-08-30 18:29:47.165 [info] > git status -z -uall [50ms]
2023-08-30 18:29:47.393 [info] > git config --get commit.template [134ms]
2023-08-30 18:29:47.421 [info] > git for-each-ref --format=%(refname)%00%(upstream:short)%00%(objectname)%00%(upstream:track)%00%(upstream:remotename)%00%(upstream:remoteref) refs/heads/main refs/remotes/main [10ms]
2023-08-30 18:29:47.456 [info] > git status -z -uall [8ms]
2023-08-30 18:29:47.541 [info] > git check-ignore -v -z --stdin [23ms]
2023-08-30 18:30:12.720 [info] > git show --textconv :index.html [149ms]
2023-08-30 18:30:12.767 [info] > git ls-files --stage -- /home/aom91/coursework/block22/Unit2.PartyLogs.Starter/index.html [160ms]
2023-08-30 18:30:12.847 [info] > git cat-file -s b96df21759e2a4acb48e1c01e784bb283a1d1766 [30ms]
2023-08-30 18:30:17.058 [info] > git show --textconv :script.js [548ms]
2023-08-30 18:30:17.060 [info] > git ls-files --stage -- /home/aom91/coursework/block22/Unit2.PartyLogs.Starter/script.js [440ms]
2023-08-30 18:30:17.133 [info] > git cat-file -s fdb3b03329a92a888934bc1fc841520f7c7ee890 [38ms]
2023-08-30 18:30:25.433 [info] > git show --textconv :style.css [75ms]
2023-08-30 18:30:25.434 [info] > git ls-files --stage -- /home/aom91/coursework/block22/Unit2.PartyLogs.Starter/style.css [6ms]
2023-08-30 18:30:25.510 [info] > git cat-file -s 03f55a05e5a91439fd0e1b81fad69d89e056e4d1 [18ms]
2023-08-30 19:42:41.458 [info] > git ls-files --stage -- /home/aom91/coursework/block22/Unit2.PartyLogs.Starter/script.js [428ms]
2023-08-30 19:42:41.524 [info] > git show --textconv :script.js [634ms]
2023-08-30 19:42:41.525 [info] > git cat-file -s fdb3b03329a92a888934bc1fc841520f7c7ee890 [19ms]
2023-08-30 19:55:15.015 [info] > git show --textconv :index.html [160ms]
2023-08-30 19:55:15.081 [info] > git ls-files --stage -- /home/aom91/coursework/block22/Unit2.PartyLogs.Starter/index.html [79ms]
2023-08-30 19:55:15.259 [info] > git cat-file -s b96df21759e2a4acb48e1c01e784bb283a1d1766 [44ms]
2023-08-30 19:58:28.865 [info] > git show --textconv :style.css [69ms]
2023-08-30 19:58:28.895 [info] > git ls-files --stage -- /home/aom91/coursework/block22/Unit2.PartyLogs.Starter/style.css [38ms]
2023-08-30 19:58:28.933 [info] > git cat-file -s 03f55a05e5a91439fd0e1b81fad69d89e056e4d1 [10ms]
2023-08-30 19:58:40.677 [info] > git show --textconv :index.html [72ms]
2023-08-30 19:58:40.684 [info] > git ls-files --stage -- /home/aom91/coursework/block22/Unit2.PartyLogs.Starter/index.html [24ms]
2023-08-30 19:58:40.742 [info] > git cat-file -s b96df21759e2a4acb48e1c01e784bb283a1d1766 [14ms]
2023-08-30 19:58:54.251 [info] > git config --get commit.template [57ms]
2023-08-30 19:58:54.265 [info] > git for-each-ref --format=%(refname)%00%(upstream:short)%00%(objectname)%00%(upstream:track)%00%(upstream:remotename)%00%(upstream:remoteref) refs/heads/main refs/remotes/main [39ms]
2023-08-30 19:58:54.319 [info] > git status -z -uall [30ms]
2023-08-30 19:59:36.474 [info] > git config --get commit.template [43ms]
2023-08-30 19:59:36.476 [info] > git for-each-ref --format=%(refname)%00%(upstream:short)%00%(objectname)%00%(upstream:track)%00%(upstream:remotename)%00%(upstream:remoteref) refs/heads/main refs/remotes/main [20ms]
2023-08-30 19:59:36.514 [info] > git status -z -uall [9ms]
2023-08-30 20:06:49.505 [info] > git show --textconv HEAD:script.js [47ms]
2023-08-30 20:06:49.545 [info] > git ls-tree -l HEAD -- /home/aom91/coursework/block22/Unit2.PartyLogs.Starter/script.js [46ms]
2023-08-30 20:06:52.305 [info] > git show --textconv HEAD:index.html [129ms]
2023-08-30 20:06:52.332 [info] > git ls-tree -l HEAD -- /home/aom91/coursework/block22/Unit2.PartyLogs.Starter/index.html [35ms]
2023-08-30 20:07:12.333 [info] > git show --textconv HEAD:script.js [41ms]
2023-08-30 20:07:12.345 [info] > git ls-tree -l HEAD -- /home/aom91/coursework/block22/Unit2.PartyLogs.Starter/script.js [19ms]
2023-08-30 20:07:24.550 [info] > git show --textconv HEAD:script.js [32ms]
2023-08-30 20:07:24.569 [info] > git ls-tree -l HEAD -- /home/aom91/coursework/block22/Unit2.PartyLogs.Starter/script.js [22ms]
2023-08-30 20:08:57.150 [info] > git ls-tree -l HEAD -- /home/aom91/coursework/block22/Unit2.PartyLogs.Starter/script.js [132ms]
2023-08-30 20:09:45.170 [info] > git ls-tree -l HEAD -- /home/aom91/coursework/block22/Unit2.PartyLogs.Starter/script.js [49ms]
2023-08-30 20:09:59.424 [info] > git checkout -q -- /home/aom91/coursework/block22/Unit2.PartyLogs.Starter/index.html [32ms]
2023-08-30 20:09:59.589 [info] > git config --get commit.template [21ms]
2023-08-30 20:09:59.647 [info] > git for-each-ref --format=%(refname)%00%(upstream:short)%00%(objectname)%00%(upstream:track)%00%(upstream:remotename)%00%(upstream:remoteref) refs/heads/main refs/remotes/main [16ms]
2023-08-30 20:09:59.776 [info] > git status -z -uall [59ms]
2023-08-30 20:10:01.437 [info] > git config --get commit.template [77ms]
2023-08-30 20:10:01.554 [info] > git for-each-ref --format=%(refname)%00%(upstream:short)%00%(objectname)%00%(upstream:track)%00%(upstream:remotename)%00%(upstream:remoteref) refs/heads/main refs/remotes/main [58ms]
2023-08-30 20:10:01.636 [info] > git status -z -uall [21ms]
2023-08-30 20:10:01.925 [info] > git ls-files --stage -- /home/aom91/coursework/block22/Unit2.PartyLogs.Starter/index.html [35ms]
2023-08-30 20:10:01.991 [info] > git ls-files --stage -- /home/aom91/coursework/block22/Unit2.PartyLogs.Starter/script.js [194ms]
2023-08-30 20:10:02.412 [info] > git cat-file -s fdb3b03329a92a888934bc1fc841520f7c7ee890 [213ms]
2023-08-30 20:10:02.479 [info] > git cat-file -s b96df21759e2a4acb48e1c01e784bb283a1d1766 [491ms]
2023-08-30 20:10:03.334 [info] > git show --textconv :script.js [109ms]
2023-08-30 20:10:03.360 [info] > git show --textconv :index.html [32ms]
2023-08-30 20:10:06.842 [info] > git config --get commit.template [70ms]
2023-08-30 20:10:06.846 [info] > git for-each-ref --format=%(refname)%00%(upstream:short)%00%(objectname)%00%(upstream:track)%00%(upstream:remotename)%00%(upstream:remoteref) refs/heads/main refs/remotes/main [24ms]
2023-08-30 20:10:06.885 [info] > git status -z -uall [13ms]
