2023-08-30 18:29:42.081 [info] Extension host with pid 925 started
2023-08-30 18:29:42.117 [error] Error: EEXIST: file already exists, open '/home/aom91/.vscode-server/data/User/workspaceStorage/d6cb4f9a9a3cc67ea7928378ce1e9413/vscode.lock'
2023-08-30 18:29:42.159 [info] Lock '/home/aom91/.vscode-server/data/User/workspaceStorage/d6cb4f9a9a3cc67ea7928378ce1e9413/vscode.lock': Could not acquire lock, checking if the file is stale.
2023-08-30 18:29:42.310 [info] ExtensionService#_doActivateExtension vscode.git-base, startup: true, activationEvent: '*', root cause: vscode.git
2023-08-30 18:29:42.465 [info] Lock '/home/aom91/.vscode-server/data/User/workspaceStorage/d6cb4f9a9a3cc67ea7928378ce1e9413/vscode.lock': The pid 1836 appears to be gone.
2023-08-30 18:29:42.466 [info] Lock '/home/aom91/.vscode-server/data/User/workspaceStorage/d6cb4f9a9a3cc67ea7928378ce1e9413/vscode.lock': Deleting a stale lock.
2023-08-30 18:29:42.726 [info] Lock '/home/aom91/.vscode-server/data/User/workspaceStorage/d6cb4f9a9a3cc67ea7928378ce1e9413/vscode.lock': Lock acquired.
2023-08-30 18:29:42.881 [info] ExtensionService#_doActivateExtension vscode.git, startup: true, activationEvent: '*'
2023-08-30 18:29:42.895 [info] ExtensionService#_doActivateExtension vscode.github, startup: true, activationEvent: '*'
2023-08-30 18:29:45.621 [info] Eager extensions activated
2023-08-30 18:29:45.622 [info] ExtensionService#_doActivateExtension vscode.debug-auto-launch, startup: false, activationEvent: 'onStartupFinished'
2023-08-30 18:29:45.624 [info] ExtensionService#_doActivateExtension vscode.merge-conflict, startup: false, activationEvent: 'onStartupFinished'
2023-08-30 18:30:10.514 [info] ExtensionService#_doActivateExtension vscode.html-language-features, startup: false, activationEvent: 'onLanguage:html'
2023-08-30 18:30:10.526 [info] ExtensionService#_doActivateExtension vscode.emmet, startup: false, activationEvent: 'onLanguage'
2023-08-30 18:30:15.130 [info] ExtensionService#_doActivateExtension vscode.typescript-language-features, startup: false, activationEvent: 'onLanguage:javascript'
2023-08-30 18:30:24.068 [info] ExtensionService#_doActivateExtension vscode.css-language-features, startup: false, activationEvent: 'onLanguage:css'
2023-08-30 20:23:36.792 [info] Extension host terminating: received terminate message from renderer
2023-08-30 20:23:36.827 [info] Lock '/home/aom91/.vscode-server/data/User/workspaceStorage/d6cb4f9a9a3cc67ea7928378ce1e9413/vscode.lock': Marking the lockfile as scheduled to be released in 6000 ms.
2023-08-30 20:23:38.140 [error] Canceled: Canceled
	at new h (/home/aom91/.vscode-server/bin/6c3e3dba23e8fadc360aed75ce363ba185c49794/out/vs/workbench/api/node/extensionHostProcess.js:103:56634)
	at t.O (/home/aom91/.vscode-server/bin/6c3e3dba23e8fadc360aed75ce363ba185c49794/out/vs/workbench/api/node/extensionHostProcess.js:115:8020)
	at Proxy.N.<computed>.T.charCodeAt.N.<computed> (/home/aom91/.vscode-server/bin/6c3e3dba23e8fadc360aed75ce363ba185c49794/out/vs/workbench/api/node/extensionHostProcess.js:115:5459)
	at a.g (/home/aom91/.vscode-server/bin/6c3e3dba23e8fadc360aed75ce363ba185c49794/out/vs/workbench/api/node/extensionHostProcess.js:103:77241)
	at a.executeCommand (/home/aom91/.vscode-server/bin/6c3e3dba23e8fadc360aed75ce363ba185c49794/out/vs/workbench/api/node/extensionHostProcess.js:103:76679)
	at w.registerCommand.description (/home/aom91/.vscode-server/bin/6c3e3dba23e8fadc360aed75ce363ba185c49794/out/vs/workbench/api/node/extensionHostProcess.js:103:76000)
	at a.h (/home/aom91/.vscode-server/bin/6c3e3dba23e8fadc360aed75ce363ba185c49794/out/vs/workbench/api/node/extensionHostProcess.js:103:77777)
	at a.g (/home/aom91/.vscode-server/bin/6c3e3dba23e8fadc360aed75ce363ba185c49794/out/vs/workbench/api/node/extensionHostProcess.js:103:76772)
	at a.executeCommand (/home/aom91/.vscode-server/bin/6c3e3dba23e8fadc360aed75ce363ba185c49794/out/vs/workbench/api/node/extensionHostProcess.js:103:76679)
	at Object.executeCommand (/home/aom91/.vscode-server/bin/6c3e3dba23e8fadc360aed75ce363ba185c49794/out/vs/workbench/api/node/extensionHostProcess.js:121:20977)
	at r.D [as value] (/home/aom91/.vscode-server/bin/6c3e3dba23e8fadc360aed75ce363ba185c49794/extensions/git/dist/main.js:2:1261690)
	at f.w (/home/aom91/.vscode-server/bin/6c3e3dba23e8fadc360aed75ce363ba185c49794/out/vs/workbench/api/node/extensionHostProcess.js:63:1902)
	at f.x (/home/aom91/.vscode-server/bin/6c3e3dba23e8fadc360aed75ce363ba185c49794/out/vs/workbench/api/node/extensionHostProcess.js:63:1972)
	at fire (/home/aom91/.vscode-server/bin/6c3e3dba23e8fadc360aed75ce363ba185c49794/out/vs/workbench/api/node/extensionHostProcess.js:63:2188)
	at Object.m [as dispose] (/home/aom91/.vscode-server/bin/6c3e3dba23e8fadc360aed75ce363ba185c49794/extensions/git/dist/main.js:2:1277293)
	at /home/aom91/.vscode-server/bin/6c3e3dba23e8fadc360aed75ce363ba185c49794/extensions/git/dist/main.js:2:1282023
	at Array.forEach (<anonymous>)
	at g.dispose (/home/aom91/.vscode-server/bin/6c3e3dba23e8fadc360aed75ce363ba185c49794/extensions/git/dist/main.js:2:1282009)
	at p.<anonymous> (/home/aom91/.vscode-server/bin/6c3e3dba23e8fadc360aed75ce363ba185c49794/out/vs/workbench/api/node/extensionHostProcess.js:99:3381)
	at p.dispose (/home/aom91/.vscode-server/bin/6c3e3dba23e8fadc360aed75ce363ba185c49794/out/vs/workbench/api/node/extensionHostProcess.js:99:3478)
	at p.<anonymous> (/home/aom91/.vscode-server/bin/6c3e3dba23e8fadc360aed75ce363ba185c49794/extensions/git/dist/main.js:2:1263703)
	at p.dispose (/home/aom91/.vscode-server/bin/6c3e3dba23e8fadc360aed75ce363ba185c49794/out/vs/workbench/api/node/extensionHostProcess.js:99:3478)
	at S (/home/aom91/.vscode-server/bin/6c3e3dba23e8fadc360aed75ce363ba185c49794/out/vs/workbench/api/node/extensionHostProcess.js:13:11731)
	at r.Z (/home/aom91/.vscode-server/bin/6c3e3dba23e8fadc360aed75ce363ba185c49794/out/vs/workbench/api/node/extensionHostProcess.js:117:9686)
	at /home/aom91/.vscode-server/bin/6c3e3dba23e8fadc360aed75ce363ba185c49794/out/vs/workbench/api/node/extensionHostProcess.js:117:7582
	at Array.map (<anonymous>)
	at r.S (/home/aom91/.vscode-server/bin/6c3e3dba23e8fadc360aed75ce363ba185c49794/out/vs/workbench/api/node/extensionHostProcess.js:117:7570)
	at r.terminate (/home/aom91/.vscode-server/bin/6c3e3dba23e8fadc360aed75ce363ba185c49794/out/vs/workbench/api/node/extensionHostProcess.js:117:7842)
	at s.terminate (/home/aom91/.vscode-server/bin/6c3e3dba23e8fadc360aed75ce363ba185c49794/out/vs/workbench/api/node/extensionHostProcess.js:121:1506)
	at C (/home/aom91/.vscode-server/bin/6c3e3dba23e8fadc360aed75ce363ba185c49794/out/vs/workbench/api/node/extensionHostProcess.js:131:32254)
	at r.value (/home/aom91/.vscode-server/bin/6c3e3dba23e8fadc360aed75ce363ba185c49794/out/vs/workbench/api/node/extensionHostProcess.js:131:30301)
	at f.w (/home/aom91/.vscode-server/bin/6c3e3dba23e8fadc360aed75ce363ba185c49794/out/vs/workbench/api/node/extensionHostProcess.js:63:1902)
	at fire (/home/aom91/.vscode-server/bin/6c3e3dba23e8fadc360aed75ce363ba185c49794/out/vs/workbench/api/node/extensionHostProcess.js:63:2119)
	at y.fire (/home/aom91/.vscode-server/bin/6c3e3dba23e8fadc360aed75ce363ba185c49794/out/vs/workbench/api/node/extensionHostProcess.js:79:13931)
	at n.z (/home/aom91/.vscode-server/bin/6c3e3dba23e8fadc360aed75ce363ba185c49794/out/vs/workbench/api/node/extensionHostProcess.js:79:16996)
	at r.value (/home/aom91/.vscode-server/bin/6c3e3dba23e8fadc360aed75ce363ba185c49794/out/vs/workbench/api/node/extensionHostProcess.js:79:15448)
	at f.w (/home/aom91/.vscode-server/bin/6c3e3dba23e8fadc360aed75ce363ba185c49794/out/vs/workbench/api/node/extensionHostProcess.js:63:1902)
	at fire (/home/aom91/.vscode-server/bin/6c3e3dba23e8fadc360aed75ce363ba185c49794/out/vs/workbench/api/node/extensionHostProcess.js:63:2119)
	at r.acceptChunk (/home/aom91/.vscode-server/bin/6c3e3dba23e8fadc360aed75ce363ba185c49794/out/vs/workbench/api/node/extensionHostProcess.js:79:11705)
	at r.value (/home/aom91/.vscode-server/bin/6c3e3dba23e8fadc360aed75ce363ba185c49794/out/vs/workbench/api/node/extensionHostProcess.js:79:10992)
	at f.w (/home/aom91/.vscode-server/bin/6c3e3dba23e8fadc360aed75ce363ba185c49794/out/vs/workbench/api/node/extensionHostProcess.js:63:1902)
	at fire (/home/aom91/.vscode-server/bin/6c3e3dba23e8fadc360aed75ce363ba185c49794/out/vs/workbench/api/node/extensionHostProcess.js:63:2119)
	at f.u (/home/aom91/.vscode-server/bin/6c3e3dba23e8fadc360aed75ce363ba185c49794/out/vs/workbench/api/node/extensionHostProcess.js:131:19097)
	at f.acceptFrame (/home/aom91/.vscode-server/bin/6c3e3dba23e8fadc360aed75ce363ba185c49794/out/vs/workbench/api/node/extensionHostProcess.js:131:18903)
	at c.l (/home/aom91/.vscode-server/bin/6c3e3dba23e8fadc360aed75ce363ba185c49794/out/vs/workbench/api/node/extensionHostProcess.js:131:17536)
	at /home/aom91/.vscode-server/bin/6c3e3dba23e8fadc360aed75ce363ba185c49794/out/vs/workbench/api/node/extensionHostProcess.js:131:14883
	at Socket.v (/home/aom91/.vscode-server/bin/6c3e3dba23e8fadc360aed75ce363ba185c49794/out/vs/workbench/api/node/extensionHostProcess.js:131:12797)
	at Socket.emit (node:events:513:28)
	at addChunk (node:internal/streams/readable:315:12)
	at readableAddChunk (node:internal/streams/readable:289:9)
	at Socket.Readable.push (node:internal/streams/readable:228:10)
	at TCP.onStreamRead (node:internal/stream_base_commons:190:23) setContext undefined
2023-08-30 20:23:38.483 [error] Canceled: Canceled
	at new h (/home/aom91/.vscode-server/bin/6c3e3dba23e8fadc360aed75ce363ba185c49794/out/vs/workbench/api/node/extensionHostProcess.js:103:56634)
	at t.O (/home/aom91/.vscode-server/bin/6c3e3dba23e8fadc360aed75ce363ba185c49794/out/vs/workbench/api/node/extensionHostProcess.js:115:8020)
	at Proxy.N.<computed>.T.charCodeAt.N.<computed> (/home/aom91/.vscode-server/bin/6c3e3dba23e8fadc360aed75ce363ba185c49794/out/vs/workbench/api/node/extensionHostProcess.js:115:5459)
	at a.g (/home/aom91/.vscode-server/bin/6c3e3dba23e8fadc360aed75ce363ba185c49794/out/vs/workbench/api/node/extensionHostProcess.js:103:77241)
	at a.executeCommand (/home/aom91/.vscode-server/bin/6c3e3dba23e8fadc360aed75ce363ba185c49794/out/vs/workbench/api/node/extensionHostProcess.js:103:76679)
	at w.registerCommand.description (/home/aom91/.vscode-server/bin/6c3e3dba23e8fadc360aed75ce363ba185c49794/out/vs/workbench/api/node/extensionHostProcess.js:103:76000)
	at a.h (/home/aom91/.vscode-server/bin/6c3e3dba23e8fadc360aed75ce363ba185c49794/out/vs/workbench/api/node/extensionHostProcess.js:103:77777)
	at a.g (/home/aom91/.vscode-server/bin/6c3e3dba23e8fadc360aed75ce363ba185c49794/out/vs/workbench/api/node/extensionHostProcess.js:103:76772)
	at a.executeCommand (/home/aom91/.vscode-server/bin/6c3e3dba23e8fadc360aed75ce363ba185c49794/out/vs/workbench/api/node/extensionHostProcess.js:103:76679)
	at Object.executeCommand (/home/aom91/.vscode-server/bin/6c3e3dba23e8fadc360aed75ce363ba185c49794/out/vs/workbench/api/node/extensionHostProcess.js:121:20977)
	at t.$Ne.set b [as b] (/home/aom91/.vscode-server/bin/6c3e3dba23e8fadc360aed75ce363ba185c49794/extensions/github/dist/extension.js:2:676183)
	at /home/aom91/.vscode-server/bin/6c3e3dba23e8fadc360aed75ce363ba185c49794/extensions/github/dist/extension.js:2:676827
	at r.value (/home/aom91/.vscode-server/bin/6c3e3dba23e8fadc360aed75ce363ba185c49794/extensions/git/dist/main.js:2:1349176)
	at f.w (/home/aom91/.vscode-server/bin/6c3e3dba23e8fadc360aed75ce363ba185c49794/out/vs/workbench/api/node/extensionHostProcess.js:63:1902)
	at f.x (/home/aom91/.vscode-server/bin/6c3e3dba23e8fadc360aed75ce363ba185c49794/out/vs/workbench/api/node/extensionHostProcess.js:63:1972)
	at fire (/home/aom91/.vscode-server/bin/6c3e3dba23e8fadc360aed75ce363ba185c49794/out/vs/workbench/api/node/extensionHostProcess.js:63:2188)
	at Object.m [as dispose] (/home/aom91/.vscode-server/bin/6c3e3dba23e8fadc360aed75ce363ba185c49794/extensions/git/dist/main.js:2:1277293)
	at /home/aom91/.vscode-server/bin/6c3e3dba23e8fadc360aed75ce363ba185c49794/extensions/git/dist/main.js:2:1282023
	at Array.forEach (<anonymous>)
	at g.dispose (/home/aom91/.vscode-server/bin/6c3e3dba23e8fadc360aed75ce363ba185c49794/extensions/git/dist/main.js:2:1282009)
	at p.<anonymous> (/home/aom91/.vscode-server/bin/6c3e3dba23e8fadc360aed75ce363ba185c49794/out/vs/workbench/api/node/extensionHostProcess.js:99:3381)
	at p.dispose (/home/aom91/.vscode-server/bin/6c3e3dba23e8fadc360aed75ce363ba185c49794/out/vs/workbench/api/node/extensionHostProcess.js:99:3478)
	at p.<anonymous> (/home/aom91/.vscode-server/bin/6c3e3dba23e8fadc360aed75ce363ba185c49794/extensions/git/dist/main.js:2:1263703)
	at p.dispose (/home/aom91/.vscode-server/bin/6c3e3dba23e8fadc360aed75ce363ba185c49794/out/vs/workbench/api/node/extensionHostProcess.js:99:3478)
	at S (/home/aom91/.vscode-server/bin/6c3e3dba23e8fadc360aed75ce363ba185c49794/out/vs/workbench/api/node/extensionHostProcess.js:13:11731)
	at r.Z (/home/aom91/.vscode-server/bin/6c3e3dba23e8fadc360aed75ce363ba185c49794/out/vs/workbench/api/node/extensionHostProcess.js:117:9686)
	at /home/aom91/.vscode-server/bin/6c3e3dba23e8fadc360aed75ce363ba185c49794/out/vs/workbench/api/node/extensionHostProcess.js:117:7582
	at Array.map (<anonymous>)
	at r.S (/home/aom91/.vscode-server/bin/6c3e3dba23e8fadc360aed75ce363ba185c49794/out/vs/workbench/api/node/extensionHostProcess.js:117:7570)
	at r.terminate (/home/aom91/.vscode-server/bin/6c3e3dba23e8fadc360aed75ce363ba185c49794/out/vs/workbench/api/node/extensionHostProcess.js:117:7842)
	at s.terminate (/home/aom91/.vscode-server/bin/6c3e3dba23e8fadc360aed75ce363ba185c49794/out/vs/workbench/api/node/extensionHostProcess.js:121:1506)
	at C (/home/aom91/.vscode-server/bin/6c3e3dba23e8fadc360aed75ce363ba185c49794/out/vs/workbench/api/node/extensionHostProcess.js:131:32254)
	at r.value (/home/aom91/.vscode-server/bin/6c3e3dba23e8fadc360aed75ce363ba185c49794/out/vs/workbench/api/node/extensionHostProcess.js:131:30301)
	at f.w (/home/aom91/.vscode-server/bin/6c3e3dba23e8fadc360aed75ce363ba185c49794/out/vs/workbench/api/node/extensionHostProcess.js:63:1902)
	at fire (/home/aom91/.vscode-server/bin/6c3e3dba23e8fadc360aed75ce363ba185c49794/out/vs/workbench/api/node/extensionHostProcess.js:63:2119)
	at y.fire (/home/aom91/.vscode-server/bin/6c3e3dba23e8fadc360aed75ce363ba185c49794/out/vs/workbench/api/node/extensionHostProcess.js:79:13931)
	at n.z (/home/aom91/.vscode-server/bin/6c3e3dba23e8fadc360aed75ce363ba185c49794/out/vs/workbench/api/node/extensionHostProcess.js:79:16996)
	at r.value (/home/aom91/.vscode-server/bin/6c3e3dba23e8fadc360aed75ce363ba185c49794/out/vs/workbench/api/node/extensionHostProcess.js:79:15448)
	at f.w (/home/aom91/.vscode-server/bin/6c3e3dba23e8fadc360aed75ce363ba185c49794/out/vs/workbench/api/node/extensionHostProcess.js:63:1902)
	at fire (/home/aom91/.vscode-server/bin/6c3e3dba23e8fadc360aed75ce363ba185c49794/out/vs/workbench/api/node/extensionHostProcess.js:63:2119)
	at r.acceptChunk (/home/aom91/.vscode-server/bin/6c3e3dba23e8fadc360aed75ce363ba185c49794/out/vs/workbench/api/node/extensionHostProcess.js:79:11705)
	at r.value (/home/aom91/.vscode-server/bin/6c3e3dba23e8fadc360aed75ce363ba185c49794/out/vs/workbench/api/node/extensionHostProcess.js:79:10992)
	at f.w (/home/aom91/.vscode-server/bin/6c3e3dba23e8fadc360aed75ce363ba185c49794/out/vs/workbench/api/node/extensionHostProcess.js:63:1902)
	at fire (/home/aom91/.vscode-server/bin/6c3e3dba23e8fadc360aed75ce363ba185c49794/out/vs/workbench/api/node/extensionHostProcess.js:63:2119)
	at f.u (/home/aom91/.vscode-server/bin/6c3e3dba23e8fadc360aed75ce363ba185c49794/out/vs/workbench/api/node/extensionHostProcess.js:131:19097)
	at f.acceptFrame (/home/aom91/.vscode-server/bin/6c3e3dba23e8fadc360aed75ce363ba185c49794/out/vs/workbench/api/node/extensionHostProcess.js:131:18903)
	at c.l (/home/aom91/.vscode-server/bin/6c3e3dba23e8fadc360aed75ce363ba185c49794/out/vs/workbench/api/node/extensionHostProcess.js:131:17536)
	at /home/aom91/.vscode-server/bin/6c3e3dba23e8fadc360aed75ce363ba185c49794/out/vs/workbench/api/node/extensionHostProcess.js:131:14883
	at Socket.v (/home/aom91/.vscode-server/bin/6c3e3dba23e8fadc360aed75ce363ba185c49794/out/vs/workbench/api/node/extensionHostProcess.js:131:12797)
	at Socket.emit (node:events:513:28)
	at addChunk (node:internal/streams/readable:315:12)
	at readableAddChunk (node:internal/streams/readable:289:9)
	at Socket.Readable.push (node:internal/streams/readable:228:10)
	at TCP.onStreamRead (node:internal/stream_base_commons:190:23) setContext undefined
2023-08-30 20:23:39.365 [info] Extension host with pid 925 exiting with code 0
